2024-04-25 10:26:35 - 1b0b65a2-8c94-4aec-b836-63356e9f873c - error: uncaughtException: тип Unable to compile TypeScript:
[96msrc/validations/validation.ts[0m:[93m31[0m:[93m7[0m - [91merror[0m[90m TS2552: [0mCannot find name 'error'. Did you mean 'Error'?

[7m31[0m   if (error) {
[7m  [0m [91m      ~~~~~[0m

  [96mnode_modules/typescript/lib/lib.es5.d.ts[0m:[93m1087[0m:[93m13[0m
    [7m1087[0m declare var Error: ErrorConstructor;
    [7m    [0m [96m            ~~~~~[0m
    'Error' is declared here.
[96msrc/validations/validation.ts[0m:[93m32[0m:[93m45[0m - [91merror[0m[90m TS2552: [0mCannot find name 'error'. Did you mean 'Error'?

[7m32[0m     res.status(400).json({ validationError: error.details[0].message });
[7m  [0m [91m                                            ~~~~~[0m

  [96mnode_modules/typescript/lib/lib.es5.d.ts[0m:[93m1087[0m:[93m13[0m
    [7m1087[0m declare var Error: ErrorConstructor;
    [7m    [0m [96m            ~~~~~[0m
    'Error' is declared here.

TSError: тип Unable to compile TypeScript:
[96msrc/validations/validation.ts[0m:[93m31[0m:[93m7[0m - [91merror[0m[90m TS2552: [0mCannot find name 'error'. Did you mean 'Error'?

[7m31[0m   if (error) {
[7m  [0m [91m      ~~~~~[0m

  [96mnode_modules/typescript/lib/lib.es5.d.ts[0m:[93m1087[0m:[93m13[0m
    [7m1087[0m declare var Error: ErrorConstructor;
    [7m    [0m [96m            ~~~~~[0m
    'Error' is declared here.
[96msrc/validations/validation.ts[0m:[93m32[0m:[93m45[0m - [91merror[0m[90m TS2552: [0mCannot find name 'error'. Did you mean 'Error'?

[7m32[0m     res.status(400).json({ validationError: error.details[0].message });
[7m  [0m [91m                                            ~~~~~[0m

  [96mnode_modules/typescript/lib/lib.es5.d.ts[0m:[93m1087[0m:[93m13[0m
    [7m1087[0m declare var Error: ErrorConstructor;
    [7m    [0m [96m            ~~~~~[0m
    'Error' is declared here.

    at createTSError (/home/ditsdev152/.nvm/versions/node/v20.12.0/lib/node_modules/ts-node/src/index.ts:859:12)
    at reportTSError (/home/ditsdev152/.nvm/versions/node/v20.12.0/lib/node_modules/ts-node/src/index.ts:863:19)
    at getOutput (/home/ditsdev152/.nvm/versions/node/v20.12.0/lib/node_modules/ts-node/src/index.ts:1077:36)
    at Object.compile (/home/ditsdev152/.nvm/versions/node/v20.12.0/lib/node_modules/ts-node/src/index.ts:1433:41)
    at Module.m._compile (/home/ditsdev152/.nvm/versions/node/v20.12.0/lib/node_modules/ts-node/src/index.ts:1617:30)
    at Module._extensions..js (node:internal/modules/cjs/loader:1427:10)
    at Object.require.extensions.<computed> [as .ts] (/home/ditsdev152/.nvm/versions/node/v20.12.0/lib/node_modules/ts-node/src/index.ts:1621:12)
    at Module.load (node:internal/modules/cjs/loader:1206:32)
    at Function.Module._load (node:internal/modules/cjs/loader:1022:12)
    at Module.require (node:internal/modules/cjs/loader:1231:19) {
  "error": {
    "diagnosticCodes": [
      2552,
      2552
    ]
  },
  "stack": "TSError: тип Unable to compile TypeScript:\n\u001b[96msrc/validations/validation.ts\u001b[0m:\u001b[93m31\u001b[0m:\u001b[93m7\u001b[0m - \u001b[91merror\u001b[0m\u001b[90m TS2552: \u001b[0mCannot find name 'error'. Did you mean 'Error'?\n\n\u001b[7m31\u001b[0m   if (error) {\n\u001b[7m  \u001b[0m \u001b[91m      ~~~~~\u001b[0m\n\n  \u001b[96mnode_modules/typescript/lib/lib.es5.d.ts\u001b[0m:\u001b[93m1087\u001b[0m:\u001b[93m13\u001b[0m\n    \u001b[7m1087\u001b[0m declare var Error: ErrorConstructor;\n    \u001b[7m    \u001b[0m \u001b[96m            ~~~~~\u001b[0m\n    'Error' is declared here.\n\u001b[96msrc/validations/validation.ts\u001b[0m:\u001b[93m32\u001b[0m:\u001b[93m45\u001b[0m - \u001b[91merror\u001b[0m\u001b[90m TS2552: \u001b[0mCannot find name 'error'. Did you mean 'Error'?\n\n\u001b[7m32\u001b[0m     res.status(400).json({ validationError: error.details[0].message });\n\u001b[7m  \u001b[0m \u001b[91m                                            ~~~~~\u001b[0m\n\n  \u001b[96mnode_modules/typescript/lib/lib.es5.d.ts\u001b[0m:\u001b[93m1087\u001b[0m:\u001b[93m13\u001b[0m\n    \u001b[7m1087\u001b[0m declare var Error: ErrorConstructor;\n    \u001b[7m    \u001b[0m \u001b[96m            ~~~~~\u001b[0m\n    'Error' is declared here.\n\n    at createTSError (/home/ditsdev152/.nvm/versions/node/v20.12.0/lib/node_modules/ts-node/src/index.ts:859:12)\n    at reportTSError (/home/ditsdev152/.nvm/versions/node/v20.12.0/lib/node_modules/ts-node/src/index.ts:863:19)\n    at getOutput (/home/ditsdev152/.nvm/versions/node/v20.12.0/lib/node_modules/ts-node/src/index.ts:1077:36)\n    at Object.compile (/home/ditsdev152/.nvm/versions/node/v20.12.0/lib/node_modules/ts-node/src/index.ts:1433:41)\n    at Module.m._compile (/home/ditsdev152/.nvm/versions/node/v20.12.0/lib/node_modules/ts-node/src/index.ts:1617:30)\n    at Module._extensions..js (node:internal/modules/cjs/loader:1427:10)\n    at Object.require.extensions.<computed> [as .ts] (/home/ditsdev152/.nvm/versions/node/v20.12.0/lib/node_modules/ts-node/src/index.ts:1621:12)\n    at Module.load (node:internal/modules/cjs/loader:1206:32)\n    at Function.Module._load (node:internal/modules/cjs/loader:1022:12)\n    at Module.require (node:internal/modules/cjs/loader:1231:19)",
  "exception": true,
  "date": "Thu Apr 25 2024 15:56:35 GMT+0530 (India Standard Time)",
  "process": {
    "pid": 42193,
    "uid": 1000,
    "gid": 1000,
    "cwd": "/home/ditsdev152/Desktop/cab-booking/users",
    "execPath": "/home/ditsdev152/.nvm/versions/node/v20.12.0/bin/node",
    "version": "v20.12.0",
    "argv": [
      "/home/ditsdev152/.nvm/versions/node/v20.12.0/bin/ts-node",
      "/home/ditsdev152/Desktop/cab-booking/users/index.ts"
    ],
    "memoryUsage": {
      "rss": 261537792,
      "heapTotal": 183541760,
      "heapUsed": 168003760,
      "external": 6646498,
      "arrayBuffers": 3767724
    }
  },
  "os": {
    "loadavg": [
      3.56,
      3.11,
      2.75
    ],
    "uptime": 22305.77
  },
  "trace": [
    {
      "column": 12,
      "file": "/home/ditsdev152/.nvm/versions/node/v20.12.0/lib/node_modules/ts-node/src/index.ts",
      "function": "createTSError",
      "line": 859,
      "method": null,
      "native": false
    },
    {
      "column": 19,
      "file": "/home/ditsdev152/.nvm/versions/node/v20.12.0/lib/node_modules/ts-node/src/index.ts",
      "function": "reportTSError",
      "line": 863,
      "method": null,
      "native": false
    },
    {
      "column": 36,
      "file": "/home/ditsdev152/.nvm/versions/node/v20.12.0/lib/node_modules/ts-node/src/index.ts",
      "function": "getOutput",
      "line": 1077,
      "method": null,
      "native": false
    },
    {
      "column": 41,
      "file": "/home/ditsdev152/.nvm/versions/node/v20.12.0/lib/node_modules/ts-node/src/index.ts",
      "function": "Object.compile",
      "line": 1433,
      "method": "compile",
      "native": false
    },
    {
      "column": 30,
      "file": "/home/ditsdev152/.nvm/versions/node/v20.12.0/lib/node_modules/ts-node/src/index.ts",
      "function": "Module.m._compile",
      "line": 1617,
      "method": "_compile",
      "native": false
    },
    {
      "column": 10,
      "file": "node:internal/modules/cjs/loader",
      "function": "Module._extensions..js",
      "line": 1427,
      "method": ".js",
      "native": false
    },
    {
      "column": 12,
      "file": "/home/ditsdev152/.nvm/versions/node/v20.12.0/lib/node_modules/ts-node/src/index.ts",
      "function": "Object.require.extensions.<computed> [as .ts]",
      "line": 1621,
      "method": "ts]",
      "native": false
    },
    {
      "column": 32,
      "file": "node:internal/modules/cjs/loader",
      "function": "Module.load",
      "line": 1206,
      "method": "load",
      "native": false
    },
    {
      "column": 12,
      "file": "node:internal/modules/cjs/loader",
      "function": "Module._load",
      "line": 1022,
      "method": "_load",
      "native": false
    },
    {
      "column": 19,
      "file": "node:internal/modules/cjs/loader",
      "function": "Module.require",
      "line": 1231,
      "method": "require",
      "native": false
    }
  ]
}
2024-04-25 10:28:19 - 9f8948a2-e985-4ee2-ae64-5f3cea1e3bea - error: uncaughtException: тип Unable to compile TypeScript:
[96msrc/validations/validation.ts[0m:[93m31[0m:[93m7[0m - [91merror[0m[90m TS2552: [0mCannot find name 'error'. Did you mean 'Error'?

[7m31[0m   if (error) {
[7m  [0m [91m      ~~~~~[0m

  [96mnode_modules/typescript/lib/lib.es5.d.ts[0m:[93m1087[0m:[93m13[0m
    [7m1087[0m declare var Error: ErrorConstructor;
    [7m    [0m [96m            ~~~~~[0m
    'Error' is declared here.
[96msrc/validations/validation.ts[0m:[93m32[0m:[93m45[0m - [91merror[0m[90m TS2552: [0mCannot find name 'error'. Did you mean 'Error'?

[7m32[0m     res.status(400).json({ validationError: error.details[0].message });
[7m  [0m [91m                                            ~~~~~[0m

  [96mnode_modules/typescript/lib/lib.es5.d.ts[0m:[93m1087[0m:[93m13[0m
    [7m1087[0m declare var Error: ErrorConstructor;
    [7m    [0m [96m            ~~~~~[0m
    'Error' is declared here.

TSError: тип Unable to compile TypeScript:
[96msrc/validations/validation.ts[0m:[93m31[0m:[93m7[0m - [91merror[0m[90m TS2552: [0mCannot find name 'error'. Did you mean 'Error'?

[7m31[0m   if (error) {
[7m  [0m [91m      ~~~~~[0m

  [96mnode_modules/typescript/lib/lib.es5.d.ts[0m:[93m1087[0m:[93m13[0m
    [7m1087[0m declare var Error: ErrorConstructor;
    [7m    [0m [96m            ~~~~~[0m
    'Error' is declared here.
[96msrc/validations/validation.ts[0m:[93m32[0m:[93m45[0m - [91merror[0m[90m TS2552: [0mCannot find name 'error'. Did you mean 'Error'?

[7m32[0m     res.status(400).json({ validationError: error.details[0].message });
[7m  [0m [91m                                            ~~~~~[0m

  [96mnode_modules/typescript/lib/lib.es5.d.ts[0m:[93m1087[0m:[93m13[0m
    [7m1087[0m declare var Error: ErrorConstructor;
    [7m    [0m [96m            ~~~~~[0m
    'Error' is declared here.

    at createTSError (/home/ditsdev152/.nvm/versions/node/v20.12.0/lib/node_modules/ts-node/src/index.ts:859:12)
    at reportTSError (/home/ditsdev152/.nvm/versions/node/v20.12.0/lib/node_modules/ts-node/src/index.ts:863:19)
    at getOutput (/home/ditsdev152/.nvm/versions/node/v20.12.0/lib/node_modules/ts-node/src/index.ts:1077:36)
    at Object.compile (/home/ditsdev152/.nvm/versions/node/v20.12.0/lib/node_modules/ts-node/src/index.ts:1433:41)
    at Module.m._compile (/home/ditsdev152/.nvm/versions/node/v20.12.0/lib/node_modules/ts-node/src/index.ts:1617:30)
    at Module._extensions..js (node:internal/modules/cjs/loader:1427:10)
    at Object.require.extensions.<computed> [as .ts] (/home/ditsdev152/.nvm/versions/node/v20.12.0/lib/node_modules/ts-node/src/index.ts:1621:12)
    at Module.load (node:internal/modules/cjs/loader:1206:32)
    at Function.Module._load (node:internal/modules/cjs/loader:1022:12)
    at Module.require (node:internal/modules/cjs/loader:1231:19) {
  "error": {
    "diagnosticCodes": [
      2552,
      2552
    ]
  },
  "stack": "TSError: тип Unable to compile TypeScript:\n\u001b[96msrc/validations/validation.ts\u001b[0m:\u001b[93m31\u001b[0m:\u001b[93m7\u001b[0m - \u001b[91merror\u001b[0m\u001b[90m TS2552: \u001b[0mCannot find name 'error'. Did you mean 'Error'?\n\n\u001b[7m31\u001b[0m   if (error) {\n\u001b[7m  \u001b[0m \u001b[91m      ~~~~~\u001b[0m\n\n  \u001b[96mnode_modules/typescript/lib/lib.es5.d.ts\u001b[0m:\u001b[93m1087\u001b[0m:\u001b[93m13\u001b[0m\n    \u001b[7m1087\u001b[0m declare var Error: ErrorConstructor;\n    \u001b[7m    \u001b[0m \u001b[96m            ~~~~~\u001b[0m\n    'Error' is declared here.\n\u001b[96msrc/validations/validation.ts\u001b[0m:\u001b[93m32\u001b[0m:\u001b[93m45\u001b[0m - \u001b[91merror\u001b[0m\u001b[90m TS2552: \u001b[0mCannot find name 'error'. Did you mean 'Error'?\n\n\u001b[7m32\u001b[0m     res.status(400).json({ validationError: error.details[0].message });\n\u001b[7m  \u001b[0m \u001b[91m                                            ~~~~~\u001b[0m\n\n  \u001b[96mnode_modules/typescript/lib/lib.es5.d.ts\u001b[0m:\u001b[93m1087\u001b[0m:\u001b[93m13\u001b[0m\n    \u001b[7m1087\u001b[0m declare var Error: ErrorConstructor;\n    \u001b[7m    \u001b[0m \u001b[96m            ~~~~~\u001b[0m\n    'Error' is declared here.\n\n    at createTSError (/home/ditsdev152/.nvm/versions/node/v20.12.0/lib/node_modules/ts-node/src/index.ts:859:12)\n    at reportTSError (/home/ditsdev152/.nvm/versions/node/v20.12.0/lib/node_modules/ts-node/src/index.ts:863:19)\n    at getOutput (/home/ditsdev152/.nvm/versions/node/v20.12.0/lib/node_modules/ts-node/src/index.ts:1077:36)\n    at Object.compile (/home/ditsdev152/.nvm/versions/node/v20.12.0/lib/node_modules/ts-node/src/index.ts:1433:41)\n    at Module.m._compile (/home/ditsdev152/.nvm/versions/node/v20.12.0/lib/node_modules/ts-node/src/index.ts:1617:30)\n    at Module._extensions..js (node:internal/modules/cjs/loader:1427:10)\n    at Object.require.extensions.<computed> [as .ts] (/home/ditsdev152/.nvm/versions/node/v20.12.0/lib/node_modules/ts-node/src/index.ts:1621:12)\n    at Module.load (node:internal/modules/cjs/loader:1206:32)\n    at Function.Module._load (node:internal/modules/cjs/loader:1022:12)\n    at Module.require (node:internal/modules/cjs/loader:1231:19)",
  "exception": true,
  "date": "Thu Apr 25 2024 15:58:19 GMT+0530 (India Standard Time)",
  "process": {
    "pid": 42916,
    "uid": 1000,
    "gid": 1000,
    "cwd": "/home/ditsdev152/Desktop/cab-booking/users",
    "execPath": "/home/ditsdev152/.nvm/versions/node/v20.12.0/bin/node",
    "version": "v20.12.0",
    "argv": [
      "/home/ditsdev152/.nvm/versions/node/v20.12.0/bin/ts-node",
      "/home/ditsdev152/Desktop/cab-booking/users/index.ts"
    ],
    "memoryUsage": {
      "rss": 280195072,
      "heapTotal": 195862528,
      "heapUsed": 175340808,
      "external": 6518291,
      "arrayBuffers": 3639517
    }
  },
  "os": {
    "loadavg": [
      3.39,
      3.1,
      2.78
    ],
    "uptime": 22410.05
  },
  "trace": [
    {
      "column": 12,
      "file": "/home/ditsdev152/.nvm/versions/node/v20.12.0/lib/node_modules/ts-node/src/index.ts",
      "function": "createTSError",
      "line": 859,
      "method": null,
      "native": false
    },
    {
      "column": 19,
      "file": "/home/ditsdev152/.nvm/versions/node/v20.12.0/lib/node_modules/ts-node/src/index.ts",
      "function": "reportTSError",
      "line": 863,
      "method": null,
      "native": false
    },
    {
      "column": 36,
      "file": "/home/ditsdev152/.nvm/versions/node/v20.12.0/lib/node_modules/ts-node/src/index.ts",
      "function": "getOutput",
      "line": 1077,
      "method": null,
      "native": false
    },
    {
      "column": 41,
      "file": "/home/ditsdev152/.nvm/versions/node/v20.12.0/lib/node_modules/ts-node/src/index.ts",
      "function": "Object.compile",
      "line": 1433,
      "method": "compile",
      "native": false
    },
    {
      "column": 30,
      "file": "/home/ditsdev152/.nvm/versions/node/v20.12.0/lib/node_modules/ts-node/src/index.ts",
      "function": "Module.m._compile",
      "line": 1617,
      "method": "_compile",
      "native": false
    },
    {
      "column": 10,
      "file": "node:internal/modules/cjs/loader",
      "function": "Module._extensions..js",
      "line": 1427,
      "method": ".js",
      "native": false
    },
    {
      "column": 12,
      "file": "/home/ditsdev152/.nvm/versions/node/v20.12.0/lib/node_modules/ts-node/src/index.ts",
      "function": "Object.require.extensions.<computed> [as .ts]",
      "line": 1621,
      "method": "ts]",
      "native": false
    },
    {
      "column": 32,
      "file": "node:internal/modules/cjs/loader",
      "function": "Module.load",
      "line": 1206,
      "method": "load",
      "native": false
    },
    {
      "column": 12,
      "file": "node:internal/modules/cjs/loader",
      "function": "Module._load",
      "line": 1022,
      "method": "_load",
      "native": false
    },
    {
      "column": 19,
      "file": "node:internal/modules/cjs/loader",
      "function": "Module.require",
      "line": 1231,
      "method": "require",
      "native": false
    }
  ]
}
2024-04-25 10:29:25 - 57866f95-35b8-437f-ad93-cc13642b8ec0 - error: uncaughtException: тип Unable to compile TypeScript:
[96msrc/validations/validation.ts[0m:[93m31[0m:[93m7[0m - [91merror[0m[90m TS2552: [0mCannot find name 'error'. Did you mean 'Error'?

[7m31[0m   if (error) {
[7m  [0m [91m      ~~~~~[0m

  [96mnode_modules/typescript/lib/lib.es5.d.ts[0m:[93m1087[0m:[93m13[0m
    [7m1087[0m declare var Error: ErrorConstructor;
    [7m    [0m [96m            ~~~~~[0m
    'Error' is declared here.
[96msrc/validations/validation.ts[0m:[93m32[0m:[93m45[0m - [91merror[0m[90m TS2552: [0mCannot find name 'error'. Did you mean 'Error'?

[7m32[0m     res.status(400).json({ validationError: error.details[0].message });
[7m  [0m [91m                                            ~~~~~[0m

  [96mnode_modules/typescript/lib/lib.es5.d.ts[0m:[93m1087[0m:[93m13[0m
    [7m1087[0m declare var Error: ErrorConstructor;
    [7m    [0m [96m            ~~~~~[0m
    'Error' is declared here.

TSError: тип Unable to compile TypeScript:
[96msrc/validations/validation.ts[0m:[93m31[0m:[93m7[0m - [91merror[0m[90m TS2552: [0mCannot find name 'error'. Did you mean 'Error'?

[7m31[0m   if (error) {
[7m  [0m [91m      ~~~~~[0m

  [96mnode_modules/typescript/lib/lib.es5.d.ts[0m:[93m1087[0m:[93m13[0m
    [7m1087[0m declare var Error: ErrorConstructor;
    [7m    [0m [96m            ~~~~~[0m
    'Error' is declared here.
[96msrc/validations/validation.ts[0m:[93m32[0m:[93m45[0m - [91merror[0m[90m TS2552: [0mCannot find name 'error'. Did you mean 'Error'?

[7m32[0m     res.status(400).json({ validationError: error.details[0].message });
[7m  [0m [91m                                            ~~~~~[0m

  [96mnode_modules/typescript/lib/lib.es5.d.ts[0m:[93m1087[0m:[93m13[0m
    [7m1087[0m declare var Error: ErrorConstructor;
    [7m    [0m [96m            ~~~~~[0m
    'Error' is declared here.

    at createTSError (/home/ditsdev152/.nvm/versions/node/v20.12.0/lib/node_modules/ts-node/src/index.ts:859:12)
    at reportTSError (/home/ditsdev152/.nvm/versions/node/v20.12.0/lib/node_modules/ts-node/src/index.ts:863:19)
    at getOutput (/home/ditsdev152/.nvm/versions/node/v20.12.0/lib/node_modules/ts-node/src/index.ts:1077:36)
    at Object.compile (/home/ditsdev152/.nvm/versions/node/v20.12.0/lib/node_modules/ts-node/src/index.ts:1433:41)
    at Module.m._compile (/home/ditsdev152/.nvm/versions/node/v20.12.0/lib/node_modules/ts-node/src/index.ts:1617:30)
    at Module._extensions..js (node:internal/modules/cjs/loader:1427:10)
    at Object.require.extensions.<computed> [as .ts] (/home/ditsdev152/.nvm/versions/node/v20.12.0/lib/node_modules/ts-node/src/index.ts:1621:12)
    at Module.load (node:internal/modules/cjs/loader:1206:32)
    at Function.Module._load (node:internal/modules/cjs/loader:1022:12)
    at Module.require (node:internal/modules/cjs/loader:1231:19) {
  "error": {
    "diagnosticCodes": [
      2552,
      2552
    ]
  },
  "stack": "TSError: тип Unable to compile TypeScript:\n\u001b[96msrc/validations/validation.ts\u001b[0m:\u001b[93m31\u001b[0m:\u001b[93m7\u001b[0m - \u001b[91merror\u001b[0m\u001b[90m TS2552: \u001b[0mCannot find name 'error'. Did you mean 'Error'?\n\n\u001b[7m31\u001b[0m   if (error) {\n\u001b[7m  \u001b[0m \u001b[91m      ~~~~~\u001b[0m\n\n  \u001b[96mnode_modules/typescript/lib/lib.es5.d.ts\u001b[0m:\u001b[93m1087\u001b[0m:\u001b[93m13\u001b[0m\n    \u001b[7m1087\u001b[0m declare var Error: ErrorConstructor;\n    \u001b[7m    \u001b[0m \u001b[96m            ~~~~~\u001b[0m\n    'Error' is declared here.\n\u001b[96msrc/validations/validation.ts\u001b[0m:\u001b[93m32\u001b[0m:\u001b[93m45\u001b[0m - \u001b[91merror\u001b[0m\u001b[90m TS2552: \u001b[0mCannot find name 'error'. Did you mean 'Error'?\n\n\u001b[7m32\u001b[0m     res.status(400).json({ validationError: error.details[0].message });\n\u001b[7m  \u001b[0m \u001b[91m                                            ~~~~~\u001b[0m\n\n  \u001b[96mnode_modules/typescript/lib/lib.es5.d.ts\u001b[0m:\u001b[93m1087\u001b[0m:\u001b[93m13\u001b[0m\n    \u001b[7m1087\u001b[0m declare var Error: ErrorConstructor;\n    \u001b[7m    \u001b[0m \u001b[96m            ~~~~~\u001b[0m\n    'Error' is declared here.\n\n    at createTSError (/home/ditsdev152/.nvm/versions/node/v20.12.0/lib/node_modules/ts-node/src/index.ts:859:12)\n    at reportTSError (/home/ditsdev152/.nvm/versions/node/v20.12.0/lib/node_modules/ts-node/src/index.ts:863:19)\n    at getOutput (/home/ditsdev152/.nvm/versions/node/v20.12.0/lib/node_modules/ts-node/src/index.ts:1077:36)\n    at Object.compile (/home/ditsdev152/.nvm/versions/node/v20.12.0/lib/node_modules/ts-node/src/index.ts:1433:41)\n    at Module.m._compile (/home/ditsdev152/.nvm/versions/node/v20.12.0/lib/node_modules/ts-node/src/index.ts:1617:30)\n    at Module._extensions..js (node:internal/modules/cjs/loader:1427:10)\n    at Object.require.extensions.<computed> [as .ts] (/home/ditsdev152/.nvm/versions/node/v20.12.0/lib/node_modules/ts-node/src/index.ts:1621:12)\n    at Module.load (node:internal/modules/cjs/loader:1206:32)\n    at Function.Module._load (node:internal/modules/cjs/loader:1022:12)\n    at Module.require (node:internal/modules/cjs/loader:1231:19)",
  "exception": true,
  "date": "Thu Apr 25 2024 15:59:25 GMT+0530 (India Standard Time)",
  "process": {
    "pid": 43397,
    "uid": 1000,
    "gid": 1000,
    "cwd": "/home/ditsdev152/Desktop/cab-booking/users",
    "execPath": "/home/ditsdev152/.nvm/versions/node/v20.12.0/bin/node",
    "version": "v20.12.0",
    "argv": [
      "/home/ditsdev152/.nvm/versions/node/v20.12.0/bin/ts-node",
      "/home/ditsdev152/Desktop/cab-booking/users/index.ts"
    ],
    "memoryUsage": {
      "rss": 278515712,
      "heapTotal": 194551808,
      "heapUsed": 166359672,
      "external": 6510831,
      "arrayBuffers": 3630992
    }
  },
  "os": {
    "loadavg": [
      3.45,
      3.15,
      2.81
    ],
    "uptime": 22475.66
  },
  "trace": [
    {
      "column": 12,
      "file": "/home/ditsdev152/.nvm/versions/node/v20.12.0/lib/node_modules/ts-node/src/index.ts",
      "function": "createTSError",
      "line": 859,
      "method": null,
      "native": false
    },
    {
      "column": 19,
      "file": "/home/ditsdev152/.nvm/versions/node/v20.12.0/lib/node_modules/ts-node/src/index.ts",
      "function": "reportTSError",
      "line": 863,
      "method": null,
      "native": false
    },
    {
      "column": 36,
      "file": "/home/ditsdev152/.nvm/versions/node/v20.12.0/lib/node_modules/ts-node/src/index.ts",
      "function": "getOutput",
      "line": 1077,
      "method": null,
      "native": false
    },
    {
      "column": 41,
      "file": "/home/ditsdev152/.nvm/versions/node/v20.12.0/lib/node_modules/ts-node/src/index.ts",
      "function": "Object.compile",
      "line": 1433,
      "method": "compile",
      "native": false
    },
    {
      "column": 30,
      "file": "/home/ditsdev152/.nvm/versions/node/v20.12.0/lib/node_modules/ts-node/src/index.ts",
      "function": "Module.m._compile",
      "line": 1617,
      "method": "_compile",
      "native": false
    },
    {
      "column": 10,
      "file": "node:internal/modules/cjs/loader",
      "function": "Module._extensions..js",
      "line": 1427,
      "method": ".js",
      "native": false
    },
    {
      "column": 12,
      "file": "/home/ditsdev152/.nvm/versions/node/v20.12.0/lib/node_modules/ts-node/src/index.ts",
      "function": "Object.require.extensions.<computed> [as .ts]",
      "line": 1621,
      "method": "ts]",
      "native": false
    },
    {
      "column": 32,
      "file": "node:internal/modules/cjs/loader",
      "function": "Module.load",
      "line": 1206,
      "method": "load",
      "native": false
    },
    {
      "column": 12,
      "file": "node:internal/modules/cjs/loader",
      "function": "Module._load",
      "line": 1022,
      "method": "_load",
      "native": false
    },
    {
      "column": 19,
      "file": "node:internal/modules/cjs/loader",
      "function": "Module.require",
      "line": 1231,
      "method": "require",
      "native": false
    }
  ]
}
2024-04-25 10:33:55 - 85a0a922-5d4a-4599-9041-fc207c9aebad - error: uncaughtException: тип Unable to compile TypeScript:
[96msrc/validations/validation.ts[0m:[93m31[0m:[93m7[0m - [91merror[0m[90m TS2552: [0mCannot find name 'error'. Did you mean 'Error'?

[7m31[0m   if (error) {
[7m  [0m [91m      ~~~~~[0m

  [96mnode_modules/typescript/lib/lib.es5.d.ts[0m:[93m1087[0m:[93m13[0m
    [7m1087[0m declare var Error: ErrorConstructor;
    [7m    [0m [96m            ~~~~~[0m
    'Error' is declared here.
[96msrc/validations/validation.ts[0m:[93m32[0m:[93m45[0m - [91merror[0m[90m TS2552: [0mCannot find name 'error'. Did you mean 'Error'?

[7m32[0m     res.status(400).json({ validationError: error.details[0].message });
[7m  [0m [91m                                            ~~~~~[0m

  [96mnode_modules/typescript/lib/lib.es5.d.ts[0m:[93m1087[0m:[93m13[0m
    [7m1087[0m declare var Error: ErrorConstructor;
    [7m    [0m [96m            ~~~~~[0m
    'Error' is declared here.

TSError: тип Unable to compile TypeScript:
[96msrc/validations/validation.ts[0m:[93m31[0m:[93m7[0m - [91merror[0m[90m TS2552: [0mCannot find name 'error'. Did you mean 'Error'?

[7m31[0m   if (error) {
[7m  [0m [91m      ~~~~~[0m

  [96mnode_modules/typescript/lib/lib.es5.d.ts[0m:[93m1087[0m:[93m13[0m
    [7m1087[0m declare var Error: ErrorConstructor;
    [7m    [0m [96m            ~~~~~[0m
    'Error' is declared here.
[96msrc/validations/validation.ts[0m:[93m32[0m:[93m45[0m - [91merror[0m[90m TS2552: [0mCannot find name 'error'. Did you mean 'Error'?

[7m32[0m     res.status(400).json({ validationError: error.details[0].message });
[7m  [0m [91m                                            ~~~~~[0m

  [96mnode_modules/typescript/lib/lib.es5.d.ts[0m:[93m1087[0m:[93m13[0m
    [7m1087[0m declare var Error: ErrorConstructor;
    [7m    [0m [96m            ~~~~~[0m
    'Error' is declared here.

    at createTSError (/home/ditsdev152/.nvm/versions/node/v20.12.0/lib/node_modules/ts-node/src/index.ts:859:12)
    at reportTSError (/home/ditsdev152/.nvm/versions/node/v20.12.0/lib/node_modules/ts-node/src/index.ts:863:19)
    at getOutput (/home/ditsdev152/.nvm/versions/node/v20.12.0/lib/node_modules/ts-node/src/index.ts:1077:36)
    at Object.compile (/home/ditsdev152/.nvm/versions/node/v20.12.0/lib/node_modules/ts-node/src/index.ts:1433:41)
    at Module.m._compile (/home/ditsdev152/.nvm/versions/node/v20.12.0/lib/node_modules/ts-node/src/index.ts:1617:30)
    at Module._extensions..js (node:internal/modules/cjs/loader:1427:10)
    at Object.require.extensions.<computed> [as .ts] (/home/ditsdev152/.nvm/versions/node/v20.12.0/lib/node_modules/ts-node/src/index.ts:1621:12)
    at Module.load (node:internal/modules/cjs/loader:1206:32)
    at Function.Module._load (node:internal/modules/cjs/loader:1022:12)
    at Module.require (node:internal/modules/cjs/loader:1231:19) {
  "error": {
    "diagnosticCodes": [
      2552,
      2552
    ]
  },
  "stack": "TSError: тип Unable to compile TypeScript:\n\u001b[96msrc/validations/validation.ts\u001b[0m:\u001b[93m31\u001b[0m:\u001b[93m7\u001b[0m - \u001b[91merror\u001b[0m\u001b[90m TS2552: \u001b[0mCannot find name 'error'. Did you mean 'Error'?\n\n\u001b[7m31\u001b[0m   if (error) {\n\u001b[7m  \u001b[0m \u001b[91m      ~~~~~\u001b[0m\n\n  \u001b[96mnode_modules/typescript/lib/lib.es5.d.ts\u001b[0m:\u001b[93m1087\u001b[0m:\u001b[93m13\u001b[0m\n    \u001b[7m1087\u001b[0m declare var Error: ErrorConstructor;\n    \u001b[7m    \u001b[0m \u001b[96m            ~~~~~\u001b[0m\n    'Error' is declared here.\n\u001b[96msrc/validations/validation.ts\u001b[0m:\u001b[93m32\u001b[0m:\u001b[93m45\u001b[0m - \u001b[91merror\u001b[0m\u001b[90m TS2552: \u001b[0mCannot find name 'error'. Did you mean 'Error'?\n\n\u001b[7m32\u001b[0m     res.status(400).json({ validationError: error.details[0].message });\n\u001b[7m  \u001b[0m \u001b[91m                                            ~~~~~\u001b[0m\n\n  \u001b[96mnode_modules/typescript/lib/lib.es5.d.ts\u001b[0m:\u001b[93m1087\u001b[0m:\u001b[93m13\u001b[0m\n    \u001b[7m1087\u001b[0m declare var Error: ErrorConstructor;\n    \u001b[7m    \u001b[0m \u001b[96m            ~~~~~\u001b[0m\n    'Error' is declared here.\n\n    at createTSError (/home/ditsdev152/.nvm/versions/node/v20.12.0/lib/node_modules/ts-node/src/index.ts:859:12)\n    at reportTSError (/home/ditsdev152/.nvm/versions/node/v20.12.0/lib/node_modules/ts-node/src/index.ts:863:19)\n    at getOutput (/home/ditsdev152/.nvm/versions/node/v20.12.0/lib/node_modules/ts-node/src/index.ts:1077:36)\n    at Object.compile (/home/ditsdev152/.nvm/versions/node/v20.12.0/lib/node_modules/ts-node/src/index.ts:1433:41)\n    at Module.m._compile (/home/ditsdev152/.nvm/versions/node/v20.12.0/lib/node_modules/ts-node/src/index.ts:1617:30)\n    at Module._extensions..js (node:internal/modules/cjs/loader:1427:10)\n    at Object.require.extensions.<computed> [as .ts] (/home/ditsdev152/.nvm/versions/node/v20.12.0/lib/node_modules/ts-node/src/index.ts:1621:12)\n    at Module.load (node:internal/modules/cjs/loader:1206:32)\n    at Function.Module._load (node:internal/modules/cjs/loader:1022:12)\n    at Module.require (node:internal/modules/cjs/loader:1231:19)",
  "exception": true,
  "date": "Thu Apr 25 2024 16:03:55 GMT+0530 (India Standard Time)",
  "process": {
    "pid": 43998,
    "uid": 1000,
    "gid": 1000,
    "cwd": "/home/ditsdev152/Desktop/cab-booking/users",
    "execPath": "/home/ditsdev152/.nvm/versions/node/v20.12.0/bin/node",
    "version": "v20.12.0",
    "argv": [
      "/home/ditsdev152/.nvm/versions/node/v20.12.0/bin/ts-node",
      "/home/ditsdev152/Desktop/cab-booking/users/index.ts"
    ],
    "memoryUsage": {
      "rss": 258215936,
      "heapTotal": 175415296,
      "heapUsed": 168687720,
      "external": 6558848,
      "arrayBuffers": 3680074
    }
  },
  "os": {
    "loadavg": [
      2.09,
      2.58,
      2.67
    ],
    "uptime": 22745.81
  },
  "trace": [
    {
      "column": 12,
      "file": "/home/ditsdev152/.nvm/versions/node/v20.12.0/lib/node_modules/ts-node/src/index.ts",
      "function": "createTSError",
      "line": 859,
      "method": null,
      "native": false
    },
    {
      "column": 19,
      "file": "/home/ditsdev152/.nvm/versions/node/v20.12.0/lib/node_modules/ts-node/src/index.ts",
      "function": "reportTSError",
      "line": 863,
      "method": null,
      "native": false
    },
    {
      "column": 36,
      "file": "/home/ditsdev152/.nvm/versions/node/v20.12.0/lib/node_modules/ts-node/src/index.ts",
      "function": "getOutput",
      "line": 1077,
      "method": null,
      "native": false
    },
    {
      "column": 41,
      "file": "/home/ditsdev152/.nvm/versions/node/v20.12.0/lib/node_modules/ts-node/src/index.ts",
      "function": "Object.compile",
      "line": 1433,
      "method": "compile",
      "native": false
    },
    {
      "column": 30,
      "file": "/home/ditsdev152/.nvm/versions/node/v20.12.0/lib/node_modules/ts-node/src/index.ts",
      "function": "Module.m._compile",
      "line": 1617,
      "method": "_compile",
      "native": false
    },
    {
      "column": 10,
      "file": "node:internal/modules/cjs/loader",
      "function": "Module._extensions..js",
      "line": 1427,
      "method": ".js",
      "native": false
    },
    {
      "column": 12,
      "file": "/home/ditsdev152/.nvm/versions/node/v20.12.0/lib/node_modules/ts-node/src/index.ts",
      "function": "Object.require.extensions.<computed> [as .ts]",
      "line": 1621,
      "method": "ts]",
      "native": false
    },
    {
      "column": 32,
      "file": "node:internal/modules/cjs/loader",
      "function": "Module.load",
      "line": 1206,
      "method": "load",
      "native": false
    },
    {
      "column": 12,
      "file": "node:internal/modules/cjs/loader",
      "function": "Module._load",
      "line": 1022,
      "method": "_load",
      "native": false
    },
    {
      "column": 19,
      "file": "node:internal/modules/cjs/loader",
      "function": "Module.require",
      "line": 1231,
      "method": "require",
      "native": false
    }
  ]
}
2024-04-25 10:35:30 - cfb6001e-2de9-4565-a118-9b0d153e90a4 - error: uncaughtException: тип Unable to compile TypeScript:
[96msrc/validations/validation.ts[0m:[93m31[0m:[93m7[0m - [91merror[0m[90m TS2552: [0mCannot find name 'error'. Did you mean 'Error'?

[7m31[0m   if (error) {
[7m  [0m [91m      ~~~~~[0m

  [96mnode_modules/typescript/lib/lib.es5.d.ts[0m:[93m1087[0m:[93m13[0m
    [7m1087[0m declare var Error: ErrorConstructor;
    [7m    [0m [96m            ~~~~~[0m
    'Error' is declared here.
[96msrc/validations/validation.ts[0m:[93m32[0m:[93m45[0m - [91merror[0m[90m TS2552: [0mCannot find name 'error'. Did you mean 'Error'?

[7m32[0m     res.status(400).json({ validationError: error.details[0].message });
[7m  [0m [91m                                            ~~~~~[0m

  [96mnode_modules/typescript/lib/lib.es5.d.ts[0m:[93m1087[0m:[93m13[0m
    [7m1087[0m declare var Error: ErrorConstructor;
    [7m    [0m [96m            ~~~~~[0m
    'Error' is declared here.

TSError: тип Unable to compile TypeScript:
[96msrc/validations/validation.ts[0m:[93m31[0m:[93m7[0m - [91merror[0m[90m TS2552: [0mCannot find name 'error'. Did you mean 'Error'?

[7m31[0m   if (error) {
[7m  [0m [91m      ~~~~~[0m

  [96mnode_modules/typescript/lib/lib.es5.d.ts[0m:[93m1087[0m:[93m13[0m
    [7m1087[0m declare var Error: ErrorConstructor;
    [7m    [0m [96m            ~~~~~[0m
    'Error' is declared here.
[96msrc/validations/validation.ts[0m:[93m32[0m:[93m45[0m - [91merror[0m[90m TS2552: [0mCannot find name 'error'. Did you mean 'Error'?

[7m32[0m     res.status(400).json({ validationError: error.details[0].message });
[7m  [0m [91m                                            ~~~~~[0m

  [96mnode_modules/typescript/lib/lib.es5.d.ts[0m:[93m1087[0m:[93m13[0m
    [7m1087[0m declare var Error: ErrorConstructor;
    [7m    [0m [96m            ~~~~~[0m
    'Error' is declared here.

    at createTSError (/home/ditsdev152/.nvm/versions/node/v20.12.0/lib/node_modules/ts-node/src/index.ts:859:12)
    at reportTSError (/home/ditsdev152/.nvm/versions/node/v20.12.0/lib/node_modules/ts-node/src/index.ts:863:19)
    at getOutput (/home/ditsdev152/.nvm/versions/node/v20.12.0/lib/node_modules/ts-node/src/index.ts:1077:36)
    at Object.compile (/home/ditsdev152/.nvm/versions/node/v20.12.0/lib/node_modules/ts-node/src/index.ts:1433:41)
    at Module.m._compile (/home/ditsdev152/.nvm/versions/node/v20.12.0/lib/node_modules/ts-node/src/index.ts:1617:30)
    at Module._extensions..js (node:internal/modules/cjs/loader:1427:10)
    at Object.require.extensions.<computed> [as .ts] (/home/ditsdev152/.nvm/versions/node/v20.12.0/lib/node_modules/ts-node/src/index.ts:1621:12)
    at Module.load (node:internal/modules/cjs/loader:1206:32)
    at Function.Module._load (node:internal/modules/cjs/loader:1022:12)
    at Module.require (node:internal/modules/cjs/loader:1231:19) {
  "error": {
    "diagnosticCodes": [
      2552,
      2552
    ]
  },
  "stack": "TSError: тип Unable to compile TypeScript:\n\u001b[96msrc/validations/validation.ts\u001b[0m:\u001b[93m31\u001b[0m:\u001b[93m7\u001b[0m - \u001b[91merror\u001b[0m\u001b[90m TS2552: \u001b[0mCannot find name 'error'. Did you mean 'Error'?\n\n\u001b[7m31\u001b[0m   if (error) {\n\u001b[7m  \u001b[0m \u001b[91m      ~~~~~\u001b[0m\n\n  \u001b[96mnode_modules/typescript/lib/lib.es5.d.ts\u001b[0m:\u001b[93m1087\u001b[0m:\u001b[93m13\u001b[0m\n    \u001b[7m1087\u001b[0m declare var Error: ErrorConstructor;\n    \u001b[7m    \u001b[0m \u001b[96m            ~~~~~\u001b[0m\n    'Error' is declared here.\n\u001b[96msrc/validations/validation.ts\u001b[0m:\u001b[93m32\u001b[0m:\u001b[93m45\u001b[0m - \u001b[91merror\u001b[0m\u001b[90m TS2552: \u001b[0mCannot find name 'error'. Did you mean 'Error'?\n\n\u001b[7m32\u001b[0m     res.status(400).json({ validationError: error.details[0].message });\n\u001b[7m  \u001b[0m \u001b[91m                                            ~~~~~\u001b[0m\n\n  \u001b[96mnode_modules/typescript/lib/lib.es5.d.ts\u001b[0m:\u001b[93m1087\u001b[0m:\u001b[93m13\u001b[0m\n    \u001b[7m1087\u001b[0m declare var Error: ErrorConstructor;\n    \u001b[7m    \u001b[0m \u001b[96m            ~~~~~\u001b[0m\n    'Error' is declared here.\n\n    at createTSError (/home/ditsdev152/.nvm/versions/node/v20.12.0/lib/node_modules/ts-node/src/index.ts:859:12)\n    at reportTSError (/home/ditsdev152/.nvm/versions/node/v20.12.0/lib/node_modules/ts-node/src/index.ts:863:19)\n    at getOutput (/home/ditsdev152/.nvm/versions/node/v20.12.0/lib/node_modules/ts-node/src/index.ts:1077:36)\n    at Object.compile (/home/ditsdev152/.nvm/versions/node/v20.12.0/lib/node_modules/ts-node/src/index.ts:1433:41)\n    at Module.m._compile (/home/ditsdev152/.nvm/versions/node/v20.12.0/lib/node_modules/ts-node/src/index.ts:1617:30)\n    at Module._extensions..js (node:internal/modules/cjs/loader:1427:10)\n    at Object.require.extensions.<computed> [as .ts] (/home/ditsdev152/.nvm/versions/node/v20.12.0/lib/node_modules/ts-node/src/index.ts:1621:12)\n    at Module.load (node:internal/modules/cjs/loader:1206:32)\n    at Function.Module._load (node:internal/modules/cjs/loader:1022:12)\n    at Module.require (node:internal/modules/cjs/loader:1231:19)",
  "exception": true,
  "date": "Thu Apr 25 2024 16:05:30 GMT+0530 (India Standard Time)",
  "process": {
    "pid": 44589,
    "uid": 1000,
    "gid": 1000,
    "cwd": "/home/ditsdev152/Desktop/cab-booking/users",
    "execPath": "/home/ditsdev152/.nvm/versions/node/v20.12.0/bin/node",
    "version": "v20.12.0",
    "argv": [
      "/home/ditsdev152/.nvm/versions/node/v20.12.0/bin/ts-node",
      "/home/ditsdev152/Desktop/cab-booking/users/index.ts"
    ],
    "memoryUsage": {
      "rss": 278081536,
      "heapTotal": 197959680,
      "heapUsed": 166900248,
      "external": 6516133,
      "arrayBuffers": 3639368
    }
  },
  "os": {
    "loadavg": [
      2.62,
      2.59,
      2.66
    ],
    "uptime": 22840.56
  },
  "trace": [
    {
      "column": 12,
      "file": "/home/ditsdev152/.nvm/versions/node/v20.12.0/lib/node_modules/ts-node/src/index.ts",
      "function": "createTSError",
      "line": 859,
      "method": null,
      "native": false
    },
    {
      "column": 19,
      "file": "/home/ditsdev152/.nvm/versions/node/v20.12.0/lib/node_modules/ts-node/src/index.ts",
      "function": "reportTSError",
      "line": 863,
      "method": null,
      "native": false
    },
    {
      "column": 36,
      "file": "/home/ditsdev152/.nvm/versions/node/v20.12.0/lib/node_modules/ts-node/src/index.ts",
      "function": "getOutput",
      "line": 1077,
      "method": null,
      "native": false
    },
    {
      "column": 41,
      "file": "/home/ditsdev152/.nvm/versions/node/v20.12.0/lib/node_modules/ts-node/src/index.ts",
      "function": "Object.compile",
      "line": 1433,
      "method": "compile",
      "native": false
    },
    {
      "column": 30,
      "file": "/home/ditsdev152/.nvm/versions/node/v20.12.0/lib/node_modules/ts-node/src/index.ts",
      "function": "Module.m._compile",
      "line": 1617,
      "method": "_compile",
      "native": false
    },
    {
      "column": 10,
      "file": "node:internal/modules/cjs/loader",
      "function": "Module._extensions..js",
      "line": 1427,
      "method": ".js",
      "native": false
    },
    {
      "column": 12,
      "file": "/home/ditsdev152/.nvm/versions/node/v20.12.0/lib/node_modules/ts-node/src/index.ts",
      "function": "Object.require.extensions.<computed> [as .ts]",
      "line": 1621,
      "method": "ts]",
      "native": false
    },
    {
      "column": 32,
      "file": "node:internal/modules/cjs/loader",
      "function": "Module.load",
      "line": 1206,
      "method": "load",
      "native": false
    },
    {
      "column": 12,
      "file": "node:internal/modules/cjs/loader",
      "function": "Module._load",
      "line": 1022,
      "method": "_load",
      "native": false
    },
    {
      "column": 19,
      "file": "node:internal/modules/cjs/loader",
      "function": "Module.require",
      "line": 1231,
      "method": "require",
      "native": false
    }
  ]
}
2024-04-25 10:36:18 - a3eed91e-5216-4bed-b656-477500d2a0eb - error: uncaughtException: тип Unable to compile TypeScript:
[96msrc/validations/validation.ts[0m:[93m31[0m:[93m7[0m - [91merror[0m[90m TS2552: [0mCannot find name 'error'. Did you mean 'Error'?

[7m31[0m   if (error) {
[7m  [0m [91m      ~~~~~[0m

  [96mnode_modules/typescript/lib/lib.es5.d.ts[0m:[93m1087[0m:[93m13[0m
    [7m1087[0m declare var Error: ErrorConstructor;
    [7m    [0m [96m            ~~~~~[0m
    'Error' is declared here.
[96msrc/validations/validation.ts[0m:[93m32[0m:[93m45[0m - [91merror[0m[90m TS2552: [0mCannot find name 'error'. Did you mean 'Error'?

[7m32[0m     res.status(400).json({ validationError: error.details[0].message });
[7m  [0m [91m                                            ~~~~~[0m

  [96mnode_modules/typescript/lib/lib.es5.d.ts[0m:[93m1087[0m:[93m13[0m
    [7m1087[0m declare var Error: ErrorConstructor;
    [7m    [0m [96m            ~~~~~[0m
    'Error' is declared here.

TSError: тип Unable to compile TypeScript:
[96msrc/validations/validation.ts[0m:[93m31[0m:[93m7[0m - [91merror[0m[90m TS2552: [0mCannot find name 'error'. Did you mean 'Error'?

[7m31[0m   if (error) {
[7m  [0m [91m      ~~~~~[0m

  [96mnode_modules/typescript/lib/lib.es5.d.ts[0m:[93m1087[0m:[93m13[0m
    [7m1087[0m declare var Error: ErrorConstructor;
    [7m    [0m [96m            ~~~~~[0m
    'Error' is declared here.
[96msrc/validations/validation.ts[0m:[93m32[0m:[93m45[0m - [91merror[0m[90m TS2552: [0mCannot find name 'error'. Did you mean 'Error'?

[7m32[0m     res.status(400).json({ validationError: error.details[0].message });
[7m  [0m [91m                                            ~~~~~[0m

  [96mnode_modules/typescript/lib/lib.es5.d.ts[0m:[93m1087[0m:[93m13[0m
    [7m1087[0m declare var Error: ErrorConstructor;
    [7m    [0m [96m            ~~~~~[0m
    'Error' is declared here.

    at createTSError (/home/ditsdev152/.nvm/versions/node/v20.12.0/lib/node_modules/ts-node/src/index.ts:859:12)
    at reportTSError (/home/ditsdev152/.nvm/versions/node/v20.12.0/lib/node_modules/ts-node/src/index.ts:863:19)
    at getOutput (/home/ditsdev152/.nvm/versions/node/v20.12.0/lib/node_modules/ts-node/src/index.ts:1077:36)
    at Object.compile (/home/ditsdev152/.nvm/versions/node/v20.12.0/lib/node_modules/ts-node/src/index.ts:1433:41)
    at Module.m._compile (/home/ditsdev152/.nvm/versions/node/v20.12.0/lib/node_modules/ts-node/src/index.ts:1617:30)
    at Module._extensions..js (node:internal/modules/cjs/loader:1427:10)
    at Object.require.extensions.<computed> [as .ts] (/home/ditsdev152/.nvm/versions/node/v20.12.0/lib/node_modules/ts-node/src/index.ts:1621:12)
    at Module.load (node:internal/modules/cjs/loader:1206:32)
    at Function.Module._load (node:internal/modules/cjs/loader:1022:12)
    at Module.require (node:internal/modules/cjs/loader:1231:19) {
  "error": {
    "diagnosticCodes": [
      2552,
      2552
    ]
  },
  "stack": "TSError: тип Unable to compile TypeScript:\n\u001b[96msrc/validations/validation.ts\u001b[0m:\u001b[93m31\u001b[0m:\u001b[93m7\u001b[0m - \u001b[91merror\u001b[0m\u001b[90m TS2552: \u001b[0mCannot find name 'error'. Did you mean 'Error'?\n\n\u001b[7m31\u001b[0m   if (error) {\n\u001b[7m  \u001b[0m \u001b[91m      ~~~~~\u001b[0m\n\n  \u001b[96mnode_modules/typescript/lib/lib.es5.d.ts\u001b[0m:\u001b[93m1087\u001b[0m:\u001b[93m13\u001b[0m\n    \u001b[7m1087\u001b[0m declare var Error: ErrorConstructor;\n    \u001b[7m    \u001b[0m \u001b[96m            ~~~~~\u001b[0m\n    'Error' is declared here.\n\u001b[96msrc/validations/validation.ts\u001b[0m:\u001b[93m32\u001b[0m:\u001b[93m45\u001b[0m - \u001b[91merror\u001b[0m\u001b[90m TS2552: \u001b[0mCannot find name 'error'. Did you mean 'Error'?\n\n\u001b[7m32\u001b[0m     res.status(400).json({ validationError: error.details[0].message });\n\u001b[7m  \u001b[0m \u001b[91m                                            ~~~~~\u001b[0m\n\n  \u001b[96mnode_modules/typescript/lib/lib.es5.d.ts\u001b[0m:\u001b[93m1087\u001b[0m:\u001b[93m13\u001b[0m\n    \u001b[7m1087\u001b[0m declare var Error: ErrorConstructor;\n    \u001b[7m    \u001b[0m \u001b[96m            ~~~~~\u001b[0m\n    'Error' is declared here.\n\n    at createTSError (/home/ditsdev152/.nvm/versions/node/v20.12.0/lib/node_modules/ts-node/src/index.ts:859:12)\n    at reportTSError (/home/ditsdev152/.nvm/versions/node/v20.12.0/lib/node_modules/ts-node/src/index.ts:863:19)\n    at getOutput (/home/ditsdev152/.nvm/versions/node/v20.12.0/lib/node_modules/ts-node/src/index.ts:1077:36)\n    at Object.compile (/home/ditsdev152/.nvm/versions/node/v20.12.0/lib/node_modules/ts-node/src/index.ts:1433:41)\n    at Module.m._compile (/home/ditsdev152/.nvm/versions/node/v20.12.0/lib/node_modules/ts-node/src/index.ts:1617:30)\n    at Module._extensions..js (node:internal/modules/cjs/loader:1427:10)\n    at Object.require.extensions.<computed> [as .ts] (/home/ditsdev152/.nvm/versions/node/v20.12.0/lib/node_modules/ts-node/src/index.ts:1621:12)\n    at Module.load (node:internal/modules/cjs/loader:1206:32)\n    at Function.Module._load (node:internal/modules/cjs/loader:1022:12)\n    at Module.require (node:internal/modules/cjs/loader:1231:19)",
  "exception": true,
  "date": "Thu Apr 25 2024 16:06:18 GMT+0530 (India Standard Time)",
  "process": {
    "pid": 45021,
    "uid": 1000,
    "gid": 1000,
    "cwd": "/home/ditsdev152/Desktop/cab-booking/users",
    "execPath": "/home/ditsdev152/.nvm/versions/node/v20.12.0/bin/node",
    "version": "v20.12.0",
    "argv": [
      "/home/ditsdev152/.nvm/versions/node/v20.12.0/bin/ts-node",
      "/home/ditsdev152/Desktop/cab-booking/users/index.ts"
    ],
    "memoryUsage": {
      "rss": 282157056,
      "heapTotal": 198221824,
      "heapUsed": 166912504,
      "external": 6529972,
      "arrayBuffers": 3653207
    }
  },
  "os": {
    "loadavg": [
      3.34,
      2.77,
      2.71
    ],
    "uptime": 22888.62
  },
  "trace": [
    {
      "column": 12,
      "file": "/home/ditsdev152/.nvm/versions/node/v20.12.0/lib/node_modules/ts-node/src/index.ts",
      "function": "createTSError",
      "line": 859,
      "method": null,
      "native": false
    },
    {
      "column": 19,
      "file": "/home/ditsdev152/.nvm/versions/node/v20.12.0/lib/node_modules/ts-node/src/index.ts",
      "function": "reportTSError",
      "line": 863,
      "method": null,
      "native": false
    },
    {
      "column": 36,
      "file": "/home/ditsdev152/.nvm/versions/node/v20.12.0/lib/node_modules/ts-node/src/index.ts",
      "function": "getOutput",
      "line": 1077,
      "method": null,
      "native": false
    },
    {
      "column": 41,
      "file": "/home/ditsdev152/.nvm/versions/node/v20.12.0/lib/node_modules/ts-node/src/index.ts",
      "function": "Object.compile",
      "line": 1433,
      "method": "compile",
      "native": false
    },
    {
      "column": 30,
      "file": "/home/ditsdev152/.nvm/versions/node/v20.12.0/lib/node_modules/ts-node/src/index.ts",
      "function": "Module.m._compile",
      "line": 1617,
      "method": "_compile",
      "native": false
    },
    {
      "column": 10,
      "file": "node:internal/modules/cjs/loader",
      "function": "Module._extensions..js",
      "line": 1427,
      "method": ".js",
      "native": false
    },
    {
      "column": 12,
      "file": "/home/ditsdev152/.nvm/versions/node/v20.12.0/lib/node_modules/ts-node/src/index.ts",
      "function": "Object.require.extensions.<computed> [as .ts]",
      "line": 1621,
      "method": "ts]",
      "native": false
    },
    {
      "column": 32,
      "file": "node:internal/modules/cjs/loader",
      "function": "Module.load",
      "line": 1206,
      "method": "load",
      "native": false
    },
    {
      "column": 12,
      "file": "node:internal/modules/cjs/loader",
      "function": "Module._load",
      "line": 1022,
      "method": "_load",
      "native": false
    },
    {
      "column": 19,
      "file": "node:internal/modules/cjs/loader",
      "function": "Module.require",
      "line": 1231,
      "method": "require",
      "native": false
    }
  ]
}
2024-04-25 10:36:53 - 31391282-c0b5-4046-b95b-6403fa4088b1 - error: uncaughtException: тип Unable to compile TypeScript:
[96msrc/validations/validation.ts[0m:[93m31[0m:[93m7[0m - [91merror[0m[90m TS2552: [0mCannot find name 'error'. Did you mean 'Error'?

[7m31[0m   if (error) {
[7m  [0m [91m      ~~~~~[0m

  [96mnode_modules/typescript/lib/lib.es5.d.ts[0m:[93m1087[0m:[93m13[0m
    [7m1087[0m declare var Error: ErrorConstructor;
    [7m    [0m [96m            ~~~~~[0m
    'Error' is declared here.
[96msrc/validations/validation.ts[0m:[93m32[0m:[93m45[0m - [91merror[0m[90m TS2552: [0mCannot find name 'error'. Did you mean 'Error'?

[7m32[0m     res.status(400).json({ validationError: error.details[0].message });
[7m  [0m [91m                                            ~~~~~[0m

  [96mnode_modules/typescript/lib/lib.es5.d.ts[0m:[93m1087[0m:[93m13[0m
    [7m1087[0m declare var Error: ErrorConstructor;
    [7m    [0m [96m            ~~~~~[0m
    'Error' is declared here.

TSError: тип Unable to compile TypeScript:
[96msrc/validations/validation.ts[0m:[93m31[0m:[93m7[0m - [91merror[0m[90m TS2552: [0mCannot find name 'error'. Did you mean 'Error'?

[7m31[0m   if (error) {
[7m  [0m [91m      ~~~~~[0m

  [96mnode_modules/typescript/lib/lib.es5.d.ts[0m:[93m1087[0m:[93m13[0m
    [7m1087[0m declare var Error: ErrorConstructor;
    [7m    [0m [96m            ~~~~~[0m
    'Error' is declared here.
[96msrc/validations/validation.ts[0m:[93m32[0m:[93m45[0m - [91merror[0m[90m TS2552: [0mCannot find name 'error'. Did you mean 'Error'?

[7m32[0m     res.status(400).json({ validationError: error.details[0].message });
[7m  [0m [91m                                            ~~~~~[0m

  [96mnode_modules/typescript/lib/lib.es5.d.ts[0m:[93m1087[0m:[93m13[0m
    [7m1087[0m declare var Error: ErrorConstructor;
    [7m    [0m [96m            ~~~~~[0m
    'Error' is declared here.

    at createTSError (/home/ditsdev152/.nvm/versions/node/v20.12.0/lib/node_modules/ts-node/src/index.ts:859:12)
    at reportTSError (/home/ditsdev152/.nvm/versions/node/v20.12.0/lib/node_modules/ts-node/src/index.ts:863:19)
    at getOutput (/home/ditsdev152/.nvm/versions/node/v20.12.0/lib/node_modules/ts-node/src/index.ts:1077:36)
    at Object.compile (/home/ditsdev152/.nvm/versions/node/v20.12.0/lib/node_modules/ts-node/src/index.ts:1433:41)
    at Module.m._compile (/home/ditsdev152/.nvm/versions/node/v20.12.0/lib/node_modules/ts-node/src/index.ts:1617:30)
    at Module._extensions..js (node:internal/modules/cjs/loader:1427:10)
    at Object.require.extensions.<computed> [as .ts] (/home/ditsdev152/.nvm/versions/node/v20.12.0/lib/node_modules/ts-node/src/index.ts:1621:12)
    at Module.load (node:internal/modules/cjs/loader:1206:32)
    at Function.Module._load (node:internal/modules/cjs/loader:1022:12)
    at Module.require (node:internal/modules/cjs/loader:1231:19) {
  "error": {
    "diagnosticCodes": [
      2552,
      2552
    ]
  },
  "stack": "TSError: тип Unable to compile TypeScript:\n\u001b[96msrc/validations/validation.ts\u001b[0m:\u001b[93m31\u001b[0m:\u001b[93m7\u001b[0m - \u001b[91merror\u001b[0m\u001b[90m TS2552: \u001b[0mCannot find name 'error'. Did you mean 'Error'?\n\n\u001b[7m31\u001b[0m   if (error) {\n\u001b[7m  \u001b[0m \u001b[91m      ~~~~~\u001b[0m\n\n  \u001b[96mnode_modules/typescript/lib/lib.es5.d.ts\u001b[0m:\u001b[93m1087\u001b[0m:\u001b[93m13\u001b[0m\n    \u001b[7m1087\u001b[0m declare var Error: ErrorConstructor;\n    \u001b[7m    \u001b[0m \u001b[96m            ~~~~~\u001b[0m\n    'Error' is declared here.\n\u001b[96msrc/validations/validation.ts\u001b[0m:\u001b[93m32\u001b[0m:\u001b[93m45\u001b[0m - \u001b[91merror\u001b[0m\u001b[90m TS2552: \u001b[0mCannot find name 'error'. Did you mean 'Error'?\n\n\u001b[7m32\u001b[0m     res.status(400).json({ validationError: error.details[0].message });\n\u001b[7m  \u001b[0m \u001b[91m                                            ~~~~~\u001b[0m\n\n  \u001b[96mnode_modules/typescript/lib/lib.es5.d.ts\u001b[0m:\u001b[93m1087\u001b[0m:\u001b[93m13\u001b[0m\n    \u001b[7m1087\u001b[0m declare var Error: ErrorConstructor;\n    \u001b[7m    \u001b[0m \u001b[96m            ~~~~~\u001b[0m\n    'Error' is declared here.\n\n    at createTSError (/home/ditsdev152/.nvm/versions/node/v20.12.0/lib/node_modules/ts-node/src/index.ts:859:12)\n    at reportTSError (/home/ditsdev152/.nvm/versions/node/v20.12.0/lib/node_modules/ts-node/src/index.ts:863:19)\n    at getOutput (/home/ditsdev152/.nvm/versions/node/v20.12.0/lib/node_modules/ts-node/src/index.ts:1077:36)\n    at Object.compile (/home/ditsdev152/.nvm/versions/node/v20.12.0/lib/node_modules/ts-node/src/index.ts:1433:41)\n    at Module.m._compile (/home/ditsdev152/.nvm/versions/node/v20.12.0/lib/node_modules/ts-node/src/index.ts:1617:30)\n    at Module._extensions..js (node:internal/modules/cjs/loader:1427:10)\n    at Object.require.extensions.<computed> [as .ts] (/home/ditsdev152/.nvm/versions/node/v20.12.0/lib/node_modules/ts-node/src/index.ts:1621:12)\n    at Module.load (node:internal/modules/cjs/loader:1206:32)\n    at Function.Module._load (node:internal/modules/cjs/loader:1022:12)\n    at Module.require (node:internal/modules/cjs/loader:1231:19)",
  "exception": true,
  "date": "Thu Apr 25 2024 16:06:53 GMT+0530 (India Standard Time)",
  "process": {
    "pid": 45374,
    "uid": 1000,
    "gid": 1000,
    "cwd": "/home/ditsdev152/Desktop/cab-booking/users",
    "execPath": "/home/ditsdev152/.nvm/versions/node/v20.12.0/bin/node",
    "version": "v20.12.0",
    "argv": [
      "/home/ditsdev152/.nvm/versions/node/v20.12.0/bin/ts-node",
      "/home/ditsdev152/Desktop/cab-booking/users/index.ts"
    ],
    "memoryUsage": {
      "rss": 279445504,
      "heapTotal": 198221824,
      "heapUsed": 168861792,
      "external": 6515171,
      "arrayBuffers": 3639471
    }
  },
  "os": {
    "loadavg": [
      2.77,
      2.7,
      2.69
    ],
    "uptime": 22923.77
  },
  "trace": [
    {
      "column": 12,
      "file": "/home/ditsdev152/.nvm/versions/node/v20.12.0/lib/node_modules/ts-node/src/index.ts",
      "function": "createTSError",
      "line": 859,
      "method": null,
      "native": false
    },
    {
      "column": 19,
      "file": "/home/ditsdev152/.nvm/versions/node/v20.12.0/lib/node_modules/ts-node/src/index.ts",
      "function": "reportTSError",
      "line": 863,
      "method": null,
      "native": false
    },
    {
      "column": 36,
      "file": "/home/ditsdev152/.nvm/versions/node/v20.12.0/lib/node_modules/ts-node/src/index.ts",
      "function": "getOutput",
      "line": 1077,
      "method": null,
      "native": false
    },
    {
      "column": 41,
      "file": "/home/ditsdev152/.nvm/versions/node/v20.12.0/lib/node_modules/ts-node/src/index.ts",
      "function": "Object.compile",
      "line": 1433,
      "method": "compile",
      "native": false
    },
    {
      "column": 30,
      "file": "/home/ditsdev152/.nvm/versions/node/v20.12.0/lib/node_modules/ts-node/src/index.ts",
      "function": "Module.m._compile",
      "line": 1617,
      "method": "_compile",
      "native": false
    },
    {
      "column": 10,
      "file": "node:internal/modules/cjs/loader",
      "function": "Module._extensions..js",
      "line": 1427,
      "method": ".js",
      "native": false
    },
    {
      "column": 12,
      "file": "/home/ditsdev152/.nvm/versions/node/v20.12.0/lib/node_modules/ts-node/src/index.ts",
      "function": "Object.require.extensions.<computed> [as .ts]",
      "line": 1621,
      "method": "ts]",
      "native": false
    },
    {
      "column": 32,
      "file": "node:internal/modules/cjs/loader",
      "function": "Module.load",
      "line": 1206,
      "method": "load",
      "native": false
    },
    {
      "column": 12,
      "file": "node:internal/modules/cjs/loader",
      "function": "Module._load",
      "line": 1022,
      "method": "_load",
      "native": false
    },
    {
      "column": 19,
      "file": "node:internal/modules/cjs/loader",
      "function": "Module.require",
      "line": 1231,
      "method": "require",
      "native": false
    }
  ]
}
2024-04-25 10:37:23 - 7493acf2-9df0-416c-bd16-f750140a1bcf - error: uncaughtException: тип Unable to compile TypeScript:
[96msrc/validations/validation.ts[0m:[93m31[0m:[93m7[0m - [91merror[0m[90m TS2552: [0mCannot find name 'error'. Did you mean 'Error'?

[7m31[0m   if (error) {
[7m  [0m [91m      ~~~~~[0m

  [96mnode_modules/typescript/lib/lib.es5.d.ts[0m:[93m1087[0m:[93m13[0m
    [7m1087[0m declare var Error: ErrorConstructor;
    [7m    [0m [96m            ~~~~~[0m
    'Error' is declared here.
[96msrc/validations/validation.ts[0m:[93m32[0m:[93m45[0m - [91merror[0m[90m TS2552: [0mCannot find name 'error'. Did you mean 'Error'?

[7m32[0m     res.status(400).json({ validationError: error.details[0].message });
[7m  [0m [91m                                            ~~~~~[0m

  [96mnode_modules/typescript/lib/lib.es5.d.ts[0m:[93m1087[0m:[93m13[0m
    [7m1087[0m declare var Error: ErrorConstructor;
    [7m    [0m [96m            ~~~~~[0m
    'Error' is declared here.

TSError: тип Unable to compile TypeScript:
[96msrc/validations/validation.ts[0m:[93m31[0m:[93m7[0m - [91merror[0m[90m TS2552: [0mCannot find name 'error'. Did you mean 'Error'?

[7m31[0m   if (error) {
[7m  [0m [91m      ~~~~~[0m

  [96mnode_modules/typescript/lib/lib.es5.d.ts[0m:[93m1087[0m:[93m13[0m
    [7m1087[0m declare var Error: ErrorConstructor;
    [7m    [0m [96m            ~~~~~[0m
    'Error' is declared here.
[96msrc/validations/validation.ts[0m:[93m32[0m:[93m45[0m - [91merror[0m[90m TS2552: [0mCannot find name 'error'. Did you mean 'Error'?

[7m32[0m     res.status(400).json({ validationError: error.details[0].message });
[7m  [0m [91m                                            ~~~~~[0m

  [96mnode_modules/typescript/lib/lib.es5.d.ts[0m:[93m1087[0m:[93m13[0m
    [7m1087[0m declare var Error: ErrorConstructor;
    [7m    [0m [96m            ~~~~~[0m
    'Error' is declared here.

    at createTSError (/home/ditsdev152/.nvm/versions/node/v20.12.0/lib/node_modules/ts-node/src/index.ts:859:12)
    at reportTSError (/home/ditsdev152/.nvm/versions/node/v20.12.0/lib/node_modules/ts-node/src/index.ts:863:19)
    at getOutput (/home/ditsdev152/.nvm/versions/node/v20.12.0/lib/node_modules/ts-node/src/index.ts:1077:36)
    at Object.compile (/home/ditsdev152/.nvm/versions/node/v20.12.0/lib/node_modules/ts-node/src/index.ts:1433:41)
    at Module.m._compile (/home/ditsdev152/.nvm/versions/node/v20.12.0/lib/node_modules/ts-node/src/index.ts:1617:30)
    at Module._extensions..js (node:internal/modules/cjs/loader:1427:10)
    at Object.require.extensions.<computed> [as .ts] (/home/ditsdev152/.nvm/versions/node/v20.12.0/lib/node_modules/ts-node/src/index.ts:1621:12)
    at Module.load (node:internal/modules/cjs/loader:1206:32)
    at Function.Module._load (node:internal/modules/cjs/loader:1022:12)
    at Module.require (node:internal/modules/cjs/loader:1231:19) {
  "error": {
    "diagnosticCodes": [
      2552,
      2552
    ]
  },
  "stack": "TSError: тип Unable to compile TypeScript:\n\u001b[96msrc/validations/validation.ts\u001b[0m:\u001b[93m31\u001b[0m:\u001b[93m7\u001b[0m - \u001b[91merror\u001b[0m\u001b[90m TS2552: \u001b[0mCannot find name 'error'. Did you mean 'Error'?\n\n\u001b[7m31\u001b[0m   if (error) {\n\u001b[7m  \u001b[0m \u001b[91m      ~~~~~\u001b[0m\n\n  \u001b[96mnode_modules/typescript/lib/lib.es5.d.ts\u001b[0m:\u001b[93m1087\u001b[0m:\u001b[93m13\u001b[0m\n    \u001b[7m1087\u001b[0m declare var Error: ErrorConstructor;\n    \u001b[7m    \u001b[0m \u001b[96m            ~~~~~\u001b[0m\n    'Error' is declared here.\n\u001b[96msrc/validations/validation.ts\u001b[0m:\u001b[93m32\u001b[0m:\u001b[93m45\u001b[0m - \u001b[91merror\u001b[0m\u001b[90m TS2552: \u001b[0mCannot find name 'error'. Did you mean 'Error'?\n\n\u001b[7m32\u001b[0m     res.status(400).json({ validationError: error.details[0].message });\n\u001b[7m  \u001b[0m \u001b[91m                                            ~~~~~\u001b[0m\n\n  \u001b[96mnode_modules/typescript/lib/lib.es5.d.ts\u001b[0m:\u001b[93m1087\u001b[0m:\u001b[93m13\u001b[0m\n    \u001b[7m1087\u001b[0m declare var Error: ErrorConstructor;\n    \u001b[7m    \u001b[0m \u001b[96m            ~~~~~\u001b[0m\n    'Error' is declared here.\n\n    at createTSError (/home/ditsdev152/.nvm/versions/node/v20.12.0/lib/node_modules/ts-node/src/index.ts:859:12)\n    at reportTSError (/home/ditsdev152/.nvm/versions/node/v20.12.0/lib/node_modules/ts-node/src/index.ts:863:19)\n    at getOutput (/home/ditsdev152/.nvm/versions/node/v20.12.0/lib/node_modules/ts-node/src/index.ts:1077:36)\n    at Object.compile (/home/ditsdev152/.nvm/versions/node/v20.12.0/lib/node_modules/ts-node/src/index.ts:1433:41)\n    at Module.m._compile (/home/ditsdev152/.nvm/versions/node/v20.12.0/lib/node_modules/ts-node/src/index.ts:1617:30)\n    at Module._extensions..js (node:internal/modules/cjs/loader:1427:10)\n    at Object.require.extensions.<computed> [as .ts] (/home/ditsdev152/.nvm/versions/node/v20.12.0/lib/node_modules/ts-node/src/index.ts:1621:12)\n    at Module.load (node:internal/modules/cjs/loader:1206:32)\n    at Function.Module._load (node:internal/modules/cjs/loader:1022:12)\n    at Module.require (node:internal/modules/cjs/loader:1231:19)",
  "exception": true,
  "date": "Thu Apr 25 2024 16:07:23 GMT+0530 (India Standard Time)",
  "process": {
    "pid": 45747,
    "uid": 1000,
    "gid": 1000,
    "cwd": "/home/ditsdev152/Desktop/cab-booking/users",
    "execPath": "/home/ditsdev152/.nvm/versions/node/v20.12.0/bin/node",
    "version": "v20.12.0",
    "argv": [
      "/home/ditsdev152/.nvm/versions/node/v20.12.0/bin/ts-node",
      "/home/ditsdev152/Desktop/cab-booking/users/index.ts"
    ],
    "memoryUsage": {
      "rss": 282980352,
      "heapTotal": 200056832,
      "heapUsed": 168083248,
      "external": 6653166,
      "arrayBuffers": 3777466
    }
  },
  "os": {
    "loadavg": [
      2.98,
      2.76,
      2.71
    ],
    "uptime": 22953.71
  },
  "trace": [
    {
      "column": 12,
      "file": "/home/ditsdev152/.nvm/versions/node/v20.12.0/lib/node_modules/ts-node/src/index.ts",
      "function": "createTSError",
      "line": 859,
      "method": null,
      "native": false
    },
    {
      "column": 19,
      "file": "/home/ditsdev152/.nvm/versions/node/v20.12.0/lib/node_modules/ts-node/src/index.ts",
      "function": "reportTSError",
      "line": 863,
      "method": null,
      "native": false
    },
    {
      "column": 36,
      "file": "/home/ditsdev152/.nvm/versions/node/v20.12.0/lib/node_modules/ts-node/src/index.ts",
      "function": "getOutput",
      "line": 1077,
      "method": null,
      "native": false
    },
    {
      "column": 41,
      "file": "/home/ditsdev152/.nvm/versions/node/v20.12.0/lib/node_modules/ts-node/src/index.ts",
      "function": "Object.compile",
      "line": 1433,
      "method": "compile",
      "native": false
    },
    {
      "column": 30,
      "file": "/home/ditsdev152/.nvm/versions/node/v20.12.0/lib/node_modules/ts-node/src/index.ts",
      "function": "Module.m._compile",
      "line": 1617,
      "method": "_compile",
      "native": false
    },
    {
      "column": 10,
      "file": "node:internal/modules/cjs/loader",
      "function": "Module._extensions..js",
      "line": 1427,
      "method": ".js",
      "native": false
    },
    {
      "column": 12,
      "file": "/home/ditsdev152/.nvm/versions/node/v20.12.0/lib/node_modules/ts-node/src/index.ts",
      "function": "Object.require.extensions.<computed> [as .ts]",
      "line": 1621,
      "method": "ts]",
      "native": false
    },
    {
      "column": 32,
      "file": "node:internal/modules/cjs/loader",
      "function": "Module.load",
      "line": 1206,
      "method": "load",
      "native": false
    },
    {
      "column": 12,
      "file": "node:internal/modules/cjs/loader",
      "function": "Module._load",
      "line": 1022,
      "method": "_load",
      "native": false
    },
    {
      "column": 19,
      "file": "node:internal/modules/cjs/loader",
      "function": "Module.require",
      "line": 1231,
      "method": "require",
      "native": false
    }
  ]
}
2024-04-25 10:39:11 - f6bbd672-9492-459c-95ff-accb8903cb2d - error: uncaughtException: тип Unable to compile TypeScript:
[96msrc/validations/validation.ts[0m:[93m31[0m:[93m7[0m - [91merror[0m[90m TS2552: [0mCannot find name 'error'. Did you mean 'Error'?

[7m31[0m   if (error) {
[7m  [0m [91m      ~~~~~[0m

  [96mnode_modules/typescript/lib/lib.es5.d.ts[0m:[93m1087[0m:[93m13[0m
    [7m1087[0m declare var Error: ErrorConstructor;
    [7m    [0m [96m            ~~~~~[0m
    'Error' is declared here.
[96msrc/validations/validation.ts[0m:[93m32[0m:[93m45[0m - [91merror[0m[90m TS2552: [0mCannot find name 'error'. Did you mean 'Error'?

[7m32[0m     res.status(400).json({ validationError: error.details[0].message });
[7m  [0m [91m                                            ~~~~~[0m

  [96mnode_modules/typescript/lib/lib.es5.d.ts[0m:[93m1087[0m:[93m13[0m
    [7m1087[0m declare var Error: ErrorConstructor;
    [7m    [0m [96m            ~~~~~[0m
    'Error' is declared here.

TSError: тип Unable to compile TypeScript:
[96msrc/validations/validation.ts[0m:[93m31[0m:[93m7[0m - [91merror[0m[90m TS2552: [0mCannot find name 'error'. Did you mean 'Error'?

[7m31[0m   if (error) {
[7m  [0m [91m      ~~~~~[0m

  [96mnode_modules/typescript/lib/lib.es5.d.ts[0m:[93m1087[0m:[93m13[0m
    [7m1087[0m declare var Error: ErrorConstructor;
    [7m    [0m [96m            ~~~~~[0m
    'Error' is declared here.
[96msrc/validations/validation.ts[0m:[93m32[0m:[93m45[0m - [91merror[0m[90m TS2552: [0mCannot find name 'error'. Did you mean 'Error'?

[7m32[0m     res.status(400).json({ validationError: error.details[0].message });
[7m  [0m [91m                                            ~~~~~[0m

  [96mnode_modules/typescript/lib/lib.es5.d.ts[0m:[93m1087[0m:[93m13[0m
    [7m1087[0m declare var Error: ErrorConstructor;
    [7m    [0m [96m            ~~~~~[0m
    'Error' is declared here.

    at createTSError (/home/ditsdev152/.nvm/versions/node/v20.12.0/lib/node_modules/ts-node/src/index.ts:859:12)
    at reportTSError (/home/ditsdev152/.nvm/versions/node/v20.12.0/lib/node_modules/ts-node/src/index.ts:863:19)
    at getOutput (/home/ditsdev152/.nvm/versions/node/v20.12.0/lib/node_modules/ts-node/src/index.ts:1077:36)
    at Object.compile (/home/ditsdev152/.nvm/versions/node/v20.12.0/lib/node_modules/ts-node/src/index.ts:1433:41)
    at Module.m._compile (/home/ditsdev152/.nvm/versions/node/v20.12.0/lib/node_modules/ts-node/src/index.ts:1617:30)
    at Module._extensions..js (node:internal/modules/cjs/loader:1427:10)
    at Object.require.extensions.<computed> [as .ts] (/home/ditsdev152/.nvm/versions/node/v20.12.0/lib/node_modules/ts-node/src/index.ts:1621:12)
    at Module.load (node:internal/modules/cjs/loader:1206:32)
    at Function.Module._load (node:internal/modules/cjs/loader:1022:12)
    at Module.require (node:internal/modules/cjs/loader:1231:19) {
  "error": {
    "diagnosticCodes": [
      2552,
      2552
    ]
  },
  "stack": "TSError: тип Unable to compile TypeScript:\n\u001b[96msrc/validations/validation.ts\u001b[0m:\u001b[93m31\u001b[0m:\u001b[93m7\u001b[0m - \u001b[91merror\u001b[0m\u001b[90m TS2552: \u001b[0mCannot find name 'error'. Did you mean 'Error'?\n\n\u001b[7m31\u001b[0m   if (error) {\n\u001b[7m  \u001b[0m \u001b[91m      ~~~~~\u001b[0m\n\n  \u001b[96mnode_modules/typescript/lib/lib.es5.d.ts\u001b[0m:\u001b[93m1087\u001b[0m:\u001b[93m13\u001b[0m\n    \u001b[7m1087\u001b[0m declare var Error: ErrorConstructor;\n    \u001b[7m    \u001b[0m \u001b[96m            ~~~~~\u001b[0m\n    'Error' is declared here.\n\u001b[96msrc/validations/validation.ts\u001b[0m:\u001b[93m32\u001b[0m:\u001b[93m45\u001b[0m - \u001b[91merror\u001b[0m\u001b[90m TS2552: \u001b[0mCannot find name 'error'. Did you mean 'Error'?\n\n\u001b[7m32\u001b[0m     res.status(400).json({ validationError: error.details[0].message });\n\u001b[7m  \u001b[0m \u001b[91m                                            ~~~~~\u001b[0m\n\n  \u001b[96mnode_modules/typescript/lib/lib.es5.d.ts\u001b[0m:\u001b[93m1087\u001b[0m:\u001b[93m13\u001b[0m\n    \u001b[7m1087\u001b[0m declare var Error: ErrorConstructor;\n    \u001b[7m    \u001b[0m \u001b[96m            ~~~~~\u001b[0m\n    'Error' is declared here.\n\n    at createTSError (/home/ditsdev152/.nvm/versions/node/v20.12.0/lib/node_modules/ts-node/src/index.ts:859:12)\n    at reportTSError (/home/ditsdev152/.nvm/versions/node/v20.12.0/lib/node_modules/ts-node/src/index.ts:863:19)\n    at getOutput (/home/ditsdev152/.nvm/versions/node/v20.12.0/lib/node_modules/ts-node/src/index.ts:1077:36)\n    at Object.compile (/home/ditsdev152/.nvm/versions/node/v20.12.0/lib/node_modules/ts-node/src/index.ts:1433:41)\n    at Module.m._compile (/home/ditsdev152/.nvm/versions/node/v20.12.0/lib/node_modules/ts-node/src/index.ts:1617:30)\n    at Module._extensions..js (node:internal/modules/cjs/loader:1427:10)\n    at Object.require.extensions.<computed> [as .ts] (/home/ditsdev152/.nvm/versions/node/v20.12.0/lib/node_modules/ts-node/src/index.ts:1621:12)\n    at Module.load (node:internal/modules/cjs/loader:1206:32)\n    at Function.Module._load (node:internal/modules/cjs/loader:1022:12)\n    at Module.require (node:internal/modules/cjs/loader:1231:19)",
  "exception": true,
  "date": "Thu Apr 25 2024 16:09:11 GMT+0530 (India Standard Time)",
  "process": {
    "pid": 46463,
    "uid": 1000,
    "gid": 1000,
    "cwd": "/home/ditsdev152/Desktop/cab-booking/users",
    "execPath": "/home/ditsdev152/.nvm/versions/node/v20.12.0/bin/node",
    "version": "v20.12.0",
    "argv": [
      "/home/ditsdev152/.nvm/versions/node/v20.12.0/bin/ts-node",
      "/home/ditsdev152/Desktop/cab-booking/users/index.ts"
    ],
    "memoryUsage": {
      "rss": 280776704,
      "heapTotal": 196911104,
      "heapUsed": 166807304,
      "external": 6516093,
      "arrayBuffers": 3639328
    }
  },
  "os": {
    "loadavg": [
      2.21,
      2.57,
      2.65
    ],
    "uptime": 23061.83
  },
  "trace": [
    {
      "column": 12,
      "file": "/home/ditsdev152/.nvm/versions/node/v20.12.0/lib/node_modules/ts-node/src/index.ts",
      "function": "createTSError",
      "line": 859,
      "method": null,
      "native": false
    },
    {
      "column": 19,
      "file": "/home/ditsdev152/.nvm/versions/node/v20.12.0/lib/node_modules/ts-node/src/index.ts",
      "function": "reportTSError",
      "line": 863,
      "method": null,
      "native": false
    },
    {
      "column": 36,
      "file": "/home/ditsdev152/.nvm/versions/node/v20.12.0/lib/node_modules/ts-node/src/index.ts",
      "function": "getOutput",
      "line": 1077,
      "method": null,
      "native": false
    },
    {
      "column": 41,
      "file": "/home/ditsdev152/.nvm/versions/node/v20.12.0/lib/node_modules/ts-node/src/index.ts",
      "function": "Object.compile",
      "line": 1433,
      "method": "compile",
      "native": false
    },
    {
      "column": 30,
      "file": "/home/ditsdev152/.nvm/versions/node/v20.12.0/lib/node_modules/ts-node/src/index.ts",
      "function": "Module.m._compile",
      "line": 1617,
      "method": "_compile",
      "native": false
    },
    {
      "column": 10,
      "file": "node:internal/modules/cjs/loader",
      "function": "Module._extensions..js",
      "line": 1427,
      "method": ".js",
      "native": false
    },
    {
      "column": 12,
      "file": "/home/ditsdev152/.nvm/versions/node/v20.12.0/lib/node_modules/ts-node/src/index.ts",
      "function": "Object.require.extensions.<computed> [as .ts]",
      "line": 1621,
      "method": "ts]",
      "native": false
    },
    {
      "column": 32,
      "file": "node:internal/modules/cjs/loader",
      "function": "Module.load",
      "line": 1206,
      "method": "load",
      "native": false
    },
    {
      "column": 12,
      "file": "node:internal/modules/cjs/loader",
      "function": "Module._load",
      "line": 1022,
      "method": "_load",
      "native": false
    },
    {
      "column": 19,
      "file": "node:internal/modules/cjs/loader",
      "function": "Module.require",
      "line": 1231,
      "method": "require",
      "native": false
    }
  ]
}
2024-04-25 10:50:58 - 140f24dd-523b-48f3-b5f8-82fcf22a5110 - error: uncaughtException: тип Unable to compile TypeScript:
[96msrc/validations/validation.ts[0m:[93m31[0m:[93m7[0m - [91merror[0m[90m TS2552: [0mCannot find name 'error'. Did you mean 'Error'?

[7m31[0m   if (error) {
[7m  [0m [91m      ~~~~~[0m

  [96mnode_modules/typescript/lib/lib.es5.d.ts[0m:[93m1087[0m:[93m13[0m
    [7m1087[0m declare var Error: ErrorConstructor;
    [7m    [0m [96m            ~~~~~[0m
    'Error' is declared here.
[96msrc/validations/validation.ts[0m:[93m32[0m:[93m45[0m - [91merror[0m[90m TS2552: [0mCannot find name 'error'. Did you mean 'Error'?

[7m32[0m     res.status(400).json({ validationError: error.details[0].message });
[7m  [0m [91m                                            ~~~~~[0m

  [96mnode_modules/typescript/lib/lib.es5.d.ts[0m:[93m1087[0m:[93m13[0m
    [7m1087[0m declare var Error: ErrorConstructor;
    [7m    [0m [96m            ~~~~~[0m
    'Error' is declared here.

TSError: тип Unable to compile TypeScript:
[96msrc/validations/validation.ts[0m:[93m31[0m:[93m7[0m - [91merror[0m[90m TS2552: [0mCannot find name 'error'. Did you mean 'Error'?

[7m31[0m   if (error) {
[7m  [0m [91m      ~~~~~[0m

  [96mnode_modules/typescript/lib/lib.es5.d.ts[0m:[93m1087[0m:[93m13[0m
    [7m1087[0m declare var Error: ErrorConstructor;
    [7m    [0m [96m            ~~~~~[0m
    'Error' is declared here.
[96msrc/validations/validation.ts[0m:[93m32[0m:[93m45[0m - [91merror[0m[90m TS2552: [0mCannot find name 'error'. Did you mean 'Error'?

[7m32[0m     res.status(400).json({ validationError: error.details[0].message });
[7m  [0m [91m                                            ~~~~~[0m

  [96mnode_modules/typescript/lib/lib.es5.d.ts[0m:[93m1087[0m:[93m13[0m
    [7m1087[0m declare var Error: ErrorConstructor;
    [7m    [0m [96m            ~~~~~[0m
    'Error' is declared here.

    at createTSError (/home/ditsdev152/.nvm/versions/node/v20.12.0/lib/node_modules/ts-node/src/index.ts:859:12)
    at reportTSError (/home/ditsdev152/.nvm/versions/node/v20.12.0/lib/node_modules/ts-node/src/index.ts:863:19)
    at getOutput (/home/ditsdev152/.nvm/versions/node/v20.12.0/lib/node_modules/ts-node/src/index.ts:1077:36)
    at Object.compile (/home/ditsdev152/.nvm/versions/node/v20.12.0/lib/node_modules/ts-node/src/index.ts:1433:41)
    at Module.m._compile (/home/ditsdev152/.nvm/versions/node/v20.12.0/lib/node_modules/ts-node/src/index.ts:1617:30)
    at Module._extensions..js (node:internal/modules/cjs/loader:1427:10)
    at Object.require.extensions.<computed> [as .ts] (/home/ditsdev152/.nvm/versions/node/v20.12.0/lib/node_modules/ts-node/src/index.ts:1621:12)
    at Module.load (node:internal/modules/cjs/loader:1206:32)
    at Function.Module._load (node:internal/modules/cjs/loader:1022:12)
    at Module.require (node:internal/modules/cjs/loader:1231:19) {
  "error": {
    "diagnosticCodes": [
      2552,
      2552
    ]
  },
  "stack": "TSError: тип Unable to compile TypeScript:\n\u001b[96msrc/validations/validation.ts\u001b[0m:\u001b[93m31\u001b[0m:\u001b[93m7\u001b[0m - \u001b[91merror\u001b[0m\u001b[90m TS2552: \u001b[0mCannot find name 'error'. Did you mean 'Error'?\n\n\u001b[7m31\u001b[0m   if (error) {\n\u001b[7m  \u001b[0m \u001b[91m      ~~~~~\u001b[0m\n\n  \u001b[96mnode_modules/typescript/lib/lib.es5.d.ts\u001b[0m:\u001b[93m1087\u001b[0m:\u001b[93m13\u001b[0m\n    \u001b[7m1087\u001b[0m declare var Error: ErrorConstructor;\n    \u001b[7m    \u001b[0m \u001b[96m            ~~~~~\u001b[0m\n    'Error' is declared here.\n\u001b[96msrc/validations/validation.ts\u001b[0m:\u001b[93m32\u001b[0m:\u001b[93m45\u001b[0m - \u001b[91merror\u001b[0m\u001b[90m TS2552: \u001b[0mCannot find name 'error'. Did you mean 'Error'?\n\n\u001b[7m32\u001b[0m     res.status(400).json({ validationError: error.details[0].message });\n\u001b[7m  \u001b[0m \u001b[91m                                            ~~~~~\u001b[0m\n\n  \u001b[96mnode_modules/typescript/lib/lib.es5.d.ts\u001b[0m:\u001b[93m1087\u001b[0m:\u001b[93m13\u001b[0m\n    \u001b[7m1087\u001b[0m declare var Error: ErrorConstructor;\n    \u001b[7m    \u001b[0m \u001b[96m            ~~~~~\u001b[0m\n    'Error' is declared here.\n\n    at createTSError (/home/ditsdev152/.nvm/versions/node/v20.12.0/lib/node_modules/ts-node/src/index.ts:859:12)\n    at reportTSError (/home/ditsdev152/.nvm/versions/node/v20.12.0/lib/node_modules/ts-node/src/index.ts:863:19)\n    at getOutput (/home/ditsdev152/.nvm/versions/node/v20.12.0/lib/node_modules/ts-node/src/index.ts:1077:36)\n    at Object.compile (/home/ditsdev152/.nvm/versions/node/v20.12.0/lib/node_modules/ts-node/src/index.ts:1433:41)\n    at Module.m._compile (/home/ditsdev152/.nvm/versions/node/v20.12.0/lib/node_modules/ts-node/src/index.ts:1617:30)\n    at Module._extensions..js (node:internal/modules/cjs/loader:1427:10)\n    at Object.require.extensions.<computed> [as .ts] (/home/ditsdev152/.nvm/versions/node/v20.12.0/lib/node_modules/ts-node/src/index.ts:1621:12)\n    at Module.load (node:internal/modules/cjs/loader:1206:32)\n    at Function.Module._load (node:internal/modules/cjs/loader:1022:12)\n    at Module.require (node:internal/modules/cjs/loader:1231:19)",
  "exception": true,
  "date": "Thu Apr 25 2024 16:20:58 GMT+0530 (India Standard Time)",
  "process": {
    "pid": 47767,
    "uid": 1000,
    "gid": 1000,
    "cwd": "/home/ditsdev152/Desktop/cab-booking/users",
    "execPath": "/home/ditsdev152/.nvm/versions/node/v20.12.0/bin/node",
    "version": "v20.12.0",
    "argv": [
      "/home/ditsdev152/.nvm/versions/node/v20.12.0/bin/ts-node",
      "/home/ditsdev152/Desktop/cab-booking/users/index.ts"
    ],
    "memoryUsage": {
      "rss": 276312064,
      "heapTotal": 195600384,
      "heapUsed": 165175032,
      "external": 6507940,
      "arrayBuffers": 3631175
    }
  },
  "os": {
    "loadavg": [
      2.79,
      2.34,
      2.4
    ],
    "uptime": 23769.42
  },
  "trace": [
    {
      "column": 12,
      "file": "/home/ditsdev152/.nvm/versions/node/v20.12.0/lib/node_modules/ts-node/src/index.ts",
      "function": "createTSError",
      "line": 859,
      "method": null,
      "native": false
    },
    {
      "column": 19,
      "file": "/home/ditsdev152/.nvm/versions/node/v20.12.0/lib/node_modules/ts-node/src/index.ts",
      "function": "reportTSError",
      "line": 863,
      "method": null,
      "native": false
    },
    {
      "column": 36,
      "file": "/home/ditsdev152/.nvm/versions/node/v20.12.0/lib/node_modules/ts-node/src/index.ts",
      "function": "getOutput",
      "line": 1077,
      "method": null,
      "native": false
    },
    {
      "column": 41,
      "file": "/home/ditsdev152/.nvm/versions/node/v20.12.0/lib/node_modules/ts-node/src/index.ts",
      "function": "Object.compile",
      "line": 1433,
      "method": "compile",
      "native": false
    },
    {
      "column": 30,
      "file": "/home/ditsdev152/.nvm/versions/node/v20.12.0/lib/node_modules/ts-node/src/index.ts",
      "function": "Module.m._compile",
      "line": 1617,
      "method": "_compile",
      "native": false
    },
    {
      "column": 10,
      "file": "node:internal/modules/cjs/loader",
      "function": "Module._extensions..js",
      "line": 1427,
      "method": ".js",
      "native": false
    },
    {
      "column": 12,
      "file": "/home/ditsdev152/.nvm/versions/node/v20.12.0/lib/node_modules/ts-node/src/index.ts",
      "function": "Object.require.extensions.<computed> [as .ts]",
      "line": 1621,
      "method": "ts]",
      "native": false
    },
    {
      "column": 32,
      "file": "node:internal/modules/cjs/loader",
      "function": "Module.load",
      "line": 1206,
      "method": "load",
      "native": false
    },
    {
      "column": 12,
      "file": "node:internal/modules/cjs/loader",
      "function": "Module._load",
      "line": 1022,
      "method": "_load",
      "native": false
    },
    {
      "column": 19,
      "file": "node:internal/modules/cjs/loader",
      "function": "Module.require",
      "line": 1231,
      "method": "require",
      "native": false
    }
  ]
}
2024-04-25 10:53:19 - dbb45c27-e47d-4f92-928e-14c0e6093f7b - error: uncaughtException: тип Unable to compile TypeScript:
[96msrc/validations/validation.ts[0m:[93m31[0m:[93m7[0m - [91merror[0m[90m TS2552: [0mCannot find name 'error'. Did you mean 'Error'?

[7m31[0m   if (error) {
[7m  [0m [91m      ~~~~~[0m

  [96mnode_modules/typescript/lib/lib.es5.d.ts[0m:[93m1087[0m:[93m13[0m
    [7m1087[0m declare var Error: ErrorConstructor;
    [7m    [0m [96m            ~~~~~[0m
    'Error' is declared here.
[96msrc/validations/validation.ts[0m:[93m32[0m:[93m45[0m - [91merror[0m[90m TS2552: [0mCannot find name 'error'. Did you mean 'Error'?

[7m32[0m     res.status(400).json({ validationError: error.details[0].message });
[7m  [0m [91m                                            ~~~~~[0m

  [96mnode_modules/typescript/lib/lib.es5.d.ts[0m:[93m1087[0m:[93m13[0m
    [7m1087[0m declare var Error: ErrorConstructor;
    [7m    [0m [96m            ~~~~~[0m
    'Error' is declared here.

TSError: тип Unable to compile TypeScript:
[96msrc/validations/validation.ts[0m:[93m31[0m:[93m7[0m - [91merror[0m[90m TS2552: [0mCannot find name 'error'. Did you mean 'Error'?

[7m31[0m   if (error) {
[7m  [0m [91m      ~~~~~[0m

  [96mnode_modules/typescript/lib/lib.es5.d.ts[0m:[93m1087[0m:[93m13[0m
    [7m1087[0m declare var Error: ErrorConstructor;
    [7m    [0m [96m            ~~~~~[0m
    'Error' is declared here.
[96msrc/validations/validation.ts[0m:[93m32[0m:[93m45[0m - [91merror[0m[90m TS2552: [0mCannot find name 'error'. Did you mean 'Error'?

[7m32[0m     res.status(400).json({ validationError: error.details[0].message });
[7m  [0m [91m                                            ~~~~~[0m

  [96mnode_modules/typescript/lib/lib.es5.d.ts[0m:[93m1087[0m:[93m13[0m
    [7m1087[0m declare var Error: ErrorConstructor;
    [7m    [0m [96m            ~~~~~[0m
    'Error' is declared here.

    at createTSError (/home/ditsdev152/.nvm/versions/node/v20.12.0/lib/node_modules/ts-node/src/index.ts:859:12)
    at reportTSError (/home/ditsdev152/.nvm/versions/node/v20.12.0/lib/node_modules/ts-node/src/index.ts:863:19)
    at getOutput (/home/ditsdev152/.nvm/versions/node/v20.12.0/lib/node_modules/ts-node/src/index.ts:1077:36)
    at Object.compile (/home/ditsdev152/.nvm/versions/node/v20.12.0/lib/node_modules/ts-node/src/index.ts:1433:41)
    at Module.m._compile (/home/ditsdev152/.nvm/versions/node/v20.12.0/lib/node_modules/ts-node/src/index.ts:1617:30)
    at Module._extensions..js (node:internal/modules/cjs/loader:1427:10)
    at Object.require.extensions.<computed> [as .ts] (/home/ditsdev152/.nvm/versions/node/v20.12.0/lib/node_modules/ts-node/src/index.ts:1621:12)
    at Module.load (node:internal/modules/cjs/loader:1206:32)
    at Function.Module._load (node:internal/modules/cjs/loader:1022:12)
    at Module.require (node:internal/modules/cjs/loader:1231:19) {
  "error": {
    "diagnosticCodes": [
      2552,
      2552
    ]
  },
  "stack": "TSError: тип Unable to compile TypeScript:\n\u001b[96msrc/validations/validation.ts\u001b[0m:\u001b[93m31\u001b[0m:\u001b[93m7\u001b[0m - \u001b[91merror\u001b[0m\u001b[90m TS2552: \u001b[0mCannot find name 'error'. Did you mean 'Error'?\n\n\u001b[7m31\u001b[0m   if (error) {\n\u001b[7m  \u001b[0m \u001b[91m      ~~~~~\u001b[0m\n\n  \u001b[96mnode_modules/typescript/lib/lib.es5.d.ts\u001b[0m:\u001b[93m1087\u001b[0m:\u001b[93m13\u001b[0m\n    \u001b[7m1087\u001b[0m declare var Error: ErrorConstructor;\n    \u001b[7m    \u001b[0m \u001b[96m            ~~~~~\u001b[0m\n    'Error' is declared here.\n\u001b[96msrc/validations/validation.ts\u001b[0m:\u001b[93m32\u001b[0m:\u001b[93m45\u001b[0m - \u001b[91merror\u001b[0m\u001b[90m TS2552: \u001b[0mCannot find name 'error'. Did you mean 'Error'?\n\n\u001b[7m32\u001b[0m     res.status(400).json({ validationError: error.details[0].message });\n\u001b[7m  \u001b[0m \u001b[91m                                            ~~~~~\u001b[0m\n\n  \u001b[96mnode_modules/typescript/lib/lib.es5.d.ts\u001b[0m:\u001b[93m1087\u001b[0m:\u001b[93m13\u001b[0m\n    \u001b[7m1087\u001b[0m declare var Error: ErrorConstructor;\n    \u001b[7m    \u001b[0m \u001b[96m            ~~~~~\u001b[0m\n    'Error' is declared here.\n\n    at createTSError (/home/ditsdev152/.nvm/versions/node/v20.12.0/lib/node_modules/ts-node/src/index.ts:859:12)\n    at reportTSError (/home/ditsdev152/.nvm/versions/node/v20.12.0/lib/node_modules/ts-node/src/index.ts:863:19)\n    at getOutput (/home/ditsdev152/.nvm/versions/node/v20.12.0/lib/node_modules/ts-node/src/index.ts:1077:36)\n    at Object.compile (/home/ditsdev152/.nvm/versions/node/v20.12.0/lib/node_modules/ts-node/src/index.ts:1433:41)\n    at Module.m._compile (/home/ditsdev152/.nvm/versions/node/v20.12.0/lib/node_modules/ts-node/src/index.ts:1617:30)\n    at Module._extensions..js (node:internal/modules/cjs/loader:1427:10)\n    at Object.require.extensions.<computed> [as .ts] (/home/ditsdev152/.nvm/versions/node/v20.12.0/lib/node_modules/ts-node/src/index.ts:1621:12)\n    at Module.load (node:internal/modules/cjs/loader:1206:32)\n    at Function.Module._load (node:internal/modules/cjs/loader:1022:12)\n    at Module.require (node:internal/modules/cjs/loader:1231:19)",
  "exception": true,
  "date": "Thu Apr 25 2024 16:23:19 GMT+0530 (India Standard Time)",
  "process": {
    "pid": 49348,
    "uid": 1000,
    "gid": 1000,
    "cwd": "/home/ditsdev152/Desktop/cab-booking/users",
    "execPath": "/home/ditsdev152/.nvm/versions/node/v20.12.0/bin/node",
    "version": "v20.12.0",
    "argv": [
      "/home/ditsdev152/.nvm/versions/node/v20.12.0/bin/ts-node",
      "/home/ditsdev152/Desktop/cab-booking/users/index.ts"
    ],
    "memoryUsage": {
      "rss": 278290432,
      "heapTotal": 194551808,
      "heapUsed": 173507968,
      "external": 6507194,
      "arrayBuffers": 3631494
    }
  },
  "os": {
    "loadavg": [
      2.08,
      2.23,
      2.35
    ],
    "uptime": 23910.28
  },
  "trace": [
    {
      "column": 12,
      "file": "/home/ditsdev152/.nvm/versions/node/v20.12.0/lib/node_modules/ts-node/src/index.ts",
      "function": "createTSError",
      "line": 859,
      "method": null,
      "native": false
    },
    {
      "column": 19,
      "file": "/home/ditsdev152/.nvm/versions/node/v20.12.0/lib/node_modules/ts-node/src/index.ts",
      "function": "reportTSError",
      "line": 863,
      "method": null,
      "native": false
    },
    {
      "column": 36,
      "file": "/home/ditsdev152/.nvm/versions/node/v20.12.0/lib/node_modules/ts-node/src/index.ts",
      "function": "getOutput",
      "line": 1077,
      "method": null,
      "native": false
    },
    {
      "column": 41,
      "file": "/home/ditsdev152/.nvm/versions/node/v20.12.0/lib/node_modules/ts-node/src/index.ts",
      "function": "Object.compile",
      "line": 1433,
      "method": "compile",
      "native": false
    },
    {
      "column": 30,
      "file": "/home/ditsdev152/.nvm/versions/node/v20.12.0/lib/node_modules/ts-node/src/index.ts",
      "function": "Module.m._compile",
      "line": 1617,
      "method": "_compile",
      "native": false
    },
    {
      "column": 10,
      "file": "node:internal/modules/cjs/loader",
      "function": "Module._extensions..js",
      "line": 1427,
      "method": ".js",
      "native": false
    },
    {
      "column": 12,
      "file": "/home/ditsdev152/.nvm/versions/node/v20.12.0/lib/node_modules/ts-node/src/index.ts",
      "function": "Object.require.extensions.<computed> [as .ts]",
      "line": 1621,
      "method": "ts]",
      "native": false
    },
    {
      "column": 32,
      "file": "node:internal/modules/cjs/loader",
      "function": "Module.load",
      "line": 1206,
      "method": "load",
      "native": false
    },
    {
      "column": 12,
      "file": "node:internal/modules/cjs/loader",
      "function": "Module._load",
      "line": 1022,
      "method": "_load",
      "native": false
    },
    {
      "column": 19,
      "file": "node:internal/modules/cjs/loader",
      "function": "Module.require",
      "line": 1231,
      "method": "require",
      "native": false
    }
  ]
}
2024-04-25 10:53:57 - 0ba8a951-a24a-404b-a966-e11e8d158cda - error: uncaughtException: тип Unable to compile TypeScript:
[96msrc/validations/validation.ts[0m:[93m31[0m:[93m7[0m - [91merror[0m[90m TS2552: [0mCannot find name 'error'. Did you mean 'Error'?

[7m31[0m   if (error) {
[7m  [0m [91m      ~~~~~[0m

  [96mnode_modules/typescript/lib/lib.es5.d.ts[0m:[93m1087[0m:[93m13[0m
    [7m1087[0m declare var Error: ErrorConstructor;
    [7m    [0m [96m            ~~~~~[0m
    'Error' is declared here.
[96msrc/validations/validation.ts[0m:[93m32[0m:[93m45[0m - [91merror[0m[90m TS2552: [0mCannot find name 'error'. Did you mean 'Error'?

[7m32[0m     res.status(400).json({ validationError: error.details[0].message });
[7m  [0m [91m                                            ~~~~~[0m

  [96mnode_modules/typescript/lib/lib.es5.d.ts[0m:[93m1087[0m:[93m13[0m
    [7m1087[0m declare var Error: ErrorConstructor;
    [7m    [0m [96m            ~~~~~[0m
    'Error' is declared here.

TSError: тип Unable to compile TypeScript:
[96msrc/validations/validation.ts[0m:[93m31[0m:[93m7[0m - [91merror[0m[90m TS2552: [0mCannot find name 'error'. Did you mean 'Error'?

[7m31[0m   if (error) {
[7m  [0m [91m      ~~~~~[0m

  [96mnode_modules/typescript/lib/lib.es5.d.ts[0m:[93m1087[0m:[93m13[0m
    [7m1087[0m declare var Error: ErrorConstructor;
    [7m    [0m [96m            ~~~~~[0m
    'Error' is declared here.
[96msrc/validations/validation.ts[0m:[93m32[0m:[93m45[0m - [91merror[0m[90m TS2552: [0mCannot find name 'error'. Did you mean 'Error'?

[7m32[0m     res.status(400).json({ validationError: error.details[0].message });
[7m  [0m [91m                                            ~~~~~[0m

  [96mnode_modules/typescript/lib/lib.es5.d.ts[0m:[93m1087[0m:[93m13[0m
    [7m1087[0m declare var Error: ErrorConstructor;
    [7m    [0m [96m            ~~~~~[0m
    'Error' is declared here.

    at createTSError (/home/ditsdev152/.nvm/versions/node/v20.12.0/lib/node_modules/ts-node/src/index.ts:859:12)
    at reportTSError (/home/ditsdev152/.nvm/versions/node/v20.12.0/lib/node_modules/ts-node/src/index.ts:863:19)
    at getOutput (/home/ditsdev152/.nvm/versions/node/v20.12.0/lib/node_modules/ts-node/src/index.ts:1077:36)
    at Object.compile (/home/ditsdev152/.nvm/versions/node/v20.12.0/lib/node_modules/ts-node/src/index.ts:1433:41)
    at Module.m._compile (/home/ditsdev152/.nvm/versions/node/v20.12.0/lib/node_modules/ts-node/src/index.ts:1617:30)
    at Module._extensions..js (node:internal/modules/cjs/loader:1427:10)
    at Object.require.extensions.<computed> [as .ts] (/home/ditsdev152/.nvm/versions/node/v20.12.0/lib/node_modules/ts-node/src/index.ts:1621:12)
    at Module.load (node:internal/modules/cjs/loader:1206:32)
    at Function.Module._load (node:internal/modules/cjs/loader:1022:12)
    at Module.require (node:internal/modules/cjs/loader:1231:19) {
  "error": {
    "diagnosticCodes": [
      2552,
      2552
    ]
  },
  "stack": "TSError: тип Unable to compile TypeScript:\n\u001b[96msrc/validations/validation.ts\u001b[0m:\u001b[93m31\u001b[0m:\u001b[93m7\u001b[0m - \u001b[91merror\u001b[0m\u001b[90m TS2552: \u001b[0mCannot find name 'error'. Did you mean 'Error'?\n\n\u001b[7m31\u001b[0m   if (error) {\n\u001b[7m  \u001b[0m \u001b[91m      ~~~~~\u001b[0m\n\n  \u001b[96mnode_modules/typescript/lib/lib.es5.d.ts\u001b[0m:\u001b[93m1087\u001b[0m:\u001b[93m13\u001b[0m\n    \u001b[7m1087\u001b[0m declare var Error: ErrorConstructor;\n    \u001b[7m    \u001b[0m \u001b[96m            ~~~~~\u001b[0m\n    'Error' is declared here.\n\u001b[96msrc/validations/validation.ts\u001b[0m:\u001b[93m32\u001b[0m:\u001b[93m45\u001b[0m - \u001b[91merror\u001b[0m\u001b[90m TS2552: \u001b[0mCannot find name 'error'. Did you mean 'Error'?\n\n\u001b[7m32\u001b[0m     res.status(400).json({ validationError: error.details[0].message });\n\u001b[7m  \u001b[0m \u001b[91m                                            ~~~~~\u001b[0m\n\n  \u001b[96mnode_modules/typescript/lib/lib.es5.d.ts\u001b[0m:\u001b[93m1087\u001b[0m:\u001b[93m13\u001b[0m\n    \u001b[7m1087\u001b[0m declare var Error: ErrorConstructor;\n    \u001b[7m    \u001b[0m \u001b[96m            ~~~~~\u001b[0m\n    'Error' is declared here.\n\n    at createTSError (/home/ditsdev152/.nvm/versions/node/v20.12.0/lib/node_modules/ts-node/src/index.ts:859:12)\n    at reportTSError (/home/ditsdev152/.nvm/versions/node/v20.12.0/lib/node_modules/ts-node/src/index.ts:863:19)\n    at getOutput (/home/ditsdev152/.nvm/versions/node/v20.12.0/lib/node_modules/ts-node/src/index.ts:1077:36)\n    at Object.compile (/home/ditsdev152/.nvm/versions/node/v20.12.0/lib/node_modules/ts-node/src/index.ts:1433:41)\n    at Module.m._compile (/home/ditsdev152/.nvm/versions/node/v20.12.0/lib/node_modules/ts-node/src/index.ts:1617:30)\n    at Module._extensions..js (node:internal/modules/cjs/loader:1427:10)\n    at Object.require.extensions.<computed> [as .ts] (/home/ditsdev152/.nvm/versions/node/v20.12.0/lib/node_modules/ts-node/src/index.ts:1621:12)\n    at Module.load (node:internal/modules/cjs/loader:1206:32)\n    at Function.Module._load (node:internal/modules/cjs/loader:1022:12)\n    at Module.require (node:internal/modules/cjs/loader:1231:19)",
  "exception": true,
  "date": "Thu Apr 25 2024 16:23:57 GMT+0530 (India Standard Time)",
  "process": {
    "pid": 49690,
    "uid": 1000,
    "gid": 1000,
    "cwd": "/home/ditsdev152/Desktop/cab-booking/users",
    "execPath": "/home/ditsdev152/.nvm/versions/node/v20.12.0/bin/node",
    "version": "v20.12.0",
    "argv": [
      "/home/ditsdev152/.nvm/versions/node/v20.12.0/bin/ts-node",
      "/home/ditsdev152/Desktop/cab-booking/users/index.ts"
    ],
    "memoryUsage": {
      "rss": 271183872,
      "heapTotal": 194551808,
      "heapUsed": 172040728,
      "external": 6506852,
      "arrayBuffers": 3631152
    }
  },
  "os": {
    "loadavg": [
      2.91,
      2.45,
      2.42
    ],
    "uptime": 23948.14
  },
  "trace": [
    {
      "column": 12,
      "file": "/home/ditsdev152/.nvm/versions/node/v20.12.0/lib/node_modules/ts-node/src/index.ts",
      "function": "createTSError",
      "line": 859,
      "method": null,
      "native": false
    },
    {
      "column": 19,
      "file": "/home/ditsdev152/.nvm/versions/node/v20.12.0/lib/node_modules/ts-node/src/index.ts",
      "function": "reportTSError",
      "line": 863,
      "method": null,
      "native": false
    },
    {
      "column": 36,
      "file": "/home/ditsdev152/.nvm/versions/node/v20.12.0/lib/node_modules/ts-node/src/index.ts",
      "function": "getOutput",
      "line": 1077,
      "method": null,
      "native": false
    },
    {
      "column": 41,
      "file": "/home/ditsdev152/.nvm/versions/node/v20.12.0/lib/node_modules/ts-node/src/index.ts",
      "function": "Object.compile",
      "line": 1433,
      "method": "compile",
      "native": false
    },
    {
      "column": 30,
      "file": "/home/ditsdev152/.nvm/versions/node/v20.12.0/lib/node_modules/ts-node/src/index.ts",
      "function": "Module.m._compile",
      "line": 1617,
      "method": "_compile",
      "native": false
    },
    {
      "column": 10,
      "file": "node:internal/modules/cjs/loader",
      "function": "Module._extensions..js",
      "line": 1427,
      "method": ".js",
      "native": false
    },
    {
      "column": 12,
      "file": "/home/ditsdev152/.nvm/versions/node/v20.12.0/lib/node_modules/ts-node/src/index.ts",
      "function": "Object.require.extensions.<computed> [as .ts]",
      "line": 1621,
      "method": "ts]",
      "native": false
    },
    {
      "column": 32,
      "file": "node:internal/modules/cjs/loader",
      "function": "Module.load",
      "line": 1206,
      "method": "load",
      "native": false
    },
    {
      "column": 12,
      "file": "node:internal/modules/cjs/loader",
      "function": "Module._load",
      "line": 1022,
      "method": "_load",
      "native": false
    },
    {
      "column": 19,
      "file": "node:internal/modules/cjs/loader",
      "function": "Module.require",
      "line": 1231,
      "method": "require",
      "native": false
    }
  ]
}
2024-04-25 10:57:55 - 8cbacba2-9676-4324-aca4-6bee6f6c7ca1 - error: uncaughtException: тип Unable to compile TypeScript:
[96msrc/validations/validation.ts[0m:[93m31[0m:[93m7[0m - [91merror[0m[90m TS2552: [0mCannot find name 'error'. Did you mean 'Error'?

[7m31[0m   if (error) {
[7m  [0m [91m      ~~~~~[0m

  [96mnode_modules/typescript/lib/lib.es5.d.ts[0m:[93m1087[0m:[93m13[0m
    [7m1087[0m declare var Error: ErrorConstructor;
    [7m    [0m [96m            ~~~~~[0m
    'Error' is declared here.
[96msrc/validations/validation.ts[0m:[93m32[0m:[93m45[0m - [91merror[0m[90m TS2552: [0mCannot find name 'error'. Did you mean 'Error'?

[7m32[0m     res.status(400).json({ validationError: error.details[0].message });
[7m  [0m [91m                                            ~~~~~[0m

  [96mnode_modules/typescript/lib/lib.es5.d.ts[0m:[93m1087[0m:[93m13[0m
    [7m1087[0m declare var Error: ErrorConstructor;
    [7m    [0m [96m            ~~~~~[0m
    'Error' is declared here.

TSError: тип Unable to compile TypeScript:
[96msrc/validations/validation.ts[0m:[93m31[0m:[93m7[0m - [91merror[0m[90m TS2552: [0mCannot find name 'error'. Did you mean 'Error'?

[7m31[0m   if (error) {
[7m  [0m [91m      ~~~~~[0m

  [96mnode_modules/typescript/lib/lib.es5.d.ts[0m:[93m1087[0m:[93m13[0m
    [7m1087[0m declare var Error: ErrorConstructor;
    [7m    [0m [96m            ~~~~~[0m
    'Error' is declared here.
[96msrc/validations/validation.ts[0m:[93m32[0m:[93m45[0m - [91merror[0m[90m TS2552: [0mCannot find name 'error'. Did you mean 'Error'?

[7m32[0m     res.status(400).json({ validationError: error.details[0].message });
[7m  [0m [91m                                            ~~~~~[0m

  [96mnode_modules/typescript/lib/lib.es5.d.ts[0m:[93m1087[0m:[93m13[0m
    [7m1087[0m declare var Error: ErrorConstructor;
    [7m    [0m [96m            ~~~~~[0m
    'Error' is declared here.

    at createTSError (/home/ditsdev152/.nvm/versions/node/v20.12.0/lib/node_modules/ts-node/src/index.ts:859:12)
    at reportTSError (/home/ditsdev152/.nvm/versions/node/v20.12.0/lib/node_modules/ts-node/src/index.ts:863:19)
    at getOutput (/home/ditsdev152/.nvm/versions/node/v20.12.0/lib/node_modules/ts-node/src/index.ts:1077:36)
    at Object.compile (/home/ditsdev152/.nvm/versions/node/v20.12.0/lib/node_modules/ts-node/src/index.ts:1433:41)
    at Module.m._compile (/home/ditsdev152/.nvm/versions/node/v20.12.0/lib/node_modules/ts-node/src/index.ts:1617:30)
    at Module._extensions..js (node:internal/modules/cjs/loader:1427:10)
    at Object.require.extensions.<computed> [as .ts] (/home/ditsdev152/.nvm/versions/node/v20.12.0/lib/node_modules/ts-node/src/index.ts:1621:12)
    at Module.load (node:internal/modules/cjs/loader:1206:32)
    at Function.Module._load (node:internal/modules/cjs/loader:1022:12)
    at Module.require (node:internal/modules/cjs/loader:1231:19) {
  "error": {
    "diagnosticCodes": [
      2552,
      2552
    ]
  },
  "stack": "TSError: тип Unable to compile TypeScript:\n\u001b[96msrc/validations/validation.ts\u001b[0m:\u001b[93m31\u001b[0m:\u001b[93m7\u001b[0m - \u001b[91merror\u001b[0m\u001b[90m TS2552: \u001b[0mCannot find name 'error'. Did you mean 'Error'?\n\n\u001b[7m31\u001b[0m   if (error) {\n\u001b[7m  \u001b[0m \u001b[91m      ~~~~~\u001b[0m\n\n  \u001b[96mnode_modules/typescript/lib/lib.es5.d.ts\u001b[0m:\u001b[93m1087\u001b[0m:\u001b[93m13\u001b[0m\n    \u001b[7m1087\u001b[0m declare var Error: ErrorConstructor;\n    \u001b[7m    \u001b[0m \u001b[96m            ~~~~~\u001b[0m\n    'Error' is declared here.\n\u001b[96msrc/validations/validation.ts\u001b[0m:\u001b[93m32\u001b[0m:\u001b[93m45\u001b[0m - \u001b[91merror\u001b[0m\u001b[90m TS2552: \u001b[0mCannot find name 'error'. Did you mean 'Error'?\n\n\u001b[7m32\u001b[0m     res.status(400).json({ validationError: error.details[0].message });\n\u001b[7m  \u001b[0m \u001b[91m                                            ~~~~~\u001b[0m\n\n  \u001b[96mnode_modules/typescript/lib/lib.es5.d.ts\u001b[0m:\u001b[93m1087\u001b[0m:\u001b[93m13\u001b[0m\n    \u001b[7m1087\u001b[0m declare var Error: ErrorConstructor;\n    \u001b[7m    \u001b[0m \u001b[96m            ~~~~~\u001b[0m\n    'Error' is declared here.\n\n    at createTSError (/home/ditsdev152/.nvm/versions/node/v20.12.0/lib/node_modules/ts-node/src/index.ts:859:12)\n    at reportTSError (/home/ditsdev152/.nvm/versions/node/v20.12.0/lib/node_modules/ts-node/src/index.ts:863:19)\n    at getOutput (/home/ditsdev152/.nvm/versions/node/v20.12.0/lib/node_modules/ts-node/src/index.ts:1077:36)\n    at Object.compile (/home/ditsdev152/.nvm/versions/node/v20.12.0/lib/node_modules/ts-node/src/index.ts:1433:41)\n    at Module.m._compile (/home/ditsdev152/.nvm/versions/node/v20.12.0/lib/node_modules/ts-node/src/index.ts:1617:30)\n    at Module._extensions..js (node:internal/modules/cjs/loader:1427:10)\n    at Object.require.extensions.<computed> [as .ts] (/home/ditsdev152/.nvm/versions/node/v20.12.0/lib/node_modules/ts-node/src/index.ts:1621:12)\n    at Module.load (node:internal/modules/cjs/loader:1206:32)\n    at Function.Module._load (node:internal/modules/cjs/loader:1022:12)\n    at Module.require (node:internal/modules/cjs/loader:1231:19)",
  "exception": true,
  "date": "Thu Apr 25 2024 16:27:55 GMT+0530 (India Standard Time)",
  "process": {
    "pid": 50352,
    "uid": 1000,
    "gid": 1000,
    "cwd": "/home/ditsdev152/Desktop/cab-booking/users",
    "execPath": "/home/ditsdev152/.nvm/versions/node/v20.12.0/bin/node",
    "version": "v20.12.0",
    "argv": [
      "/home/ditsdev152/.nvm/versions/node/v20.12.0/bin/ts-node",
      "/home/ditsdev152/Desktop/cab-booking/users/index.ts"
    ],
    "memoryUsage": {
      "rss": 276398080,
      "heapTotal": 195338240,
      "heapUsed": 172364040,
      "external": 6506852,
      "arrayBuffers": 3631152
    }
  },
  "os": {
    "loadavg": [
      0.88,
      1.41,
      1.98
    ],
    "uptime": 24185.92
  },
  "trace": [
    {
      "column": 12,
      "file": "/home/ditsdev152/.nvm/versions/node/v20.12.0/lib/node_modules/ts-node/src/index.ts",
      "function": "createTSError",
      "line": 859,
      "method": null,
      "native": false
    },
    {
      "column": 19,
      "file": "/home/ditsdev152/.nvm/versions/node/v20.12.0/lib/node_modules/ts-node/src/index.ts",
      "function": "reportTSError",
      "line": 863,
      "method": null,
      "native": false
    },
    {
      "column": 36,
      "file": "/home/ditsdev152/.nvm/versions/node/v20.12.0/lib/node_modules/ts-node/src/index.ts",
      "function": "getOutput",
      "line": 1077,
      "method": null,
      "native": false
    },
    {
      "column": 41,
      "file": "/home/ditsdev152/.nvm/versions/node/v20.12.0/lib/node_modules/ts-node/src/index.ts",
      "function": "Object.compile",
      "line": 1433,
      "method": "compile",
      "native": false
    },
    {
      "column": 30,
      "file": "/home/ditsdev152/.nvm/versions/node/v20.12.0/lib/node_modules/ts-node/src/index.ts",
      "function": "Module.m._compile",
      "line": 1617,
      "method": "_compile",
      "native": false
    },
    {
      "column": 10,
      "file": "node:internal/modules/cjs/loader",
      "function": "Module._extensions..js",
      "line": 1427,
      "method": ".js",
      "native": false
    },
    {
      "column": 12,
      "file": "/home/ditsdev152/.nvm/versions/node/v20.12.0/lib/node_modules/ts-node/src/index.ts",
      "function": "Object.require.extensions.<computed> [as .ts]",
      "line": 1621,
      "method": "ts]",
      "native": false
    },
    {
      "column": 32,
      "file": "node:internal/modules/cjs/loader",
      "function": "Module.load",
      "line": 1206,
      "method": "load",
      "native": false
    },
    {
      "column": 12,
      "file": "node:internal/modules/cjs/loader",
      "function": "Module._load",
      "line": 1022,
      "method": "_load",
      "native": false
    },
    {
      "column": 19,
      "file": "node:internal/modules/cjs/loader",
      "function": "Module.require",
      "line": 1231,
      "method": "require",
      "native": false
    }
  ]
}
2024-04-25 11:00:26 - bf95ed0a-5a69-4df0-9256-474fb43965cf - error: uncaughtException: тип Unable to compile TypeScript:
[96msrc/validations/validation.ts[0m:[93m31[0m:[93m7[0m - [91merror[0m[90m TS2552: [0mCannot find name 'error'. Did you mean 'Error'?

[7m31[0m   if (error) {
[7m  [0m [91m      ~~~~~[0m

  [96mnode_modules/typescript/lib/lib.es5.d.ts[0m:[93m1087[0m:[93m13[0m
    [7m1087[0m declare var Error: ErrorConstructor;
    [7m    [0m [96m            ~~~~~[0m
    'Error' is declared here.
[96msrc/validations/validation.ts[0m:[93m32[0m:[93m45[0m - [91merror[0m[90m TS2552: [0mCannot find name 'error'. Did you mean 'Error'?

[7m32[0m     res.status(400).json({ validationError: error.details[0].message });
[7m  [0m [91m                                            ~~~~~[0m

  [96mnode_modules/typescript/lib/lib.es5.d.ts[0m:[93m1087[0m:[93m13[0m
    [7m1087[0m declare var Error: ErrorConstructor;
    [7m    [0m [96m            ~~~~~[0m
    'Error' is declared here.

TSError: тип Unable to compile TypeScript:
[96msrc/validations/validation.ts[0m:[93m31[0m:[93m7[0m - [91merror[0m[90m TS2552: [0mCannot find name 'error'. Did you mean 'Error'?

[7m31[0m   if (error) {
[7m  [0m [91m      ~~~~~[0m

  [96mnode_modules/typescript/lib/lib.es5.d.ts[0m:[93m1087[0m:[93m13[0m
    [7m1087[0m declare var Error: ErrorConstructor;
    [7m    [0m [96m            ~~~~~[0m
    'Error' is declared here.
[96msrc/validations/validation.ts[0m:[93m32[0m:[93m45[0m - [91merror[0m[90m TS2552: [0mCannot find name 'error'. Did you mean 'Error'?

[7m32[0m     res.status(400).json({ validationError: error.details[0].message });
[7m  [0m [91m                                            ~~~~~[0m

  [96mnode_modules/typescript/lib/lib.es5.d.ts[0m:[93m1087[0m:[93m13[0m
    [7m1087[0m declare var Error: ErrorConstructor;
    [7m    [0m [96m            ~~~~~[0m
    'Error' is declared here.

    at createTSError (/home/ditsdev152/.nvm/versions/node/v20.12.0/lib/node_modules/ts-node/src/index.ts:859:12)
    at reportTSError (/home/ditsdev152/.nvm/versions/node/v20.12.0/lib/node_modules/ts-node/src/index.ts:863:19)
    at getOutput (/home/ditsdev152/.nvm/versions/node/v20.12.0/lib/node_modules/ts-node/src/index.ts:1077:36)
    at Object.compile (/home/ditsdev152/.nvm/versions/node/v20.12.0/lib/node_modules/ts-node/src/index.ts:1433:41)
    at Module.m._compile (/home/ditsdev152/.nvm/versions/node/v20.12.0/lib/node_modules/ts-node/src/index.ts:1617:30)
    at Module._extensions..js (node:internal/modules/cjs/loader:1427:10)
    at Object.require.extensions.<computed> [as .ts] (/home/ditsdev152/.nvm/versions/node/v20.12.0/lib/node_modules/ts-node/src/index.ts:1621:12)
    at Module.load (node:internal/modules/cjs/loader:1206:32)
    at Function.Module._load (node:internal/modules/cjs/loader:1022:12)
    at Module.require (node:internal/modules/cjs/loader:1231:19) {
  "error": {
    "diagnosticCodes": [
      2552,
      2552
    ]
  },
  "stack": "TSError: тип Unable to compile TypeScript:\n\u001b[96msrc/validations/validation.ts\u001b[0m:\u001b[93m31\u001b[0m:\u001b[93m7\u001b[0m - \u001b[91merror\u001b[0m\u001b[90m TS2552: \u001b[0mCannot find name 'error'. Did you mean 'Error'?\n\n\u001b[7m31\u001b[0m   if (error) {\n\u001b[7m  \u001b[0m \u001b[91m      ~~~~~\u001b[0m\n\n  \u001b[96mnode_modules/typescript/lib/lib.es5.d.ts\u001b[0m:\u001b[93m1087\u001b[0m:\u001b[93m13\u001b[0m\n    \u001b[7m1087\u001b[0m declare var Error: ErrorConstructor;\n    \u001b[7m    \u001b[0m \u001b[96m            ~~~~~\u001b[0m\n    'Error' is declared here.\n\u001b[96msrc/validations/validation.ts\u001b[0m:\u001b[93m32\u001b[0m:\u001b[93m45\u001b[0m - \u001b[91merror\u001b[0m\u001b[90m TS2552: \u001b[0mCannot find name 'error'. Did you mean 'Error'?\n\n\u001b[7m32\u001b[0m     res.status(400).json({ validationError: error.details[0].message });\n\u001b[7m  \u001b[0m \u001b[91m                                            ~~~~~\u001b[0m\n\n  \u001b[96mnode_modules/typescript/lib/lib.es5.d.ts\u001b[0m:\u001b[93m1087\u001b[0m:\u001b[93m13\u001b[0m\n    \u001b[7m1087\u001b[0m declare var Error: ErrorConstructor;\n    \u001b[7m    \u001b[0m \u001b[96m            ~~~~~\u001b[0m\n    'Error' is declared here.\n\n    at createTSError (/home/ditsdev152/.nvm/versions/node/v20.12.0/lib/node_modules/ts-node/src/index.ts:859:12)\n    at reportTSError (/home/ditsdev152/.nvm/versions/node/v20.12.0/lib/node_modules/ts-node/src/index.ts:863:19)\n    at getOutput (/home/ditsdev152/.nvm/versions/node/v20.12.0/lib/node_modules/ts-node/src/index.ts:1077:36)\n    at Object.compile (/home/ditsdev152/.nvm/versions/node/v20.12.0/lib/node_modules/ts-node/src/index.ts:1433:41)\n    at Module.m._compile (/home/ditsdev152/.nvm/versions/node/v20.12.0/lib/node_modules/ts-node/src/index.ts:1617:30)\n    at Module._extensions..js (node:internal/modules/cjs/loader:1427:10)\n    at Object.require.extensions.<computed> [as .ts] (/home/ditsdev152/.nvm/versions/node/v20.12.0/lib/node_modules/ts-node/src/index.ts:1621:12)\n    at Module.load (node:internal/modules/cjs/loader:1206:32)\n    at Function.Module._load (node:internal/modules/cjs/loader:1022:12)\n    at Module.require (node:internal/modules/cjs/loader:1231:19)",
  "exception": true,
  "date": "Thu Apr 25 2024 16:30:26 GMT+0530 (India Standard Time)",
  "process": {
    "pid": 50928,
    "uid": 1000,
    "gid": 1000,
    "cwd": "/home/ditsdev152/Desktop/cab-booking/users",
    "execPath": "/home/ditsdev152/.nvm/versions/node/v20.12.0/bin/node",
    "version": "v20.12.0",
    "argv": [
      "/home/ditsdev152/.nvm/versions/node/v20.12.0/bin/ts-node",
      "/home/ditsdev152/Desktop/cab-booking/users/index.ts"
    ],
    "memoryUsage": {
      "rss": 281481216,
      "heapTotal": 198221824,
      "heapUsed": 165759488,
      "external": 6506755,
      "arrayBuffers": 3631055
    }
  },
  "os": {
    "loadavg": [
      1.06,
      1.18,
      1.8
    ],
    "uptime": 24337.3
  },
  "trace": [
    {
      "column": 12,
      "file": "/home/ditsdev152/.nvm/versions/node/v20.12.0/lib/node_modules/ts-node/src/index.ts",
      "function": "createTSError",
      "line": 859,
      "method": null,
      "native": false
    },
    {
      "column": 19,
      "file": "/home/ditsdev152/.nvm/versions/node/v20.12.0/lib/node_modules/ts-node/src/index.ts",
      "function": "reportTSError",
      "line": 863,
      "method": null,
      "native": false
    },
    {
      "column": 36,
      "file": "/home/ditsdev152/.nvm/versions/node/v20.12.0/lib/node_modules/ts-node/src/index.ts",
      "function": "getOutput",
      "line": 1077,
      "method": null,
      "native": false
    },
    {
      "column": 41,
      "file": "/home/ditsdev152/.nvm/versions/node/v20.12.0/lib/node_modules/ts-node/src/index.ts",
      "function": "Object.compile",
      "line": 1433,
      "method": "compile",
      "native": false
    },
    {
      "column": 30,
      "file": "/home/ditsdev152/.nvm/versions/node/v20.12.0/lib/node_modules/ts-node/src/index.ts",
      "function": "Module.m._compile",
      "line": 1617,
      "method": "_compile",
      "native": false
    },
    {
      "column": 10,
      "file": "node:internal/modules/cjs/loader",
      "function": "Module._extensions..js",
      "line": 1427,
      "method": ".js",
      "native": false
    },
    {
      "column": 12,
      "file": "/home/ditsdev152/.nvm/versions/node/v20.12.0/lib/node_modules/ts-node/src/index.ts",
      "function": "Object.require.extensions.<computed> [as .ts]",
      "line": 1621,
      "method": "ts]",
      "native": false
    },
    {
      "column": 32,
      "file": "node:internal/modules/cjs/loader",
      "function": "Module.load",
      "line": 1206,
      "method": "load",
      "native": false
    },
    {
      "column": 12,
      "file": "node:internal/modules/cjs/loader",
      "function": "Module._load",
      "line": 1022,
      "method": "_load",
      "native": false
    },
    {
      "column": 19,
      "file": "node:internal/modules/cjs/loader",
      "function": "Module.require",
      "line": 1231,
      "method": "require",
      "native": false
    }
  ]
}
2024-04-25 11:00:43 - d570afb0-90b0-40fa-a8d2-49ff06d785f8 - error: uncaughtException: тип Unable to compile TypeScript:
[96msrc/validations/validation.ts[0m:[93m31[0m:[93m7[0m - [91merror[0m[90m TS2552: [0mCannot find name 'error'. Did you mean 'Error'?

[7m31[0m   if (error) {
[7m  [0m [91m      ~~~~~[0m

  [96mnode_modules/typescript/lib/lib.es5.d.ts[0m:[93m1087[0m:[93m13[0m
    [7m1087[0m declare var Error: ErrorConstructor;
    [7m    [0m [96m            ~~~~~[0m
    'Error' is declared here.
[96msrc/validations/validation.ts[0m:[93m32[0m:[93m45[0m - [91merror[0m[90m TS2552: [0mCannot find name 'error'. Did you mean 'Error'?

[7m32[0m     res.status(400).json({ validationError: error.details[0].message });
[7m  [0m [91m                                            ~~~~~[0m

  [96mnode_modules/typescript/lib/lib.es5.d.ts[0m:[93m1087[0m:[93m13[0m
    [7m1087[0m declare var Error: ErrorConstructor;
    [7m    [0m [96m            ~~~~~[0m
    'Error' is declared here.

TSError: тип Unable to compile TypeScript:
[96msrc/validations/validation.ts[0m:[93m31[0m:[93m7[0m - [91merror[0m[90m TS2552: [0mCannot find name 'error'. Did you mean 'Error'?

[7m31[0m   if (error) {
[7m  [0m [91m      ~~~~~[0m

  [96mnode_modules/typescript/lib/lib.es5.d.ts[0m:[93m1087[0m:[93m13[0m
    [7m1087[0m declare var Error: ErrorConstructor;
    [7m    [0m [96m            ~~~~~[0m
    'Error' is declared here.
[96msrc/validations/validation.ts[0m:[93m32[0m:[93m45[0m - [91merror[0m[90m TS2552: [0mCannot find name 'error'. Did you mean 'Error'?

[7m32[0m     res.status(400).json({ validationError: error.details[0].message });
[7m  [0m [91m                                            ~~~~~[0m

  [96mnode_modules/typescript/lib/lib.es5.d.ts[0m:[93m1087[0m:[93m13[0m
    [7m1087[0m declare var Error: ErrorConstructor;
    [7m    [0m [96m            ~~~~~[0m
    'Error' is declared here.

    at createTSError (/home/ditsdev152/.nvm/versions/node/v20.12.0/lib/node_modules/ts-node/src/index.ts:859:12)
    at reportTSError (/home/ditsdev152/.nvm/versions/node/v20.12.0/lib/node_modules/ts-node/src/index.ts:863:19)
    at getOutput (/home/ditsdev152/.nvm/versions/node/v20.12.0/lib/node_modules/ts-node/src/index.ts:1077:36)
    at Object.compile (/home/ditsdev152/.nvm/versions/node/v20.12.0/lib/node_modules/ts-node/src/index.ts:1433:41)
    at Module.m._compile (/home/ditsdev152/.nvm/versions/node/v20.12.0/lib/node_modules/ts-node/src/index.ts:1617:30)
    at Module._extensions..js (node:internal/modules/cjs/loader:1427:10)
    at Object.require.extensions.<computed> [as .ts] (/home/ditsdev152/.nvm/versions/node/v20.12.0/lib/node_modules/ts-node/src/index.ts:1621:12)
    at Module.load (node:internal/modules/cjs/loader:1206:32)
    at Function.Module._load (node:internal/modules/cjs/loader:1022:12)
    at Module.require (node:internal/modules/cjs/loader:1231:19) {
  "error": {
    "diagnosticCodes": [
      2552,
      2552
    ]
  },
  "stack": "TSError: тип Unable to compile TypeScript:\n\u001b[96msrc/validations/validation.ts\u001b[0m:\u001b[93m31\u001b[0m:\u001b[93m7\u001b[0m - \u001b[91merror\u001b[0m\u001b[90m TS2552: \u001b[0mCannot find name 'error'. Did you mean 'Error'?\n\n\u001b[7m31\u001b[0m   if (error) {\n\u001b[7m  \u001b[0m \u001b[91m      ~~~~~\u001b[0m\n\n  \u001b[96mnode_modules/typescript/lib/lib.es5.d.ts\u001b[0m:\u001b[93m1087\u001b[0m:\u001b[93m13\u001b[0m\n    \u001b[7m1087\u001b[0m declare var Error: ErrorConstructor;\n    \u001b[7m    \u001b[0m \u001b[96m            ~~~~~\u001b[0m\n    'Error' is declared here.\n\u001b[96msrc/validations/validation.ts\u001b[0m:\u001b[93m32\u001b[0m:\u001b[93m45\u001b[0m - \u001b[91merror\u001b[0m\u001b[90m TS2552: \u001b[0mCannot find name 'error'. Did you mean 'Error'?\n\n\u001b[7m32\u001b[0m     res.status(400).json({ validationError: error.details[0].message });\n\u001b[7m  \u001b[0m \u001b[91m                                            ~~~~~\u001b[0m\n\n  \u001b[96mnode_modules/typescript/lib/lib.es5.d.ts\u001b[0m:\u001b[93m1087\u001b[0m:\u001b[93m13\u001b[0m\n    \u001b[7m1087\u001b[0m declare var Error: ErrorConstructor;\n    \u001b[7m    \u001b[0m \u001b[96m            ~~~~~\u001b[0m\n    'Error' is declared here.\n\n    at createTSError (/home/ditsdev152/.nvm/versions/node/v20.12.0/lib/node_modules/ts-node/src/index.ts:859:12)\n    at reportTSError (/home/ditsdev152/.nvm/versions/node/v20.12.0/lib/node_modules/ts-node/src/index.ts:863:19)\n    at getOutput (/home/ditsdev152/.nvm/versions/node/v20.12.0/lib/node_modules/ts-node/src/index.ts:1077:36)\n    at Object.compile (/home/ditsdev152/.nvm/versions/node/v20.12.0/lib/node_modules/ts-node/src/index.ts:1433:41)\n    at Module.m._compile (/home/ditsdev152/.nvm/versions/node/v20.12.0/lib/node_modules/ts-node/src/index.ts:1617:30)\n    at Module._extensions..js (node:internal/modules/cjs/loader:1427:10)\n    at Object.require.extensions.<computed> [as .ts] (/home/ditsdev152/.nvm/versions/node/v20.12.0/lib/node_modules/ts-node/src/index.ts:1621:12)\n    at Module.load (node:internal/modules/cjs/loader:1206:32)\n    at Function.Module._load (node:internal/modules/cjs/loader:1022:12)\n    at Module.require (node:internal/modules/cjs/loader:1231:19)",
  "exception": true,
  "date": "Thu Apr 25 2024 16:30:43 GMT+0530 (India Standard Time)",
  "process": {
    "pid": 51105,
    "uid": 1000,
    "gid": 1000,
    "cwd": "/home/ditsdev152/Desktop/cab-booking/users",
    "execPath": "/home/ditsdev152/.nvm/versions/node/v20.12.0/bin/node",
    "version": "v20.12.0",
    "argv": [
      "/home/ditsdev152/.nvm/versions/node/v20.12.0/bin/ts-node",
      "/home/ditsdev152/Desktop/cab-booking/users/index.ts"
    ],
    "memoryUsage": {
      "rss": 280236032,
      "heapTotal": 197435392,
      "heapUsed": 171175784,
      "external": 6506812,
      "arrayBuffers": 3631112
    }
  },
  "os": {
    "loadavg": [
      0.97,
      1.15,
      1.78
    ],
    "uptime": 24354.15
  },
  "trace": [
    {
      "column": 12,
      "file": "/home/ditsdev152/.nvm/versions/node/v20.12.0/lib/node_modules/ts-node/src/index.ts",
      "function": "createTSError",
      "line": 859,
      "method": null,
      "native": false
    },
    {
      "column": 19,
      "file": "/home/ditsdev152/.nvm/versions/node/v20.12.0/lib/node_modules/ts-node/src/index.ts",
      "function": "reportTSError",
      "line": 863,
      "method": null,
      "native": false
    },
    {
      "column": 36,
      "file": "/home/ditsdev152/.nvm/versions/node/v20.12.0/lib/node_modules/ts-node/src/index.ts",
      "function": "getOutput",
      "line": 1077,
      "method": null,
      "native": false
    },
    {
      "column": 41,
      "file": "/home/ditsdev152/.nvm/versions/node/v20.12.0/lib/node_modules/ts-node/src/index.ts",
      "function": "Object.compile",
      "line": 1433,
      "method": "compile",
      "native": false
    },
    {
      "column": 30,
      "file": "/home/ditsdev152/.nvm/versions/node/v20.12.0/lib/node_modules/ts-node/src/index.ts",
      "function": "Module.m._compile",
      "line": 1617,
      "method": "_compile",
      "native": false
    },
    {
      "column": 10,
      "file": "node:internal/modules/cjs/loader",
      "function": "Module._extensions..js",
      "line": 1427,
      "method": ".js",
      "native": false
    },
    {
      "column": 12,
      "file": "/home/ditsdev152/.nvm/versions/node/v20.12.0/lib/node_modules/ts-node/src/index.ts",
      "function": "Object.require.extensions.<computed> [as .ts]",
      "line": 1621,
      "method": "ts]",
      "native": false
    },
    {
      "column": 32,
      "file": "node:internal/modules/cjs/loader",
      "function": "Module.load",
      "line": 1206,
      "method": "load",
      "native": false
    },
    {
      "column": 12,
      "file": "node:internal/modules/cjs/loader",
      "function": "Module._load",
      "line": 1022,
      "method": "_load",
      "native": false
    },
    {
      "column": 19,
      "file": "node:internal/modules/cjs/loader",
      "function": "Module.require",
      "line": 1231,
      "method": "require",
      "native": false
    }
  ]
}
2024-04-25 11:01:00 - 6941683a-0731-4bfe-acd5-93a59993b258 - error: uncaughtException: тип Unable to compile TypeScript:
[96msrc/validations/validation.ts[0m:[93m31[0m:[93m7[0m - [91merror[0m[90m TS2552: [0mCannot find name 'error'. Did you mean 'Error'?

[7m31[0m   if (error) {
[7m  [0m [91m      ~~~~~[0m

  [96mnode_modules/typescript/lib/lib.es5.d.ts[0m:[93m1087[0m:[93m13[0m
    [7m1087[0m declare var Error: ErrorConstructor;
    [7m    [0m [96m            ~~~~~[0m
    'Error' is declared here.
[96msrc/validations/validation.ts[0m:[93m32[0m:[93m45[0m - [91merror[0m[90m TS2552: [0mCannot find name 'error'. Did you mean 'Error'?

[7m32[0m     res.status(400).json({ validationError: error.details[0].message });
[7m  [0m [91m                                            ~~~~~[0m

  [96mnode_modules/typescript/lib/lib.es5.d.ts[0m:[93m1087[0m:[93m13[0m
    [7m1087[0m declare var Error: ErrorConstructor;
    [7m    [0m [96m            ~~~~~[0m
    'Error' is declared here.

TSError: тип Unable to compile TypeScript:
[96msrc/validations/validation.ts[0m:[93m31[0m:[93m7[0m - [91merror[0m[90m TS2552: [0mCannot find name 'error'. Did you mean 'Error'?

[7m31[0m   if (error) {
[7m  [0m [91m      ~~~~~[0m

  [96mnode_modules/typescript/lib/lib.es5.d.ts[0m:[93m1087[0m:[93m13[0m
    [7m1087[0m declare var Error: ErrorConstructor;
    [7m    [0m [96m            ~~~~~[0m
    'Error' is declared here.
[96msrc/validations/validation.ts[0m:[93m32[0m:[93m45[0m - [91merror[0m[90m TS2552: [0mCannot find name 'error'. Did you mean 'Error'?

[7m32[0m     res.status(400).json({ validationError: error.details[0].message });
[7m  [0m [91m                                            ~~~~~[0m

  [96mnode_modules/typescript/lib/lib.es5.d.ts[0m:[93m1087[0m:[93m13[0m
    [7m1087[0m declare var Error: ErrorConstructor;
    [7m    [0m [96m            ~~~~~[0m
    'Error' is declared here.

    at createTSError (/home/ditsdev152/.nvm/versions/node/v20.12.0/lib/node_modules/ts-node/src/index.ts:859:12)
    at reportTSError (/home/ditsdev152/.nvm/versions/node/v20.12.0/lib/node_modules/ts-node/src/index.ts:863:19)
    at getOutput (/home/ditsdev152/.nvm/versions/node/v20.12.0/lib/node_modules/ts-node/src/index.ts:1077:36)
    at Object.compile (/home/ditsdev152/.nvm/versions/node/v20.12.0/lib/node_modules/ts-node/src/index.ts:1433:41)
    at Module.m._compile (/home/ditsdev152/.nvm/versions/node/v20.12.0/lib/node_modules/ts-node/src/index.ts:1617:30)
    at Module._extensions..js (node:internal/modules/cjs/loader:1427:10)
    at Object.require.extensions.<computed> [as .ts] (/home/ditsdev152/.nvm/versions/node/v20.12.0/lib/node_modules/ts-node/src/index.ts:1621:12)
    at Module.load (node:internal/modules/cjs/loader:1206:32)
    at Function.Module._load (node:internal/modules/cjs/loader:1022:12)
    at Module.require (node:internal/modules/cjs/loader:1231:19) {
  "error": {
    "diagnosticCodes": [
      2552,
      2552
    ]
  },
  "stack": "TSError: тип Unable to compile TypeScript:\n\u001b[96msrc/validations/validation.ts\u001b[0m:\u001b[93m31\u001b[0m:\u001b[93m7\u001b[0m - \u001b[91merror\u001b[0m\u001b[90m TS2552: \u001b[0mCannot find name 'error'. Did you mean 'Error'?\n\n\u001b[7m31\u001b[0m   if (error) {\n\u001b[7m  \u001b[0m \u001b[91m      ~~~~~\u001b[0m\n\n  \u001b[96mnode_modules/typescript/lib/lib.es5.d.ts\u001b[0m:\u001b[93m1087\u001b[0m:\u001b[93m13\u001b[0m\n    \u001b[7m1087\u001b[0m declare var Error: ErrorConstructor;\n    \u001b[7m    \u001b[0m \u001b[96m            ~~~~~\u001b[0m\n    'Error' is declared here.\n\u001b[96msrc/validations/validation.ts\u001b[0m:\u001b[93m32\u001b[0m:\u001b[93m45\u001b[0m - \u001b[91merror\u001b[0m\u001b[90m TS2552: \u001b[0mCannot find name 'error'. Did you mean 'Error'?\n\n\u001b[7m32\u001b[0m     res.status(400).json({ validationError: error.details[0].message });\n\u001b[7m  \u001b[0m \u001b[91m                                            ~~~~~\u001b[0m\n\n  \u001b[96mnode_modules/typescript/lib/lib.es5.d.ts\u001b[0m:\u001b[93m1087\u001b[0m:\u001b[93m13\u001b[0m\n    \u001b[7m1087\u001b[0m declare var Error: ErrorConstructor;\n    \u001b[7m    \u001b[0m \u001b[96m            ~~~~~\u001b[0m\n    'Error' is declared here.\n\n    at createTSError (/home/ditsdev152/.nvm/versions/node/v20.12.0/lib/node_modules/ts-node/src/index.ts:859:12)\n    at reportTSError (/home/ditsdev152/.nvm/versions/node/v20.12.0/lib/node_modules/ts-node/src/index.ts:863:19)\n    at getOutput (/home/ditsdev152/.nvm/versions/node/v20.12.0/lib/node_modules/ts-node/src/index.ts:1077:36)\n    at Object.compile (/home/ditsdev152/.nvm/versions/node/v20.12.0/lib/node_modules/ts-node/src/index.ts:1433:41)\n    at Module.m._compile (/home/ditsdev152/.nvm/versions/node/v20.12.0/lib/node_modules/ts-node/src/index.ts:1617:30)\n    at Module._extensions..js (node:internal/modules/cjs/loader:1427:10)\n    at Object.require.extensions.<computed> [as .ts] (/home/ditsdev152/.nvm/versions/node/v20.12.0/lib/node_modules/ts-node/src/index.ts:1621:12)\n    at Module.load (node:internal/modules/cjs/loader:1206:32)\n    at Function.Module._load (node:internal/modules/cjs/loader:1022:12)\n    at Module.require (node:internal/modules/cjs/loader:1231:19)",
  "exception": true,
  "date": "Thu Apr 25 2024 16:31:00 GMT+0530 (India Standard Time)",
  "process": {
    "pid": 51439,
    "uid": 1000,
    "gid": 1000,
    "cwd": "/home/ditsdev152/Desktop/cab-booking/users",
    "execPath": "/home/ditsdev152/.nvm/versions/node/v20.12.0/bin/node",
    "version": "v20.12.0",
    "argv": [
      "/home/ditsdev152/.nvm/versions/node/v20.12.0/bin/ts-node",
      "/home/ditsdev152/Desktop/cab-booking/users/index.ts"
    ],
    "memoryUsage": {
      "rss": 276811776,
      "heapTotal": 194027520,
      "heapUsed": 169968384,
      "external": 6506843,
      "arrayBuffers": 3631143
    }
  },
  "os": {
    "loadavg": [
      1.54,
      1.26,
      1.8
    ],
    "uptime": 24370.87
  },
  "trace": [
    {
      "column": 12,
      "file": "/home/ditsdev152/.nvm/versions/node/v20.12.0/lib/node_modules/ts-node/src/index.ts",
      "function": "createTSError",
      "line": 859,
      "method": null,
      "native": false
    },
    {
      "column": 19,
      "file": "/home/ditsdev152/.nvm/versions/node/v20.12.0/lib/node_modules/ts-node/src/index.ts",
      "function": "reportTSError",
      "line": 863,
      "method": null,
      "native": false
    },
    {
      "column": 36,
      "file": "/home/ditsdev152/.nvm/versions/node/v20.12.0/lib/node_modules/ts-node/src/index.ts",
      "function": "getOutput",
      "line": 1077,
      "method": null,
      "native": false
    },
    {
      "column": 41,
      "file": "/home/ditsdev152/.nvm/versions/node/v20.12.0/lib/node_modules/ts-node/src/index.ts",
      "function": "Object.compile",
      "line": 1433,
      "method": "compile",
      "native": false
    },
    {
      "column": 30,
      "file": "/home/ditsdev152/.nvm/versions/node/v20.12.0/lib/node_modules/ts-node/src/index.ts",
      "function": "Module.m._compile",
      "line": 1617,
      "method": "_compile",
      "native": false
    },
    {
      "column": 10,
      "file": "node:internal/modules/cjs/loader",
      "function": "Module._extensions..js",
      "line": 1427,
      "method": ".js",
      "native": false
    },
    {
      "column": 12,
      "file": "/home/ditsdev152/.nvm/versions/node/v20.12.0/lib/node_modules/ts-node/src/index.ts",
      "function": "Object.require.extensions.<computed> [as .ts]",
      "line": 1621,
      "method": "ts]",
      "native": false
    },
    {
      "column": 32,
      "file": "node:internal/modules/cjs/loader",
      "function": "Module.load",
      "line": 1206,
      "method": "load",
      "native": false
    },
    {
      "column": 12,
      "file": "node:internal/modules/cjs/loader",
      "function": "Module._load",
      "line": 1022,
      "method": "_load",
      "native": false
    },
    {
      "column": 19,
      "file": "node:internal/modules/cjs/loader",
      "function": "Module.require",
      "line": 1231,
      "method": "require",
      "native": false
    }
  ]
}
2024-04-25 11:01:23 - 63a351c7-979c-4e97-91f0-b7f1d7c0d1c0 - error: uncaughtException: тип Unable to compile TypeScript:
[96msrc/validations/validation.ts[0m:[93m31[0m:[93m7[0m - [91merror[0m[90m TS2552: [0mCannot find name 'error'. Did you mean 'Error'?

[7m31[0m   if (error) {
[7m  [0m [91m      ~~~~~[0m

  [96mnode_modules/typescript/lib/lib.es5.d.ts[0m:[93m1087[0m:[93m13[0m
    [7m1087[0m declare var Error: ErrorConstructor;
    [7m    [0m [96m            ~~~~~[0m
    'Error' is declared here.
[96msrc/validations/validation.ts[0m:[93m32[0m:[93m45[0m - [91merror[0m[90m TS2552: [0mCannot find name 'error'. Did you mean 'Error'?

[7m32[0m     res.status(400).json({ validationError: error.details[0].message });
[7m  [0m [91m                                            ~~~~~[0m

  [96mnode_modules/typescript/lib/lib.es5.d.ts[0m:[93m1087[0m:[93m13[0m
    [7m1087[0m declare var Error: ErrorConstructor;
    [7m    [0m [96m            ~~~~~[0m
    'Error' is declared here.

TSError: тип Unable to compile TypeScript:
[96msrc/validations/validation.ts[0m:[93m31[0m:[93m7[0m - [91merror[0m[90m TS2552: [0mCannot find name 'error'. Did you mean 'Error'?

[7m31[0m   if (error) {
[7m  [0m [91m      ~~~~~[0m

  [96mnode_modules/typescript/lib/lib.es5.d.ts[0m:[93m1087[0m:[93m13[0m
    [7m1087[0m declare var Error: ErrorConstructor;
    [7m    [0m [96m            ~~~~~[0m
    'Error' is declared here.
[96msrc/validations/validation.ts[0m:[93m32[0m:[93m45[0m - [91merror[0m[90m TS2552: [0mCannot find name 'error'. Did you mean 'Error'?

[7m32[0m     res.status(400).json({ validationError: error.details[0].message });
[7m  [0m [91m                                            ~~~~~[0m

  [96mnode_modules/typescript/lib/lib.es5.d.ts[0m:[93m1087[0m:[93m13[0m
    [7m1087[0m declare var Error: ErrorConstructor;
    [7m    [0m [96m            ~~~~~[0m
    'Error' is declared here.

    at createTSError (/home/ditsdev152/.nvm/versions/node/v20.12.0/lib/node_modules/ts-node/src/index.ts:859:12)
    at reportTSError (/home/ditsdev152/.nvm/versions/node/v20.12.0/lib/node_modules/ts-node/src/index.ts:863:19)
    at getOutput (/home/ditsdev152/.nvm/versions/node/v20.12.0/lib/node_modules/ts-node/src/index.ts:1077:36)
    at Object.compile (/home/ditsdev152/.nvm/versions/node/v20.12.0/lib/node_modules/ts-node/src/index.ts:1433:41)
    at Module.m._compile (/home/ditsdev152/.nvm/versions/node/v20.12.0/lib/node_modules/ts-node/src/index.ts:1617:30)
    at Module._extensions..js (node:internal/modules/cjs/loader:1427:10)
    at Object.require.extensions.<computed> [as .ts] (/home/ditsdev152/.nvm/versions/node/v20.12.0/lib/node_modules/ts-node/src/index.ts:1621:12)
    at Module.load (node:internal/modules/cjs/loader:1206:32)
    at Function.Module._load (node:internal/modules/cjs/loader:1022:12)
    at Module.require (node:internal/modules/cjs/loader:1231:19) {
  "error": {
    "diagnosticCodes": [
      2552,
      2552
    ]
  },
  "stack": "TSError: тип Unable to compile TypeScript:\n\u001b[96msrc/validations/validation.ts\u001b[0m:\u001b[93m31\u001b[0m:\u001b[93m7\u001b[0m - \u001b[91merror\u001b[0m\u001b[90m TS2552: \u001b[0mCannot find name 'error'. Did you mean 'Error'?\n\n\u001b[7m31\u001b[0m   if (error) {\n\u001b[7m  \u001b[0m \u001b[91m      ~~~~~\u001b[0m\n\n  \u001b[96mnode_modules/typescript/lib/lib.es5.d.ts\u001b[0m:\u001b[93m1087\u001b[0m:\u001b[93m13\u001b[0m\n    \u001b[7m1087\u001b[0m declare var Error: ErrorConstructor;\n    \u001b[7m    \u001b[0m \u001b[96m            ~~~~~\u001b[0m\n    'Error' is declared here.\n\u001b[96msrc/validations/validation.ts\u001b[0m:\u001b[93m32\u001b[0m:\u001b[93m45\u001b[0m - \u001b[91merror\u001b[0m\u001b[90m TS2552: \u001b[0mCannot find name 'error'. Did you mean 'Error'?\n\n\u001b[7m32\u001b[0m     res.status(400).json({ validationError: error.details[0].message });\n\u001b[7m  \u001b[0m \u001b[91m                                            ~~~~~\u001b[0m\n\n  \u001b[96mnode_modules/typescript/lib/lib.es5.d.ts\u001b[0m:\u001b[93m1087\u001b[0m:\u001b[93m13\u001b[0m\n    \u001b[7m1087\u001b[0m declare var Error: ErrorConstructor;\n    \u001b[7m    \u001b[0m \u001b[96m            ~~~~~\u001b[0m\n    'Error' is declared here.\n\n    at createTSError (/home/ditsdev152/.nvm/versions/node/v20.12.0/lib/node_modules/ts-node/src/index.ts:859:12)\n    at reportTSError (/home/ditsdev152/.nvm/versions/node/v20.12.0/lib/node_modules/ts-node/src/index.ts:863:19)\n    at getOutput (/home/ditsdev152/.nvm/versions/node/v20.12.0/lib/node_modules/ts-node/src/index.ts:1077:36)\n    at Object.compile (/home/ditsdev152/.nvm/versions/node/v20.12.0/lib/node_modules/ts-node/src/index.ts:1433:41)\n    at Module.m._compile (/home/ditsdev152/.nvm/versions/node/v20.12.0/lib/node_modules/ts-node/src/index.ts:1617:30)\n    at Module._extensions..js (node:internal/modules/cjs/loader:1427:10)\n    at Object.require.extensions.<computed> [as .ts] (/home/ditsdev152/.nvm/versions/node/v20.12.0/lib/node_modules/ts-node/src/index.ts:1621:12)\n    at Module.load (node:internal/modules/cjs/loader:1206:32)\n    at Function.Module._load (node:internal/modules/cjs/loader:1022:12)\n    at Module.require (node:internal/modules/cjs/loader:1231:19)",
  "exception": true,
  "date": "Thu Apr 25 2024 16:31:23 GMT+0530 (India Standard Time)",
  "process": {
    "pid": 51821,
    "uid": 1000,
    "gid": 1000,
    "cwd": "/home/ditsdev152/Desktop/cab-booking/users",
    "execPath": "/home/ditsdev152/.nvm/versions/node/v20.12.0/bin/node",
    "version": "v20.12.0",
    "argv": [
      "/home/ditsdev152/.nvm/versions/node/v20.12.0/bin/ts-node",
      "/home/ditsdev152/Desktop/cab-booking/users/index.ts"
    ],
    "memoryUsage": {
      "rss": 277127168,
      "heapTotal": 194027520,
      "heapUsed": 172138448,
      "external": 6506812,
      "arrayBuffers": 3631112
    }
  },
  "os": {
    "loadavg": [
      2.11,
      1.39,
      1.83
    ],
    "uptime": 24394.44
  },
  "trace": [
    {
      "column": 12,
      "file": "/home/ditsdev152/.nvm/versions/node/v20.12.0/lib/node_modules/ts-node/src/index.ts",
      "function": "createTSError",
      "line": 859,
      "method": null,
      "native": false
    },
    {
      "column": 19,
      "file": "/home/ditsdev152/.nvm/versions/node/v20.12.0/lib/node_modules/ts-node/src/index.ts",
      "function": "reportTSError",
      "line": 863,
      "method": null,
      "native": false
    },
    {
      "column": 36,
      "file": "/home/ditsdev152/.nvm/versions/node/v20.12.0/lib/node_modules/ts-node/src/index.ts",
      "function": "getOutput",
      "line": 1077,
      "method": null,
      "native": false
    },
    {
      "column": 41,
      "file": "/home/ditsdev152/.nvm/versions/node/v20.12.0/lib/node_modules/ts-node/src/index.ts",
      "function": "Object.compile",
      "line": 1433,
      "method": "compile",
      "native": false
    },
    {
      "column": 30,
      "file": "/home/ditsdev152/.nvm/versions/node/v20.12.0/lib/node_modules/ts-node/src/index.ts",
      "function": "Module.m._compile",
      "line": 1617,
      "method": "_compile",
      "native": false
    },
    {
      "column": 10,
      "file": "node:internal/modules/cjs/loader",
      "function": "Module._extensions..js",
      "line": 1427,
      "method": ".js",
      "native": false
    },
    {
      "column": 12,
      "file": "/home/ditsdev152/.nvm/versions/node/v20.12.0/lib/node_modules/ts-node/src/index.ts",
      "function": "Object.require.extensions.<computed> [as .ts]",
      "line": 1621,
      "method": "ts]",
      "native": false
    },
    {
      "column": 32,
      "file": "node:internal/modules/cjs/loader",
      "function": "Module.load",
      "line": 1206,
      "method": "load",
      "native": false
    },
    {
      "column": 12,
      "file": "node:internal/modules/cjs/loader",
      "function": "Module._load",
      "line": 1022,
      "method": "_load",
      "native": false
    },
    {
      "column": 19,
      "file": "node:internal/modules/cjs/loader",
      "function": "Module.require",
      "line": 1231,
      "method": "require",
      "native": false
    }
  ]
}
2024-04-25 11:01:36 - fd3d4be2-e1c5-4bd3-ab63-bccb8c8b3cf5 - error: uncaughtException: тип Unable to compile TypeScript:
[96msrc/validations/validation.ts[0m:[93m31[0m:[93m7[0m - [91merror[0m[90m TS2552: [0mCannot find name 'error'. Did you mean 'Error'?

[7m31[0m   if (error) {
[7m  [0m [91m      ~~~~~[0m

  [96mnode_modules/typescript/lib/lib.es5.d.ts[0m:[93m1087[0m:[93m13[0m
    [7m1087[0m declare var Error: ErrorConstructor;
    [7m    [0m [96m            ~~~~~[0m
    'Error' is declared here.
[96msrc/validations/validation.ts[0m:[93m32[0m:[93m45[0m - [91merror[0m[90m TS2552: [0mCannot find name 'error'. Did you mean 'Error'?

[7m32[0m     res.status(400).json({ validationError: error.details[0].message });
[7m  [0m [91m                                            ~~~~~[0m

  [96mnode_modules/typescript/lib/lib.es5.d.ts[0m:[93m1087[0m:[93m13[0m
    [7m1087[0m declare var Error: ErrorConstructor;
    [7m    [0m [96m            ~~~~~[0m
    'Error' is declared here.

TSError: тип Unable to compile TypeScript:
[96msrc/validations/validation.ts[0m:[93m31[0m:[93m7[0m - [91merror[0m[90m TS2552: [0mCannot find name 'error'. Did you mean 'Error'?

[7m31[0m   if (error) {
[7m  [0m [91m      ~~~~~[0m

  [96mnode_modules/typescript/lib/lib.es5.d.ts[0m:[93m1087[0m:[93m13[0m
    [7m1087[0m declare var Error: ErrorConstructor;
    [7m    [0m [96m            ~~~~~[0m
    'Error' is declared here.
[96msrc/validations/validation.ts[0m:[93m32[0m:[93m45[0m - [91merror[0m[90m TS2552: [0mCannot find name 'error'. Did you mean 'Error'?

[7m32[0m     res.status(400).json({ validationError: error.details[0].message });
[7m  [0m [91m                                            ~~~~~[0m

  [96mnode_modules/typescript/lib/lib.es5.d.ts[0m:[93m1087[0m:[93m13[0m
    [7m1087[0m declare var Error: ErrorConstructor;
    [7m    [0m [96m            ~~~~~[0m
    'Error' is declared here.

    at createTSError (/home/ditsdev152/.nvm/versions/node/v20.12.0/lib/node_modules/ts-node/src/index.ts:859:12)
    at reportTSError (/home/ditsdev152/.nvm/versions/node/v20.12.0/lib/node_modules/ts-node/src/index.ts:863:19)
    at getOutput (/home/ditsdev152/.nvm/versions/node/v20.12.0/lib/node_modules/ts-node/src/index.ts:1077:36)
    at Object.compile (/home/ditsdev152/.nvm/versions/node/v20.12.0/lib/node_modules/ts-node/src/index.ts:1433:41)
    at Module.m._compile (/home/ditsdev152/.nvm/versions/node/v20.12.0/lib/node_modules/ts-node/src/index.ts:1617:30)
    at Module._extensions..js (node:internal/modules/cjs/loader:1427:10)
    at Object.require.extensions.<computed> [as .ts] (/home/ditsdev152/.nvm/versions/node/v20.12.0/lib/node_modules/ts-node/src/index.ts:1621:12)
    at Module.load (node:internal/modules/cjs/loader:1206:32)
    at Function.Module._load (node:internal/modules/cjs/loader:1022:12)
    at Module.require (node:internal/modules/cjs/loader:1231:19) {
  "error": {
    "diagnosticCodes": [
      2552,
      2552
    ]
  },
  "stack": "TSError: тип Unable to compile TypeScript:\n\u001b[96msrc/validations/validation.ts\u001b[0m:\u001b[93m31\u001b[0m:\u001b[93m7\u001b[0m - \u001b[91merror\u001b[0m\u001b[90m TS2552: \u001b[0mCannot find name 'error'. Did you mean 'Error'?\n\n\u001b[7m31\u001b[0m   if (error) {\n\u001b[7m  \u001b[0m \u001b[91m      ~~~~~\u001b[0m\n\n  \u001b[96mnode_modules/typescript/lib/lib.es5.d.ts\u001b[0m:\u001b[93m1087\u001b[0m:\u001b[93m13\u001b[0m\n    \u001b[7m1087\u001b[0m declare var Error: ErrorConstructor;\n    \u001b[7m    \u001b[0m \u001b[96m            ~~~~~\u001b[0m\n    'Error' is declared here.\n\u001b[96msrc/validations/validation.ts\u001b[0m:\u001b[93m32\u001b[0m:\u001b[93m45\u001b[0m - \u001b[91merror\u001b[0m\u001b[90m TS2552: \u001b[0mCannot find name 'error'. Did you mean 'Error'?\n\n\u001b[7m32\u001b[0m     res.status(400).json({ validationError: error.details[0].message });\n\u001b[7m  \u001b[0m \u001b[91m                                            ~~~~~\u001b[0m\n\n  \u001b[96mnode_modules/typescript/lib/lib.es5.d.ts\u001b[0m:\u001b[93m1087\u001b[0m:\u001b[93m13\u001b[0m\n    \u001b[7m1087\u001b[0m declare var Error: ErrorConstructor;\n    \u001b[7m    \u001b[0m \u001b[96m            ~~~~~\u001b[0m\n    'Error' is declared here.\n\n    at createTSError (/home/ditsdev152/.nvm/versions/node/v20.12.0/lib/node_modules/ts-node/src/index.ts:859:12)\n    at reportTSError (/home/ditsdev152/.nvm/versions/node/v20.12.0/lib/node_modules/ts-node/src/index.ts:863:19)\n    at getOutput (/home/ditsdev152/.nvm/versions/node/v20.12.0/lib/node_modules/ts-node/src/index.ts:1077:36)\n    at Object.compile (/home/ditsdev152/.nvm/versions/node/v20.12.0/lib/node_modules/ts-node/src/index.ts:1433:41)\n    at Module.m._compile (/home/ditsdev152/.nvm/versions/node/v20.12.0/lib/node_modules/ts-node/src/index.ts:1617:30)\n    at Module._extensions..js (node:internal/modules/cjs/loader:1427:10)\n    at Object.require.extensions.<computed> [as .ts] (/home/ditsdev152/.nvm/versions/node/v20.12.0/lib/node_modules/ts-node/src/index.ts:1621:12)\n    at Module.load (node:internal/modules/cjs/loader:1206:32)\n    at Function.Module._load (node:internal/modules/cjs/loader:1022:12)\n    at Module.require (node:internal/modules/cjs/loader:1231:19)",
  "exception": true,
  "date": "Thu Apr 25 2024 16:31:36 GMT+0530 (India Standard Time)",
  "process": {
    "pid": 52079,
    "uid": 1000,
    "gid": 1000,
    "cwd": "/home/ditsdev152/Desktop/cab-booking/users",
    "execPath": "/home/ditsdev152/.nvm/versions/node/v20.12.0/bin/node",
    "version": "v20.12.0",
    "argv": [
      "/home/ditsdev152/.nvm/versions/node/v20.12.0/bin/ts-node",
      "/home/ditsdev152/Desktop/cab-booking/users/index.ts"
    ],
    "memoryUsage": {
      "rss": 278835200,
      "heapTotal": 196124672,
      "heapUsed": 168852096,
      "external": 6506819,
      "arrayBuffers": 3631119
    }
  },
  "os": {
    "loadavg": [
      2.02,
      1.4,
      1.83
    ],
    "uptime": 24407.26
  },
  "trace": [
    {
      "column": 12,
      "file": "/home/ditsdev152/.nvm/versions/node/v20.12.0/lib/node_modules/ts-node/src/index.ts",
      "function": "createTSError",
      "line": 859,
      "method": null,
      "native": false
    },
    {
      "column": 19,
      "file": "/home/ditsdev152/.nvm/versions/node/v20.12.0/lib/node_modules/ts-node/src/index.ts",
      "function": "reportTSError",
      "line": 863,
      "method": null,
      "native": false
    },
    {
      "column": 36,
      "file": "/home/ditsdev152/.nvm/versions/node/v20.12.0/lib/node_modules/ts-node/src/index.ts",
      "function": "getOutput",
      "line": 1077,
      "method": null,
      "native": false
    },
    {
      "column": 41,
      "file": "/home/ditsdev152/.nvm/versions/node/v20.12.0/lib/node_modules/ts-node/src/index.ts",
      "function": "Object.compile",
      "line": 1433,
      "method": "compile",
      "native": false
    },
    {
      "column": 30,
      "file": "/home/ditsdev152/.nvm/versions/node/v20.12.0/lib/node_modules/ts-node/src/index.ts",
      "function": "Module.m._compile",
      "line": 1617,
      "method": "_compile",
      "native": false
    },
    {
      "column": 10,
      "file": "node:internal/modules/cjs/loader",
      "function": "Module._extensions..js",
      "line": 1427,
      "method": ".js",
      "native": false
    },
    {
      "column": 12,
      "file": "/home/ditsdev152/.nvm/versions/node/v20.12.0/lib/node_modules/ts-node/src/index.ts",
      "function": "Object.require.extensions.<computed> [as .ts]",
      "line": 1621,
      "method": "ts]",
      "native": false
    },
    {
      "column": 32,
      "file": "node:internal/modules/cjs/loader",
      "function": "Module.load",
      "line": 1206,
      "method": "load",
      "native": false
    },
    {
      "column": 12,
      "file": "node:internal/modules/cjs/loader",
      "function": "Module._load",
      "line": 1022,
      "method": "_load",
      "native": false
    },
    {
      "column": 19,
      "file": "node:internal/modules/cjs/loader",
      "function": "Module.require",
      "line": 1231,
      "method": "require",
      "native": false
    }
  ]
}
2024-04-25 11:01:52 - 568382dc-ad59-4512-8b93-1eefca4e6c1a - error: uncaughtException: тип Unable to compile TypeScript:
[96msrc/validations/validation.ts[0m:[93m31[0m:[93m7[0m - [91merror[0m[90m TS2552: [0mCannot find name 'error'. Did you mean 'Error'?

[7m31[0m   if (error) {
[7m  [0m [91m      ~~~~~[0m

  [96mnode_modules/typescript/lib/lib.es5.d.ts[0m:[93m1087[0m:[93m13[0m
    [7m1087[0m declare var Error: ErrorConstructor;
    [7m    [0m [96m            ~~~~~[0m
    'Error' is declared here.
[96msrc/validations/validation.ts[0m:[93m32[0m:[93m45[0m - [91merror[0m[90m TS2552: [0mCannot find name 'error'. Did you mean 'Error'?

[7m32[0m     res.status(400).json({ validationError: error.details[0].message });
[7m  [0m [91m                                            ~~~~~[0m

  [96mnode_modules/typescript/lib/lib.es5.d.ts[0m:[93m1087[0m:[93m13[0m
    [7m1087[0m declare var Error: ErrorConstructor;
    [7m    [0m [96m            ~~~~~[0m
    'Error' is declared here.

TSError: тип Unable to compile TypeScript:
[96msrc/validations/validation.ts[0m:[93m31[0m:[93m7[0m - [91merror[0m[90m TS2552: [0mCannot find name 'error'. Did you mean 'Error'?

[7m31[0m   if (error) {
[7m  [0m [91m      ~~~~~[0m

  [96mnode_modules/typescript/lib/lib.es5.d.ts[0m:[93m1087[0m:[93m13[0m
    [7m1087[0m declare var Error: ErrorConstructor;
    [7m    [0m [96m            ~~~~~[0m
    'Error' is declared here.
[96msrc/validations/validation.ts[0m:[93m32[0m:[93m45[0m - [91merror[0m[90m TS2552: [0mCannot find name 'error'. Did you mean 'Error'?

[7m32[0m     res.status(400).json({ validationError: error.details[0].message });
[7m  [0m [91m                                            ~~~~~[0m

  [96mnode_modules/typescript/lib/lib.es5.d.ts[0m:[93m1087[0m:[93m13[0m
    [7m1087[0m declare var Error: ErrorConstructor;
    [7m    [0m [96m            ~~~~~[0m
    'Error' is declared here.

    at createTSError (/home/ditsdev152/.nvm/versions/node/v20.12.0/lib/node_modules/ts-node/src/index.ts:859:12)
    at reportTSError (/home/ditsdev152/.nvm/versions/node/v20.12.0/lib/node_modules/ts-node/src/index.ts:863:19)
    at getOutput (/home/ditsdev152/.nvm/versions/node/v20.12.0/lib/node_modules/ts-node/src/index.ts:1077:36)
    at Object.compile (/home/ditsdev152/.nvm/versions/node/v20.12.0/lib/node_modules/ts-node/src/index.ts:1433:41)
    at Module.m._compile (/home/ditsdev152/.nvm/versions/node/v20.12.0/lib/node_modules/ts-node/src/index.ts:1617:30)
    at Module._extensions..js (node:internal/modules/cjs/loader:1427:10)
    at Object.require.extensions.<computed> [as .ts] (/home/ditsdev152/.nvm/versions/node/v20.12.0/lib/node_modules/ts-node/src/index.ts:1621:12)
    at Module.load (node:internal/modules/cjs/loader:1206:32)
    at Function.Module._load (node:internal/modules/cjs/loader:1022:12)
    at Module.require (node:internal/modules/cjs/loader:1231:19) {
  "error": {
    "diagnosticCodes": [
      2552,
      2552
    ]
  },
  "stack": "TSError: тип Unable to compile TypeScript:\n\u001b[96msrc/validations/validation.ts\u001b[0m:\u001b[93m31\u001b[0m:\u001b[93m7\u001b[0m - \u001b[91merror\u001b[0m\u001b[90m TS2552: \u001b[0mCannot find name 'error'. Did you mean 'Error'?\n\n\u001b[7m31\u001b[0m   if (error) {\n\u001b[7m  \u001b[0m \u001b[91m      ~~~~~\u001b[0m\n\n  \u001b[96mnode_modules/typescript/lib/lib.es5.d.ts\u001b[0m:\u001b[93m1087\u001b[0m:\u001b[93m13\u001b[0m\n    \u001b[7m1087\u001b[0m declare var Error: ErrorConstructor;\n    \u001b[7m    \u001b[0m \u001b[96m            ~~~~~\u001b[0m\n    'Error' is declared here.\n\u001b[96msrc/validations/validation.ts\u001b[0m:\u001b[93m32\u001b[0m:\u001b[93m45\u001b[0m - \u001b[91merror\u001b[0m\u001b[90m TS2552: \u001b[0mCannot find name 'error'. Did you mean 'Error'?\n\n\u001b[7m32\u001b[0m     res.status(400).json({ validationError: error.details[0].message });\n\u001b[7m  \u001b[0m \u001b[91m                                            ~~~~~\u001b[0m\n\n  \u001b[96mnode_modules/typescript/lib/lib.es5.d.ts\u001b[0m:\u001b[93m1087\u001b[0m:\u001b[93m13\u001b[0m\n    \u001b[7m1087\u001b[0m declare var Error: ErrorConstructor;\n    \u001b[7m    \u001b[0m \u001b[96m            ~~~~~\u001b[0m\n    'Error' is declared here.\n\n    at createTSError (/home/ditsdev152/.nvm/versions/node/v20.12.0/lib/node_modules/ts-node/src/index.ts:859:12)\n    at reportTSError (/home/ditsdev152/.nvm/versions/node/v20.12.0/lib/node_modules/ts-node/src/index.ts:863:19)\n    at getOutput (/home/ditsdev152/.nvm/versions/node/v20.12.0/lib/node_modules/ts-node/src/index.ts:1077:36)\n    at Object.compile (/home/ditsdev152/.nvm/versions/node/v20.12.0/lib/node_modules/ts-node/src/index.ts:1433:41)\n    at Module.m._compile (/home/ditsdev152/.nvm/versions/node/v20.12.0/lib/node_modules/ts-node/src/index.ts:1617:30)\n    at Module._extensions..js (node:internal/modules/cjs/loader:1427:10)\n    at Object.require.extensions.<computed> [as .ts] (/home/ditsdev152/.nvm/versions/node/v20.12.0/lib/node_modules/ts-node/src/index.ts:1621:12)\n    at Module.load (node:internal/modules/cjs/loader:1206:32)\n    at Function.Module._load (node:internal/modules/cjs/loader:1022:12)\n    at Module.require (node:internal/modules/cjs/loader:1231:19)",
  "exception": true,
  "date": "Thu Apr 25 2024 16:31:52 GMT+0530 (India Standard Time)",
  "process": {
    "pid": 52338,
    "uid": 1000,
    "gid": 1000,
    "cwd": "/home/ditsdev152/Desktop/cab-booking/users",
    "execPath": "/home/ditsdev152/.nvm/versions/node/v20.12.0/bin/node",
    "version": "v20.12.0",
    "argv": [
      "/home/ditsdev152/.nvm/versions/node/v20.12.0/bin/ts-node",
      "/home/ditsdev152/Desktop/cab-booking/users/index.ts"
    ],
    "memoryUsage": {
      "rss": 276848640,
      "heapTotal": 194813952,
      "heapUsed": 172169584,
      "external": 6506922,
      "arrayBuffers": 3631222
    }
  },
  "os": {
    "loadavg": [
      2.37,
      1.5,
      1.86
    ],
    "uptime": 24422.51
  },
  "trace": [
    {
      "column": 12,
      "file": "/home/ditsdev152/.nvm/versions/node/v20.12.0/lib/node_modules/ts-node/src/index.ts",
      "function": "createTSError",
      "line": 859,
      "method": null,
      "native": false
    },
    {
      "column": 19,
      "file": "/home/ditsdev152/.nvm/versions/node/v20.12.0/lib/node_modules/ts-node/src/index.ts",
      "function": "reportTSError",
      "line": 863,
      "method": null,
      "native": false
    },
    {
      "column": 36,
      "file": "/home/ditsdev152/.nvm/versions/node/v20.12.0/lib/node_modules/ts-node/src/index.ts",
      "function": "getOutput",
      "line": 1077,
      "method": null,
      "native": false
    },
    {
      "column": 41,
      "file": "/home/ditsdev152/.nvm/versions/node/v20.12.0/lib/node_modules/ts-node/src/index.ts",
      "function": "Object.compile",
      "line": 1433,
      "method": "compile",
      "native": false
    },
    {
      "column": 30,
      "file": "/home/ditsdev152/.nvm/versions/node/v20.12.0/lib/node_modules/ts-node/src/index.ts",
      "function": "Module.m._compile",
      "line": 1617,
      "method": "_compile",
      "native": false
    },
    {
      "column": 10,
      "file": "node:internal/modules/cjs/loader",
      "function": "Module._extensions..js",
      "line": 1427,
      "method": ".js",
      "native": false
    },
    {
      "column": 12,
      "file": "/home/ditsdev152/.nvm/versions/node/v20.12.0/lib/node_modules/ts-node/src/index.ts",
      "function": "Object.require.extensions.<computed> [as .ts]",
      "line": 1621,
      "method": "ts]",
      "native": false
    },
    {
      "column": 32,
      "file": "node:internal/modules/cjs/loader",
      "function": "Module.load",
      "line": 1206,
      "method": "load",
      "native": false
    },
    {
      "column": 12,
      "file": "node:internal/modules/cjs/loader",
      "function": "Module._load",
      "line": 1022,
      "method": "_load",
      "native": false
    },
    {
      "column": 19,
      "file": "node:internal/modules/cjs/loader",
      "function": "Module.require",
      "line": 1231,
      "method": "require",
      "native": false
    }
  ]
}
2024-04-25 11:05:43 - 3e5d88e9-abb9-4a4d-9ec7-b3b95255c379 - error: uncaughtException: тип Unable to compile TypeScript:
[96msrc/validations/validation.ts[0m:[93m31[0m:[93m7[0m - [91merror[0m[90m TS2552: [0mCannot find name 'error'. Did you mean 'Error'?

[7m31[0m   if (error) {
[7m  [0m [91m      ~~~~~[0m

  [96mnode_modules/typescript/lib/lib.es5.d.ts[0m:[93m1087[0m:[93m13[0m
    [7m1087[0m declare var Error: ErrorConstructor;
    [7m    [0m [96m            ~~~~~[0m
    'Error' is declared here.
[96msrc/validations/validation.ts[0m:[93m32[0m:[93m45[0m - [91merror[0m[90m TS2552: [0mCannot find name 'error'. Did you mean 'Error'?

[7m32[0m     res.status(400).json({ validationError: error.details[0].message });
[7m  [0m [91m                                            ~~~~~[0m

  [96mnode_modules/typescript/lib/lib.es5.d.ts[0m:[93m1087[0m:[93m13[0m
    [7m1087[0m declare var Error: ErrorConstructor;
    [7m    [0m [96m            ~~~~~[0m
    'Error' is declared here.

TSError: тип Unable to compile TypeScript:
[96msrc/validations/validation.ts[0m:[93m31[0m:[93m7[0m - [91merror[0m[90m TS2552: [0mCannot find name 'error'. Did you mean 'Error'?

[7m31[0m   if (error) {
[7m  [0m [91m      ~~~~~[0m

  [96mnode_modules/typescript/lib/lib.es5.d.ts[0m:[93m1087[0m:[93m13[0m
    [7m1087[0m declare var Error: ErrorConstructor;
    [7m    [0m [96m            ~~~~~[0m
    'Error' is declared here.
[96msrc/validations/validation.ts[0m:[93m32[0m:[93m45[0m - [91merror[0m[90m TS2552: [0mCannot find name 'error'. Did you mean 'Error'?

[7m32[0m     res.status(400).json({ validationError: error.details[0].message });
[7m  [0m [91m                                            ~~~~~[0m

  [96mnode_modules/typescript/lib/lib.es5.d.ts[0m:[93m1087[0m:[93m13[0m
    [7m1087[0m declare var Error: ErrorConstructor;
    [7m    [0m [96m            ~~~~~[0m
    'Error' is declared here.

    at createTSError (/home/ditsdev152/.nvm/versions/node/v20.12.0/lib/node_modules/ts-node/src/index.ts:859:12)
    at reportTSError (/home/ditsdev152/.nvm/versions/node/v20.12.0/lib/node_modules/ts-node/src/index.ts:863:19)
    at getOutput (/home/ditsdev152/.nvm/versions/node/v20.12.0/lib/node_modules/ts-node/src/index.ts:1077:36)
    at Object.compile (/home/ditsdev152/.nvm/versions/node/v20.12.0/lib/node_modules/ts-node/src/index.ts:1433:41)
    at Module.m._compile (/home/ditsdev152/.nvm/versions/node/v20.12.0/lib/node_modules/ts-node/src/index.ts:1617:30)
    at Module._extensions..js (node:internal/modules/cjs/loader:1427:10)
    at Object.require.extensions.<computed> [as .ts] (/home/ditsdev152/.nvm/versions/node/v20.12.0/lib/node_modules/ts-node/src/index.ts:1621:12)
    at Module.load (node:internal/modules/cjs/loader:1206:32)
    at Function.Module._load (node:internal/modules/cjs/loader:1022:12)
    at Module.require (node:internal/modules/cjs/loader:1231:19) {
  "error": {
    "diagnosticCodes": [
      2552,
      2552
    ]
  },
  "stack": "TSError: тип Unable to compile TypeScript:\n\u001b[96msrc/validations/validation.ts\u001b[0m:\u001b[93m31\u001b[0m:\u001b[93m7\u001b[0m - \u001b[91merror\u001b[0m\u001b[90m TS2552: \u001b[0mCannot find name 'error'. Did you mean 'Error'?\n\n\u001b[7m31\u001b[0m   if (error) {\n\u001b[7m  \u001b[0m \u001b[91m      ~~~~~\u001b[0m\n\n  \u001b[96mnode_modules/typescript/lib/lib.es5.d.ts\u001b[0m:\u001b[93m1087\u001b[0m:\u001b[93m13\u001b[0m\n    \u001b[7m1087\u001b[0m declare var Error: ErrorConstructor;\n    \u001b[7m    \u001b[0m \u001b[96m            ~~~~~\u001b[0m\n    'Error' is declared here.\n\u001b[96msrc/validations/validation.ts\u001b[0m:\u001b[93m32\u001b[0m:\u001b[93m45\u001b[0m - \u001b[91merror\u001b[0m\u001b[90m TS2552: \u001b[0mCannot find name 'error'. Did you mean 'Error'?\n\n\u001b[7m32\u001b[0m     res.status(400).json({ validationError: error.details[0].message });\n\u001b[7m  \u001b[0m \u001b[91m                                            ~~~~~\u001b[0m\n\n  \u001b[96mnode_modules/typescript/lib/lib.es5.d.ts\u001b[0m:\u001b[93m1087\u001b[0m:\u001b[93m13\u001b[0m\n    \u001b[7m1087\u001b[0m declare var Error: ErrorConstructor;\n    \u001b[7m    \u001b[0m \u001b[96m            ~~~~~\u001b[0m\n    'Error' is declared here.\n\n    at createTSError (/home/ditsdev152/.nvm/versions/node/v20.12.0/lib/node_modules/ts-node/src/index.ts:859:12)\n    at reportTSError (/home/ditsdev152/.nvm/versions/node/v20.12.0/lib/node_modules/ts-node/src/index.ts:863:19)\n    at getOutput (/home/ditsdev152/.nvm/versions/node/v20.12.0/lib/node_modules/ts-node/src/index.ts:1077:36)\n    at Object.compile (/home/ditsdev152/.nvm/versions/node/v20.12.0/lib/node_modules/ts-node/src/index.ts:1433:41)\n    at Module.m._compile (/home/ditsdev152/.nvm/versions/node/v20.12.0/lib/node_modules/ts-node/src/index.ts:1617:30)\n    at Module._extensions..js (node:internal/modules/cjs/loader:1427:10)\n    at Object.require.extensions.<computed> [as .ts] (/home/ditsdev152/.nvm/versions/node/v20.12.0/lib/node_modules/ts-node/src/index.ts:1621:12)\n    at Module.load (node:internal/modules/cjs/loader:1206:32)\n    at Function.Module._load (node:internal/modules/cjs/loader:1022:12)\n    at Module.require (node:internal/modules/cjs/loader:1231:19)",
  "exception": true,
  "date": "Thu Apr 25 2024 16:35:43 GMT+0530 (India Standard Time)",
  "process": {
    "pid": 53141,
    "uid": 1000,
    "gid": 1000,
    "cwd": "/home/ditsdev152/Desktop/cab-booking/users",
    "execPath": "/home/ditsdev152/.nvm/versions/node/v20.12.0/bin/node",
    "version": "v20.12.0",
    "argv": [
      "/home/ditsdev152/.nvm/versions/node/v20.12.0/bin/ts-node",
      "/home/ditsdev152/Desktop/cab-booking/users/index.ts"
    ],
    "memoryUsage": {
      "rss": 276881408,
      "heapTotal": 194551808,
      "heapUsed": 173133160,
      "external": 6507194,
      "arrayBuffers": 3631494
    }
  },
  "os": {
    "loadavg": [
      1.27,
      1.42,
      1.73
    ],
    "uptime": 24654.26
  },
  "trace": [
    {
      "column": 12,
      "file": "/home/ditsdev152/.nvm/versions/node/v20.12.0/lib/node_modules/ts-node/src/index.ts",
      "function": "createTSError",
      "line": 859,
      "method": null,
      "native": false
    },
    {
      "column": 19,
      "file": "/home/ditsdev152/.nvm/versions/node/v20.12.0/lib/node_modules/ts-node/src/index.ts",
      "function": "reportTSError",
      "line": 863,
      "method": null,
      "native": false
    },
    {
      "column": 36,
      "file": "/home/ditsdev152/.nvm/versions/node/v20.12.0/lib/node_modules/ts-node/src/index.ts",
      "function": "getOutput",
      "line": 1077,
      "method": null,
      "native": false
    },
    {
      "column": 41,
      "file": "/home/ditsdev152/.nvm/versions/node/v20.12.0/lib/node_modules/ts-node/src/index.ts",
      "function": "Object.compile",
      "line": 1433,
      "method": "compile",
      "native": false
    },
    {
      "column": 30,
      "file": "/home/ditsdev152/.nvm/versions/node/v20.12.0/lib/node_modules/ts-node/src/index.ts",
      "function": "Module.m._compile",
      "line": 1617,
      "method": "_compile",
      "native": false
    },
    {
      "column": 10,
      "file": "node:internal/modules/cjs/loader",
      "function": "Module._extensions..js",
      "line": 1427,
      "method": ".js",
      "native": false
    },
    {
      "column": 12,
      "file": "/home/ditsdev152/.nvm/versions/node/v20.12.0/lib/node_modules/ts-node/src/index.ts",
      "function": "Object.require.extensions.<computed> [as .ts]",
      "line": 1621,
      "method": "ts]",
      "native": false
    },
    {
      "column": 32,
      "file": "node:internal/modules/cjs/loader",
      "function": "Module.load",
      "line": 1206,
      "method": "load",
      "native": false
    },
    {
      "column": 12,
      "file": "node:internal/modules/cjs/loader",
      "function": "Module._load",
      "line": 1022,
      "method": "_load",
      "native": false
    },
    {
      "column": 19,
      "file": "node:internal/modules/cjs/loader",
      "function": "Module.require",
      "line": 1231,
      "method": "require",
      "native": false
    }
  ]
}
2024-04-25 11:06:43 - 42979780-4299-4d81-83dc-80271674fcfb - error: uncaughtException: тип Unable to compile TypeScript:
[96msrc/validations/validation.ts[0m:[93m31[0m:[93m7[0m - [91merror[0m[90m TS2552: [0mCannot find name 'error'. Did you mean 'Error'?

[7m31[0m   if (error) {
[7m  [0m [91m      ~~~~~[0m

  [96mnode_modules/typescript/lib/lib.es5.d.ts[0m:[93m1087[0m:[93m13[0m
    [7m1087[0m declare var Error: ErrorConstructor;
    [7m    [0m [96m            ~~~~~[0m
    'Error' is declared here.
[96msrc/validations/validation.ts[0m:[93m32[0m:[93m45[0m - [91merror[0m[90m TS2552: [0mCannot find name 'error'. Did you mean 'Error'?

[7m32[0m     res.status(400).json({ validationError: error.details[0].message });
[7m  [0m [91m                                            ~~~~~[0m

  [96mnode_modules/typescript/lib/lib.es5.d.ts[0m:[93m1087[0m:[93m13[0m
    [7m1087[0m declare var Error: ErrorConstructor;
    [7m    [0m [96m            ~~~~~[0m
    'Error' is declared here.

TSError: тип Unable to compile TypeScript:
[96msrc/validations/validation.ts[0m:[93m31[0m:[93m7[0m - [91merror[0m[90m TS2552: [0mCannot find name 'error'. Did you mean 'Error'?

[7m31[0m   if (error) {
[7m  [0m [91m      ~~~~~[0m

  [96mnode_modules/typescript/lib/lib.es5.d.ts[0m:[93m1087[0m:[93m13[0m
    [7m1087[0m declare var Error: ErrorConstructor;
    [7m    [0m [96m            ~~~~~[0m
    'Error' is declared here.
[96msrc/validations/validation.ts[0m:[93m32[0m:[93m45[0m - [91merror[0m[90m TS2552: [0mCannot find name 'error'. Did you mean 'Error'?

[7m32[0m     res.status(400).json({ validationError: error.details[0].message });
[7m  [0m [91m                                            ~~~~~[0m

  [96mnode_modules/typescript/lib/lib.es5.d.ts[0m:[93m1087[0m:[93m13[0m
    [7m1087[0m declare var Error: ErrorConstructor;
    [7m    [0m [96m            ~~~~~[0m
    'Error' is declared here.

    at createTSError (/home/ditsdev152/.nvm/versions/node/v20.12.0/lib/node_modules/ts-node/src/index.ts:859:12)
    at reportTSError (/home/ditsdev152/.nvm/versions/node/v20.12.0/lib/node_modules/ts-node/src/index.ts:863:19)
    at getOutput (/home/ditsdev152/.nvm/versions/node/v20.12.0/lib/node_modules/ts-node/src/index.ts:1077:36)
    at Object.compile (/home/ditsdev152/.nvm/versions/node/v20.12.0/lib/node_modules/ts-node/src/index.ts:1433:41)
    at Module.m._compile (/home/ditsdev152/.nvm/versions/node/v20.12.0/lib/node_modules/ts-node/src/index.ts:1617:30)
    at Module._extensions..js (node:internal/modules/cjs/loader:1427:10)
    at Object.require.extensions.<computed> [as .ts] (/home/ditsdev152/.nvm/versions/node/v20.12.0/lib/node_modules/ts-node/src/index.ts:1621:12)
    at Module.load (node:internal/modules/cjs/loader:1206:32)
    at Function.Module._load (node:internal/modules/cjs/loader:1022:12)
    at Module.require (node:internal/modules/cjs/loader:1231:19) {
  "error": {
    "diagnosticCodes": [
      2552,
      2552
    ]
  },
  "stack": "TSError: тип Unable to compile TypeScript:\n\u001b[96msrc/validations/validation.ts\u001b[0m:\u001b[93m31\u001b[0m:\u001b[93m7\u001b[0m - \u001b[91merror\u001b[0m\u001b[90m TS2552: \u001b[0mCannot find name 'error'. Did you mean 'Error'?\n\n\u001b[7m31\u001b[0m   if (error) {\n\u001b[7m  \u001b[0m \u001b[91m      ~~~~~\u001b[0m\n\n  \u001b[96mnode_modules/typescript/lib/lib.es5.d.ts\u001b[0m:\u001b[93m1087\u001b[0m:\u001b[93m13\u001b[0m\n    \u001b[7m1087\u001b[0m declare var Error: ErrorConstructor;\n    \u001b[7m    \u001b[0m \u001b[96m            ~~~~~\u001b[0m\n    'Error' is declared here.\n\u001b[96msrc/validations/validation.ts\u001b[0m:\u001b[93m32\u001b[0m:\u001b[93m45\u001b[0m - \u001b[91merror\u001b[0m\u001b[90m TS2552: \u001b[0mCannot find name 'error'. Did you mean 'Error'?\n\n\u001b[7m32\u001b[0m     res.status(400).json({ validationError: error.details[0].message });\n\u001b[7m  \u001b[0m \u001b[91m                                            ~~~~~\u001b[0m\n\n  \u001b[96mnode_modules/typescript/lib/lib.es5.d.ts\u001b[0m:\u001b[93m1087\u001b[0m:\u001b[93m13\u001b[0m\n    \u001b[7m1087\u001b[0m declare var Error: ErrorConstructor;\n    \u001b[7m    \u001b[0m \u001b[96m            ~~~~~\u001b[0m\n    'Error' is declared here.\n\n    at createTSError (/home/ditsdev152/.nvm/versions/node/v20.12.0/lib/node_modules/ts-node/src/index.ts:859:12)\n    at reportTSError (/home/ditsdev152/.nvm/versions/node/v20.12.0/lib/node_modules/ts-node/src/index.ts:863:19)\n    at getOutput (/home/ditsdev152/.nvm/versions/node/v20.12.0/lib/node_modules/ts-node/src/index.ts:1077:36)\n    at Object.compile (/home/ditsdev152/.nvm/versions/node/v20.12.0/lib/node_modules/ts-node/src/index.ts:1433:41)\n    at Module.m._compile (/home/ditsdev152/.nvm/versions/node/v20.12.0/lib/node_modules/ts-node/src/index.ts:1617:30)\n    at Module._extensions..js (node:internal/modules/cjs/loader:1427:10)\n    at Object.require.extensions.<computed> [as .ts] (/home/ditsdev152/.nvm/versions/node/v20.12.0/lib/node_modules/ts-node/src/index.ts:1621:12)\n    at Module.load (node:internal/modules/cjs/loader:1206:32)\n    at Function.Module._load (node:internal/modules/cjs/loader:1022:12)\n    at Module.require (node:internal/modules/cjs/loader:1231:19)",
  "exception": true,
  "date": "Thu Apr 25 2024 16:36:43 GMT+0530 (India Standard Time)",
  "process": {
    "pid": 53525,
    "uid": 1000,
    "gid": 1000,
    "cwd": "/home/ditsdev152/Desktop/cab-booking/users",
    "execPath": "/home/ditsdev152/.nvm/versions/node/v20.12.0/bin/node",
    "version": "v20.12.0",
    "argv": [
      "/home/ditsdev152/.nvm/versions/node/v20.12.0/bin/ts-node",
      "/home/ditsdev152/Desktop/cab-booking/users/index.ts"
    ],
    "memoryUsage": {
      "rss": 281681920,
      "heapTotal": 198221824,
      "heapUsed": 165734904,
      "external": 6506811,
      "arrayBuffers": 3631111
    }
  },
  "os": {
    "loadavg": [
      1.45,
      1.39,
      1.7
    ],
    "uptime": 24713.7
  },
  "trace": [
    {
      "column": 12,
      "file": "/home/ditsdev152/.nvm/versions/node/v20.12.0/lib/node_modules/ts-node/src/index.ts",
      "function": "createTSError",
      "line": 859,
      "method": null,
      "native": false
    },
    {
      "column": 19,
      "file": "/home/ditsdev152/.nvm/versions/node/v20.12.0/lib/node_modules/ts-node/src/index.ts",
      "function": "reportTSError",
      "line": 863,
      "method": null,
      "native": false
    },
    {
      "column": 36,
      "file": "/home/ditsdev152/.nvm/versions/node/v20.12.0/lib/node_modules/ts-node/src/index.ts",
      "function": "getOutput",
      "line": 1077,
      "method": null,
      "native": false
    },
    {
      "column": 41,
      "file": "/home/ditsdev152/.nvm/versions/node/v20.12.0/lib/node_modules/ts-node/src/index.ts",
      "function": "Object.compile",
      "line": 1433,
      "method": "compile",
      "native": false
    },
    {
      "column": 30,
      "file": "/home/ditsdev152/.nvm/versions/node/v20.12.0/lib/node_modules/ts-node/src/index.ts",
      "function": "Module.m._compile",
      "line": 1617,
      "method": "_compile",
      "native": false
    },
    {
      "column": 10,
      "file": "node:internal/modules/cjs/loader",
      "function": "Module._extensions..js",
      "line": 1427,
      "method": ".js",
      "native": false
    },
    {
      "column": 12,
      "file": "/home/ditsdev152/.nvm/versions/node/v20.12.0/lib/node_modules/ts-node/src/index.ts",
      "function": "Object.require.extensions.<computed> [as .ts]",
      "line": 1621,
      "method": "ts]",
      "native": false
    },
    {
      "column": 32,
      "file": "node:internal/modules/cjs/loader",
      "function": "Module.load",
      "line": 1206,
      "method": "load",
      "native": false
    },
    {
      "column": 12,
      "file": "node:internal/modules/cjs/loader",
      "function": "Module._load",
      "line": 1022,
      "method": "_load",
      "native": false
    },
    {
      "column": 19,
      "file": "node:internal/modules/cjs/loader",
      "function": "Module.require",
      "line": 1231,
      "method": "require",
      "native": false
    }
  ]
}
2024-04-25 11:32:57 - 63792e78-0a30-4620-97ef-f022fa794fb5 - error: uncaughtException: тип Unable to compile TypeScript:
[96msrc/validations/validation.ts[0m:[93m31[0m:[93m7[0m - [91merror[0m[90m TS2552: [0mCannot find name 'error'. Did you mean 'Error'?

[7m31[0m   if (error) {
[7m  [0m [91m      ~~~~~[0m

  [96mnode_modules/typescript/lib/lib.es5.d.ts[0m:[93m1087[0m:[93m13[0m
    [7m1087[0m declare var Error: ErrorConstructor;
    [7m    [0m [96m            ~~~~~[0m
    'Error' is declared here.
[96msrc/validations/validation.ts[0m:[93m32[0m:[93m45[0m - [91merror[0m[90m TS2552: [0mCannot find name 'error'. Did you mean 'Error'?

[7m32[0m     res.status(400).json({ validationError: error.details[0].message });
[7m  [0m [91m                                            ~~~~~[0m

  [96mnode_modules/typescript/lib/lib.es5.d.ts[0m:[93m1087[0m:[93m13[0m
    [7m1087[0m declare var Error: ErrorConstructor;
    [7m    [0m [96m            ~~~~~[0m
    'Error' is declared here.

TSError: тип Unable to compile TypeScript:
[96msrc/validations/validation.ts[0m:[93m31[0m:[93m7[0m - [91merror[0m[90m TS2552: [0mCannot find name 'error'. Did you mean 'Error'?

[7m31[0m   if (error) {
[7m  [0m [91m      ~~~~~[0m

  [96mnode_modules/typescript/lib/lib.es5.d.ts[0m:[93m1087[0m:[93m13[0m
    [7m1087[0m declare var Error: ErrorConstructor;
    [7m    [0m [96m            ~~~~~[0m
    'Error' is declared here.
[96msrc/validations/validation.ts[0m:[93m32[0m:[93m45[0m - [91merror[0m[90m TS2552: [0mCannot find name 'error'. Did you mean 'Error'?

[7m32[0m     res.status(400).json({ validationError: error.details[0].message });
[7m  [0m [91m                                            ~~~~~[0m

  [96mnode_modules/typescript/lib/lib.es5.d.ts[0m:[93m1087[0m:[93m13[0m
    [7m1087[0m declare var Error: ErrorConstructor;
    [7m    [0m [96m            ~~~~~[0m
    'Error' is declared here.

    at createTSError (/home/ditsdev152/.nvm/versions/node/v20.12.0/lib/node_modules/ts-node/src/index.ts:859:12)
    at reportTSError (/home/ditsdev152/.nvm/versions/node/v20.12.0/lib/node_modules/ts-node/src/index.ts:863:19)
    at getOutput (/home/ditsdev152/.nvm/versions/node/v20.12.0/lib/node_modules/ts-node/src/index.ts:1077:36)
    at Object.compile (/home/ditsdev152/.nvm/versions/node/v20.12.0/lib/node_modules/ts-node/src/index.ts:1433:41)
    at Module.m._compile (/home/ditsdev152/.nvm/versions/node/v20.12.0/lib/node_modules/ts-node/src/index.ts:1617:30)
    at Module._extensions..js (node:internal/modules/cjs/loader:1427:10)
    at Object.require.extensions.<computed> [as .ts] (/home/ditsdev152/.nvm/versions/node/v20.12.0/lib/node_modules/ts-node/src/index.ts:1621:12)
    at Module.load (node:internal/modules/cjs/loader:1206:32)
    at Function.Module._load (node:internal/modules/cjs/loader:1022:12)
    at Module.require (node:internal/modules/cjs/loader:1231:19) {
  "error": {
    "diagnosticCodes": [
      2552,
      2552
    ]
  },
  "stack": "TSError: тип Unable to compile TypeScript:\n\u001b[96msrc/validations/validation.ts\u001b[0m:\u001b[93m31\u001b[0m:\u001b[93m7\u001b[0m - \u001b[91merror\u001b[0m\u001b[90m TS2552: \u001b[0mCannot find name 'error'. Did you mean 'Error'?\n\n\u001b[7m31\u001b[0m   if (error) {\n\u001b[7m  \u001b[0m \u001b[91m      ~~~~~\u001b[0m\n\n  \u001b[96mnode_modules/typescript/lib/lib.es5.d.ts\u001b[0m:\u001b[93m1087\u001b[0m:\u001b[93m13\u001b[0m\n    \u001b[7m1087\u001b[0m declare var Error: ErrorConstructor;\n    \u001b[7m    \u001b[0m \u001b[96m            ~~~~~\u001b[0m\n    'Error' is declared here.\n\u001b[96msrc/validations/validation.ts\u001b[0m:\u001b[93m32\u001b[0m:\u001b[93m45\u001b[0m - \u001b[91merror\u001b[0m\u001b[90m TS2552: \u001b[0mCannot find name 'error'. Did you mean 'Error'?\n\n\u001b[7m32\u001b[0m     res.status(400).json({ validationError: error.details[0].message });\n\u001b[7m  \u001b[0m \u001b[91m                                            ~~~~~\u001b[0m\n\n  \u001b[96mnode_modules/typescript/lib/lib.es5.d.ts\u001b[0m:\u001b[93m1087\u001b[0m:\u001b[93m13\u001b[0m\n    \u001b[7m1087\u001b[0m declare var Error: ErrorConstructor;\n    \u001b[7m    \u001b[0m \u001b[96m            ~~~~~\u001b[0m\n    'Error' is declared here.\n\n    at createTSError (/home/ditsdev152/.nvm/versions/node/v20.12.0/lib/node_modules/ts-node/src/index.ts:859:12)\n    at reportTSError (/home/ditsdev152/.nvm/versions/node/v20.12.0/lib/node_modules/ts-node/src/index.ts:863:19)\n    at getOutput (/home/ditsdev152/.nvm/versions/node/v20.12.0/lib/node_modules/ts-node/src/index.ts:1077:36)\n    at Object.compile (/home/ditsdev152/.nvm/versions/node/v20.12.0/lib/node_modules/ts-node/src/index.ts:1433:41)\n    at Module.m._compile (/home/ditsdev152/.nvm/versions/node/v20.12.0/lib/node_modules/ts-node/src/index.ts:1617:30)\n    at Module._extensions..js (node:internal/modules/cjs/loader:1427:10)\n    at Object.require.extensions.<computed> [as .ts] (/home/ditsdev152/.nvm/versions/node/v20.12.0/lib/node_modules/ts-node/src/index.ts:1621:12)\n    at Module.load (node:internal/modules/cjs/loader:1206:32)\n    at Function.Module._load (node:internal/modules/cjs/loader:1022:12)\n    at Module.require (node:internal/modules/cjs/loader:1231:19)",
  "exception": true,
  "date": "Thu Apr 25 2024 17:02:57 GMT+0530 (India Standard Time)",
  "process": {
    "pid": 55435,
    "uid": 1000,
    "gid": 1000,
    "cwd": "/home/ditsdev152/Desktop/cab-booking/users",
    "execPath": "/home/ditsdev152/.nvm/versions/node/v20.12.0/bin/node",
    "version": "v20.12.0",
    "argv": [
      "/home/ditsdev152/.nvm/versions/node/v20.12.0/bin/ts-node",
      "/home/ditsdev152/Desktop/cab-booking/users/index.ts"
    ],
    "memoryUsage": {
      "rss": 278593536,
      "heapTotal": 197697536,
      "heapUsed": 168898216,
      "external": 6506826,
      "arrayBuffers": 3631126
    }
  },
  "os": {
    "loadavg": [
      1.4,
      0.78,
      0.8
    ],
    "uptime": 26287.52
  },
  "trace": [
    {
      "column": 12,
      "file": "/home/ditsdev152/.nvm/versions/node/v20.12.0/lib/node_modules/ts-node/src/index.ts",
      "function": "createTSError",
      "line": 859,
      "method": null,
      "native": false
    },
    {
      "column": 19,
      "file": "/home/ditsdev152/.nvm/versions/node/v20.12.0/lib/node_modules/ts-node/src/index.ts",
      "function": "reportTSError",
      "line": 863,
      "method": null,
      "native": false
    },
    {
      "column": 36,
      "file": "/home/ditsdev152/.nvm/versions/node/v20.12.0/lib/node_modules/ts-node/src/index.ts",
      "function": "getOutput",
      "line": 1077,
      "method": null,
      "native": false
    },
    {
      "column": 41,
      "file": "/home/ditsdev152/.nvm/versions/node/v20.12.0/lib/node_modules/ts-node/src/index.ts",
      "function": "Object.compile",
      "line": 1433,
      "method": "compile",
      "native": false
    },
    {
      "column": 30,
      "file": "/home/ditsdev152/.nvm/versions/node/v20.12.0/lib/node_modules/ts-node/src/index.ts",
      "function": "Module.m._compile",
      "line": 1617,
      "method": "_compile",
      "native": false
    },
    {
      "column": 10,
      "file": "node:internal/modules/cjs/loader",
      "function": "Module._extensions..js",
      "line": 1427,
      "method": ".js",
      "native": false
    },
    {
      "column": 12,
      "file": "/home/ditsdev152/.nvm/versions/node/v20.12.0/lib/node_modules/ts-node/src/index.ts",
      "function": "Object.require.extensions.<computed> [as .ts]",
      "line": 1621,
      "method": "ts]",
      "native": false
    },
    {
      "column": 32,
      "file": "node:internal/modules/cjs/loader",
      "function": "Module.load",
      "line": 1206,
      "method": "load",
      "native": false
    },
    {
      "column": 12,
      "file": "node:internal/modules/cjs/loader",
      "function": "Module._load",
      "line": 1022,
      "method": "_load",
      "native": false
    },
    {
      "column": 19,
      "file": "node:internal/modules/cjs/loader",
      "function": "Module.require",
      "line": 1231,
      "method": "require",
      "native": false
    }
  ]
}
2024-04-25 11:35:13 - e25a07d2-3587-48e6-8f82-9b3d423cf10a - error: uncaughtException: тип Unable to compile TypeScript:
[96msrc/validations/validation.ts[0m:[93m31[0m:[93m7[0m - [91merror[0m[90m TS2552: [0mCannot find name 'error'. Did you mean 'Error'?

[7m31[0m   if (error) {
[7m  [0m [91m      ~~~~~[0m

  [96mnode_modules/typescript/lib/lib.es5.d.ts[0m:[93m1087[0m:[93m13[0m
    [7m1087[0m declare var Error: ErrorConstructor;
    [7m    [0m [96m            ~~~~~[0m
    'Error' is declared here.
[96msrc/validations/validation.ts[0m:[93m32[0m:[93m45[0m - [91merror[0m[90m TS2552: [0mCannot find name 'error'. Did you mean 'Error'?

[7m32[0m     res.status(400).json({ validationError: error.details[0].message });
[7m  [0m [91m                                            ~~~~~[0m

  [96mnode_modules/typescript/lib/lib.es5.d.ts[0m:[93m1087[0m:[93m13[0m
    [7m1087[0m declare var Error: ErrorConstructor;
    [7m    [0m [96m            ~~~~~[0m
    'Error' is declared here.

TSError: тип Unable to compile TypeScript:
[96msrc/validations/validation.ts[0m:[93m31[0m:[93m7[0m - [91merror[0m[90m TS2552: [0mCannot find name 'error'. Did you mean 'Error'?

[7m31[0m   if (error) {
[7m  [0m [91m      ~~~~~[0m

  [96mnode_modules/typescript/lib/lib.es5.d.ts[0m:[93m1087[0m:[93m13[0m
    [7m1087[0m declare var Error: ErrorConstructor;
    [7m    [0m [96m            ~~~~~[0m
    'Error' is declared here.
[96msrc/validations/validation.ts[0m:[93m32[0m:[93m45[0m - [91merror[0m[90m TS2552: [0mCannot find name 'error'. Did you mean 'Error'?

[7m32[0m     res.status(400).json({ validationError: error.details[0].message });
[7m  [0m [91m                                            ~~~~~[0m

  [96mnode_modules/typescript/lib/lib.es5.d.ts[0m:[93m1087[0m:[93m13[0m
    [7m1087[0m declare var Error: ErrorConstructor;
    [7m    [0m [96m            ~~~~~[0m
    'Error' is declared here.

    at createTSError (/home/ditsdev152/.nvm/versions/node/v20.12.0/lib/node_modules/ts-node/src/index.ts:859:12)
    at reportTSError (/home/ditsdev152/.nvm/versions/node/v20.12.0/lib/node_modules/ts-node/src/index.ts:863:19)
    at getOutput (/home/ditsdev152/.nvm/versions/node/v20.12.0/lib/node_modules/ts-node/src/index.ts:1077:36)
    at Object.compile (/home/ditsdev152/.nvm/versions/node/v20.12.0/lib/node_modules/ts-node/src/index.ts:1433:41)
    at Module.m._compile (/home/ditsdev152/.nvm/versions/node/v20.12.0/lib/node_modules/ts-node/src/index.ts:1617:30)
    at Module._extensions..js (node:internal/modules/cjs/loader:1427:10)
    at Object.require.extensions.<computed> [as .ts] (/home/ditsdev152/.nvm/versions/node/v20.12.0/lib/node_modules/ts-node/src/index.ts:1621:12)
    at Module.load (node:internal/modules/cjs/loader:1206:32)
    at Function.Module._load (node:internal/modules/cjs/loader:1022:12)
    at Module.require (node:internal/modules/cjs/loader:1231:19) {
  "error": {
    "diagnosticCodes": [
      2552,
      2552
    ]
  },
  "stack": "TSError: тип Unable to compile TypeScript:\n\u001b[96msrc/validations/validation.ts\u001b[0m:\u001b[93m31\u001b[0m:\u001b[93m7\u001b[0m - \u001b[91merror\u001b[0m\u001b[90m TS2552: \u001b[0mCannot find name 'error'. Did you mean 'Error'?\n\n\u001b[7m31\u001b[0m   if (error) {\n\u001b[7m  \u001b[0m \u001b[91m      ~~~~~\u001b[0m\n\n  \u001b[96mnode_modules/typescript/lib/lib.es5.d.ts\u001b[0m:\u001b[93m1087\u001b[0m:\u001b[93m13\u001b[0m\n    \u001b[7m1087\u001b[0m declare var Error: ErrorConstructor;\n    \u001b[7m    \u001b[0m \u001b[96m            ~~~~~\u001b[0m\n    'Error' is declared here.\n\u001b[96msrc/validations/validation.ts\u001b[0m:\u001b[93m32\u001b[0m:\u001b[93m45\u001b[0m - \u001b[91merror\u001b[0m\u001b[90m TS2552: \u001b[0mCannot find name 'error'. Did you mean 'Error'?\n\n\u001b[7m32\u001b[0m     res.status(400).json({ validationError: error.details[0].message });\n\u001b[7m  \u001b[0m \u001b[91m                                            ~~~~~\u001b[0m\n\n  \u001b[96mnode_modules/typescript/lib/lib.es5.d.ts\u001b[0m:\u001b[93m1087\u001b[0m:\u001b[93m13\u001b[0m\n    \u001b[7m1087\u001b[0m declare var Error: ErrorConstructor;\n    \u001b[7m    \u001b[0m \u001b[96m            ~~~~~\u001b[0m\n    'Error' is declared here.\n\n    at createTSError (/home/ditsdev152/.nvm/versions/node/v20.12.0/lib/node_modules/ts-node/src/index.ts:859:12)\n    at reportTSError (/home/ditsdev152/.nvm/versions/node/v20.12.0/lib/node_modules/ts-node/src/index.ts:863:19)\n    at getOutput (/home/ditsdev152/.nvm/versions/node/v20.12.0/lib/node_modules/ts-node/src/index.ts:1077:36)\n    at Object.compile (/home/ditsdev152/.nvm/versions/node/v20.12.0/lib/node_modules/ts-node/src/index.ts:1433:41)\n    at Module.m._compile (/home/ditsdev152/.nvm/versions/node/v20.12.0/lib/node_modules/ts-node/src/index.ts:1617:30)\n    at Module._extensions..js (node:internal/modules/cjs/loader:1427:10)\n    at Object.require.extensions.<computed> [as .ts] (/home/ditsdev152/.nvm/versions/node/v20.12.0/lib/node_modules/ts-node/src/index.ts:1621:12)\n    at Module.load (node:internal/modules/cjs/loader:1206:32)\n    at Function.Module._load (node:internal/modules/cjs/loader:1022:12)\n    at Module.require (node:internal/modules/cjs/loader:1231:19)",
  "exception": true,
  "date": "Thu Apr 25 2024 17:05:13 GMT+0530 (India Standard Time)",
  "process": {
    "pid": 57690,
    "uid": 1000,
    "gid": 1000,
    "cwd": "/home/ditsdev152/Desktop/cab-booking/users",
    "execPath": "/home/ditsdev152/.nvm/versions/node/v20.12.0/bin/node",
    "version": "v20.12.0",
    "argv": [
      "/home/ditsdev152/.nvm/versions/node/v20.12.0/bin/ts-node",
      "/home/ditsdev152/Desktop/cab-booking/users/index.ts"
    ],
    "memoryUsage": {
      "rss": 277479424,
      "heapTotal": 193765376,
      "heapUsed": 173104344,
      "external": 6507001,
      "arrayBuffers": 3631301
    }
  },
  "os": {
    "loadavg": [
      2.73,
      1.3,
      0.97
    ],
    "uptime": 26423.69
  },
  "trace": [
    {
      "column": 12,
      "file": "/home/ditsdev152/.nvm/versions/node/v20.12.0/lib/node_modules/ts-node/src/index.ts",
      "function": "createTSError",
      "line": 859,
      "method": null,
      "native": false
    },
    {
      "column": 19,
      "file": "/home/ditsdev152/.nvm/versions/node/v20.12.0/lib/node_modules/ts-node/src/index.ts",
      "function": "reportTSError",
      "line": 863,
      "method": null,
      "native": false
    },
    {
      "column": 36,
      "file": "/home/ditsdev152/.nvm/versions/node/v20.12.0/lib/node_modules/ts-node/src/index.ts",
      "function": "getOutput",
      "line": 1077,
      "method": null,
      "native": false
    },
    {
      "column": 41,
      "file": "/home/ditsdev152/.nvm/versions/node/v20.12.0/lib/node_modules/ts-node/src/index.ts",
      "function": "Object.compile",
      "line": 1433,
      "method": "compile",
      "native": false
    },
    {
      "column": 30,
      "file": "/home/ditsdev152/.nvm/versions/node/v20.12.0/lib/node_modules/ts-node/src/index.ts",
      "function": "Module.m._compile",
      "line": 1617,
      "method": "_compile",
      "native": false
    },
    {
      "column": 10,
      "file": "node:internal/modules/cjs/loader",
      "function": "Module._extensions..js",
      "line": 1427,
      "method": ".js",
      "native": false
    },
    {
      "column": 12,
      "file": "/home/ditsdev152/.nvm/versions/node/v20.12.0/lib/node_modules/ts-node/src/index.ts",
      "function": "Object.require.extensions.<computed> [as .ts]",
      "line": 1621,
      "method": "ts]",
      "native": false
    },
    {
      "column": 32,
      "file": "node:internal/modules/cjs/loader",
      "function": "Module.load",
      "line": 1206,
      "method": "load",
      "native": false
    },
    {
      "column": 12,
      "file": "node:internal/modules/cjs/loader",
      "function": "Module._load",
      "line": 1022,
      "method": "_load",
      "native": false
    },
    {
      "column": 19,
      "file": "node:internal/modules/cjs/loader",
      "function": "Module.require",
      "line": 1231,
      "method": "require",
      "native": false
    }
  ]
}
2024-04-25 11:37:30 - 78c932b9-3680-43fd-8c62-f87e1fc3b4bb - error: uncaughtException: тип Unable to compile TypeScript:
[96msrc/validations/validation.ts[0m:[93m31[0m:[93m7[0m - [91merror[0m[90m TS2552: [0mCannot find name 'error'. Did you mean 'Error'?

[7m31[0m   if (error) {
[7m  [0m [91m      ~~~~~[0m

  [96mnode_modules/typescript/lib/lib.es5.d.ts[0m:[93m1087[0m:[93m13[0m
    [7m1087[0m declare var Error: ErrorConstructor;
    [7m    [0m [96m            ~~~~~[0m
    'Error' is declared here.
[96msrc/validations/validation.ts[0m:[93m32[0m:[93m45[0m - [91merror[0m[90m TS2552: [0mCannot find name 'error'. Did you mean 'Error'?

[7m32[0m     res.status(400).json({ validationError: error.details[0].message });
[7m  [0m [91m                                            ~~~~~[0m

  [96mnode_modules/typescript/lib/lib.es5.d.ts[0m:[93m1087[0m:[93m13[0m
    [7m1087[0m declare var Error: ErrorConstructor;
    [7m    [0m [96m            ~~~~~[0m
    'Error' is declared here.

TSError: тип Unable to compile TypeScript:
[96msrc/validations/validation.ts[0m:[93m31[0m:[93m7[0m - [91merror[0m[90m TS2552: [0mCannot find name 'error'. Did you mean 'Error'?

[7m31[0m   if (error) {
[7m  [0m [91m      ~~~~~[0m

  [96mnode_modules/typescript/lib/lib.es5.d.ts[0m:[93m1087[0m:[93m13[0m
    [7m1087[0m declare var Error: ErrorConstructor;
    [7m    [0m [96m            ~~~~~[0m
    'Error' is declared here.
[96msrc/validations/validation.ts[0m:[93m32[0m:[93m45[0m - [91merror[0m[90m TS2552: [0mCannot find name 'error'. Did you mean 'Error'?

[7m32[0m     res.status(400).json({ validationError: error.details[0].message });
[7m  [0m [91m                                            ~~~~~[0m

  [96mnode_modules/typescript/lib/lib.es5.d.ts[0m:[93m1087[0m:[93m13[0m
    [7m1087[0m declare var Error: ErrorConstructor;
    [7m    [0m [96m            ~~~~~[0m
    'Error' is declared here.

    at createTSError (/home/ditsdev152/.nvm/versions/node/v20.12.0/lib/node_modules/ts-node/src/index.ts:859:12)
    at reportTSError (/home/ditsdev152/.nvm/versions/node/v20.12.0/lib/node_modules/ts-node/src/index.ts:863:19)
    at getOutput (/home/ditsdev152/.nvm/versions/node/v20.12.0/lib/node_modules/ts-node/src/index.ts:1077:36)
    at Object.compile (/home/ditsdev152/.nvm/versions/node/v20.12.0/lib/node_modules/ts-node/src/index.ts:1433:41)
    at Module.m._compile (/home/ditsdev152/.nvm/versions/node/v20.12.0/lib/node_modules/ts-node/src/index.ts:1617:30)
    at Module._extensions..js (node:internal/modules/cjs/loader:1427:10)
    at Object.require.extensions.<computed> [as .ts] (/home/ditsdev152/.nvm/versions/node/v20.12.0/lib/node_modules/ts-node/src/index.ts:1621:12)
    at Module.load (node:internal/modules/cjs/loader:1206:32)
    at Function.Module._load (node:internal/modules/cjs/loader:1022:12)
    at Module.require (node:internal/modules/cjs/loader:1231:19) {
  "error": {
    "diagnosticCodes": [
      2552,
      2552
    ]
  },
  "stack": "TSError: тип Unable to compile TypeScript:\n\u001b[96msrc/validations/validation.ts\u001b[0m:\u001b[93m31\u001b[0m:\u001b[93m7\u001b[0m - \u001b[91merror\u001b[0m\u001b[90m TS2552: \u001b[0mCannot find name 'error'. Did you mean 'Error'?\n\n\u001b[7m31\u001b[0m   if (error) {\n\u001b[7m  \u001b[0m \u001b[91m      ~~~~~\u001b[0m\n\n  \u001b[96mnode_modules/typescript/lib/lib.es5.d.ts\u001b[0m:\u001b[93m1087\u001b[0m:\u001b[93m13\u001b[0m\n    \u001b[7m1087\u001b[0m declare var Error: ErrorConstructor;\n    \u001b[7m    \u001b[0m \u001b[96m            ~~~~~\u001b[0m\n    'Error' is declared here.\n\u001b[96msrc/validations/validation.ts\u001b[0m:\u001b[93m32\u001b[0m:\u001b[93m45\u001b[0m - \u001b[91merror\u001b[0m\u001b[90m TS2552: \u001b[0mCannot find name 'error'. Did you mean 'Error'?\n\n\u001b[7m32\u001b[0m     res.status(400).json({ validationError: error.details[0].message });\n\u001b[7m  \u001b[0m \u001b[91m                                            ~~~~~\u001b[0m\n\n  \u001b[96mnode_modules/typescript/lib/lib.es5.d.ts\u001b[0m:\u001b[93m1087\u001b[0m:\u001b[93m13\u001b[0m\n    \u001b[7m1087\u001b[0m declare var Error: ErrorConstructor;\n    \u001b[7m    \u001b[0m \u001b[96m            ~~~~~\u001b[0m\n    'Error' is declared here.\n\n    at createTSError (/home/ditsdev152/.nvm/versions/node/v20.12.0/lib/node_modules/ts-node/src/index.ts:859:12)\n    at reportTSError (/home/ditsdev152/.nvm/versions/node/v20.12.0/lib/node_modules/ts-node/src/index.ts:863:19)\n    at getOutput (/home/ditsdev152/.nvm/versions/node/v20.12.0/lib/node_modules/ts-node/src/index.ts:1077:36)\n    at Object.compile (/home/ditsdev152/.nvm/versions/node/v20.12.0/lib/node_modules/ts-node/src/index.ts:1433:41)\n    at Module.m._compile (/home/ditsdev152/.nvm/versions/node/v20.12.0/lib/node_modules/ts-node/src/index.ts:1617:30)\n    at Module._extensions..js (node:internal/modules/cjs/loader:1427:10)\n    at Object.require.extensions.<computed> [as .ts] (/home/ditsdev152/.nvm/versions/node/v20.12.0/lib/node_modules/ts-node/src/index.ts:1621:12)\n    at Module.load (node:internal/modules/cjs/loader:1206:32)\n    at Function.Module._load (node:internal/modules/cjs/loader:1022:12)\n    at Module.require (node:internal/modules/cjs/loader:1231:19)",
  "exception": true,
  "date": "Thu Apr 25 2024 17:07:30 GMT+0530 (India Standard Time)",
  "process": {
    "pid": 58044,
    "uid": 1000,
    "gid": 1000,
    "cwd": "/home/ditsdev152/Desktop/cab-booking/users",
    "execPath": "/home/ditsdev152/.nvm/versions/node/v20.12.0/bin/node",
    "version": "v20.12.0",
    "argv": [
      "/home/ditsdev152/.nvm/versions/node/v20.12.0/bin/ts-node",
      "/home/ditsdev152/Desktop/cab-booking/users/index.ts"
    ],
    "memoryUsage": {
      "rss": 280461312,
      "heapTotal": 197697536,
      "heapUsed": 166410752,
      "external": 6506740,
      "arrayBuffers": 3631040
    }
  },
  "os": {
    "loadavg": [
      1.16,
      1.17,
      0.98
    ],
    "uptime": 26561.22
  },
  "trace": [
    {
      "column": 12,
      "file": "/home/ditsdev152/.nvm/versions/node/v20.12.0/lib/node_modules/ts-node/src/index.ts",
      "function": "createTSError",
      "line": 859,
      "method": null,
      "native": false
    },
    {
      "column": 19,
      "file": "/home/ditsdev152/.nvm/versions/node/v20.12.0/lib/node_modules/ts-node/src/index.ts",
      "function": "reportTSError",
      "line": 863,
      "method": null,
      "native": false
    },
    {
      "column": 36,
      "file": "/home/ditsdev152/.nvm/versions/node/v20.12.0/lib/node_modules/ts-node/src/index.ts",
      "function": "getOutput",
      "line": 1077,
      "method": null,
      "native": false
    },
    {
      "column": 41,
      "file": "/home/ditsdev152/.nvm/versions/node/v20.12.0/lib/node_modules/ts-node/src/index.ts",
      "function": "Object.compile",
      "line": 1433,
      "method": "compile",
      "native": false
    },
    {
      "column": 30,
      "file": "/home/ditsdev152/.nvm/versions/node/v20.12.0/lib/node_modules/ts-node/src/index.ts",
      "function": "Module.m._compile",
      "line": 1617,
      "method": "_compile",
      "native": false
    },
    {
      "column": 10,
      "file": "node:internal/modules/cjs/loader",
      "function": "Module._extensions..js",
      "line": 1427,
      "method": ".js",
      "native": false
    },
    {
      "column": 12,
      "file": "/home/ditsdev152/.nvm/versions/node/v20.12.0/lib/node_modules/ts-node/src/index.ts",
      "function": "Object.require.extensions.<computed> [as .ts]",
      "line": 1621,
      "method": "ts]",
      "native": false
    },
    {
      "column": 32,
      "file": "node:internal/modules/cjs/loader",
      "function": "Module.load",
      "line": 1206,
      "method": "load",
      "native": false
    },
    {
      "column": 12,
      "file": "node:internal/modules/cjs/loader",
      "function": "Module._load",
      "line": 1022,
      "method": "_load",
      "native": false
    },
    {
      "column": 19,
      "file": "node:internal/modules/cjs/loader",
      "function": "Module.require",
      "line": 1231,
      "method": "require",
      "native": false
    }
  ]
}
2024-04-25 11:41:46 - f5cd9d6a-795a-40f0-add5-90c792171d4a - error: uncaughtException: тип Unable to compile TypeScript:
[96msrc/validations/validation.ts[0m:[93m31[0m:[93m7[0m - [91merror[0m[90m TS2552: [0mCannot find name 'error'. Did you mean 'Error'?

[7m31[0m   if (error) {
[7m  [0m [91m      ~~~~~[0m

  [96mnode_modules/typescript/lib/lib.es5.d.ts[0m:[93m1087[0m:[93m13[0m
    [7m1087[0m declare var Error: ErrorConstructor;
    [7m    [0m [96m            ~~~~~[0m
    'Error' is declared here.
[96msrc/validations/validation.ts[0m:[93m32[0m:[93m45[0m - [91merror[0m[90m TS2552: [0mCannot find name 'error'. Did you mean 'Error'?

[7m32[0m     res.status(400).json({ validationError: error.details[0].message });
[7m  [0m [91m                                            ~~~~~[0m

  [96mnode_modules/typescript/lib/lib.es5.d.ts[0m:[93m1087[0m:[93m13[0m
    [7m1087[0m declare var Error: ErrorConstructor;
    [7m    [0m [96m            ~~~~~[0m
    'Error' is declared here.

TSError: тип Unable to compile TypeScript:
[96msrc/validations/validation.ts[0m:[93m31[0m:[93m7[0m - [91merror[0m[90m TS2552: [0mCannot find name 'error'. Did you mean 'Error'?

[7m31[0m   if (error) {
[7m  [0m [91m      ~~~~~[0m

  [96mnode_modules/typescript/lib/lib.es5.d.ts[0m:[93m1087[0m:[93m13[0m
    [7m1087[0m declare var Error: ErrorConstructor;
    [7m    [0m [96m            ~~~~~[0m
    'Error' is declared here.
[96msrc/validations/validation.ts[0m:[93m32[0m:[93m45[0m - [91merror[0m[90m TS2552: [0mCannot find name 'error'. Did you mean 'Error'?

[7m32[0m     res.status(400).json({ validationError: error.details[0].message });
[7m  [0m [91m                                            ~~~~~[0m

  [96mnode_modules/typescript/lib/lib.es5.d.ts[0m:[93m1087[0m:[93m13[0m
    [7m1087[0m declare var Error: ErrorConstructor;
    [7m    [0m [96m            ~~~~~[0m
    'Error' is declared here.

    at createTSError (/home/ditsdev152/.nvm/versions/node/v20.12.0/lib/node_modules/ts-node/src/index.ts:859:12)
    at reportTSError (/home/ditsdev152/.nvm/versions/node/v20.12.0/lib/node_modules/ts-node/src/index.ts:863:19)
    at getOutput (/home/ditsdev152/.nvm/versions/node/v20.12.0/lib/node_modules/ts-node/src/index.ts:1077:36)
    at Object.compile (/home/ditsdev152/.nvm/versions/node/v20.12.0/lib/node_modules/ts-node/src/index.ts:1433:41)
    at Module.m._compile (/home/ditsdev152/.nvm/versions/node/v20.12.0/lib/node_modules/ts-node/src/index.ts:1617:30)
    at Module._extensions..js (node:internal/modules/cjs/loader:1427:10)
    at Object.require.extensions.<computed> [as .ts] (/home/ditsdev152/.nvm/versions/node/v20.12.0/lib/node_modules/ts-node/src/index.ts:1621:12)
    at Module.load (node:internal/modules/cjs/loader:1206:32)
    at Function.Module._load (node:internal/modules/cjs/loader:1022:12)
    at Module.require (node:internal/modules/cjs/loader:1231:19) {
  "error": {
    "diagnosticCodes": [
      2552,
      2552
    ]
  },
  "stack": "TSError: тип Unable to compile TypeScript:\n\u001b[96msrc/validations/validation.ts\u001b[0m:\u001b[93m31\u001b[0m:\u001b[93m7\u001b[0m - \u001b[91merror\u001b[0m\u001b[90m TS2552: \u001b[0mCannot find name 'error'. Did you mean 'Error'?\n\n\u001b[7m31\u001b[0m   if (error) {\n\u001b[7m  \u001b[0m \u001b[91m      ~~~~~\u001b[0m\n\n  \u001b[96mnode_modules/typescript/lib/lib.es5.d.ts\u001b[0m:\u001b[93m1087\u001b[0m:\u001b[93m13\u001b[0m\n    \u001b[7m1087\u001b[0m declare var Error: ErrorConstructor;\n    \u001b[7m    \u001b[0m \u001b[96m            ~~~~~\u001b[0m\n    'Error' is declared here.\n\u001b[96msrc/validations/validation.ts\u001b[0m:\u001b[93m32\u001b[0m:\u001b[93m45\u001b[0m - \u001b[91merror\u001b[0m\u001b[90m TS2552: \u001b[0mCannot find name 'error'. Did you mean 'Error'?\n\n\u001b[7m32\u001b[0m     res.status(400).json({ validationError: error.details[0].message });\n\u001b[7m  \u001b[0m \u001b[91m                                            ~~~~~\u001b[0m\n\n  \u001b[96mnode_modules/typescript/lib/lib.es5.d.ts\u001b[0m:\u001b[93m1087\u001b[0m:\u001b[93m13\u001b[0m\n    \u001b[7m1087\u001b[0m declare var Error: ErrorConstructor;\n    \u001b[7m    \u001b[0m \u001b[96m            ~~~~~\u001b[0m\n    'Error' is declared here.\n\n    at createTSError (/home/ditsdev152/.nvm/versions/node/v20.12.0/lib/node_modules/ts-node/src/index.ts:859:12)\n    at reportTSError (/home/ditsdev152/.nvm/versions/node/v20.12.0/lib/node_modules/ts-node/src/index.ts:863:19)\n    at getOutput (/home/ditsdev152/.nvm/versions/node/v20.12.0/lib/node_modules/ts-node/src/index.ts:1077:36)\n    at Object.compile (/home/ditsdev152/.nvm/versions/node/v20.12.0/lib/node_modules/ts-node/src/index.ts:1433:41)\n    at Module.m._compile (/home/ditsdev152/.nvm/versions/node/v20.12.0/lib/node_modules/ts-node/src/index.ts:1617:30)\n    at Module._extensions..js (node:internal/modules/cjs/loader:1427:10)\n    at Object.require.extensions.<computed> [as .ts] (/home/ditsdev152/.nvm/versions/node/v20.12.0/lib/node_modules/ts-node/src/index.ts:1621:12)\n    at Module.load (node:internal/modules/cjs/loader:1206:32)\n    at Function.Module._load (node:internal/modules/cjs/loader:1022:12)\n    at Module.require (node:internal/modules/cjs/loader:1231:19)",
  "exception": true,
  "date": "Thu Apr 25 2024 17:11:46 GMT+0530 (India Standard Time)",
  "process": {
    "pid": 58376,
    "uid": 1000,
    "gid": 1000,
    "cwd": "/home/ditsdev152/Desktop/cab-booking/users",
    "execPath": "/home/ditsdev152/.nvm/versions/node/v20.12.0/bin/node",
    "version": "v20.12.0",
    "argv": [
      "/home/ditsdev152/.nvm/versions/node/v20.12.0/bin/ts-node",
      "/home/ditsdev152/Desktop/cab-booking/users/index.ts"
    ],
    "memoryUsage": {
      "rss": 277213184,
      "heapTotal": 197435392,
      "heapUsed": 167387728,
      "external": 6506852,
      "arrayBuffers": 3631152
    }
  },
  "os": {
    "loadavg": [
      0.79,
      0.96,
      0.95
    ],
    "uptime": 26817.16
  },
  "trace": [
    {
      "column": 12,
      "file": "/home/ditsdev152/.nvm/versions/node/v20.12.0/lib/node_modules/ts-node/src/index.ts",
      "function": "createTSError",
      "line": 859,
      "method": null,
      "native": false
    },
    {
      "column": 19,
      "file": "/home/ditsdev152/.nvm/versions/node/v20.12.0/lib/node_modules/ts-node/src/index.ts",
      "function": "reportTSError",
      "line": 863,
      "method": null,
      "native": false
    },
    {
      "column": 36,
      "file": "/home/ditsdev152/.nvm/versions/node/v20.12.0/lib/node_modules/ts-node/src/index.ts",
      "function": "getOutput",
      "line": 1077,
      "method": null,
      "native": false
    },
    {
      "column": 41,
      "file": "/home/ditsdev152/.nvm/versions/node/v20.12.0/lib/node_modules/ts-node/src/index.ts",
      "function": "Object.compile",
      "line": 1433,
      "method": "compile",
      "native": false
    },
    {
      "column": 30,
      "file": "/home/ditsdev152/.nvm/versions/node/v20.12.0/lib/node_modules/ts-node/src/index.ts",
      "function": "Module.m._compile",
      "line": 1617,
      "method": "_compile",
      "native": false
    },
    {
      "column": 10,
      "file": "node:internal/modules/cjs/loader",
      "function": "Module._extensions..js",
      "line": 1427,
      "method": ".js",
      "native": false
    },
    {
      "column": 12,
      "file": "/home/ditsdev152/.nvm/versions/node/v20.12.0/lib/node_modules/ts-node/src/index.ts",
      "function": "Object.require.extensions.<computed> [as .ts]",
      "line": 1621,
      "method": "ts]",
      "native": false
    },
    {
      "column": 32,
      "file": "node:internal/modules/cjs/loader",
      "function": "Module.load",
      "line": 1206,
      "method": "load",
      "native": false
    },
    {
      "column": 12,
      "file": "node:internal/modules/cjs/loader",
      "function": "Module._load",
      "line": 1022,
      "method": "_load",
      "native": false
    },
    {
      "column": 19,
      "file": "node:internal/modules/cjs/loader",
      "function": "Module.require",
      "line": 1231,
      "method": "require",
      "native": false
    }
  ]
}
2024-04-25 12:47:30 - f6944402-78f6-4003-90c3-af1f61ad6ea8 - error: uncaughtException: listen EADDRINUSE: address already in use :::3000
Error: listen EADDRINUSE: address already in use :::3000
    at Server.setupListenHandle (node:net:1897:16)
    at Server._listen2 (/home/ditsdev152/Desktop/cab-booking/users/node_modules/async-listener/index.js:97:23)
    at listenInCluster (node:net:1945:12)
    at Server.listen (node:net:2037:7)
    at Function.listen (/home/ditsdev152/Desktop/cab-booking/users/node_modules/express/lib/application.js:635:24)
    at Object.<anonymous> (/home/ditsdev152/Desktop/cab-booking/users/index.ts:43:5)
    at Module._compile (node:internal/modules/cjs/loader:1369:14)
    at Module.m._compile (/home/ditsdev152/.nvm/versions/node/v20.12.0/lib/node_modules/ts-node/src/index.ts:1618:23)
    at Module._extensions..js (node:internal/modules/cjs/loader:1427:10)
    at Object.require.extensions.<computed> [as .ts] (/home/ditsdev152/.nvm/versions/node/v20.12.0/lib/node_modules/ts-node/src/index.ts:1621:12) {
  "error": {
    "code": "EADDRINUSE",
    "errno": -98,
    "syscall": "listen",
    "address": "::",
    "port": 3000
  },
  "stack": "Error: listen EADDRINUSE: address already in use :::3000\n    at Server.setupListenHandle (node:net:1897:16)\n    at Server._listen2 (/home/ditsdev152/Desktop/cab-booking/users/node_modules/async-listener/index.js:97:23)\n    at listenInCluster (node:net:1945:12)\n    at Server.listen (node:net:2037:7)\n    at Function.listen (/home/ditsdev152/Desktop/cab-booking/users/node_modules/express/lib/application.js:635:24)\n    at Object.<anonymous> (/home/ditsdev152/Desktop/cab-booking/users/index.ts:43:5)\n    at Module._compile (node:internal/modules/cjs/loader:1369:14)\n    at Module.m._compile (/home/ditsdev152/.nvm/versions/node/v20.12.0/lib/node_modules/ts-node/src/index.ts:1618:23)\n    at Module._extensions..js (node:internal/modules/cjs/loader:1427:10)\n    at Object.require.extensions.<computed> [as .ts] (/home/ditsdev152/.nvm/versions/node/v20.12.0/lib/node_modules/ts-node/src/index.ts:1621:12)",
  "exception": true,
  "date": "Thu Apr 25 2024 18:17:30 GMT+0530 (India Standard Time)",
  "process": {
    "pid": 67725,
    "uid": 1000,
    "gid": 1000,
    "cwd": "/home/ditsdev152/Desktop/cab-booking/users",
    "execPath": "/home/ditsdev152/.nvm/versions/node/v20.12.0/bin/node",
    "version": "v20.12.0",
    "argv": [
      "/home/ditsdev152/.nvm/versions/node/v20.12.0/bin/ts-node",
      "/home/ditsdev152/Desktop/cab-booking/users/index.ts"
    ],
    "memoryUsage": {
      "rss": 284377088,
      "heapTotal": 201105408,
      "heapUsed": 172126664,
      "external": 6562881,
      "arrayBuffers": 3668690
    }
  },
  "os": {
    "loadavg": [
      1.38,
      1.25,
      1.28
    ],
    "uptime": 30760.72
  },
  "trace": [
    {
      "column": 16,
      "file": "node:net",
      "function": "Server.setupListenHandle",
      "line": 1897,
      "method": "setupListenHandle",
      "native": false
    },
    {
      "column": 23,
      "file": "/home/ditsdev152/Desktop/cab-booking/users/node_modules/async-listener/index.js",
      "function": "Server._listen2",
      "line": 97,
      "method": "_listen2",
      "native": false
    },
    {
      "column": 12,
      "file": "node:net",
      "function": "listenInCluster",
      "line": 1945,
      "method": null,
      "native": false
    },
    {
      "column": 7,
      "file": "node:net",
      "function": "Server.listen",
      "line": 2037,
      "method": "listen",
      "native": false
    },
    {
      "column": 24,
      "file": "/home/ditsdev152/Desktop/cab-booking/users/node_modules/express/lib/application.js",
      "function": "Function.listen",
      "line": 635,
      "method": "listen",
      "native": false
    },
    {
      "column": 5,
      "file": "/home/ditsdev152/Desktop/cab-booking/users/index.ts",
      "function": null,
      "line": 43,
      "method": null,
      "native": false
    },
    {
      "column": 14,
      "file": "node:internal/modules/cjs/loader",
      "function": "Module._compile",
      "line": 1369,
      "method": "_compile",
      "native": false
    },
    {
      "column": 23,
      "file": "/home/ditsdev152/.nvm/versions/node/v20.12.0/lib/node_modules/ts-node/src/index.ts",
      "function": "Module.m._compile",
      "line": 1618,
      "method": "_compile",
      "native": false
    },
    {
      "column": 10,
      "file": "node:internal/modules/cjs/loader",
      "function": "Module._extensions..js",
      "line": 1427,
      "method": ".js",
      "native": false
    },
    {
      "column": 12,
      "file": "/home/ditsdev152/.nvm/versions/node/v20.12.0/lib/node_modules/ts-node/src/index.ts",
      "function": "Object.require.extensions.<computed> [as .ts]",
      "line": 1621,
      "method": "ts]",
      "native": false
    }
  ]
}
