2024-04-16 19:16:00 - d73b69d9-296f-4226-acd7-c25eeff86122 - error: Missing where or truncate attribute in the options parameter of model.destroy. 
2024-04-16 19:16:00 - 529998bf-2ef6-4456-b036-2a76e76d2888 - error: userDelete userController Error @ Error: 	Missing where or truncate attribute in the options parameter of model.destroy. 
2024-04-16 19:16:59 - 79f06e79-7af9-4521-97a1-9ae223f1e35e - error: Missing where or truncate attribute in the options parameter of model.destroy. 
2024-04-16 19:16:59 - 1831ea55-ef7a-4b7d-8745-59e594bd315d - error: userDelete userController Error @ Error: 	Missing where or truncate attribute in the options parameter of model.destroy. 
2024-04-16 19:17:01 - 56ceaa62-278c-49f2-9bfb-e152bc3b9083 - error: Missing where or truncate attribute in the options parameter of model.destroy. 
2024-04-16 19:17:01 - 0c30c67a-ab8e-4a27-8878-7f60a5ff20d4 - error: userDelete userController Error @ Error: 	Missing where or truncate attribute in the options parameter of model.destroy. 
2024-04-16 19:22:20 - 3ee240a7-1ea0-4579-b230-364af5966bf5 - error: Missing where or truncate attribute in the options parameter of model.destroy. 
2024-04-16 19:22:20 - f6cf80da-966a-4787-9685-c70489337e9a - error: userDelete userController Error @ Error: 	Missing where or truncate attribute in the options parameter of model.destroy. 
2024-04-16 19:22:22 - e3ae5557-437b-4600-bcf7-464385ddb295 - error: Missing where or truncate attribute in the options parameter of model.destroy. 
2024-04-16 19:22:22 - 40ee42d5-b733-49c9-b2a2-b9d2dd828e97 - error: userDelete userController Error @ Error: 	Missing where or truncate attribute in the options parameter of model.destroy. 
2024-04-16 19:22:23 - 9617335e-48a0-41d5-bcb4-3e35e6c5b8ae - error: Missing where or truncate attribute in the options parameter of model.destroy. 
2024-04-16 19:22:23 - 27be9232-e8e5-4448-aba9-ba72e89ae510 - error: userDelete userController Error @ Error: 	Missing where or truncate attribute in the options parameter of model.destroy. 
2024-04-16 19:22:24 - 76c5ab0e-9729-4635-beb3-132c07e364a6 - error: Missing where or truncate attribute in the options parameter of model.destroy. 
2024-04-16 19:22:24 - 0251b481-6146-48e8-b93d-f294c6862f25 - error: userDelete userController Error @ Error: 	Missing where or truncate attribute in the options parameter of model.destroy. 
2024-04-17 06:43:50 - b3f34b99-32ab-42fe-a995-0cd1fd1877c2 - error: uncaughtException: тип Unable to compile TypeScript:
[96msrc/model/user/userSchema.ts[0m:[93m62[0m:[93m9[0m - [91merror[0m[90m TS2353: [0mObject literal may only specify known properties, and 'default' does not exist in type 'AbstractDataTypeConstructor | AbstractDataType | ModelAttributeColumnOptions<user>'.

[7m62[0m         default:false
[7m  [0m [91m        ~~~~~~~[0m

  [96msrc/utils/interfaces/userInterface.ts[0m:[93m13[0m:[93m5[0m
    [7m13[0m     isDeleted?:boolean,
    [7m  [0m [96m    ~~~~~~~~~[0m
    The expected type comes from property 'isDeleted' which is declared here on type 'ModelAttributes<user, Optional<User, never>>'
[96msrc/model/user/userSchema.ts[0m:[93m62[0m:[93m9[0m - [91merror[0m[90m TS1005: [0m',' expected.

[7m62[0m         default:false
[7m  [0m [91m        ~~~~~~~[0m

TSError: тип Unable to compile TypeScript:
[96msrc/model/user/userSchema.ts[0m:[93m62[0m:[93m9[0m - [91merror[0m[90m TS2353: [0mObject literal may only specify known properties, and 'default' does not exist in type 'AbstractDataTypeConstructor | AbstractDataType | ModelAttributeColumnOptions<user>'.

[7m62[0m         default:false
[7m  [0m [91m        ~~~~~~~[0m

  [96msrc/utils/interfaces/userInterface.ts[0m:[93m13[0m:[93m5[0m
    [7m13[0m     isDeleted?:boolean,
    [7m  [0m [96m    ~~~~~~~~~[0m
    The expected type comes from property 'isDeleted' which is declared here on type 'ModelAttributes<user, Optional<User, never>>'
[96msrc/model/user/userSchema.ts[0m:[93m62[0m:[93m9[0m - [91merror[0m[90m TS1005: [0m',' expected.

[7m62[0m         default:false
[7m  [0m [91m        ~~~~~~~[0m

    at createTSError (/home/ditsdev152/.nvm/versions/node/v20.12.0/lib/node_modules/ts-node/src/index.ts:859:12)
    at reportTSError (/home/ditsdev152/.nvm/versions/node/v20.12.0/lib/node_modules/ts-node/src/index.ts:863:19)
    at getOutput (/home/ditsdev152/.nvm/versions/node/v20.12.0/lib/node_modules/ts-node/src/index.ts:1077:36)
    at Object.compile (/home/ditsdev152/.nvm/versions/node/v20.12.0/lib/node_modules/ts-node/src/index.ts:1433:41)
    at Module.m._compile (/home/ditsdev152/.nvm/versions/node/v20.12.0/lib/node_modules/ts-node/src/index.ts:1617:30)
    at Module._extensions..js (node:internal/modules/cjs/loader:1427:10)
    at Object.require.extensions.<computed> [as .ts] (/home/ditsdev152/.nvm/versions/node/v20.12.0/lib/node_modules/ts-node/src/index.ts:1621:12)
    at Module.load (node:internal/modules/cjs/loader:1206:32)
    at Function.Module._load (node:internal/modules/cjs/loader:1022:12)
    at Module.require (node:internal/modules/cjs/loader:1231:19) {
  "error": {
    "diagnosticCodes": [
      2353,
      1005
    ]
  },
  "stack": "TSError: тип Unable to compile TypeScript:\n\u001b[96msrc/model/user/userSchema.ts\u001b[0m:\u001b[93m62\u001b[0m:\u001b[93m9\u001b[0m - \u001b[91merror\u001b[0m\u001b[90m TS2353: \u001b[0mObject literal may only specify known properties, and 'default' does not exist in type 'AbstractDataTypeConstructor | AbstractDataType | ModelAttributeColumnOptions<user>'.\n\n\u001b[7m62\u001b[0m         default:false\n\u001b[7m  \u001b[0m \u001b[91m        ~~~~~~~\u001b[0m\n\n  \u001b[96msrc/utils/interfaces/userInterface.ts\u001b[0m:\u001b[93m13\u001b[0m:\u001b[93m5\u001b[0m\n    \u001b[7m13\u001b[0m     isDeleted?:boolean,\n    \u001b[7m  \u001b[0m \u001b[96m    ~~~~~~~~~\u001b[0m\n    The expected type comes from property 'isDeleted' which is declared here on type 'ModelAttributes<user, Optional<User, never>>'\n\u001b[96msrc/model/user/userSchema.ts\u001b[0m:\u001b[93m62\u001b[0m:\u001b[93m9\u001b[0m - \u001b[91merror\u001b[0m\u001b[90m TS1005: \u001b[0m',' expected.\n\n\u001b[7m62\u001b[0m         default:false\n\u001b[7m  \u001b[0m \u001b[91m        ~~~~~~~\u001b[0m\n\n    at createTSError (/home/ditsdev152/.nvm/versions/node/v20.12.0/lib/node_modules/ts-node/src/index.ts:859:12)\n    at reportTSError (/home/ditsdev152/.nvm/versions/node/v20.12.0/lib/node_modules/ts-node/src/index.ts:863:19)\n    at getOutput (/home/ditsdev152/.nvm/versions/node/v20.12.0/lib/node_modules/ts-node/src/index.ts:1077:36)\n    at Object.compile (/home/ditsdev152/.nvm/versions/node/v20.12.0/lib/node_modules/ts-node/src/index.ts:1433:41)\n    at Module.m._compile (/home/ditsdev152/.nvm/versions/node/v20.12.0/lib/node_modules/ts-node/src/index.ts:1617:30)\n    at Module._extensions..js (node:internal/modules/cjs/loader:1427:10)\n    at Object.require.extensions.<computed> [as .ts] (/home/ditsdev152/.nvm/versions/node/v20.12.0/lib/node_modules/ts-node/src/index.ts:1621:12)\n    at Module.load (node:internal/modules/cjs/loader:1206:32)\n    at Function.Module._load (node:internal/modules/cjs/loader:1022:12)\n    at Module.require (node:internal/modules/cjs/loader:1231:19)",
  "exception": true,
  "date": "Wed Apr 17 2024 12:13:50 GMT+0530 (India Standard Time)",
  "process": {
    "pid": 23289,
    "uid": 1000,
    "gid": 1000,
    "cwd": "/home/ditsdev152/Desktop/cab booking/users",
    "execPath": "/home/ditsdev152/.nvm/versions/node/v20.12.0/bin/node",
    "version": "v20.12.0",
    "argv": [
      "/home/ditsdev152/.nvm/versions/node/v20.12.0/bin/ts-node",
      "/home/ditsdev152/Desktop/cab booking/users/index.ts"
    ],
    "memoryUsage": {
      "rss": 242814976,
      "heapTotal": 164552704,
      "heapUsed": 135180968,
      "external": 5322985,
      "arrayBuffers": 2444017
    }
  },
  "os": {
    "loadavg": [
      1.05,
      0.87,
      0.75
    ],
    "uptime": 7985.56
  },
  "trace": [
    {
      "column": 12,
      "file": "/home/ditsdev152/.nvm/versions/node/v20.12.0/lib/node_modules/ts-node/src/index.ts",
      "function": "createTSError",
      "line": 859,
      "method": null,
      "native": false
    },
    {
      "column": 19,
      "file": "/home/ditsdev152/.nvm/versions/node/v20.12.0/lib/node_modules/ts-node/src/index.ts",
      "function": "reportTSError",
      "line": 863,
      "method": null,
      "native": false
    },
    {
      "column": 36,
      "file": "/home/ditsdev152/.nvm/versions/node/v20.12.0/lib/node_modules/ts-node/src/index.ts",
      "function": "getOutput",
      "line": 1077,
      "method": null,
      "native": false
    },
    {
      "column": 41,
      "file": "/home/ditsdev152/.nvm/versions/node/v20.12.0/lib/node_modules/ts-node/src/index.ts",
      "function": "Object.compile",
      "line": 1433,
      "method": "compile",
      "native": false
    },
    {
      "column": 30,
      "file": "/home/ditsdev152/.nvm/versions/node/v20.12.0/lib/node_modules/ts-node/src/index.ts",
      "function": "Module.m._compile",
      "line": 1617,
      "method": "_compile",
      "native": false
    },
    {
      "column": 10,
      "file": "node:internal/modules/cjs/loader",
      "function": "Module._extensions..js",
      "line": 1427,
      "method": ".js",
      "native": false
    },
    {
      "column": 12,
      "file": "/home/ditsdev152/.nvm/versions/node/v20.12.0/lib/node_modules/ts-node/src/index.ts",
      "function": "Object.require.extensions.<computed> [as .ts]",
      "line": 1621,
      "method": "ts]",
      "native": false
    },
    {
      "column": 32,
      "file": "node:internal/modules/cjs/loader",
      "function": "Module.load",
      "line": 1206,
      "method": "load",
      "native": false
    },
    {
      "column": 12,
      "file": "node:internal/modules/cjs/loader",
      "function": "Module._load",
      "line": 1022,
      "method": "_load",
      "native": false
    },
    {
      "column": 19,
      "file": "node:internal/modules/cjs/loader",
      "function": "Module.require",
      "line": 1231,
      "method": "require",
      "native": false
    }
  ]
}
2024-04-17 06:44:32 - 8c2b5ee5-507a-4d43-bd6f-da3c19f8bb45 - error: uncaughtException: тип Unable to compile TypeScript:
[96msrc/model/user/userSchema.ts[0m:[93m62[0m:[93m9[0m - [91merror[0m[90m TS2353: [0mObject literal may only specify known properties, and 'default' does not exist in type 'AbstractDataTypeConstructor | AbstractDataType | ModelAttributeColumnOptions<user>'.

[7m62[0m         default:false
[7m  [0m [91m        ~~~~~~~[0m

  [96msrc/utils/interfaces/userInterface.ts[0m:[93m13[0m:[93m5[0m
    [7m13[0m     isDeleted?:boolean,
    [7m  [0m [96m    ~~~~~~~~~[0m
    The expected type comes from property 'isDeleted' which is declared here on type 'ModelAttributes<user, Optional<User, never>>'

TSError: тип Unable to compile TypeScript:
[96msrc/model/user/userSchema.ts[0m:[93m62[0m:[93m9[0m - [91merror[0m[90m TS2353: [0mObject literal may only specify known properties, and 'default' does not exist in type 'AbstractDataTypeConstructor | AbstractDataType | ModelAttributeColumnOptions<user>'.

[7m62[0m         default:false
[7m  [0m [91m        ~~~~~~~[0m

  [96msrc/utils/interfaces/userInterface.ts[0m:[93m13[0m:[93m5[0m
    [7m13[0m     isDeleted?:boolean,
    [7m  [0m [96m    ~~~~~~~~~[0m
    The expected type comes from property 'isDeleted' which is declared here on type 'ModelAttributes<user, Optional<User, never>>'

    at createTSError (/home/ditsdev152/.nvm/versions/node/v20.12.0/lib/node_modules/ts-node/src/index.ts:859:12)
    at reportTSError (/home/ditsdev152/.nvm/versions/node/v20.12.0/lib/node_modules/ts-node/src/index.ts:863:19)
    at getOutput (/home/ditsdev152/.nvm/versions/node/v20.12.0/lib/node_modules/ts-node/src/index.ts:1077:36)
    at Object.compile (/home/ditsdev152/.nvm/versions/node/v20.12.0/lib/node_modules/ts-node/src/index.ts:1433:41)
    at Module.m._compile (/home/ditsdev152/.nvm/versions/node/v20.12.0/lib/node_modules/ts-node/src/index.ts:1617:30)
    at Module._extensions..js (node:internal/modules/cjs/loader:1427:10)
    at Object.require.extensions.<computed> [as .ts] (/home/ditsdev152/.nvm/versions/node/v20.12.0/lib/node_modules/ts-node/src/index.ts:1621:12)
    at Module.load (node:internal/modules/cjs/loader:1206:32)
    at Function.Module._load (node:internal/modules/cjs/loader:1022:12)
    at Module.require (node:internal/modules/cjs/loader:1231:19) {
  "error": {
    "diagnosticCodes": [
      2353
    ]
  },
  "stack": "TSError: тип Unable to compile TypeScript:\n\u001b[96msrc/model/user/userSchema.ts\u001b[0m:\u001b[93m62\u001b[0m:\u001b[93m9\u001b[0m - \u001b[91merror\u001b[0m\u001b[90m TS2353: \u001b[0mObject literal may only specify known properties, and 'default' does not exist in type 'AbstractDataTypeConstructor | AbstractDataType | ModelAttributeColumnOptions<user>'.\n\n\u001b[7m62\u001b[0m         default:false\n\u001b[7m  \u001b[0m \u001b[91m        ~~~~~~~\u001b[0m\n\n  \u001b[96msrc/utils/interfaces/userInterface.ts\u001b[0m:\u001b[93m13\u001b[0m:\u001b[93m5\u001b[0m\n    \u001b[7m13\u001b[0m     isDeleted?:boolean,\n    \u001b[7m  \u001b[0m \u001b[96m    ~~~~~~~~~\u001b[0m\n    The expected type comes from property 'isDeleted' which is declared here on type 'ModelAttributes<user, Optional<User, never>>'\n\n    at createTSError (/home/ditsdev152/.nvm/versions/node/v20.12.0/lib/node_modules/ts-node/src/index.ts:859:12)\n    at reportTSError (/home/ditsdev152/.nvm/versions/node/v20.12.0/lib/node_modules/ts-node/src/index.ts:863:19)\n    at getOutput (/home/ditsdev152/.nvm/versions/node/v20.12.0/lib/node_modules/ts-node/src/index.ts:1077:36)\n    at Object.compile (/home/ditsdev152/.nvm/versions/node/v20.12.0/lib/node_modules/ts-node/src/index.ts:1433:41)\n    at Module.m._compile (/home/ditsdev152/.nvm/versions/node/v20.12.0/lib/node_modules/ts-node/src/index.ts:1617:30)\n    at Module._extensions..js (node:internal/modules/cjs/loader:1427:10)\n    at Object.require.extensions.<computed> [as .ts] (/home/ditsdev152/.nvm/versions/node/v20.12.0/lib/node_modules/ts-node/src/index.ts:1621:12)\n    at Module.load (node:internal/modules/cjs/loader:1206:32)\n    at Function.Module._load (node:internal/modules/cjs/loader:1022:12)\n    at Module.require (node:internal/modules/cjs/loader:1231:19)",
  "exception": true,
  "date": "Wed Apr 17 2024 12:14:32 GMT+0530 (India Standard Time)",
  "process": {
    "pid": 23616,
    "uid": 1000,
    "gid": 1000,
    "cwd": "/home/ditsdev152/Desktop/cab booking/users",
    "execPath": "/home/ditsdev152/.nvm/versions/node/v20.12.0/bin/node",
    "version": "v20.12.0",
    "argv": [
      "/home/ditsdev152/.nvm/versions/node/v20.12.0/bin/ts-node",
      "/home/ditsdev152/Desktop/cab booking/users/index.ts"
    ],
    "memoryUsage": {
      "rss": 241954816,
      "heapTotal": 164552704,
      "heapUsed": 135472928,
      "external": 5253111,
      "arrayBuffers": 2374143
    }
  },
  "os": {
    "loadavg": [
      1.18,
      0.94,
      0.78
    ],
    "uptime": 8027.73
  },
  "trace": [
    {
      "column": 12,
      "file": "/home/ditsdev152/.nvm/versions/node/v20.12.0/lib/node_modules/ts-node/src/index.ts",
      "function": "createTSError",
      "line": 859,
      "method": null,
      "native": false
    },
    {
      "column": 19,
      "file": "/home/ditsdev152/.nvm/versions/node/v20.12.0/lib/node_modules/ts-node/src/index.ts",
      "function": "reportTSError",
      "line": 863,
      "method": null,
      "native": false
    },
    {
      "column": 36,
      "file": "/home/ditsdev152/.nvm/versions/node/v20.12.0/lib/node_modules/ts-node/src/index.ts",
      "function": "getOutput",
      "line": 1077,
      "method": null,
      "native": false
    },
    {
      "column": 41,
      "file": "/home/ditsdev152/.nvm/versions/node/v20.12.0/lib/node_modules/ts-node/src/index.ts",
      "function": "Object.compile",
      "line": 1433,
      "method": "compile",
      "native": false
    },
    {
      "column": 30,
      "file": "/home/ditsdev152/.nvm/versions/node/v20.12.0/lib/node_modules/ts-node/src/index.ts",
      "function": "Module.m._compile",
      "line": 1617,
      "method": "_compile",
      "native": false
    },
    {
      "column": 10,
      "file": "node:internal/modules/cjs/loader",
      "function": "Module._extensions..js",
      "line": 1427,
      "method": ".js",
      "native": false
    },
    {
      "column": 12,
      "file": "/home/ditsdev152/.nvm/versions/node/v20.12.0/lib/node_modules/ts-node/src/index.ts",
      "function": "Object.require.extensions.<computed> [as .ts]",
      "line": 1621,
      "method": "ts]",
      "native": false
    },
    {
      "column": 32,
      "file": "node:internal/modules/cjs/loader",
      "function": "Module.load",
      "line": 1206,
      "method": "load",
      "native": false
    },
    {
      "column": 12,
      "file": "node:internal/modules/cjs/loader",
      "function": "Module._load",
      "line": 1022,
      "method": "_load",
      "native": false
    },
    {
      "column": 19,
      "file": "node:internal/modules/cjs/loader",
      "function": "Module.require",
      "line": 1231,
      "method": "require",
      "native": false
    }
  ]
}
2024-04-17 11:37:47 - 305c96cb-5c5c-4608-9db3-3a230e4c7ed1 - error: Out of range value for column 'phoneNo' at row 1 {
  "name": "SequelizeDatabaseError",
  "parent": {
    "code": "ER_WARN_DATA_OUT_OF_RANGE",
    "errno": 1264,
    "sqlState": "22003",
    "sqlMessage": "Out of range value for column 'phoneNo' at row 1",
    "sql": "INSERT INTO `users` (`id`,`firstName`,`lastName`,`email`,`password`,`age`,`phoneNo`,`createdAt`,`updatedAt`,`isDeleted`) VALUES (DEFAULT,?,?,?,?,?,?,?,?,?);",
    "parameters": [
      "dnoodweeeeendondwd",
      "kddddawur",
      "jaspsree@gmail.com",
      "4567uyh",
      21,
      9868865561,
      "2024-04-17 11:37:47",
      "2024-04-17 11:37:47",
      false
    ]
  },
  "original": {
    "code": "ER_WARN_DATA_OUT_OF_RANGE",
    "errno": 1264,
    "sqlState": "22003",
    "sqlMessage": "Out of range value for column 'phoneNo' at row 1",
    "sql": "INSERT INTO `users` (`id`,`firstName`,`lastName`,`email`,`password`,`age`,`phoneNo`,`createdAt`,`updatedAt`,`isDeleted`) VALUES (DEFAULT,?,?,?,?,?,?,?,?,?);",
    "parameters": [
      "dnoodweeeeendondwd",
      "kddddawur",
      "jaspsree@gmail.com",
      "4567uyh",
      21,
      9868865561,
      "2024-04-17 11:37:47",
      "2024-04-17 11:37:47",
      false
    ]
  },
  "sql": "INSERT INTO `users` (`id`,`firstName`,`lastName`,`email`,`password`,`age`,`phoneNo`,`createdAt`,`updatedAt`,`isDeleted`) VALUES (DEFAULT,?,?,?,?,?,?,?,?,?);",
  "parameters": [
    "dnoodweeeeendondwd",
    "kddddawur",
    "jaspsree@gmail.com",
    "4567uyh",
    21,
    9868865561,
    "2024-04-17 11:37:47",
    "2024-04-17 11:37:47",
    false
  ]
}
2024-04-17 11:37:47 - bbbfad55-4889-4a76-b7de-5d0e9cefae2b - error: createUser userController Error @ Error: 	Out of range value for column 'phoneNo' at row 1 
2024-04-17 12:27:05 - 4007a72d-6e7f-4672-a574-bb38c888b572 - error: Incorrect integer value: 'e57749f8-80a8-4806-93ff-02e9222198de' for column `Cab Booking`.`users`.`id` at row 1 {
  "name": "SequelizeDatabaseError",
  "parent": {
    "code": "ER_TRUNCATED_WRONG_VALUE_FOR_FIELD",
    "errno": 1366,
    "sqlState": "22007",
    "sqlMessage": "Incorrect integer value: 'e57749f8-80a8-4806-93ff-02e9222198de' for column `Cab Booking`.`users`.`id` at row 1",
    "sql": "INSERT INTO `users` (`id`,`firstName`,`lastName`,`email`,`password`,`age`,`phoneNo`,`createdAt`,`updatedAt`,`isDeleted`) VALUES (?,?,?,?,?,?,?,?,?,?);",
    "parameters": [
      "e57749f8-80a8-4806-93ff-02e9222198de",
      "abhi",
      "ok",
      "ppff@gmail.com",
      "45e67uyh",
      34,
      886386556,
      "2024-04-17 12:27:05",
      "2024-04-17 12:27:05",
      false
    ]
  },
  "original": {
    "code": "ER_TRUNCATED_WRONG_VALUE_FOR_FIELD",
    "errno": 1366,
    "sqlState": "22007",
    "sqlMessage": "Incorrect integer value: 'e57749f8-80a8-4806-93ff-02e9222198de' for column `Cab Booking`.`users`.`id` at row 1",
    "sql": "INSERT INTO `users` (`id`,`firstName`,`lastName`,`email`,`password`,`age`,`phoneNo`,`createdAt`,`updatedAt`,`isDeleted`) VALUES (?,?,?,?,?,?,?,?,?,?);",
    "parameters": [
      "e57749f8-80a8-4806-93ff-02e9222198de",
      "abhi",
      "ok",
      "ppff@gmail.com",
      "45e67uyh",
      34,
      886386556,
      "2024-04-17 12:27:05",
      "2024-04-17 12:27:05",
      false
    ]
  },
  "sql": "INSERT INTO `users` (`id`,`firstName`,`lastName`,`email`,`password`,`age`,`phoneNo`,`createdAt`,`updatedAt`,`isDeleted`) VALUES (?,?,?,?,?,?,?,?,?,?);",
  "parameters": [
    "e57749f8-80a8-4806-93ff-02e9222198de",
    "abhi",
    "ok",
    "ppff@gmail.com",
    "45e67uyh",
    34,
    886386556,
    "2024-04-17 12:27:05",
    "2024-04-17 12:27:05",
    false
  ]
}
2024-04-17 12:27:05 - 883883de-6d8f-4b6f-980b-ede1f31e28ad - error: createUser userController Error @ Error: 	Incorrect integer value: 'e57749f8-80a8-4806-93ff-02e9222198de' for column `Cab Booking`.`users`.`id` at row 1 
