2024-04-25 10:26:35 - c747f1d0-da6e-4bba-987b-9d29c45b4645 - error: uncaughtException: тип Unable to compile TypeScript:
[96msrc/validations/validation.ts[0m:[93m31[0m:[93m7[0m - [91merror[0m[90m TS2552: [0mCannot find name 'error'. Did you mean 'Error'?

[7m31[0m   if (error) {
[7m  [0m [91m      ~~~~~[0m

  [96mnode_modules/typescript/lib/lib.es5.d.ts[0m:[93m1087[0m:[93m13[0m
    [7m1087[0m declare var Error: ErrorConstructor;
    [7m    [0m [96m            ~~~~~[0m
    'Error' is declared here.
[96msrc/validations/validation.ts[0m:[93m32[0m:[93m45[0m - [91merror[0m[90m TS2552: [0mCannot find name 'error'. Did you mean 'Error'?

[7m32[0m     res.status(400).json({ validationError: error.details[0].message });
[7m  [0m [91m                                            ~~~~~[0m

  [96mnode_modules/typescript/lib/lib.es5.d.ts[0m:[93m1087[0m:[93m13[0m
    [7m1087[0m declare var Error: ErrorConstructor;
    [7m    [0m [96m            ~~~~~[0m
    'Error' is declared here.

TSError: тип Unable to compile TypeScript:
[96msrc/validations/validation.ts[0m:[93m31[0m:[93m7[0m - [91merror[0m[90m TS2552: [0mCannot find name 'error'. Did you mean 'Error'?

[7m31[0m   if (error) {
[7m  [0m [91m      ~~~~~[0m

  [96mnode_modules/typescript/lib/lib.es5.d.ts[0m:[93m1087[0m:[93m13[0m
    [7m1087[0m declare var Error: ErrorConstructor;
    [7m    [0m [96m            ~~~~~[0m
    'Error' is declared here.
[96msrc/validations/validation.ts[0m:[93m32[0m:[93m45[0m - [91merror[0m[90m TS2552: [0mCannot find name 'error'. Did you mean 'Error'?

[7m32[0m     res.status(400).json({ validationError: error.details[0].message });
[7m  [0m [91m                                            ~~~~~[0m

  [96mnode_modules/typescript/lib/lib.es5.d.ts[0m:[93m1087[0m:[93m13[0m
    [7m1087[0m declare var Error: ErrorConstructor;
    [7m    [0m [96m            ~~~~~[0m
    'Error' is declared here.

    at createTSError (/home/ditsdev152/.nvm/versions/node/v20.12.0/lib/node_modules/ts-node/src/index.ts:859:12)
    at reportTSError (/home/ditsdev152/.nvm/versions/node/v20.12.0/lib/node_modules/ts-node/src/index.ts:863:19)
    at getOutput (/home/ditsdev152/.nvm/versions/node/v20.12.0/lib/node_modules/ts-node/src/index.ts:1077:36)
    at Object.compile (/home/ditsdev152/.nvm/versions/node/v20.12.0/lib/node_modules/ts-node/src/index.ts:1433:41)
    at Module.m._compile (/home/ditsdev152/.nvm/versions/node/v20.12.0/lib/node_modules/ts-node/src/index.ts:1617:30)
    at Module._extensions..js (node:internal/modules/cjs/loader:1427:10)
    at Object.require.extensions.<computed> [as .ts] (/home/ditsdev152/.nvm/versions/node/v20.12.0/lib/node_modules/ts-node/src/index.ts:1621:12)
    at Module.load (node:internal/modules/cjs/loader:1206:32)
    at Function.Module._load (node:internal/modules/cjs/loader:1022:12)
    at Module.require (node:internal/modules/cjs/loader:1231:19) {
  "error": {
    "diagnosticCodes": [
      2552,
      2552
    ]
  },
  "stack": "TSError: тип Unable to compile TypeScript:\n\u001b[96msrc/validations/validation.ts\u001b[0m:\u001b[93m31\u001b[0m:\u001b[93m7\u001b[0m - \u001b[91merror\u001b[0m\u001b[90m TS2552: \u001b[0mCannot find name 'error'. Did you mean 'Error'?\n\n\u001b[7m31\u001b[0m   if (error) {\n\u001b[7m  \u001b[0m \u001b[91m      ~~~~~\u001b[0m\n\n  \u001b[96mnode_modules/typescript/lib/lib.es5.d.ts\u001b[0m:\u001b[93m1087\u001b[0m:\u001b[93m13\u001b[0m\n    \u001b[7m1087\u001b[0m declare var Error: ErrorConstructor;\n    \u001b[7m    \u001b[0m \u001b[96m            ~~~~~\u001b[0m\n    'Error' is declared here.\n\u001b[96msrc/validations/validation.ts\u001b[0m:\u001b[93m32\u001b[0m:\u001b[93m45\u001b[0m - \u001b[91merror\u001b[0m\u001b[90m TS2552: \u001b[0mCannot find name 'error'. Did you mean 'Error'?\n\n\u001b[7m32\u001b[0m     res.status(400).json({ validationError: error.details[0].message });\n\u001b[7m  \u001b[0m \u001b[91m                                            ~~~~~\u001b[0m\n\n  \u001b[96mnode_modules/typescript/lib/lib.es5.d.ts\u001b[0m:\u001b[93m1087\u001b[0m:\u001b[93m13\u001b[0m\n    \u001b[7m1087\u001b[0m declare var Error: ErrorConstructor;\n    \u001b[7m    \u001b[0m \u001b[96m            ~~~~~\u001b[0m\n    'Error' is declared here.\n\n    at createTSError (/home/ditsdev152/.nvm/versions/node/v20.12.0/lib/node_modules/ts-node/src/index.ts:859:12)\n    at reportTSError (/home/ditsdev152/.nvm/versions/node/v20.12.0/lib/node_modules/ts-node/src/index.ts:863:19)\n    at getOutput (/home/ditsdev152/.nvm/versions/node/v20.12.0/lib/node_modules/ts-node/src/index.ts:1077:36)\n    at Object.compile (/home/ditsdev152/.nvm/versions/node/v20.12.0/lib/node_modules/ts-node/src/index.ts:1433:41)\n    at Module.m._compile (/home/ditsdev152/.nvm/versions/node/v20.12.0/lib/node_modules/ts-node/src/index.ts:1617:30)\n    at Module._extensions..js (node:internal/modules/cjs/loader:1427:10)\n    at Object.require.extensions.<computed> [as .ts] (/home/ditsdev152/.nvm/versions/node/v20.12.0/lib/node_modules/ts-node/src/index.ts:1621:12)\n    at Module.load (node:internal/modules/cjs/loader:1206:32)\n    at Function.Module._load (node:internal/modules/cjs/loader:1022:12)\n    at Module.require (node:internal/modules/cjs/loader:1231:19)",
  "exception": true,
  "date": "Thu Apr 25 2024 15:56:35 GMT+0530 (India Standard Time)",
  "process": {
    "pid": 42193,
    "uid": 1000,
    "gid": 1000,
    "cwd": "/home/ditsdev152/Desktop/cab-booking/users",
    "execPath": "/home/ditsdev152/.nvm/versions/node/v20.12.0/bin/node",
    "version": "v20.12.0",
    "argv": [
      "/home/ditsdev152/.nvm/versions/node/v20.12.0/bin/ts-node",
      "/home/ditsdev152/Desktop/cab-booking/users/index.ts"
    ],
    "memoryUsage": {
      "rss": 261275648,
      "heapTotal": 183541760,
      "heapUsed": 167904592,
      "external": 6636125,
      "arrayBuffers": 3759439
    }
  },
  "os": {
    "loadavg": [
      3.56,
      3.11,
      2.75
    ],
    "uptime": 22305.77
  },
  "trace": [
    {
      "column": 12,
      "file": "/home/ditsdev152/.nvm/versions/node/v20.12.0/lib/node_modules/ts-node/src/index.ts",
      "function": "createTSError",
      "line": 859,
      "method": null,
      "native": false
    },
    {
      "column": 19,
      "file": "/home/ditsdev152/.nvm/versions/node/v20.12.0/lib/node_modules/ts-node/src/index.ts",
      "function": "reportTSError",
      "line": 863,
      "method": null,
      "native": false
    },
    {
      "column": 36,
      "file": "/home/ditsdev152/.nvm/versions/node/v20.12.0/lib/node_modules/ts-node/src/index.ts",
      "function": "getOutput",
      "line": 1077,
      "method": null,
      "native": false
    },
    {
      "column": 41,
      "file": "/home/ditsdev152/.nvm/versions/node/v20.12.0/lib/node_modules/ts-node/src/index.ts",
      "function": "Object.compile",
      "line": 1433,
      "method": "compile",
      "native": false
    },
    {
      "column": 30,
      "file": "/home/ditsdev152/.nvm/versions/node/v20.12.0/lib/node_modules/ts-node/src/index.ts",
      "function": "Module.m._compile",
      "line": 1617,
      "method": "_compile",
      "native": false
    },
    {
      "column": 10,
      "file": "node:internal/modules/cjs/loader",
      "function": "Module._extensions..js",
      "line": 1427,
      "method": ".js",
      "native": false
    },
    {
      "column": 12,
      "file": "/home/ditsdev152/.nvm/versions/node/v20.12.0/lib/node_modules/ts-node/src/index.ts",
      "function": "Object.require.extensions.<computed> [as .ts]",
      "line": 1621,
      "method": "ts]",
      "native": false
    },
    {
      "column": 32,
      "file": "node:internal/modules/cjs/loader",
      "function": "Module.load",
      "line": 1206,
      "method": "load",
      "native": false
    },
    {
      "column": 12,
      "file": "node:internal/modules/cjs/loader",
      "function": "Module._load",
      "line": 1022,
      "method": "_load",
      "native": false
    },
    {
      "column": 19,
      "file": "node:internal/modules/cjs/loader",
      "function": "Module.require",
      "line": 1231,
      "method": "require",
      "native": false
    }
  ]
}
2024-04-25 10:28:19 - dd89ba7d-dd1e-4ab0-b487-c10b0dee64b4 - error: uncaughtException: тип Unable to compile TypeScript:
[96msrc/validations/validation.ts[0m:[93m31[0m:[93m7[0m - [91merror[0m[90m TS2552: [0mCannot find name 'error'. Did you mean 'Error'?

[7m31[0m   if (error) {
[7m  [0m [91m      ~~~~~[0m

  [96mnode_modules/typescript/lib/lib.es5.d.ts[0m:[93m1087[0m:[93m13[0m
    [7m1087[0m declare var Error: ErrorConstructor;
    [7m    [0m [96m            ~~~~~[0m
    'Error' is declared here.
[96msrc/validations/validation.ts[0m:[93m32[0m:[93m45[0m - [91merror[0m[90m TS2552: [0mCannot find name 'error'. Did you mean 'Error'?

[7m32[0m     res.status(400).json({ validationError: error.details[0].message });
[7m  [0m [91m                                            ~~~~~[0m

  [96mnode_modules/typescript/lib/lib.es5.d.ts[0m:[93m1087[0m:[93m13[0m
    [7m1087[0m declare var Error: ErrorConstructor;
    [7m    [0m [96m            ~~~~~[0m
    'Error' is declared here.

TSError: тип Unable to compile TypeScript:
[96msrc/validations/validation.ts[0m:[93m31[0m:[93m7[0m - [91merror[0m[90m TS2552: [0mCannot find name 'error'. Did you mean 'Error'?

[7m31[0m   if (error) {
[7m  [0m [91m      ~~~~~[0m

  [96mnode_modules/typescript/lib/lib.es5.d.ts[0m:[93m1087[0m:[93m13[0m
    [7m1087[0m declare var Error: ErrorConstructor;
    [7m    [0m [96m            ~~~~~[0m
    'Error' is declared here.
[96msrc/validations/validation.ts[0m:[93m32[0m:[93m45[0m - [91merror[0m[90m TS2552: [0mCannot find name 'error'. Did you mean 'Error'?

[7m32[0m     res.status(400).json({ validationError: error.details[0].message });
[7m  [0m [91m                                            ~~~~~[0m

  [96mnode_modules/typescript/lib/lib.es5.d.ts[0m:[93m1087[0m:[93m13[0m
    [7m1087[0m declare var Error: ErrorConstructor;
    [7m    [0m [96m            ~~~~~[0m
    'Error' is declared here.

    at createTSError (/home/ditsdev152/.nvm/versions/node/v20.12.0/lib/node_modules/ts-node/src/index.ts:859:12)
    at reportTSError (/home/ditsdev152/.nvm/versions/node/v20.12.0/lib/node_modules/ts-node/src/index.ts:863:19)
    at getOutput (/home/ditsdev152/.nvm/versions/node/v20.12.0/lib/node_modules/ts-node/src/index.ts:1077:36)
    at Object.compile (/home/ditsdev152/.nvm/versions/node/v20.12.0/lib/node_modules/ts-node/src/index.ts:1433:41)
    at Module.m._compile (/home/ditsdev152/.nvm/versions/node/v20.12.0/lib/node_modules/ts-node/src/index.ts:1617:30)
    at Module._extensions..js (node:internal/modules/cjs/loader:1427:10)
    at Object.require.extensions.<computed> [as .ts] (/home/ditsdev152/.nvm/versions/node/v20.12.0/lib/node_modules/ts-node/src/index.ts:1621:12)
    at Module.load (node:internal/modules/cjs/loader:1206:32)
    at Function.Module._load (node:internal/modules/cjs/loader:1022:12)
    at Module.require (node:internal/modules/cjs/loader:1231:19) {
  "error": {
    "diagnosticCodes": [
      2552,
      2552
    ]
  },
  "stack": "TSError: тип Unable to compile TypeScript:\n\u001b[96msrc/validations/validation.ts\u001b[0m:\u001b[93m31\u001b[0m:\u001b[93m7\u001b[0m - \u001b[91merror\u001b[0m\u001b[90m TS2552: \u001b[0mCannot find name 'error'. Did you mean 'Error'?\n\n\u001b[7m31\u001b[0m   if (error) {\n\u001b[7m  \u001b[0m \u001b[91m      ~~~~~\u001b[0m\n\n  \u001b[96mnode_modules/typescript/lib/lib.es5.d.ts\u001b[0m:\u001b[93m1087\u001b[0m:\u001b[93m13\u001b[0m\n    \u001b[7m1087\u001b[0m declare var Error: ErrorConstructor;\n    \u001b[7m    \u001b[0m \u001b[96m            ~~~~~\u001b[0m\n    'Error' is declared here.\n\u001b[96msrc/validations/validation.ts\u001b[0m:\u001b[93m32\u001b[0m:\u001b[93m45\u001b[0m - \u001b[91merror\u001b[0m\u001b[90m TS2552: \u001b[0mCannot find name 'error'. Did you mean 'Error'?\n\n\u001b[7m32\u001b[0m     res.status(400).json({ validationError: error.details[0].message });\n\u001b[7m  \u001b[0m \u001b[91m                                            ~~~~~\u001b[0m\n\n  \u001b[96mnode_modules/typescript/lib/lib.es5.d.ts\u001b[0m:\u001b[93m1087\u001b[0m:\u001b[93m13\u001b[0m\n    \u001b[7m1087\u001b[0m declare var Error: ErrorConstructor;\n    \u001b[7m    \u001b[0m \u001b[96m            ~~~~~\u001b[0m\n    'Error' is declared here.\n\n    at createTSError (/home/ditsdev152/.nvm/versions/node/v20.12.0/lib/node_modules/ts-node/src/index.ts:859:12)\n    at reportTSError (/home/ditsdev152/.nvm/versions/node/v20.12.0/lib/node_modules/ts-node/src/index.ts:863:19)\n    at getOutput (/home/ditsdev152/.nvm/versions/node/v20.12.0/lib/node_modules/ts-node/src/index.ts:1077:36)\n    at Object.compile (/home/ditsdev152/.nvm/versions/node/v20.12.0/lib/node_modules/ts-node/src/index.ts:1433:41)\n    at Module.m._compile (/home/ditsdev152/.nvm/versions/node/v20.12.0/lib/node_modules/ts-node/src/index.ts:1617:30)\n    at Module._extensions..js (node:internal/modules/cjs/loader:1427:10)\n    at Object.require.extensions.<computed> [as .ts] (/home/ditsdev152/.nvm/versions/node/v20.12.0/lib/node_modules/ts-node/src/index.ts:1621:12)\n    at Module.load (node:internal/modules/cjs/loader:1206:32)\n    at Function.Module._load (node:internal/modules/cjs/loader:1022:12)\n    at Module.require (node:internal/modules/cjs/loader:1231:19)",
  "exception": true,
  "date": "Thu Apr 25 2024 15:58:19 GMT+0530 (India Standard Time)",
  "process": {
    "pid": 42916,
    "uid": 1000,
    "gid": 1000,
    "cwd": "/home/ditsdev152/Desktop/cab-booking/users",
    "execPath": "/home/ditsdev152/.nvm/versions/node/v20.12.0/bin/node",
    "version": "v20.12.0",
    "argv": [
      "/home/ditsdev152/.nvm/versions/node/v20.12.0/bin/ts-node",
      "/home/ditsdev152/Desktop/cab-booking/users/index.ts"
    ],
    "memoryUsage": {
      "rss": 280064000,
      "heapTotal": 195862528,
      "heapUsed": 175233112,
      "external": 6507919,
      "arrayBuffers": 3631233
    }
  },
  "os": {
    "loadavg": [
      3.39,
      3.1,
      2.78
    ],
    "uptime": 22410.05
  },
  "trace": [
    {
      "column": 12,
      "file": "/home/ditsdev152/.nvm/versions/node/v20.12.0/lib/node_modules/ts-node/src/index.ts",
      "function": "createTSError",
      "line": 859,
      "method": null,
      "native": false
    },
    {
      "column": 19,
      "file": "/home/ditsdev152/.nvm/versions/node/v20.12.0/lib/node_modules/ts-node/src/index.ts",
      "function": "reportTSError",
      "line": 863,
      "method": null,
      "native": false
    },
    {
      "column": 36,
      "file": "/home/ditsdev152/.nvm/versions/node/v20.12.0/lib/node_modules/ts-node/src/index.ts",
      "function": "getOutput",
      "line": 1077,
      "method": null,
      "native": false
    },
    {
      "column": 41,
      "file": "/home/ditsdev152/.nvm/versions/node/v20.12.0/lib/node_modules/ts-node/src/index.ts",
      "function": "Object.compile",
      "line": 1433,
      "method": "compile",
      "native": false
    },
    {
      "column": 30,
      "file": "/home/ditsdev152/.nvm/versions/node/v20.12.0/lib/node_modules/ts-node/src/index.ts",
      "function": "Module.m._compile",
      "line": 1617,
      "method": "_compile",
      "native": false
    },
    {
      "column": 10,
      "file": "node:internal/modules/cjs/loader",
      "function": "Module._extensions..js",
      "line": 1427,
      "method": ".js",
      "native": false
    },
    {
      "column": 12,
      "file": "/home/ditsdev152/.nvm/versions/node/v20.12.0/lib/node_modules/ts-node/src/index.ts",
      "function": "Object.require.extensions.<computed> [as .ts]",
      "line": 1621,
      "method": "ts]",
      "native": false
    },
    {
      "column": 32,
      "file": "node:internal/modules/cjs/loader",
      "function": "Module.load",
      "line": 1206,
      "method": "load",
      "native": false
    },
    {
      "column": 12,
      "file": "node:internal/modules/cjs/loader",
      "function": "Module._load",
      "line": 1022,
      "method": "_load",
      "native": false
    },
    {
      "column": 19,
      "file": "node:internal/modules/cjs/loader",
      "function": "Module.require",
      "line": 1231,
      "method": "require",
      "native": false
    }
  ]
}
2024-04-25 10:29:25 - 68b3915d-6d80-42ec-b939-e4b66f24a28c - error: uncaughtException: тип Unable to compile TypeScript:
[96msrc/validations/validation.ts[0m:[93m31[0m:[93m7[0m - [91merror[0m[90m TS2552: [0mCannot find name 'error'. Did you mean 'Error'?

[7m31[0m   if (error) {
[7m  [0m [91m      ~~~~~[0m

  [96mnode_modules/typescript/lib/lib.es5.d.ts[0m:[93m1087[0m:[93m13[0m
    [7m1087[0m declare var Error: ErrorConstructor;
    [7m    [0m [96m            ~~~~~[0m
    'Error' is declared here.
[96msrc/validations/validation.ts[0m:[93m32[0m:[93m45[0m - [91merror[0m[90m TS2552: [0mCannot find name 'error'. Did you mean 'Error'?

[7m32[0m     res.status(400).json({ validationError: error.details[0].message });
[7m  [0m [91m                                            ~~~~~[0m

  [96mnode_modules/typescript/lib/lib.es5.d.ts[0m:[93m1087[0m:[93m13[0m
    [7m1087[0m declare var Error: ErrorConstructor;
    [7m    [0m [96m            ~~~~~[0m
    'Error' is declared here.

TSError: тип Unable to compile TypeScript:
[96msrc/validations/validation.ts[0m:[93m31[0m:[93m7[0m - [91merror[0m[90m TS2552: [0mCannot find name 'error'. Did you mean 'Error'?

[7m31[0m   if (error) {
[7m  [0m [91m      ~~~~~[0m

  [96mnode_modules/typescript/lib/lib.es5.d.ts[0m:[93m1087[0m:[93m13[0m
    [7m1087[0m declare var Error: ErrorConstructor;
    [7m    [0m [96m            ~~~~~[0m
    'Error' is declared here.
[96msrc/validations/validation.ts[0m:[93m32[0m:[93m45[0m - [91merror[0m[90m TS2552: [0mCannot find name 'error'. Did you mean 'Error'?

[7m32[0m     res.status(400).json({ validationError: error.details[0].message });
[7m  [0m [91m                                            ~~~~~[0m

  [96mnode_modules/typescript/lib/lib.es5.d.ts[0m:[93m1087[0m:[93m13[0m
    [7m1087[0m declare var Error: ErrorConstructor;
    [7m    [0m [96m            ~~~~~[0m
    'Error' is declared here.

    at createTSError (/home/ditsdev152/.nvm/versions/node/v20.12.0/lib/node_modules/ts-node/src/index.ts:859:12)
    at reportTSError (/home/ditsdev152/.nvm/versions/node/v20.12.0/lib/node_modules/ts-node/src/index.ts:863:19)
    at getOutput (/home/ditsdev152/.nvm/versions/node/v20.12.0/lib/node_modules/ts-node/src/index.ts:1077:36)
    at Object.compile (/home/ditsdev152/.nvm/versions/node/v20.12.0/lib/node_modules/ts-node/src/index.ts:1433:41)
    at Module.m._compile (/home/ditsdev152/.nvm/versions/node/v20.12.0/lib/node_modules/ts-node/src/index.ts:1617:30)
    at Module._extensions..js (node:internal/modules/cjs/loader:1427:10)
    at Object.require.extensions.<computed> [as .ts] (/home/ditsdev152/.nvm/versions/node/v20.12.0/lib/node_modules/ts-node/src/index.ts:1621:12)
    at Module.load (node:internal/modules/cjs/loader:1206:32)
    at Function.Module._load (node:internal/modules/cjs/loader:1022:12)
    at Module.require (node:internal/modules/cjs/loader:1231:19) {
  "error": {
    "diagnosticCodes": [
      2552,
      2552
    ]
  },
  "stack": "TSError: тип Unable to compile TypeScript:\n\u001b[96msrc/validations/validation.ts\u001b[0m:\u001b[93m31\u001b[0m:\u001b[93m7\u001b[0m - \u001b[91merror\u001b[0m\u001b[90m TS2552: \u001b[0mCannot find name 'error'. Did you mean 'Error'?\n\n\u001b[7m31\u001b[0m   if (error) {\n\u001b[7m  \u001b[0m \u001b[91m      ~~~~~\u001b[0m\n\n  \u001b[96mnode_modules/typescript/lib/lib.es5.d.ts\u001b[0m:\u001b[93m1087\u001b[0m:\u001b[93m13\u001b[0m\n    \u001b[7m1087\u001b[0m declare var Error: ErrorConstructor;\n    \u001b[7m    \u001b[0m \u001b[96m            ~~~~~\u001b[0m\n    'Error' is declared here.\n\u001b[96msrc/validations/validation.ts\u001b[0m:\u001b[93m32\u001b[0m:\u001b[93m45\u001b[0m - \u001b[91merror\u001b[0m\u001b[90m TS2552: \u001b[0mCannot find name 'error'. Did you mean 'Error'?\n\n\u001b[7m32\u001b[0m     res.status(400).json({ validationError: error.details[0].message });\n\u001b[7m  \u001b[0m \u001b[91m                                            ~~~~~\u001b[0m\n\n  \u001b[96mnode_modules/typescript/lib/lib.es5.d.ts\u001b[0m:\u001b[93m1087\u001b[0m:\u001b[93m13\u001b[0m\n    \u001b[7m1087\u001b[0m declare var Error: ErrorConstructor;\n    \u001b[7m    \u001b[0m \u001b[96m            ~~~~~\u001b[0m\n    'Error' is declared here.\n\n    at createTSError (/home/ditsdev152/.nvm/versions/node/v20.12.0/lib/node_modules/ts-node/src/index.ts:859:12)\n    at reportTSError (/home/ditsdev152/.nvm/versions/node/v20.12.0/lib/node_modules/ts-node/src/index.ts:863:19)\n    at getOutput (/home/ditsdev152/.nvm/versions/node/v20.12.0/lib/node_modules/ts-node/src/index.ts:1077:36)\n    at Object.compile (/home/ditsdev152/.nvm/versions/node/v20.12.0/lib/node_modules/ts-node/src/index.ts:1433:41)\n    at Module.m._compile (/home/ditsdev152/.nvm/versions/node/v20.12.0/lib/node_modules/ts-node/src/index.ts:1617:30)\n    at Module._extensions..js (node:internal/modules/cjs/loader:1427:10)\n    at Object.require.extensions.<computed> [as .ts] (/home/ditsdev152/.nvm/versions/node/v20.12.0/lib/node_modules/ts-node/src/index.ts:1621:12)\n    at Module.load (node:internal/modules/cjs/loader:1206:32)\n    at Function.Module._load (node:internal/modules/cjs/loader:1022:12)\n    at Module.require (node:internal/modules/cjs/loader:1231:19)",
  "exception": true,
  "date": "Thu Apr 25 2024 15:59:25 GMT+0530 (India Standard Time)",
  "process": {
    "pid": 43397,
    "uid": 1000,
    "gid": 1000,
    "cwd": "/home/ditsdev152/Desktop/cab-booking/users",
    "execPath": "/home/ditsdev152/.nvm/versions/node/v20.12.0/bin/node",
    "version": "v20.12.0",
    "argv": [
      "/home/ditsdev152/.nvm/versions/node/v20.12.0/bin/ts-node",
      "/home/ditsdev152/Desktop/cab-booking/users/index.ts"
    ],
    "memoryUsage": {
      "rss": 278384640,
      "heapTotal": 194551808,
      "heapUsed": 166248000,
      "external": 6500752,
      "arrayBuffers": 3622707
    }
  },
  "os": {
    "loadavg": [
      3.45,
      3.15,
      2.81
    ],
    "uptime": 22475.65
  },
  "trace": [
    {
      "column": 12,
      "file": "/home/ditsdev152/.nvm/versions/node/v20.12.0/lib/node_modules/ts-node/src/index.ts",
      "function": "createTSError",
      "line": 859,
      "method": null,
      "native": false
    },
    {
      "column": 19,
      "file": "/home/ditsdev152/.nvm/versions/node/v20.12.0/lib/node_modules/ts-node/src/index.ts",
      "function": "reportTSError",
      "line": 863,
      "method": null,
      "native": false
    },
    {
      "column": 36,
      "file": "/home/ditsdev152/.nvm/versions/node/v20.12.0/lib/node_modules/ts-node/src/index.ts",
      "function": "getOutput",
      "line": 1077,
      "method": null,
      "native": false
    },
    {
      "column": 41,
      "file": "/home/ditsdev152/.nvm/versions/node/v20.12.0/lib/node_modules/ts-node/src/index.ts",
      "function": "Object.compile",
      "line": 1433,
      "method": "compile",
      "native": false
    },
    {
      "column": 30,
      "file": "/home/ditsdev152/.nvm/versions/node/v20.12.0/lib/node_modules/ts-node/src/index.ts",
      "function": "Module.m._compile",
      "line": 1617,
      "method": "_compile",
      "native": false
    },
    {
      "column": 10,
      "file": "node:internal/modules/cjs/loader",
      "function": "Module._extensions..js",
      "line": 1427,
      "method": ".js",
      "native": false
    },
    {
      "column": 12,
      "file": "/home/ditsdev152/.nvm/versions/node/v20.12.0/lib/node_modules/ts-node/src/index.ts",
      "function": "Object.require.extensions.<computed> [as .ts]",
      "line": 1621,
      "method": "ts]",
      "native": false
    },
    {
      "column": 32,
      "file": "node:internal/modules/cjs/loader",
      "function": "Module.load",
      "line": 1206,
      "method": "load",
      "native": false
    },
    {
      "column": 12,
      "file": "node:internal/modules/cjs/loader",
      "function": "Module._load",
      "line": 1022,
      "method": "_load",
      "native": false
    },
    {
      "column": 19,
      "file": "node:internal/modules/cjs/loader",
      "function": "Module.require",
      "line": 1231,
      "method": "require",
      "native": false
    }
  ]
}
2024-04-25 10:33:55 - 558aad8f-2529-473d-ad69-3ab2227f837e - error: uncaughtException: тип Unable to compile TypeScript:
[96msrc/validations/validation.ts[0m:[93m31[0m:[93m7[0m - [91merror[0m[90m TS2552: [0mCannot find name 'error'. Did you mean 'Error'?

[7m31[0m   if (error) {
[7m  [0m [91m      ~~~~~[0m

  [96mnode_modules/typescript/lib/lib.es5.d.ts[0m:[93m1087[0m:[93m13[0m
    [7m1087[0m declare var Error: ErrorConstructor;
    [7m    [0m [96m            ~~~~~[0m
    'Error' is declared here.
[96msrc/validations/validation.ts[0m:[93m32[0m:[93m45[0m - [91merror[0m[90m TS2552: [0mCannot find name 'error'. Did you mean 'Error'?

[7m32[0m     res.status(400).json({ validationError: error.details[0].message });
[7m  [0m [91m                                            ~~~~~[0m

  [96mnode_modules/typescript/lib/lib.es5.d.ts[0m:[93m1087[0m:[93m13[0m
    [7m1087[0m declare var Error: ErrorConstructor;
    [7m    [0m [96m            ~~~~~[0m
    'Error' is declared here.

TSError: тип Unable to compile TypeScript:
[96msrc/validations/validation.ts[0m:[93m31[0m:[93m7[0m - [91merror[0m[90m TS2552: [0mCannot find name 'error'. Did you mean 'Error'?

[7m31[0m   if (error) {
[7m  [0m [91m      ~~~~~[0m

  [96mnode_modules/typescript/lib/lib.es5.d.ts[0m:[93m1087[0m:[93m13[0m
    [7m1087[0m declare var Error: ErrorConstructor;
    [7m    [0m [96m            ~~~~~[0m
    'Error' is declared here.
[96msrc/validations/validation.ts[0m:[93m32[0m:[93m45[0m - [91merror[0m[90m TS2552: [0mCannot find name 'error'. Did you mean 'Error'?

[7m32[0m     res.status(400).json({ validationError: error.details[0].message });
[7m  [0m [91m                                            ~~~~~[0m

  [96mnode_modules/typescript/lib/lib.es5.d.ts[0m:[93m1087[0m:[93m13[0m
    [7m1087[0m declare var Error: ErrorConstructor;
    [7m    [0m [96m            ~~~~~[0m
    'Error' is declared here.

    at createTSError (/home/ditsdev152/.nvm/versions/node/v20.12.0/lib/node_modules/ts-node/src/index.ts:859:12)
    at reportTSError (/home/ditsdev152/.nvm/versions/node/v20.12.0/lib/node_modules/ts-node/src/index.ts:863:19)
    at getOutput (/home/ditsdev152/.nvm/versions/node/v20.12.0/lib/node_modules/ts-node/src/index.ts:1077:36)
    at Object.compile (/home/ditsdev152/.nvm/versions/node/v20.12.0/lib/node_modules/ts-node/src/index.ts:1433:41)
    at Module.m._compile (/home/ditsdev152/.nvm/versions/node/v20.12.0/lib/node_modules/ts-node/src/index.ts:1617:30)
    at Module._extensions..js (node:internal/modules/cjs/loader:1427:10)
    at Object.require.extensions.<computed> [as .ts] (/home/ditsdev152/.nvm/versions/node/v20.12.0/lib/node_modules/ts-node/src/index.ts:1621:12)
    at Module.load (node:internal/modules/cjs/loader:1206:32)
    at Function.Module._load (node:internal/modules/cjs/loader:1022:12)
    at Module.require (node:internal/modules/cjs/loader:1231:19) {
  "error": {
    "diagnosticCodes": [
      2552,
      2552
    ]
  },
  "stack": "TSError: тип Unable to compile TypeScript:\n\u001b[96msrc/validations/validation.ts\u001b[0m:\u001b[93m31\u001b[0m:\u001b[93m7\u001b[0m - \u001b[91merror\u001b[0m\u001b[90m TS2552: \u001b[0mCannot find name 'error'. Did you mean 'Error'?\n\n\u001b[7m31\u001b[0m   if (error) {\n\u001b[7m  \u001b[0m \u001b[91m      ~~~~~\u001b[0m\n\n  \u001b[96mnode_modules/typescript/lib/lib.es5.d.ts\u001b[0m:\u001b[93m1087\u001b[0m:\u001b[93m13\u001b[0m\n    \u001b[7m1087\u001b[0m declare var Error: ErrorConstructor;\n    \u001b[7m    \u001b[0m \u001b[96m            ~~~~~\u001b[0m\n    'Error' is declared here.\n\u001b[96msrc/validations/validation.ts\u001b[0m:\u001b[93m32\u001b[0m:\u001b[93m45\u001b[0m - \u001b[91merror\u001b[0m\u001b[90m TS2552: \u001b[0mCannot find name 'error'. Did you mean 'Error'?\n\n\u001b[7m32\u001b[0m     res.status(400).json({ validationError: error.details[0].message });\n\u001b[7m  \u001b[0m \u001b[91m                                            ~~~~~\u001b[0m\n\n  \u001b[96mnode_modules/typescript/lib/lib.es5.d.ts\u001b[0m:\u001b[93m1087\u001b[0m:\u001b[93m13\u001b[0m\n    \u001b[7m1087\u001b[0m declare var Error: ErrorConstructor;\n    \u001b[7m    \u001b[0m \u001b[96m            ~~~~~\u001b[0m\n    'Error' is declared here.\n\n    at createTSError (/home/ditsdev152/.nvm/versions/node/v20.12.0/lib/node_modules/ts-node/src/index.ts:859:12)\n    at reportTSError (/home/ditsdev152/.nvm/versions/node/v20.12.0/lib/node_modules/ts-node/src/index.ts:863:19)\n    at getOutput (/home/ditsdev152/.nvm/versions/node/v20.12.0/lib/node_modules/ts-node/src/index.ts:1077:36)\n    at Object.compile (/home/ditsdev152/.nvm/versions/node/v20.12.0/lib/node_modules/ts-node/src/index.ts:1433:41)\n    at Module.m._compile (/home/ditsdev152/.nvm/versions/node/v20.12.0/lib/node_modules/ts-node/src/index.ts:1617:30)\n    at Module._extensions..js (node:internal/modules/cjs/loader:1427:10)\n    at Object.require.extensions.<computed> [as .ts] (/home/ditsdev152/.nvm/versions/node/v20.12.0/lib/node_modules/ts-node/src/index.ts:1621:12)\n    at Module.load (node:internal/modules/cjs/loader:1206:32)\n    at Function.Module._load (node:internal/modules/cjs/loader:1022:12)\n    at Module.require (node:internal/modules/cjs/loader:1231:19)",
  "exception": true,
  "date": "Thu Apr 25 2024 16:03:55 GMT+0530 (India Standard Time)",
  "process": {
    "pid": 43998,
    "uid": 1000,
    "gid": 1000,
    "cwd": "/home/ditsdev152/Desktop/cab-booking/users",
    "execPath": "/home/ditsdev152/.nvm/versions/node/v20.12.0/bin/node",
    "version": "v20.12.0",
    "argv": [
      "/home/ditsdev152/.nvm/versions/node/v20.12.0/bin/ts-node",
      "/home/ditsdev152/Desktop/cab-booking/users/index.ts"
    ],
    "memoryUsage": {
      "rss": 258084864,
      "heapTotal": 175415296,
      "heapUsed": 168588504,
      "external": 6563268,
      "arrayBuffers": 3671789
    }
  },
  "os": {
    "loadavg": [
      2.09,
      2.58,
      2.67
    ],
    "uptime": 22745.81
  },
  "trace": [
    {
      "column": 12,
      "file": "/home/ditsdev152/.nvm/versions/node/v20.12.0/lib/node_modules/ts-node/src/index.ts",
      "function": "createTSError",
      "line": 859,
      "method": null,
      "native": false
    },
    {
      "column": 19,
      "file": "/home/ditsdev152/.nvm/versions/node/v20.12.0/lib/node_modules/ts-node/src/index.ts",
      "function": "reportTSError",
      "line": 863,
      "method": null,
      "native": false
    },
    {
      "column": 36,
      "file": "/home/ditsdev152/.nvm/versions/node/v20.12.0/lib/node_modules/ts-node/src/index.ts",
      "function": "getOutput",
      "line": 1077,
      "method": null,
      "native": false
    },
    {
      "column": 41,
      "file": "/home/ditsdev152/.nvm/versions/node/v20.12.0/lib/node_modules/ts-node/src/index.ts",
      "function": "Object.compile",
      "line": 1433,
      "method": "compile",
      "native": false
    },
    {
      "column": 30,
      "file": "/home/ditsdev152/.nvm/versions/node/v20.12.0/lib/node_modules/ts-node/src/index.ts",
      "function": "Module.m._compile",
      "line": 1617,
      "method": "_compile",
      "native": false
    },
    {
      "column": 10,
      "file": "node:internal/modules/cjs/loader",
      "function": "Module._extensions..js",
      "line": 1427,
      "method": ".js",
      "native": false
    },
    {
      "column": 12,
      "file": "/home/ditsdev152/.nvm/versions/node/v20.12.0/lib/node_modules/ts-node/src/index.ts",
      "function": "Object.require.extensions.<computed> [as .ts]",
      "line": 1621,
      "method": "ts]",
      "native": false
    },
    {
      "column": 32,
      "file": "node:internal/modules/cjs/loader",
      "function": "Module.load",
      "line": 1206,
      "method": "load",
      "native": false
    },
    {
      "column": 12,
      "file": "node:internal/modules/cjs/loader",
      "function": "Module._load",
      "line": 1022,
      "method": "_load",
      "native": false
    },
    {
      "column": 19,
      "file": "node:internal/modules/cjs/loader",
      "function": "Module.require",
      "line": 1231,
      "method": "require",
      "native": false
    }
  ]
}
2024-04-25 10:35:30 - 535d3f23-afad-461d-aed7-d74210af4374 - error: uncaughtException: тип Unable to compile TypeScript:
[96msrc/validations/validation.ts[0m:[93m31[0m:[93m7[0m - [91merror[0m[90m TS2552: [0mCannot find name 'error'. Did you mean 'Error'?

[7m31[0m   if (error) {
[7m  [0m [91m      ~~~~~[0m

  [96mnode_modules/typescript/lib/lib.es5.d.ts[0m:[93m1087[0m:[93m13[0m
    [7m1087[0m declare var Error: ErrorConstructor;
    [7m    [0m [96m            ~~~~~[0m
    'Error' is declared here.
[96msrc/validations/validation.ts[0m:[93m32[0m:[93m45[0m - [91merror[0m[90m TS2552: [0mCannot find name 'error'. Did you mean 'Error'?

[7m32[0m     res.status(400).json({ validationError: error.details[0].message });
[7m  [0m [91m                                            ~~~~~[0m

  [96mnode_modules/typescript/lib/lib.es5.d.ts[0m:[93m1087[0m:[93m13[0m
    [7m1087[0m declare var Error: ErrorConstructor;
    [7m    [0m [96m            ~~~~~[0m
    'Error' is declared here.

TSError: тип Unable to compile TypeScript:
[96msrc/validations/validation.ts[0m:[93m31[0m:[93m7[0m - [91merror[0m[90m TS2552: [0mCannot find name 'error'. Did you mean 'Error'?

[7m31[0m   if (error) {
[7m  [0m [91m      ~~~~~[0m

  [96mnode_modules/typescript/lib/lib.es5.d.ts[0m:[93m1087[0m:[93m13[0m
    [7m1087[0m declare var Error: ErrorConstructor;
    [7m    [0m [96m            ~~~~~[0m
    'Error' is declared here.
[96msrc/validations/validation.ts[0m:[93m32[0m:[93m45[0m - [91merror[0m[90m TS2552: [0mCannot find name 'error'. Did you mean 'Error'?

[7m32[0m     res.status(400).json({ validationError: error.details[0].message });
[7m  [0m [91m                                            ~~~~~[0m

  [96mnode_modules/typescript/lib/lib.es5.d.ts[0m:[93m1087[0m:[93m13[0m
    [7m1087[0m declare var Error: ErrorConstructor;
    [7m    [0m [96m            ~~~~~[0m
    'Error' is declared here.

    at createTSError (/home/ditsdev152/.nvm/versions/node/v20.12.0/lib/node_modules/ts-node/src/index.ts:859:12)
    at reportTSError (/home/ditsdev152/.nvm/versions/node/v20.12.0/lib/node_modules/ts-node/src/index.ts:863:19)
    at getOutput (/home/ditsdev152/.nvm/versions/node/v20.12.0/lib/node_modules/ts-node/src/index.ts:1077:36)
    at Object.compile (/home/ditsdev152/.nvm/versions/node/v20.12.0/lib/node_modules/ts-node/src/index.ts:1433:41)
    at Module.m._compile (/home/ditsdev152/.nvm/versions/node/v20.12.0/lib/node_modules/ts-node/src/index.ts:1617:30)
    at Module._extensions..js (node:internal/modules/cjs/loader:1427:10)
    at Object.require.extensions.<computed> [as .ts] (/home/ditsdev152/.nvm/versions/node/v20.12.0/lib/node_modules/ts-node/src/index.ts:1621:12)
    at Module.load (node:internal/modules/cjs/loader:1206:32)
    at Function.Module._load (node:internal/modules/cjs/loader:1022:12)
    at Module.require (node:internal/modules/cjs/loader:1231:19) {
  "error": {
    "diagnosticCodes": [
      2552,
      2552
    ]
  },
  "stack": "TSError: тип Unable to compile TypeScript:\n\u001b[96msrc/validations/validation.ts\u001b[0m:\u001b[93m31\u001b[0m:\u001b[93m7\u001b[0m - \u001b[91merror\u001b[0m\u001b[90m TS2552: \u001b[0mCannot find name 'error'. Did you mean 'Error'?\n\n\u001b[7m31\u001b[0m   if (error) {\n\u001b[7m  \u001b[0m \u001b[91m      ~~~~~\u001b[0m\n\n  \u001b[96mnode_modules/typescript/lib/lib.es5.d.ts\u001b[0m:\u001b[93m1087\u001b[0m:\u001b[93m13\u001b[0m\n    \u001b[7m1087\u001b[0m declare var Error: ErrorConstructor;\n    \u001b[7m    \u001b[0m \u001b[96m            ~~~~~\u001b[0m\n    'Error' is declared here.\n\u001b[96msrc/validations/validation.ts\u001b[0m:\u001b[93m32\u001b[0m:\u001b[93m45\u001b[0m - \u001b[91merror\u001b[0m\u001b[90m TS2552: \u001b[0mCannot find name 'error'. Did you mean 'Error'?\n\n\u001b[7m32\u001b[0m     res.status(400).json({ validationError: error.details[0].message });\n\u001b[7m  \u001b[0m \u001b[91m                                            ~~~~~\u001b[0m\n\n  \u001b[96mnode_modules/typescript/lib/lib.es5.d.ts\u001b[0m:\u001b[93m1087\u001b[0m:\u001b[93m13\u001b[0m\n    \u001b[7m1087\u001b[0m declare var Error: ErrorConstructor;\n    \u001b[7m    \u001b[0m \u001b[96m            ~~~~~\u001b[0m\n    'Error' is declared here.\n\n    at createTSError (/home/ditsdev152/.nvm/versions/node/v20.12.0/lib/node_modules/ts-node/src/index.ts:859:12)\n    at reportTSError (/home/ditsdev152/.nvm/versions/node/v20.12.0/lib/node_modules/ts-node/src/index.ts:863:19)\n    at getOutput (/home/ditsdev152/.nvm/versions/node/v20.12.0/lib/node_modules/ts-node/src/index.ts:1077:36)\n    at Object.compile (/home/ditsdev152/.nvm/versions/node/v20.12.0/lib/node_modules/ts-node/src/index.ts:1433:41)\n    at Module.m._compile (/home/ditsdev152/.nvm/versions/node/v20.12.0/lib/node_modules/ts-node/src/index.ts:1617:30)\n    at Module._extensions..js (node:internal/modules/cjs/loader:1427:10)\n    at Object.require.extensions.<computed> [as .ts] (/home/ditsdev152/.nvm/versions/node/v20.12.0/lib/node_modules/ts-node/src/index.ts:1621:12)\n    at Module.load (node:internal/modules/cjs/loader:1206:32)\n    at Function.Module._load (node:internal/modules/cjs/loader:1022:12)\n    at Module.require (node:internal/modules/cjs/loader:1231:19)",
  "exception": true,
  "date": "Thu Apr 25 2024 16:05:30 GMT+0530 (India Standard Time)",
  "process": {
    "pid": 44589,
    "uid": 1000,
    "gid": 1000,
    "cwd": "/home/ditsdev152/Desktop/cab-booking/users",
    "execPath": "/home/ditsdev152/.nvm/versions/node/v20.12.0/bin/node",
    "version": "v20.12.0",
    "argv": [
      "/home/ditsdev152/.nvm/versions/node/v20.12.0/bin/ts-node",
      "/home/ditsdev152/Desktop/cab-booking/users/index.ts"
    ],
    "memoryUsage": {
      "rss": 278081536,
      "heapTotal": 197959680,
      "heapUsed": 166806160,
      "external": 6506054,
      "arrayBuffers": 3631083
    }
  },
  "os": {
    "loadavg": [
      2.62,
      2.59,
      2.66
    ],
    "uptime": 22840.55
  },
  "trace": [
    {
      "column": 12,
      "file": "/home/ditsdev152/.nvm/versions/node/v20.12.0/lib/node_modules/ts-node/src/index.ts",
      "function": "createTSError",
      "line": 859,
      "method": null,
      "native": false
    },
    {
      "column": 19,
      "file": "/home/ditsdev152/.nvm/versions/node/v20.12.0/lib/node_modules/ts-node/src/index.ts",
      "function": "reportTSError",
      "line": 863,
      "method": null,
      "native": false
    },
    {
      "column": 36,
      "file": "/home/ditsdev152/.nvm/versions/node/v20.12.0/lib/node_modules/ts-node/src/index.ts",
      "function": "getOutput",
      "line": 1077,
      "method": null,
      "native": false
    },
    {
      "column": 41,
      "file": "/home/ditsdev152/.nvm/versions/node/v20.12.0/lib/node_modules/ts-node/src/index.ts",
      "function": "Object.compile",
      "line": 1433,
      "method": "compile",
      "native": false
    },
    {
      "column": 30,
      "file": "/home/ditsdev152/.nvm/versions/node/v20.12.0/lib/node_modules/ts-node/src/index.ts",
      "function": "Module.m._compile",
      "line": 1617,
      "method": "_compile",
      "native": false
    },
    {
      "column": 10,
      "file": "node:internal/modules/cjs/loader",
      "function": "Module._extensions..js",
      "line": 1427,
      "method": ".js",
      "native": false
    },
    {
      "column": 12,
      "file": "/home/ditsdev152/.nvm/versions/node/v20.12.0/lib/node_modules/ts-node/src/index.ts",
      "function": "Object.require.extensions.<computed> [as .ts]",
      "line": 1621,
      "method": "ts]",
      "native": false
    },
    {
      "column": 32,
      "file": "node:internal/modules/cjs/loader",
      "function": "Module.load",
      "line": 1206,
      "method": "load",
      "native": false
    },
    {
      "column": 12,
      "file": "node:internal/modules/cjs/loader",
      "function": "Module._load",
      "line": 1022,
      "method": "_load",
      "native": false
    },
    {
      "column": 19,
      "file": "node:internal/modules/cjs/loader",
      "function": "Module.require",
      "line": 1231,
      "method": "require",
      "native": false
    }
  ]
}
2024-04-25 10:36:18 - 460a49e3-15cd-4984-9693-557a30c1cca9 - error: uncaughtException: тип Unable to compile TypeScript:
[96msrc/validations/validation.ts[0m:[93m31[0m:[93m7[0m - [91merror[0m[90m TS2552: [0mCannot find name 'error'. Did you mean 'Error'?

[7m31[0m   if (error) {
[7m  [0m [91m      ~~~~~[0m

  [96mnode_modules/typescript/lib/lib.es5.d.ts[0m:[93m1087[0m:[93m13[0m
    [7m1087[0m declare var Error: ErrorConstructor;
    [7m    [0m [96m            ~~~~~[0m
    'Error' is declared here.
[96msrc/validations/validation.ts[0m:[93m32[0m:[93m45[0m - [91merror[0m[90m TS2552: [0mCannot find name 'error'. Did you mean 'Error'?

[7m32[0m     res.status(400).json({ validationError: error.details[0].message });
[7m  [0m [91m                                            ~~~~~[0m

  [96mnode_modules/typescript/lib/lib.es5.d.ts[0m:[93m1087[0m:[93m13[0m
    [7m1087[0m declare var Error: ErrorConstructor;
    [7m    [0m [96m            ~~~~~[0m
    'Error' is declared here.

TSError: тип Unable to compile TypeScript:
[96msrc/validations/validation.ts[0m:[93m31[0m:[93m7[0m - [91merror[0m[90m TS2552: [0mCannot find name 'error'. Did you mean 'Error'?

[7m31[0m   if (error) {
[7m  [0m [91m      ~~~~~[0m

  [96mnode_modules/typescript/lib/lib.es5.d.ts[0m:[93m1087[0m:[93m13[0m
    [7m1087[0m declare var Error: ErrorConstructor;
    [7m    [0m [96m            ~~~~~[0m
    'Error' is declared here.
[96msrc/validations/validation.ts[0m:[93m32[0m:[93m45[0m - [91merror[0m[90m TS2552: [0mCannot find name 'error'. Did you mean 'Error'?

[7m32[0m     res.status(400).json({ validationError: error.details[0].message });
[7m  [0m [91m                                            ~~~~~[0m

  [96mnode_modules/typescript/lib/lib.es5.d.ts[0m:[93m1087[0m:[93m13[0m
    [7m1087[0m declare var Error: ErrorConstructor;
    [7m    [0m [96m            ~~~~~[0m
    'Error' is declared here.

    at createTSError (/home/ditsdev152/.nvm/versions/node/v20.12.0/lib/node_modules/ts-node/src/index.ts:859:12)
    at reportTSError (/home/ditsdev152/.nvm/versions/node/v20.12.0/lib/node_modules/ts-node/src/index.ts:863:19)
    at getOutput (/home/ditsdev152/.nvm/versions/node/v20.12.0/lib/node_modules/ts-node/src/index.ts:1077:36)
    at Object.compile (/home/ditsdev152/.nvm/versions/node/v20.12.0/lib/node_modules/ts-node/src/index.ts:1433:41)
    at Module.m._compile (/home/ditsdev152/.nvm/versions/node/v20.12.0/lib/node_modules/ts-node/src/index.ts:1617:30)
    at Module._extensions..js (node:internal/modules/cjs/loader:1427:10)
    at Object.require.extensions.<computed> [as .ts] (/home/ditsdev152/.nvm/versions/node/v20.12.0/lib/node_modules/ts-node/src/index.ts:1621:12)
    at Module.load (node:internal/modules/cjs/loader:1206:32)
    at Function.Module._load (node:internal/modules/cjs/loader:1022:12)
    at Module.require (node:internal/modules/cjs/loader:1231:19) {
  "error": {
    "diagnosticCodes": [
      2552,
      2552
    ]
  },
  "stack": "TSError: тип Unable to compile TypeScript:\n\u001b[96msrc/validations/validation.ts\u001b[0m:\u001b[93m31\u001b[0m:\u001b[93m7\u001b[0m - \u001b[91merror\u001b[0m\u001b[90m TS2552: \u001b[0mCannot find name 'error'. Did you mean 'Error'?\n\n\u001b[7m31\u001b[0m   if (error) {\n\u001b[7m  \u001b[0m \u001b[91m      ~~~~~\u001b[0m\n\n  \u001b[96mnode_modules/typescript/lib/lib.es5.d.ts\u001b[0m:\u001b[93m1087\u001b[0m:\u001b[93m13\u001b[0m\n    \u001b[7m1087\u001b[0m declare var Error: ErrorConstructor;\n    \u001b[7m    \u001b[0m \u001b[96m            ~~~~~\u001b[0m\n    'Error' is declared here.\n\u001b[96msrc/validations/validation.ts\u001b[0m:\u001b[93m32\u001b[0m:\u001b[93m45\u001b[0m - \u001b[91merror\u001b[0m\u001b[90m TS2552: \u001b[0mCannot find name 'error'. Did you mean 'Error'?\n\n\u001b[7m32\u001b[0m     res.status(400).json({ validationError: error.details[0].message });\n\u001b[7m  \u001b[0m \u001b[91m                                            ~~~~~\u001b[0m\n\n  \u001b[96mnode_modules/typescript/lib/lib.es5.d.ts\u001b[0m:\u001b[93m1087\u001b[0m:\u001b[93m13\u001b[0m\n    \u001b[7m1087\u001b[0m declare var Error: ErrorConstructor;\n    \u001b[7m    \u001b[0m \u001b[96m            ~~~~~\u001b[0m\n    'Error' is declared here.\n\n    at createTSError (/home/ditsdev152/.nvm/versions/node/v20.12.0/lib/node_modules/ts-node/src/index.ts:859:12)\n    at reportTSError (/home/ditsdev152/.nvm/versions/node/v20.12.0/lib/node_modules/ts-node/src/index.ts:863:19)\n    at getOutput (/home/ditsdev152/.nvm/versions/node/v20.12.0/lib/node_modules/ts-node/src/index.ts:1077:36)\n    at Object.compile (/home/ditsdev152/.nvm/versions/node/v20.12.0/lib/node_modules/ts-node/src/index.ts:1433:41)\n    at Module.m._compile (/home/ditsdev152/.nvm/versions/node/v20.12.0/lib/node_modules/ts-node/src/index.ts:1617:30)\n    at Module._extensions..js (node:internal/modules/cjs/loader:1427:10)\n    at Object.require.extensions.<computed> [as .ts] (/home/ditsdev152/.nvm/versions/node/v20.12.0/lib/node_modules/ts-node/src/index.ts:1621:12)\n    at Module.load (node:internal/modules/cjs/loader:1206:32)\n    at Function.Module._load (node:internal/modules/cjs/loader:1022:12)\n    at Module.require (node:internal/modules/cjs/loader:1231:19)",
  "exception": true,
  "date": "Thu Apr 25 2024 16:06:18 GMT+0530 (India Standard Time)",
  "process": {
    "pid": 45021,
    "uid": 1000,
    "gid": 1000,
    "cwd": "/home/ditsdev152/Desktop/cab-booking/users",
    "execPath": "/home/ditsdev152/.nvm/versions/node/v20.12.0/bin/node",
    "version": "v20.12.0",
    "argv": [
      "/home/ditsdev152/.nvm/versions/node/v20.12.0/bin/ts-node",
      "/home/ditsdev152/Desktop/cab-booking/users/index.ts"
    ],
    "memoryUsage": {
      "rss": 282025984,
      "heapTotal": 198221824,
      "heapUsed": 166672728,
      "external": 6519893,
      "arrayBuffers": 3644922
    }
  },
  "os": {
    "loadavg": [
      3.34,
      2.77,
      2.71
    ],
    "uptime": 22888.62
  },
  "trace": [
    {
      "column": 12,
      "file": "/home/ditsdev152/.nvm/versions/node/v20.12.0/lib/node_modules/ts-node/src/index.ts",
      "function": "createTSError",
      "line": 859,
      "method": null,
      "native": false
    },
    {
      "column": 19,
      "file": "/home/ditsdev152/.nvm/versions/node/v20.12.0/lib/node_modules/ts-node/src/index.ts",
      "function": "reportTSError",
      "line": 863,
      "method": null,
      "native": false
    },
    {
      "column": 36,
      "file": "/home/ditsdev152/.nvm/versions/node/v20.12.0/lib/node_modules/ts-node/src/index.ts",
      "function": "getOutput",
      "line": 1077,
      "method": null,
      "native": false
    },
    {
      "column": 41,
      "file": "/home/ditsdev152/.nvm/versions/node/v20.12.0/lib/node_modules/ts-node/src/index.ts",
      "function": "Object.compile",
      "line": 1433,
      "method": "compile",
      "native": false
    },
    {
      "column": 30,
      "file": "/home/ditsdev152/.nvm/versions/node/v20.12.0/lib/node_modules/ts-node/src/index.ts",
      "function": "Module.m._compile",
      "line": 1617,
      "method": "_compile",
      "native": false
    },
    {
      "column": 10,
      "file": "node:internal/modules/cjs/loader",
      "function": "Module._extensions..js",
      "line": 1427,
      "method": ".js",
      "native": false
    },
    {
      "column": 12,
      "file": "/home/ditsdev152/.nvm/versions/node/v20.12.0/lib/node_modules/ts-node/src/index.ts",
      "function": "Object.require.extensions.<computed> [as .ts]",
      "line": 1621,
      "method": "ts]",
      "native": false
    },
    {
      "column": 32,
      "file": "node:internal/modules/cjs/loader",
      "function": "Module.load",
      "line": 1206,
      "method": "load",
      "native": false
    },
    {
      "column": 12,
      "file": "node:internal/modules/cjs/loader",
      "function": "Module._load",
      "line": 1022,
      "method": "_load",
      "native": false
    },
    {
      "column": 19,
      "file": "node:internal/modules/cjs/loader",
      "function": "Module.require",
      "line": 1231,
      "method": "require",
      "native": false
    }
  ]
}
2024-04-25 10:36:53 - f9e035f0-c8d4-4948-a7ee-2ee849b724ae - error: uncaughtException: тип Unable to compile TypeScript:
[96msrc/validations/validation.ts[0m:[93m31[0m:[93m7[0m - [91merror[0m[90m TS2552: [0mCannot find name 'error'. Did you mean 'Error'?

[7m31[0m   if (error) {
[7m  [0m [91m      ~~~~~[0m

  [96mnode_modules/typescript/lib/lib.es5.d.ts[0m:[93m1087[0m:[93m13[0m
    [7m1087[0m declare var Error: ErrorConstructor;
    [7m    [0m [96m            ~~~~~[0m
    'Error' is declared here.
[96msrc/validations/validation.ts[0m:[93m32[0m:[93m45[0m - [91merror[0m[90m TS2552: [0mCannot find name 'error'. Did you mean 'Error'?

[7m32[0m     res.status(400).json({ validationError: error.details[0].message });
[7m  [0m [91m                                            ~~~~~[0m

  [96mnode_modules/typescript/lib/lib.es5.d.ts[0m:[93m1087[0m:[93m13[0m
    [7m1087[0m declare var Error: ErrorConstructor;
    [7m    [0m [96m            ~~~~~[0m
    'Error' is declared here.

TSError: тип Unable to compile TypeScript:
[96msrc/validations/validation.ts[0m:[93m31[0m:[93m7[0m - [91merror[0m[90m TS2552: [0mCannot find name 'error'. Did you mean 'Error'?

[7m31[0m   if (error) {
[7m  [0m [91m      ~~~~~[0m

  [96mnode_modules/typescript/lib/lib.es5.d.ts[0m:[93m1087[0m:[93m13[0m
    [7m1087[0m declare var Error: ErrorConstructor;
    [7m    [0m [96m            ~~~~~[0m
    'Error' is declared here.
[96msrc/validations/validation.ts[0m:[93m32[0m:[93m45[0m - [91merror[0m[90m TS2552: [0mCannot find name 'error'. Did you mean 'Error'?

[7m32[0m     res.status(400).json({ validationError: error.details[0].message });
[7m  [0m [91m                                            ~~~~~[0m

  [96mnode_modules/typescript/lib/lib.es5.d.ts[0m:[93m1087[0m:[93m13[0m
    [7m1087[0m declare var Error: ErrorConstructor;
    [7m    [0m [96m            ~~~~~[0m
    'Error' is declared here.

    at createTSError (/home/ditsdev152/.nvm/versions/node/v20.12.0/lib/node_modules/ts-node/src/index.ts:859:12)
    at reportTSError (/home/ditsdev152/.nvm/versions/node/v20.12.0/lib/node_modules/ts-node/src/index.ts:863:19)
    at getOutput (/home/ditsdev152/.nvm/versions/node/v20.12.0/lib/node_modules/ts-node/src/index.ts:1077:36)
    at Object.compile (/home/ditsdev152/.nvm/versions/node/v20.12.0/lib/node_modules/ts-node/src/index.ts:1433:41)
    at Module.m._compile (/home/ditsdev152/.nvm/versions/node/v20.12.0/lib/node_modules/ts-node/src/index.ts:1617:30)
    at Module._extensions..js (node:internal/modules/cjs/loader:1427:10)
    at Object.require.extensions.<computed> [as .ts] (/home/ditsdev152/.nvm/versions/node/v20.12.0/lib/node_modules/ts-node/src/index.ts:1621:12)
    at Module.load (node:internal/modules/cjs/loader:1206:32)
    at Function.Module._load (node:internal/modules/cjs/loader:1022:12)
    at Module.require (node:internal/modules/cjs/loader:1231:19) {
  "error": {
    "diagnosticCodes": [
      2552,
      2552
    ]
  },
  "stack": "TSError: тип Unable to compile TypeScript:\n\u001b[96msrc/validations/validation.ts\u001b[0m:\u001b[93m31\u001b[0m:\u001b[93m7\u001b[0m - \u001b[91merror\u001b[0m\u001b[90m TS2552: \u001b[0mCannot find name 'error'. Did you mean 'Error'?\n\n\u001b[7m31\u001b[0m   if (error) {\n\u001b[7m  \u001b[0m \u001b[91m      ~~~~~\u001b[0m\n\n  \u001b[96mnode_modules/typescript/lib/lib.es5.d.ts\u001b[0m:\u001b[93m1087\u001b[0m:\u001b[93m13\u001b[0m\n    \u001b[7m1087\u001b[0m declare var Error: ErrorConstructor;\n    \u001b[7m    \u001b[0m \u001b[96m            ~~~~~\u001b[0m\n    'Error' is declared here.\n\u001b[96msrc/validations/validation.ts\u001b[0m:\u001b[93m32\u001b[0m:\u001b[93m45\u001b[0m - \u001b[91merror\u001b[0m\u001b[90m TS2552: \u001b[0mCannot find name 'error'. Did you mean 'Error'?\n\n\u001b[7m32\u001b[0m     res.status(400).json({ validationError: error.details[0].message });\n\u001b[7m  \u001b[0m \u001b[91m                                            ~~~~~\u001b[0m\n\n  \u001b[96mnode_modules/typescript/lib/lib.es5.d.ts\u001b[0m:\u001b[93m1087\u001b[0m:\u001b[93m13\u001b[0m\n    \u001b[7m1087\u001b[0m declare var Error: ErrorConstructor;\n    \u001b[7m    \u001b[0m \u001b[96m            ~~~~~\u001b[0m\n    'Error' is declared here.\n\n    at createTSError (/home/ditsdev152/.nvm/versions/node/v20.12.0/lib/node_modules/ts-node/src/index.ts:859:12)\n    at reportTSError (/home/ditsdev152/.nvm/versions/node/v20.12.0/lib/node_modules/ts-node/src/index.ts:863:19)\n    at getOutput (/home/ditsdev152/.nvm/versions/node/v20.12.0/lib/node_modules/ts-node/src/index.ts:1077:36)\n    at Object.compile (/home/ditsdev152/.nvm/versions/node/v20.12.0/lib/node_modules/ts-node/src/index.ts:1433:41)\n    at Module.m._compile (/home/ditsdev152/.nvm/versions/node/v20.12.0/lib/node_modules/ts-node/src/index.ts:1617:30)\n    at Module._extensions..js (node:internal/modules/cjs/loader:1427:10)\n    at Object.require.extensions.<computed> [as .ts] (/home/ditsdev152/.nvm/versions/node/v20.12.0/lib/node_modules/ts-node/src/index.ts:1621:12)\n    at Module.load (node:internal/modules/cjs/loader:1206:32)\n    at Function.Module._load (node:internal/modules/cjs/loader:1022:12)\n    at Module.require (node:internal/modules/cjs/loader:1231:19)",
  "exception": true,
  "date": "Thu Apr 25 2024 16:06:53 GMT+0530 (India Standard Time)",
  "process": {
    "pid": 45374,
    "uid": 1000,
    "gid": 1000,
    "cwd": "/home/ditsdev152/Desktop/cab-booking/users",
    "execPath": "/home/ditsdev152/.nvm/versions/node/v20.12.0/bin/node",
    "version": "v20.12.0",
    "argv": [
      "/home/ditsdev152/.nvm/versions/node/v20.12.0/bin/ts-node",
      "/home/ditsdev152/Desktop/cab-booking/users/index.ts"
    ],
    "memoryUsage": {
      "rss": 279314432,
      "heapTotal": 198221824,
      "heapUsed": 168768752,
      "external": 6505093,
      "arrayBuffers": 3631187
    }
  },
  "os": {
    "loadavg": [
      2.77,
      2.7,
      2.69
    ],
    "uptime": 22923.77
  },
  "trace": [
    {
      "column": 12,
      "file": "/home/ditsdev152/.nvm/versions/node/v20.12.0/lib/node_modules/ts-node/src/index.ts",
      "function": "createTSError",
      "line": 859,
      "method": null,
      "native": false
    },
    {
      "column": 19,
      "file": "/home/ditsdev152/.nvm/versions/node/v20.12.0/lib/node_modules/ts-node/src/index.ts",
      "function": "reportTSError",
      "line": 863,
      "method": null,
      "native": false
    },
    {
      "column": 36,
      "file": "/home/ditsdev152/.nvm/versions/node/v20.12.0/lib/node_modules/ts-node/src/index.ts",
      "function": "getOutput",
      "line": 1077,
      "method": null,
      "native": false
    },
    {
      "column": 41,
      "file": "/home/ditsdev152/.nvm/versions/node/v20.12.0/lib/node_modules/ts-node/src/index.ts",
      "function": "Object.compile",
      "line": 1433,
      "method": "compile",
      "native": false
    },
    {
      "column": 30,
      "file": "/home/ditsdev152/.nvm/versions/node/v20.12.0/lib/node_modules/ts-node/src/index.ts",
      "function": "Module.m._compile",
      "line": 1617,
      "method": "_compile",
      "native": false
    },
    {
      "column": 10,
      "file": "node:internal/modules/cjs/loader",
      "function": "Module._extensions..js",
      "line": 1427,
      "method": ".js",
      "native": false
    },
    {
      "column": 12,
      "file": "/home/ditsdev152/.nvm/versions/node/v20.12.0/lib/node_modules/ts-node/src/index.ts",
      "function": "Object.require.extensions.<computed> [as .ts]",
      "line": 1621,
      "method": "ts]",
      "native": false
    },
    {
      "column": 32,
      "file": "node:internal/modules/cjs/loader",
      "function": "Module.load",
      "line": 1206,
      "method": "load",
      "native": false
    },
    {
      "column": 12,
      "file": "node:internal/modules/cjs/loader",
      "function": "Module._load",
      "line": 1022,
      "method": "_load",
      "native": false
    },
    {
      "column": 19,
      "file": "node:internal/modules/cjs/loader",
      "function": "Module.require",
      "line": 1231,
      "method": "require",
      "native": false
    }
  ]
}
2024-04-25 10:37:23 - adbe15df-87b9-46a0-bdeb-4fdb24869c52 - error: uncaughtException: тип Unable to compile TypeScript:
[96msrc/validations/validation.ts[0m:[93m31[0m:[93m7[0m - [91merror[0m[90m TS2552: [0mCannot find name 'error'. Did you mean 'Error'?

[7m31[0m   if (error) {
[7m  [0m [91m      ~~~~~[0m

  [96mnode_modules/typescript/lib/lib.es5.d.ts[0m:[93m1087[0m:[93m13[0m
    [7m1087[0m declare var Error: ErrorConstructor;
    [7m    [0m [96m            ~~~~~[0m
    'Error' is declared here.
[96msrc/validations/validation.ts[0m:[93m32[0m:[93m45[0m - [91merror[0m[90m TS2552: [0mCannot find name 'error'. Did you mean 'Error'?

[7m32[0m     res.status(400).json({ validationError: error.details[0].message });
[7m  [0m [91m                                            ~~~~~[0m

  [96mnode_modules/typescript/lib/lib.es5.d.ts[0m:[93m1087[0m:[93m13[0m
    [7m1087[0m declare var Error: ErrorConstructor;
    [7m    [0m [96m            ~~~~~[0m
    'Error' is declared here.

TSError: тип Unable to compile TypeScript:
[96msrc/validations/validation.ts[0m:[93m31[0m:[93m7[0m - [91merror[0m[90m TS2552: [0mCannot find name 'error'. Did you mean 'Error'?

[7m31[0m   if (error) {
[7m  [0m [91m      ~~~~~[0m

  [96mnode_modules/typescript/lib/lib.es5.d.ts[0m:[93m1087[0m:[93m13[0m
    [7m1087[0m declare var Error: ErrorConstructor;
    [7m    [0m [96m            ~~~~~[0m
    'Error' is declared here.
[96msrc/validations/validation.ts[0m:[93m32[0m:[93m45[0m - [91merror[0m[90m TS2552: [0mCannot find name 'error'. Did you mean 'Error'?

[7m32[0m     res.status(400).json({ validationError: error.details[0].message });
[7m  [0m [91m                                            ~~~~~[0m

  [96mnode_modules/typescript/lib/lib.es5.d.ts[0m:[93m1087[0m:[93m13[0m
    [7m1087[0m declare var Error: ErrorConstructor;
    [7m    [0m [96m            ~~~~~[0m
    'Error' is declared here.

    at createTSError (/home/ditsdev152/.nvm/versions/node/v20.12.0/lib/node_modules/ts-node/src/index.ts:859:12)
    at reportTSError (/home/ditsdev152/.nvm/versions/node/v20.12.0/lib/node_modules/ts-node/src/index.ts:863:19)
    at getOutput (/home/ditsdev152/.nvm/versions/node/v20.12.0/lib/node_modules/ts-node/src/index.ts:1077:36)
    at Object.compile (/home/ditsdev152/.nvm/versions/node/v20.12.0/lib/node_modules/ts-node/src/index.ts:1433:41)
    at Module.m._compile (/home/ditsdev152/.nvm/versions/node/v20.12.0/lib/node_modules/ts-node/src/index.ts:1617:30)
    at Module._extensions..js (node:internal/modules/cjs/loader:1427:10)
    at Object.require.extensions.<computed> [as .ts] (/home/ditsdev152/.nvm/versions/node/v20.12.0/lib/node_modules/ts-node/src/index.ts:1621:12)
    at Module.load (node:internal/modules/cjs/loader:1206:32)
    at Function.Module._load (node:internal/modules/cjs/loader:1022:12)
    at Module.require (node:internal/modules/cjs/loader:1231:19) {
  "error": {
    "diagnosticCodes": [
      2552,
      2552
    ]
  },
  "stack": "TSError: тип Unable to compile TypeScript:\n\u001b[96msrc/validations/validation.ts\u001b[0m:\u001b[93m31\u001b[0m:\u001b[93m7\u001b[0m - \u001b[91merror\u001b[0m\u001b[90m TS2552: \u001b[0mCannot find name 'error'. Did you mean 'Error'?\n\n\u001b[7m31\u001b[0m   if (error) {\n\u001b[7m  \u001b[0m \u001b[91m      ~~~~~\u001b[0m\n\n  \u001b[96mnode_modules/typescript/lib/lib.es5.d.ts\u001b[0m:\u001b[93m1087\u001b[0m:\u001b[93m13\u001b[0m\n    \u001b[7m1087\u001b[0m declare var Error: ErrorConstructor;\n    \u001b[7m    \u001b[0m \u001b[96m            ~~~~~\u001b[0m\n    'Error' is declared here.\n\u001b[96msrc/validations/validation.ts\u001b[0m:\u001b[93m32\u001b[0m:\u001b[93m45\u001b[0m - \u001b[91merror\u001b[0m\u001b[90m TS2552: \u001b[0mCannot find name 'error'. Did you mean 'Error'?\n\n\u001b[7m32\u001b[0m     res.status(400).json({ validationError: error.details[0].message });\n\u001b[7m  \u001b[0m \u001b[91m                                            ~~~~~\u001b[0m\n\n  \u001b[96mnode_modules/typescript/lib/lib.es5.d.ts\u001b[0m:\u001b[93m1087\u001b[0m:\u001b[93m13\u001b[0m\n    \u001b[7m1087\u001b[0m declare var Error: ErrorConstructor;\n    \u001b[7m    \u001b[0m \u001b[96m            ~~~~~\u001b[0m\n    'Error' is declared here.\n\n    at createTSError (/home/ditsdev152/.nvm/versions/node/v20.12.0/lib/node_modules/ts-node/src/index.ts:859:12)\n    at reportTSError (/home/ditsdev152/.nvm/versions/node/v20.12.0/lib/node_modules/ts-node/src/index.ts:863:19)\n    at getOutput (/home/ditsdev152/.nvm/versions/node/v20.12.0/lib/node_modules/ts-node/src/index.ts:1077:36)\n    at Object.compile (/home/ditsdev152/.nvm/versions/node/v20.12.0/lib/node_modules/ts-node/src/index.ts:1433:41)\n    at Module.m._compile (/home/ditsdev152/.nvm/versions/node/v20.12.0/lib/node_modules/ts-node/src/index.ts:1617:30)\n    at Module._extensions..js (node:internal/modules/cjs/loader:1427:10)\n    at Object.require.extensions.<computed> [as .ts] (/home/ditsdev152/.nvm/versions/node/v20.12.0/lib/node_modules/ts-node/src/index.ts:1621:12)\n    at Module.load (node:internal/modules/cjs/loader:1206:32)\n    at Function.Module._load (node:internal/modules/cjs/loader:1022:12)\n    at Module.require (node:internal/modules/cjs/loader:1231:19)",
  "exception": true,
  "date": "Thu Apr 25 2024 16:07:23 GMT+0530 (India Standard Time)",
  "process": {
    "pid": 45747,
    "uid": 1000,
    "gid": 1000,
    "cwd": "/home/ditsdev152/Desktop/cab-booking/users",
    "execPath": "/home/ditsdev152/.nvm/versions/node/v20.12.0/bin/node",
    "version": "v20.12.0",
    "argv": [
      "/home/ditsdev152/.nvm/versions/node/v20.12.0/bin/ts-node",
      "/home/ditsdev152/Desktop/cab-booking/users/index.ts"
    ],
    "memoryUsage": {
      "rss": 282980352,
      "heapTotal": 200056832,
      "heapUsed": 167990320,
      "external": 6643088,
      "arrayBuffers": 3769182
    }
  },
  "os": {
    "loadavg": [
      2.98,
      2.76,
      2.71
    ],
    "uptime": 22953.7
  },
  "trace": [
    {
      "column": 12,
      "file": "/home/ditsdev152/.nvm/versions/node/v20.12.0/lib/node_modules/ts-node/src/index.ts",
      "function": "createTSError",
      "line": 859,
      "method": null,
      "native": false
    },
    {
      "column": 19,
      "file": "/home/ditsdev152/.nvm/versions/node/v20.12.0/lib/node_modules/ts-node/src/index.ts",
      "function": "reportTSError",
      "line": 863,
      "method": null,
      "native": false
    },
    {
      "column": 36,
      "file": "/home/ditsdev152/.nvm/versions/node/v20.12.0/lib/node_modules/ts-node/src/index.ts",
      "function": "getOutput",
      "line": 1077,
      "method": null,
      "native": false
    },
    {
      "column": 41,
      "file": "/home/ditsdev152/.nvm/versions/node/v20.12.0/lib/node_modules/ts-node/src/index.ts",
      "function": "Object.compile",
      "line": 1433,
      "method": "compile",
      "native": false
    },
    {
      "column": 30,
      "file": "/home/ditsdev152/.nvm/versions/node/v20.12.0/lib/node_modules/ts-node/src/index.ts",
      "function": "Module.m._compile",
      "line": 1617,
      "method": "_compile",
      "native": false
    },
    {
      "column": 10,
      "file": "node:internal/modules/cjs/loader",
      "function": "Module._extensions..js",
      "line": 1427,
      "method": ".js",
      "native": false
    },
    {
      "column": 12,
      "file": "/home/ditsdev152/.nvm/versions/node/v20.12.0/lib/node_modules/ts-node/src/index.ts",
      "function": "Object.require.extensions.<computed> [as .ts]",
      "line": 1621,
      "method": "ts]",
      "native": false
    },
    {
      "column": 32,
      "file": "node:internal/modules/cjs/loader",
      "function": "Module.load",
      "line": 1206,
      "method": "load",
      "native": false
    },
    {
      "column": 12,
      "file": "node:internal/modules/cjs/loader",
      "function": "Module._load",
      "line": 1022,
      "method": "_load",
      "native": false
    },
    {
      "column": 19,
      "file": "node:internal/modules/cjs/loader",
      "function": "Module.require",
      "line": 1231,
      "method": "require",
      "native": false
    }
  ]
}
2024-04-25 10:39:11 - 239e274e-d1c1-4d4f-8157-ca78eaed92c0 - error: uncaughtException: тип Unable to compile TypeScript:
[96msrc/validations/validation.ts[0m:[93m31[0m:[93m7[0m - [91merror[0m[90m TS2552: [0mCannot find name 'error'. Did you mean 'Error'?

[7m31[0m   if (error) {
[7m  [0m [91m      ~~~~~[0m

  [96mnode_modules/typescript/lib/lib.es5.d.ts[0m:[93m1087[0m:[93m13[0m
    [7m1087[0m declare var Error: ErrorConstructor;
    [7m    [0m [96m            ~~~~~[0m
    'Error' is declared here.
[96msrc/validations/validation.ts[0m:[93m32[0m:[93m45[0m - [91merror[0m[90m TS2552: [0mCannot find name 'error'. Did you mean 'Error'?

[7m32[0m     res.status(400).json({ validationError: error.details[0].message });
[7m  [0m [91m                                            ~~~~~[0m

  [96mnode_modules/typescript/lib/lib.es5.d.ts[0m:[93m1087[0m:[93m13[0m
    [7m1087[0m declare var Error: ErrorConstructor;
    [7m    [0m [96m            ~~~~~[0m
    'Error' is declared here.

TSError: тип Unable to compile TypeScript:
[96msrc/validations/validation.ts[0m:[93m31[0m:[93m7[0m - [91merror[0m[90m TS2552: [0mCannot find name 'error'. Did you mean 'Error'?

[7m31[0m   if (error) {
[7m  [0m [91m      ~~~~~[0m

  [96mnode_modules/typescript/lib/lib.es5.d.ts[0m:[93m1087[0m:[93m13[0m
    [7m1087[0m declare var Error: ErrorConstructor;
    [7m    [0m [96m            ~~~~~[0m
    'Error' is declared here.
[96msrc/validations/validation.ts[0m:[93m32[0m:[93m45[0m - [91merror[0m[90m TS2552: [0mCannot find name 'error'. Did you mean 'Error'?

[7m32[0m     res.status(400).json({ validationError: error.details[0].message });
[7m  [0m [91m                                            ~~~~~[0m

  [96mnode_modules/typescript/lib/lib.es5.d.ts[0m:[93m1087[0m:[93m13[0m
    [7m1087[0m declare var Error: ErrorConstructor;
    [7m    [0m [96m            ~~~~~[0m
    'Error' is declared here.

    at createTSError (/home/ditsdev152/.nvm/versions/node/v20.12.0/lib/node_modules/ts-node/src/index.ts:859:12)
    at reportTSError (/home/ditsdev152/.nvm/versions/node/v20.12.0/lib/node_modules/ts-node/src/index.ts:863:19)
    at getOutput (/home/ditsdev152/.nvm/versions/node/v20.12.0/lib/node_modules/ts-node/src/index.ts:1077:36)
    at Object.compile (/home/ditsdev152/.nvm/versions/node/v20.12.0/lib/node_modules/ts-node/src/index.ts:1433:41)
    at Module.m._compile (/home/ditsdev152/.nvm/versions/node/v20.12.0/lib/node_modules/ts-node/src/index.ts:1617:30)
    at Module._extensions..js (node:internal/modules/cjs/loader:1427:10)
    at Object.require.extensions.<computed> [as .ts] (/home/ditsdev152/.nvm/versions/node/v20.12.0/lib/node_modules/ts-node/src/index.ts:1621:12)
    at Module.load (node:internal/modules/cjs/loader:1206:32)
    at Function.Module._load (node:internal/modules/cjs/loader:1022:12)
    at Module.require (node:internal/modules/cjs/loader:1231:19) {
  "error": {
    "diagnosticCodes": [
      2552,
      2552
    ]
  },
  "stack": "TSError: тип Unable to compile TypeScript:\n\u001b[96msrc/validations/validation.ts\u001b[0m:\u001b[93m31\u001b[0m:\u001b[93m7\u001b[0m - \u001b[91merror\u001b[0m\u001b[90m TS2552: \u001b[0mCannot find name 'error'. Did you mean 'Error'?\n\n\u001b[7m31\u001b[0m   if (error) {\n\u001b[7m  \u001b[0m \u001b[91m      ~~~~~\u001b[0m\n\n  \u001b[96mnode_modules/typescript/lib/lib.es5.d.ts\u001b[0m:\u001b[93m1087\u001b[0m:\u001b[93m13\u001b[0m\n    \u001b[7m1087\u001b[0m declare var Error: ErrorConstructor;\n    \u001b[7m    \u001b[0m \u001b[96m            ~~~~~\u001b[0m\n    'Error' is declared here.\n\u001b[96msrc/validations/validation.ts\u001b[0m:\u001b[93m32\u001b[0m:\u001b[93m45\u001b[0m - \u001b[91merror\u001b[0m\u001b[90m TS2552: \u001b[0mCannot find name 'error'. Did you mean 'Error'?\n\n\u001b[7m32\u001b[0m     res.status(400).json({ validationError: error.details[0].message });\n\u001b[7m  \u001b[0m \u001b[91m                                            ~~~~~\u001b[0m\n\n  \u001b[96mnode_modules/typescript/lib/lib.es5.d.ts\u001b[0m:\u001b[93m1087\u001b[0m:\u001b[93m13\u001b[0m\n    \u001b[7m1087\u001b[0m declare var Error: ErrorConstructor;\n    \u001b[7m    \u001b[0m \u001b[96m            ~~~~~\u001b[0m\n    'Error' is declared here.\n\n    at createTSError (/home/ditsdev152/.nvm/versions/node/v20.12.0/lib/node_modules/ts-node/src/index.ts:859:12)\n    at reportTSError (/home/ditsdev152/.nvm/versions/node/v20.12.0/lib/node_modules/ts-node/src/index.ts:863:19)\n    at getOutput (/home/ditsdev152/.nvm/versions/node/v20.12.0/lib/node_modules/ts-node/src/index.ts:1077:36)\n    at Object.compile (/home/ditsdev152/.nvm/versions/node/v20.12.0/lib/node_modules/ts-node/src/index.ts:1433:41)\n    at Module.m._compile (/home/ditsdev152/.nvm/versions/node/v20.12.0/lib/node_modules/ts-node/src/index.ts:1617:30)\n    at Module._extensions..js (node:internal/modules/cjs/loader:1427:10)\n    at Object.require.extensions.<computed> [as .ts] (/home/ditsdev152/.nvm/versions/node/v20.12.0/lib/node_modules/ts-node/src/index.ts:1621:12)\n    at Module.load (node:internal/modules/cjs/loader:1206:32)\n    at Function.Module._load (node:internal/modules/cjs/loader:1022:12)\n    at Module.require (node:internal/modules/cjs/loader:1231:19)",
  "exception": true,
  "date": "Thu Apr 25 2024 16:09:11 GMT+0530 (India Standard Time)",
  "process": {
    "pid": 46463,
    "uid": 1000,
    "gid": 1000,
    "cwd": "/home/ditsdev152/Desktop/cab-booking/users",
    "execPath": "/home/ditsdev152/.nvm/versions/node/v20.12.0/bin/node",
    "version": "v20.12.0",
    "argv": [
      "/home/ditsdev152/.nvm/versions/node/v20.12.0/bin/ts-node",
      "/home/ditsdev152/Desktop/cab-booking/users/index.ts"
    ],
    "memoryUsage": {
      "rss": 280645632,
      "heapTotal": 196911104,
      "heapUsed": 166713216,
      "external": 6506014,
      "arrayBuffers": 3631043
    }
  },
  "os": {
    "loadavg": [
      2.21,
      2.57,
      2.65
    ],
    "uptime": 23061.82
  },
  "trace": [
    {
      "column": 12,
      "file": "/home/ditsdev152/.nvm/versions/node/v20.12.0/lib/node_modules/ts-node/src/index.ts",
      "function": "createTSError",
      "line": 859,
      "method": null,
      "native": false
    },
    {
      "column": 19,
      "file": "/home/ditsdev152/.nvm/versions/node/v20.12.0/lib/node_modules/ts-node/src/index.ts",
      "function": "reportTSError",
      "line": 863,
      "method": null,
      "native": false
    },
    {
      "column": 36,
      "file": "/home/ditsdev152/.nvm/versions/node/v20.12.0/lib/node_modules/ts-node/src/index.ts",
      "function": "getOutput",
      "line": 1077,
      "method": null,
      "native": false
    },
    {
      "column": 41,
      "file": "/home/ditsdev152/.nvm/versions/node/v20.12.0/lib/node_modules/ts-node/src/index.ts",
      "function": "Object.compile",
      "line": 1433,
      "method": "compile",
      "native": false
    },
    {
      "column": 30,
      "file": "/home/ditsdev152/.nvm/versions/node/v20.12.0/lib/node_modules/ts-node/src/index.ts",
      "function": "Module.m._compile",
      "line": 1617,
      "method": "_compile",
      "native": false
    },
    {
      "column": 10,
      "file": "node:internal/modules/cjs/loader",
      "function": "Module._extensions..js",
      "line": 1427,
      "method": ".js",
      "native": false
    },
    {
      "column": 12,
      "file": "/home/ditsdev152/.nvm/versions/node/v20.12.0/lib/node_modules/ts-node/src/index.ts",
      "function": "Object.require.extensions.<computed> [as .ts]",
      "line": 1621,
      "method": "ts]",
      "native": false
    },
    {
      "column": 32,
      "file": "node:internal/modules/cjs/loader",
      "function": "Module.load",
      "line": 1206,
      "method": "load",
      "native": false
    },
    {
      "column": 12,
      "file": "node:internal/modules/cjs/loader",
      "function": "Module._load",
      "line": 1022,
      "method": "_load",
      "native": false
    },
    {
      "column": 19,
      "file": "node:internal/modules/cjs/loader",
      "function": "Module.require",
      "line": 1231,
      "method": "require",
      "native": false
    }
  ]
}
2024-04-25 10:50:58 - e34addf6-adce-4812-a083-ba4db953ad6c - error: uncaughtException: тип Unable to compile TypeScript:
[96msrc/validations/validation.ts[0m:[93m31[0m:[93m7[0m - [91merror[0m[90m TS2552: [0mCannot find name 'error'. Did you mean 'Error'?

[7m31[0m   if (error) {
[7m  [0m [91m      ~~~~~[0m

  [96mnode_modules/typescript/lib/lib.es5.d.ts[0m:[93m1087[0m:[93m13[0m
    [7m1087[0m declare var Error: ErrorConstructor;
    [7m    [0m [96m            ~~~~~[0m
    'Error' is declared here.
[96msrc/validations/validation.ts[0m:[93m32[0m:[93m45[0m - [91merror[0m[90m TS2552: [0mCannot find name 'error'. Did you mean 'Error'?

[7m32[0m     res.status(400).json({ validationError: error.details[0].message });
[7m  [0m [91m                                            ~~~~~[0m

  [96mnode_modules/typescript/lib/lib.es5.d.ts[0m:[93m1087[0m:[93m13[0m
    [7m1087[0m declare var Error: ErrorConstructor;
    [7m    [0m [96m            ~~~~~[0m
    'Error' is declared here.

TSError: тип Unable to compile TypeScript:
[96msrc/validations/validation.ts[0m:[93m31[0m:[93m7[0m - [91merror[0m[90m TS2552: [0mCannot find name 'error'. Did you mean 'Error'?

[7m31[0m   if (error) {
[7m  [0m [91m      ~~~~~[0m

  [96mnode_modules/typescript/lib/lib.es5.d.ts[0m:[93m1087[0m:[93m13[0m
    [7m1087[0m declare var Error: ErrorConstructor;
    [7m    [0m [96m            ~~~~~[0m
    'Error' is declared here.
[96msrc/validations/validation.ts[0m:[93m32[0m:[93m45[0m - [91merror[0m[90m TS2552: [0mCannot find name 'error'. Did you mean 'Error'?

[7m32[0m     res.status(400).json({ validationError: error.details[0].message });
[7m  [0m [91m                                            ~~~~~[0m

  [96mnode_modules/typescript/lib/lib.es5.d.ts[0m:[93m1087[0m:[93m13[0m
    [7m1087[0m declare var Error: ErrorConstructor;
    [7m    [0m [96m            ~~~~~[0m
    'Error' is declared here.

    at createTSError (/home/ditsdev152/.nvm/versions/node/v20.12.0/lib/node_modules/ts-node/src/index.ts:859:12)
    at reportTSError (/home/ditsdev152/.nvm/versions/node/v20.12.0/lib/node_modules/ts-node/src/index.ts:863:19)
    at getOutput (/home/ditsdev152/.nvm/versions/node/v20.12.0/lib/node_modules/ts-node/src/index.ts:1077:36)
    at Object.compile (/home/ditsdev152/.nvm/versions/node/v20.12.0/lib/node_modules/ts-node/src/index.ts:1433:41)
    at Module.m._compile (/home/ditsdev152/.nvm/versions/node/v20.12.0/lib/node_modules/ts-node/src/index.ts:1617:30)
    at Module._extensions..js (node:internal/modules/cjs/loader:1427:10)
    at Object.require.extensions.<computed> [as .ts] (/home/ditsdev152/.nvm/versions/node/v20.12.0/lib/node_modules/ts-node/src/index.ts:1621:12)
    at Module.load (node:internal/modules/cjs/loader:1206:32)
    at Function.Module._load (node:internal/modules/cjs/loader:1022:12)
    at Module.require (node:internal/modules/cjs/loader:1231:19) {
  "error": {
    "diagnosticCodes": [
      2552,
      2552
    ]
  },
  "stack": "TSError: тип Unable to compile TypeScript:\n\u001b[96msrc/validations/validation.ts\u001b[0m:\u001b[93m31\u001b[0m:\u001b[93m7\u001b[0m - \u001b[91merror\u001b[0m\u001b[90m TS2552: \u001b[0mCannot find name 'error'. Did you mean 'Error'?\n\n\u001b[7m31\u001b[0m   if (error) {\n\u001b[7m  \u001b[0m \u001b[91m      ~~~~~\u001b[0m\n\n  \u001b[96mnode_modules/typescript/lib/lib.es5.d.ts\u001b[0m:\u001b[93m1087\u001b[0m:\u001b[93m13\u001b[0m\n    \u001b[7m1087\u001b[0m declare var Error: ErrorConstructor;\n    \u001b[7m    \u001b[0m \u001b[96m            ~~~~~\u001b[0m\n    'Error' is declared here.\n\u001b[96msrc/validations/validation.ts\u001b[0m:\u001b[93m32\u001b[0m:\u001b[93m45\u001b[0m - \u001b[91merror\u001b[0m\u001b[90m TS2552: \u001b[0mCannot find name 'error'. Did you mean 'Error'?\n\n\u001b[7m32\u001b[0m     res.status(400).json({ validationError: error.details[0].message });\n\u001b[7m  \u001b[0m \u001b[91m                                            ~~~~~\u001b[0m\n\n  \u001b[96mnode_modules/typescript/lib/lib.es5.d.ts\u001b[0m:\u001b[93m1087\u001b[0m:\u001b[93m13\u001b[0m\n    \u001b[7m1087\u001b[0m declare var Error: ErrorConstructor;\n    \u001b[7m    \u001b[0m \u001b[96m            ~~~~~\u001b[0m\n    'Error' is declared here.\n\n    at createTSError (/home/ditsdev152/.nvm/versions/node/v20.12.0/lib/node_modules/ts-node/src/index.ts:859:12)\n    at reportTSError (/home/ditsdev152/.nvm/versions/node/v20.12.0/lib/node_modules/ts-node/src/index.ts:863:19)\n    at getOutput (/home/ditsdev152/.nvm/versions/node/v20.12.0/lib/node_modules/ts-node/src/index.ts:1077:36)\n    at Object.compile (/home/ditsdev152/.nvm/versions/node/v20.12.0/lib/node_modules/ts-node/src/index.ts:1433:41)\n    at Module.m._compile (/home/ditsdev152/.nvm/versions/node/v20.12.0/lib/node_modules/ts-node/src/index.ts:1617:30)\n    at Module._extensions..js (node:internal/modules/cjs/loader:1427:10)\n    at Object.require.extensions.<computed> [as .ts] (/home/ditsdev152/.nvm/versions/node/v20.12.0/lib/node_modules/ts-node/src/index.ts:1621:12)\n    at Module.load (node:internal/modules/cjs/loader:1206:32)\n    at Function.Module._load (node:internal/modules/cjs/loader:1022:12)\n    at Module.require (node:internal/modules/cjs/loader:1231:19)",
  "exception": true,
  "date": "Thu Apr 25 2024 16:20:58 GMT+0530 (India Standard Time)",
  "process": {
    "pid": 47767,
    "uid": 1000,
    "gid": 1000,
    "cwd": "/home/ditsdev152/Desktop/cab-booking/users",
    "execPath": "/home/ditsdev152/.nvm/versions/node/v20.12.0/bin/node",
    "version": "v20.12.0",
    "argv": [
      "/home/ditsdev152/.nvm/versions/node/v20.12.0/bin/ts-node",
      "/home/ditsdev152/Desktop/cab-booking/users/index.ts"
    ],
    "memoryUsage": {
      "rss": 276180992,
      "heapTotal": 195600384,
      "heapUsed": 165080832,
      "external": 6497862,
      "arrayBuffers": 3622891
    }
  },
  "os": {
    "loadavg": [
      2.79,
      2.34,
      2.4
    ],
    "uptime": 23769.41
  },
  "trace": [
    {
      "column": 12,
      "file": "/home/ditsdev152/.nvm/versions/node/v20.12.0/lib/node_modules/ts-node/src/index.ts",
      "function": "createTSError",
      "line": 859,
      "method": null,
      "native": false
    },
    {
      "column": 19,
      "file": "/home/ditsdev152/.nvm/versions/node/v20.12.0/lib/node_modules/ts-node/src/index.ts",
      "function": "reportTSError",
      "line": 863,
      "method": null,
      "native": false
    },
    {
      "column": 36,
      "file": "/home/ditsdev152/.nvm/versions/node/v20.12.0/lib/node_modules/ts-node/src/index.ts",
      "function": "getOutput",
      "line": 1077,
      "method": null,
      "native": false
    },
    {
      "column": 41,
      "file": "/home/ditsdev152/.nvm/versions/node/v20.12.0/lib/node_modules/ts-node/src/index.ts",
      "function": "Object.compile",
      "line": 1433,
      "method": "compile",
      "native": false
    },
    {
      "column": 30,
      "file": "/home/ditsdev152/.nvm/versions/node/v20.12.0/lib/node_modules/ts-node/src/index.ts",
      "function": "Module.m._compile",
      "line": 1617,
      "method": "_compile",
      "native": false
    },
    {
      "column": 10,
      "file": "node:internal/modules/cjs/loader",
      "function": "Module._extensions..js",
      "line": 1427,
      "method": ".js",
      "native": false
    },
    {
      "column": 12,
      "file": "/home/ditsdev152/.nvm/versions/node/v20.12.0/lib/node_modules/ts-node/src/index.ts",
      "function": "Object.require.extensions.<computed> [as .ts]",
      "line": 1621,
      "method": "ts]",
      "native": false
    },
    {
      "column": 32,
      "file": "node:internal/modules/cjs/loader",
      "function": "Module.load",
      "line": 1206,
      "method": "load",
      "native": false
    },
    {
      "column": 12,
      "file": "node:internal/modules/cjs/loader",
      "function": "Module._load",
      "line": 1022,
      "method": "_load",
      "native": false
    },
    {
      "column": 19,
      "file": "node:internal/modules/cjs/loader",
      "function": "Module.require",
      "line": 1231,
      "method": "require",
      "native": false
    }
  ]
}
2024-04-25 10:53:19 - 2266aae5-c963-4a03-9c8e-ea311aae1e9c - error: uncaughtException: тип Unable to compile TypeScript:
[96msrc/validations/validation.ts[0m:[93m31[0m:[93m7[0m - [91merror[0m[90m TS2552: [0mCannot find name 'error'. Did you mean 'Error'?

[7m31[0m   if (error) {
[7m  [0m [91m      ~~~~~[0m

  [96mnode_modules/typescript/lib/lib.es5.d.ts[0m:[93m1087[0m:[93m13[0m
    [7m1087[0m declare var Error: ErrorConstructor;
    [7m    [0m [96m            ~~~~~[0m
    'Error' is declared here.
[96msrc/validations/validation.ts[0m:[93m32[0m:[93m45[0m - [91merror[0m[90m TS2552: [0mCannot find name 'error'. Did you mean 'Error'?

[7m32[0m     res.status(400).json({ validationError: error.details[0].message });
[7m  [0m [91m                                            ~~~~~[0m

  [96mnode_modules/typescript/lib/lib.es5.d.ts[0m:[93m1087[0m:[93m13[0m
    [7m1087[0m declare var Error: ErrorConstructor;
    [7m    [0m [96m            ~~~~~[0m
    'Error' is declared here.

TSError: тип Unable to compile TypeScript:
[96msrc/validations/validation.ts[0m:[93m31[0m:[93m7[0m - [91merror[0m[90m TS2552: [0mCannot find name 'error'. Did you mean 'Error'?

[7m31[0m   if (error) {
[7m  [0m [91m      ~~~~~[0m

  [96mnode_modules/typescript/lib/lib.es5.d.ts[0m:[93m1087[0m:[93m13[0m
    [7m1087[0m declare var Error: ErrorConstructor;
    [7m    [0m [96m            ~~~~~[0m
    'Error' is declared here.
[96msrc/validations/validation.ts[0m:[93m32[0m:[93m45[0m - [91merror[0m[90m TS2552: [0mCannot find name 'error'. Did you mean 'Error'?

[7m32[0m     res.status(400).json({ validationError: error.details[0].message });
[7m  [0m [91m                                            ~~~~~[0m

  [96mnode_modules/typescript/lib/lib.es5.d.ts[0m:[93m1087[0m:[93m13[0m
    [7m1087[0m declare var Error: ErrorConstructor;
    [7m    [0m [96m            ~~~~~[0m
    'Error' is declared here.

    at createTSError (/home/ditsdev152/.nvm/versions/node/v20.12.0/lib/node_modules/ts-node/src/index.ts:859:12)
    at reportTSError (/home/ditsdev152/.nvm/versions/node/v20.12.0/lib/node_modules/ts-node/src/index.ts:863:19)
    at getOutput (/home/ditsdev152/.nvm/versions/node/v20.12.0/lib/node_modules/ts-node/src/index.ts:1077:36)
    at Object.compile (/home/ditsdev152/.nvm/versions/node/v20.12.0/lib/node_modules/ts-node/src/index.ts:1433:41)
    at Module.m._compile (/home/ditsdev152/.nvm/versions/node/v20.12.0/lib/node_modules/ts-node/src/index.ts:1617:30)
    at Module._extensions..js (node:internal/modules/cjs/loader:1427:10)
    at Object.require.extensions.<computed> [as .ts] (/home/ditsdev152/.nvm/versions/node/v20.12.0/lib/node_modules/ts-node/src/index.ts:1621:12)
    at Module.load (node:internal/modules/cjs/loader:1206:32)
    at Function.Module._load (node:internal/modules/cjs/loader:1022:12)
    at Module.require (node:internal/modules/cjs/loader:1231:19) {
  "error": {
    "diagnosticCodes": [
      2552,
      2552
    ]
  },
  "stack": "TSError: тип Unable to compile TypeScript:\n\u001b[96msrc/validations/validation.ts\u001b[0m:\u001b[93m31\u001b[0m:\u001b[93m7\u001b[0m - \u001b[91merror\u001b[0m\u001b[90m TS2552: \u001b[0mCannot find name 'error'. Did you mean 'Error'?\n\n\u001b[7m31\u001b[0m   if (error) {\n\u001b[7m  \u001b[0m \u001b[91m      ~~~~~\u001b[0m\n\n  \u001b[96mnode_modules/typescript/lib/lib.es5.d.ts\u001b[0m:\u001b[93m1087\u001b[0m:\u001b[93m13\u001b[0m\n    \u001b[7m1087\u001b[0m declare var Error: ErrorConstructor;\n    \u001b[7m    \u001b[0m \u001b[96m            ~~~~~\u001b[0m\n    'Error' is declared here.\n\u001b[96msrc/validations/validation.ts\u001b[0m:\u001b[93m32\u001b[0m:\u001b[93m45\u001b[0m - \u001b[91merror\u001b[0m\u001b[90m TS2552: \u001b[0mCannot find name 'error'. Did you mean 'Error'?\n\n\u001b[7m32\u001b[0m     res.status(400).json({ validationError: error.details[0].message });\n\u001b[7m  \u001b[0m \u001b[91m                                            ~~~~~\u001b[0m\n\n  \u001b[96mnode_modules/typescript/lib/lib.es5.d.ts\u001b[0m:\u001b[93m1087\u001b[0m:\u001b[93m13\u001b[0m\n    \u001b[7m1087\u001b[0m declare var Error: ErrorConstructor;\n    \u001b[7m    \u001b[0m \u001b[96m            ~~~~~\u001b[0m\n    'Error' is declared here.\n\n    at createTSError (/home/ditsdev152/.nvm/versions/node/v20.12.0/lib/node_modules/ts-node/src/index.ts:859:12)\n    at reportTSError (/home/ditsdev152/.nvm/versions/node/v20.12.0/lib/node_modules/ts-node/src/index.ts:863:19)\n    at getOutput (/home/ditsdev152/.nvm/versions/node/v20.12.0/lib/node_modules/ts-node/src/index.ts:1077:36)\n    at Object.compile (/home/ditsdev152/.nvm/versions/node/v20.12.0/lib/node_modules/ts-node/src/index.ts:1433:41)\n    at Module.m._compile (/home/ditsdev152/.nvm/versions/node/v20.12.0/lib/node_modules/ts-node/src/index.ts:1617:30)\n    at Module._extensions..js (node:internal/modules/cjs/loader:1427:10)\n    at Object.require.extensions.<computed> [as .ts] (/home/ditsdev152/.nvm/versions/node/v20.12.0/lib/node_modules/ts-node/src/index.ts:1621:12)\n    at Module.load (node:internal/modules/cjs/loader:1206:32)\n    at Function.Module._load (node:internal/modules/cjs/loader:1022:12)\n    at Module.require (node:internal/modules/cjs/loader:1231:19)",
  "exception": true,
  "date": "Thu Apr 25 2024 16:23:19 GMT+0530 (India Standard Time)",
  "process": {
    "pid": 49348,
    "uid": 1000,
    "gid": 1000,
    "cwd": "/home/ditsdev152/Desktop/cab-booking/users",
    "execPath": "/home/ditsdev152/.nvm/versions/node/v20.12.0/bin/node",
    "version": "v20.12.0",
    "argv": [
      "/home/ditsdev152/.nvm/versions/node/v20.12.0/bin/ts-node",
      "/home/ditsdev152/Desktop/cab-booking/users/index.ts"
    ],
    "memoryUsage": {
      "rss": 278159360,
      "heapTotal": 194289664,
      "heapUsed": 173157464,
      "external": 6496821,
      "arrayBuffers": 3623209
    }
  },
  "os": {
    "loadavg": [
      2.08,
      2.23,
      2.35
    ],
    "uptime": 23910.28
  },
  "trace": [
    {
      "column": 12,
      "file": "/home/ditsdev152/.nvm/versions/node/v20.12.0/lib/node_modules/ts-node/src/index.ts",
      "function": "createTSError",
      "line": 859,
      "method": null,
      "native": false
    },
    {
      "column": 19,
      "file": "/home/ditsdev152/.nvm/versions/node/v20.12.0/lib/node_modules/ts-node/src/index.ts",
      "function": "reportTSError",
      "line": 863,
      "method": null,
      "native": false
    },
    {
      "column": 36,
      "file": "/home/ditsdev152/.nvm/versions/node/v20.12.0/lib/node_modules/ts-node/src/index.ts",
      "function": "getOutput",
      "line": 1077,
      "method": null,
      "native": false
    },
    {
      "column": 41,
      "file": "/home/ditsdev152/.nvm/versions/node/v20.12.0/lib/node_modules/ts-node/src/index.ts",
      "function": "Object.compile",
      "line": 1433,
      "method": "compile",
      "native": false
    },
    {
      "column": 30,
      "file": "/home/ditsdev152/.nvm/versions/node/v20.12.0/lib/node_modules/ts-node/src/index.ts",
      "function": "Module.m._compile",
      "line": 1617,
      "method": "_compile",
      "native": false
    },
    {
      "column": 10,
      "file": "node:internal/modules/cjs/loader",
      "function": "Module._extensions..js",
      "line": 1427,
      "method": ".js",
      "native": false
    },
    {
      "column": 12,
      "file": "/home/ditsdev152/.nvm/versions/node/v20.12.0/lib/node_modules/ts-node/src/index.ts",
      "function": "Object.require.extensions.<computed> [as .ts]",
      "line": 1621,
      "method": "ts]",
      "native": false
    },
    {
      "column": 32,
      "file": "node:internal/modules/cjs/loader",
      "function": "Module.load",
      "line": 1206,
      "method": "load",
      "native": false
    },
    {
      "column": 12,
      "file": "node:internal/modules/cjs/loader",
      "function": "Module._load",
      "line": 1022,
      "method": "_load",
      "native": false
    },
    {
      "column": 19,
      "file": "node:internal/modules/cjs/loader",
      "function": "Module.require",
      "line": 1231,
      "method": "require",
      "native": false
    }
  ]
}
2024-04-25 10:53:57 - 52c295f9-9bc6-4d22-929f-6fda87693eac - error: uncaughtException: тип Unable to compile TypeScript:
[96msrc/validations/validation.ts[0m:[93m31[0m:[93m7[0m - [91merror[0m[90m TS2552: [0mCannot find name 'error'. Did you mean 'Error'?

[7m31[0m   if (error) {
[7m  [0m [91m      ~~~~~[0m

  [96mnode_modules/typescript/lib/lib.es5.d.ts[0m:[93m1087[0m:[93m13[0m
    [7m1087[0m declare var Error: ErrorConstructor;
    [7m    [0m [96m            ~~~~~[0m
    'Error' is declared here.
[96msrc/validations/validation.ts[0m:[93m32[0m:[93m45[0m - [91merror[0m[90m TS2552: [0mCannot find name 'error'. Did you mean 'Error'?

[7m32[0m     res.status(400).json({ validationError: error.details[0].message });
[7m  [0m [91m                                            ~~~~~[0m

  [96mnode_modules/typescript/lib/lib.es5.d.ts[0m:[93m1087[0m:[93m13[0m
    [7m1087[0m declare var Error: ErrorConstructor;
    [7m    [0m [96m            ~~~~~[0m
    'Error' is declared here.

TSError: тип Unable to compile TypeScript:
[96msrc/validations/validation.ts[0m:[93m31[0m:[93m7[0m - [91merror[0m[90m TS2552: [0mCannot find name 'error'. Did you mean 'Error'?

[7m31[0m   if (error) {
[7m  [0m [91m      ~~~~~[0m

  [96mnode_modules/typescript/lib/lib.es5.d.ts[0m:[93m1087[0m:[93m13[0m
    [7m1087[0m declare var Error: ErrorConstructor;
    [7m    [0m [96m            ~~~~~[0m
    'Error' is declared here.
[96msrc/validations/validation.ts[0m:[93m32[0m:[93m45[0m - [91merror[0m[90m TS2552: [0mCannot find name 'error'. Did you mean 'Error'?

[7m32[0m     res.status(400).json({ validationError: error.details[0].message });
[7m  [0m [91m                                            ~~~~~[0m

  [96mnode_modules/typescript/lib/lib.es5.d.ts[0m:[93m1087[0m:[93m13[0m
    [7m1087[0m declare var Error: ErrorConstructor;
    [7m    [0m [96m            ~~~~~[0m
    'Error' is declared here.

    at createTSError (/home/ditsdev152/.nvm/versions/node/v20.12.0/lib/node_modules/ts-node/src/index.ts:859:12)
    at reportTSError (/home/ditsdev152/.nvm/versions/node/v20.12.0/lib/node_modules/ts-node/src/index.ts:863:19)
    at getOutput (/home/ditsdev152/.nvm/versions/node/v20.12.0/lib/node_modules/ts-node/src/index.ts:1077:36)
    at Object.compile (/home/ditsdev152/.nvm/versions/node/v20.12.0/lib/node_modules/ts-node/src/index.ts:1433:41)
    at Module.m._compile (/home/ditsdev152/.nvm/versions/node/v20.12.0/lib/node_modules/ts-node/src/index.ts:1617:30)
    at Module._extensions..js (node:internal/modules/cjs/loader:1427:10)
    at Object.require.extensions.<computed> [as .ts] (/home/ditsdev152/.nvm/versions/node/v20.12.0/lib/node_modules/ts-node/src/index.ts:1621:12)
    at Module.load (node:internal/modules/cjs/loader:1206:32)
    at Function.Module._load (node:internal/modules/cjs/loader:1022:12)
    at Module.require (node:internal/modules/cjs/loader:1231:19) {
  "error": {
    "diagnosticCodes": [
      2552,
      2552
    ]
  },
  "stack": "TSError: тип Unable to compile TypeScript:\n\u001b[96msrc/validations/validation.ts\u001b[0m:\u001b[93m31\u001b[0m:\u001b[93m7\u001b[0m - \u001b[91merror\u001b[0m\u001b[90m TS2552: \u001b[0mCannot find name 'error'. Did you mean 'Error'?\n\n\u001b[7m31\u001b[0m   if (error) {\n\u001b[7m  \u001b[0m \u001b[91m      ~~~~~\u001b[0m\n\n  \u001b[96mnode_modules/typescript/lib/lib.es5.d.ts\u001b[0m:\u001b[93m1087\u001b[0m:\u001b[93m13\u001b[0m\n    \u001b[7m1087\u001b[0m declare var Error: ErrorConstructor;\n    \u001b[7m    \u001b[0m \u001b[96m            ~~~~~\u001b[0m\n    'Error' is declared here.\n\u001b[96msrc/validations/validation.ts\u001b[0m:\u001b[93m32\u001b[0m:\u001b[93m45\u001b[0m - \u001b[91merror\u001b[0m\u001b[90m TS2552: \u001b[0mCannot find name 'error'. Did you mean 'Error'?\n\n\u001b[7m32\u001b[0m     res.status(400).json({ validationError: error.details[0].message });\n\u001b[7m  \u001b[0m \u001b[91m                                            ~~~~~\u001b[0m\n\n  \u001b[96mnode_modules/typescript/lib/lib.es5.d.ts\u001b[0m:\u001b[93m1087\u001b[0m:\u001b[93m13\u001b[0m\n    \u001b[7m1087\u001b[0m declare var Error: ErrorConstructor;\n    \u001b[7m    \u001b[0m \u001b[96m            ~~~~~\u001b[0m\n    'Error' is declared here.\n\n    at createTSError (/home/ditsdev152/.nvm/versions/node/v20.12.0/lib/node_modules/ts-node/src/index.ts:859:12)\n    at reportTSError (/home/ditsdev152/.nvm/versions/node/v20.12.0/lib/node_modules/ts-node/src/index.ts:863:19)\n    at getOutput (/home/ditsdev152/.nvm/versions/node/v20.12.0/lib/node_modules/ts-node/src/index.ts:1077:36)\n    at Object.compile (/home/ditsdev152/.nvm/versions/node/v20.12.0/lib/node_modules/ts-node/src/index.ts:1433:41)\n    at Module.m._compile (/home/ditsdev152/.nvm/versions/node/v20.12.0/lib/node_modules/ts-node/src/index.ts:1617:30)\n    at Module._extensions..js (node:internal/modules/cjs/loader:1427:10)\n    at Object.require.extensions.<computed> [as .ts] (/home/ditsdev152/.nvm/versions/node/v20.12.0/lib/node_modules/ts-node/src/index.ts:1621:12)\n    at Module.load (node:internal/modules/cjs/loader:1206:32)\n    at Function.Module._load (node:internal/modules/cjs/loader:1022:12)\n    at Module.require (node:internal/modules/cjs/loader:1231:19)",
  "exception": true,
  "date": "Thu Apr 25 2024 16:23:57 GMT+0530 (India Standard Time)",
  "process": {
    "pid": 49690,
    "uid": 1000,
    "gid": 1000,
    "cwd": "/home/ditsdev152/Desktop/cab-booking/users",
    "execPath": "/home/ditsdev152/.nvm/versions/node/v20.12.0/bin/node",
    "version": "v20.12.0",
    "argv": [
      "/home/ditsdev152/.nvm/versions/node/v20.12.0/bin/ts-node",
      "/home/ditsdev152/Desktop/cab-booking/users/index.ts"
    ],
    "memoryUsage": {
      "rss": 271052800,
      "heapTotal": 194551808,
      "heapUsed": 171947800,
      "external": 6496479,
      "arrayBuffers": 3622867
    }
  },
  "os": {
    "loadavg": [
      2.91,
      2.45,
      2.42
    ],
    "uptime": 23948.14
  },
  "trace": [
    {
      "column": 12,
      "file": "/home/ditsdev152/.nvm/versions/node/v20.12.0/lib/node_modules/ts-node/src/index.ts",
      "function": "createTSError",
      "line": 859,
      "method": null,
      "native": false
    },
    {
      "column": 19,
      "file": "/home/ditsdev152/.nvm/versions/node/v20.12.0/lib/node_modules/ts-node/src/index.ts",
      "function": "reportTSError",
      "line": 863,
      "method": null,
      "native": false
    },
    {
      "column": 36,
      "file": "/home/ditsdev152/.nvm/versions/node/v20.12.0/lib/node_modules/ts-node/src/index.ts",
      "function": "getOutput",
      "line": 1077,
      "method": null,
      "native": false
    },
    {
      "column": 41,
      "file": "/home/ditsdev152/.nvm/versions/node/v20.12.0/lib/node_modules/ts-node/src/index.ts",
      "function": "Object.compile",
      "line": 1433,
      "method": "compile",
      "native": false
    },
    {
      "column": 30,
      "file": "/home/ditsdev152/.nvm/versions/node/v20.12.0/lib/node_modules/ts-node/src/index.ts",
      "function": "Module.m._compile",
      "line": 1617,
      "method": "_compile",
      "native": false
    },
    {
      "column": 10,
      "file": "node:internal/modules/cjs/loader",
      "function": "Module._extensions..js",
      "line": 1427,
      "method": ".js",
      "native": false
    },
    {
      "column": 12,
      "file": "/home/ditsdev152/.nvm/versions/node/v20.12.0/lib/node_modules/ts-node/src/index.ts",
      "function": "Object.require.extensions.<computed> [as .ts]",
      "line": 1621,
      "method": "ts]",
      "native": false
    },
    {
      "column": 32,
      "file": "node:internal/modules/cjs/loader",
      "function": "Module.load",
      "line": 1206,
      "method": "load",
      "native": false
    },
    {
      "column": 12,
      "file": "node:internal/modules/cjs/loader",
      "function": "Module._load",
      "line": 1022,
      "method": "_load",
      "native": false
    },
    {
      "column": 19,
      "file": "node:internal/modules/cjs/loader",
      "function": "Module.require",
      "line": 1231,
      "method": "require",
      "native": false
    }
  ]
}
2024-04-25 10:57:55 - 82ab7b35-7e2c-448f-b986-14f3a1b29c96 - error: uncaughtException: тип Unable to compile TypeScript:
[96msrc/validations/validation.ts[0m:[93m31[0m:[93m7[0m - [91merror[0m[90m TS2552: [0mCannot find name 'error'. Did you mean 'Error'?

[7m31[0m   if (error) {
[7m  [0m [91m      ~~~~~[0m

  [96mnode_modules/typescript/lib/lib.es5.d.ts[0m:[93m1087[0m:[93m13[0m
    [7m1087[0m declare var Error: ErrorConstructor;
    [7m    [0m [96m            ~~~~~[0m
    'Error' is declared here.
[96msrc/validations/validation.ts[0m:[93m32[0m:[93m45[0m - [91merror[0m[90m TS2552: [0mCannot find name 'error'. Did you mean 'Error'?

[7m32[0m     res.status(400).json({ validationError: error.details[0].message });
[7m  [0m [91m                                            ~~~~~[0m

  [96mnode_modules/typescript/lib/lib.es5.d.ts[0m:[93m1087[0m:[93m13[0m
    [7m1087[0m declare var Error: ErrorConstructor;
    [7m    [0m [96m            ~~~~~[0m
    'Error' is declared here.

TSError: тип Unable to compile TypeScript:
[96msrc/validations/validation.ts[0m:[93m31[0m:[93m7[0m - [91merror[0m[90m TS2552: [0mCannot find name 'error'. Did you mean 'Error'?

[7m31[0m   if (error) {
[7m  [0m [91m      ~~~~~[0m

  [96mnode_modules/typescript/lib/lib.es5.d.ts[0m:[93m1087[0m:[93m13[0m
    [7m1087[0m declare var Error: ErrorConstructor;
    [7m    [0m [96m            ~~~~~[0m
    'Error' is declared here.
[96msrc/validations/validation.ts[0m:[93m32[0m:[93m45[0m - [91merror[0m[90m TS2552: [0mCannot find name 'error'. Did you mean 'Error'?

[7m32[0m     res.status(400).json({ validationError: error.details[0].message });
[7m  [0m [91m                                            ~~~~~[0m

  [96mnode_modules/typescript/lib/lib.es5.d.ts[0m:[93m1087[0m:[93m13[0m
    [7m1087[0m declare var Error: ErrorConstructor;
    [7m    [0m [96m            ~~~~~[0m
    'Error' is declared here.

    at createTSError (/home/ditsdev152/.nvm/versions/node/v20.12.0/lib/node_modules/ts-node/src/index.ts:859:12)
    at reportTSError (/home/ditsdev152/.nvm/versions/node/v20.12.0/lib/node_modules/ts-node/src/index.ts:863:19)
    at getOutput (/home/ditsdev152/.nvm/versions/node/v20.12.0/lib/node_modules/ts-node/src/index.ts:1077:36)
    at Object.compile (/home/ditsdev152/.nvm/versions/node/v20.12.0/lib/node_modules/ts-node/src/index.ts:1433:41)
    at Module.m._compile (/home/ditsdev152/.nvm/versions/node/v20.12.0/lib/node_modules/ts-node/src/index.ts:1617:30)
    at Module._extensions..js (node:internal/modules/cjs/loader:1427:10)
    at Object.require.extensions.<computed> [as .ts] (/home/ditsdev152/.nvm/versions/node/v20.12.0/lib/node_modules/ts-node/src/index.ts:1621:12)
    at Module.load (node:internal/modules/cjs/loader:1206:32)
    at Function.Module._load (node:internal/modules/cjs/loader:1022:12)
    at Module.require (node:internal/modules/cjs/loader:1231:19) {
  "error": {
    "diagnosticCodes": [
      2552,
      2552
    ]
  },
  "stack": "TSError: тип Unable to compile TypeScript:\n\u001b[96msrc/validations/validation.ts\u001b[0m:\u001b[93m31\u001b[0m:\u001b[93m7\u001b[0m - \u001b[91merror\u001b[0m\u001b[90m TS2552: \u001b[0mCannot find name 'error'. Did you mean 'Error'?\n\n\u001b[7m31\u001b[0m   if (error) {\n\u001b[7m  \u001b[0m \u001b[91m      ~~~~~\u001b[0m\n\n  \u001b[96mnode_modules/typescript/lib/lib.es5.d.ts\u001b[0m:\u001b[93m1087\u001b[0m:\u001b[93m13\u001b[0m\n    \u001b[7m1087\u001b[0m declare var Error: ErrorConstructor;\n    \u001b[7m    \u001b[0m \u001b[96m            ~~~~~\u001b[0m\n    'Error' is declared here.\n\u001b[96msrc/validations/validation.ts\u001b[0m:\u001b[93m32\u001b[0m:\u001b[93m45\u001b[0m - \u001b[91merror\u001b[0m\u001b[90m TS2552: \u001b[0mCannot find name 'error'. Did you mean 'Error'?\n\n\u001b[7m32\u001b[0m     res.status(400).json({ validationError: error.details[0].message });\n\u001b[7m  \u001b[0m \u001b[91m                                            ~~~~~\u001b[0m\n\n  \u001b[96mnode_modules/typescript/lib/lib.es5.d.ts\u001b[0m:\u001b[93m1087\u001b[0m:\u001b[93m13\u001b[0m\n    \u001b[7m1087\u001b[0m declare var Error: ErrorConstructor;\n    \u001b[7m    \u001b[0m \u001b[96m            ~~~~~\u001b[0m\n    'Error' is declared here.\n\n    at createTSError (/home/ditsdev152/.nvm/versions/node/v20.12.0/lib/node_modules/ts-node/src/index.ts:859:12)\n    at reportTSError (/home/ditsdev152/.nvm/versions/node/v20.12.0/lib/node_modules/ts-node/src/index.ts:863:19)\n    at getOutput (/home/ditsdev152/.nvm/versions/node/v20.12.0/lib/node_modules/ts-node/src/index.ts:1077:36)\n    at Object.compile (/home/ditsdev152/.nvm/versions/node/v20.12.0/lib/node_modules/ts-node/src/index.ts:1433:41)\n    at Module.m._compile (/home/ditsdev152/.nvm/versions/node/v20.12.0/lib/node_modules/ts-node/src/index.ts:1617:30)\n    at Module._extensions..js (node:internal/modules/cjs/loader:1427:10)\n    at Object.require.extensions.<computed> [as .ts] (/home/ditsdev152/.nvm/versions/node/v20.12.0/lib/node_modules/ts-node/src/index.ts:1621:12)\n    at Module.load (node:internal/modules/cjs/loader:1206:32)\n    at Function.Module._load (node:internal/modules/cjs/loader:1022:12)\n    at Module.require (node:internal/modules/cjs/loader:1231:19)",
  "exception": true,
  "date": "Thu Apr 25 2024 16:27:55 GMT+0530 (India Standard Time)",
  "process": {
    "pid": 50352,
    "uid": 1000,
    "gid": 1000,
    "cwd": "/home/ditsdev152/Desktop/cab-booking/users",
    "execPath": "/home/ditsdev152/.nvm/versions/node/v20.12.0/bin/node",
    "version": "v20.12.0",
    "argv": [
      "/home/ditsdev152/.nvm/versions/node/v20.12.0/bin/ts-node",
      "/home/ditsdev152/Desktop/cab-booking/users/index.ts"
    ],
    "memoryUsage": {
      "rss": 276267008,
      "heapTotal": 195338240,
      "heapUsed": 172271112,
      "external": 6496479,
      "arrayBuffers": 3622867
    }
  },
  "os": {
    "loadavg": [
      0.88,
      1.41,
      1.98
    ],
    "uptime": 24185.92
  },
  "trace": [
    {
      "column": 12,
      "file": "/home/ditsdev152/.nvm/versions/node/v20.12.0/lib/node_modules/ts-node/src/index.ts",
      "function": "createTSError",
      "line": 859,
      "method": null,
      "native": false
    },
    {
      "column": 19,
      "file": "/home/ditsdev152/.nvm/versions/node/v20.12.0/lib/node_modules/ts-node/src/index.ts",
      "function": "reportTSError",
      "line": 863,
      "method": null,
      "native": false
    },
    {
      "column": 36,
      "file": "/home/ditsdev152/.nvm/versions/node/v20.12.0/lib/node_modules/ts-node/src/index.ts",
      "function": "getOutput",
      "line": 1077,
      "method": null,
      "native": false
    },
    {
      "column": 41,
      "file": "/home/ditsdev152/.nvm/versions/node/v20.12.0/lib/node_modules/ts-node/src/index.ts",
      "function": "Object.compile",
      "line": 1433,
      "method": "compile",
      "native": false
    },
    {
      "column": 30,
      "file": "/home/ditsdev152/.nvm/versions/node/v20.12.0/lib/node_modules/ts-node/src/index.ts",
      "function": "Module.m._compile",
      "line": 1617,
      "method": "_compile",
      "native": false
    },
    {
      "column": 10,
      "file": "node:internal/modules/cjs/loader",
      "function": "Module._extensions..js",
      "line": 1427,
      "method": ".js",
      "native": false
    },
    {
      "column": 12,
      "file": "/home/ditsdev152/.nvm/versions/node/v20.12.0/lib/node_modules/ts-node/src/index.ts",
      "function": "Object.require.extensions.<computed> [as .ts]",
      "line": 1621,
      "method": "ts]",
      "native": false
    },
    {
      "column": 32,
      "file": "node:internal/modules/cjs/loader",
      "function": "Module.load",
      "line": 1206,
      "method": "load",
      "native": false
    },
    {
      "column": 12,
      "file": "node:internal/modules/cjs/loader",
      "function": "Module._load",
      "line": 1022,
      "method": "_load",
      "native": false
    },
    {
      "column": 19,
      "file": "node:internal/modules/cjs/loader",
      "function": "Module.require",
      "line": 1231,
      "method": "require",
      "native": false
    }
  ]
}
2024-04-25 11:00:26 - a3dee027-1239-4959-98e7-f311b0ffe29b - error: uncaughtException: тип Unable to compile TypeScript:
[96msrc/validations/validation.ts[0m:[93m31[0m:[93m7[0m - [91merror[0m[90m TS2552: [0mCannot find name 'error'. Did you mean 'Error'?

[7m31[0m   if (error) {
[7m  [0m [91m      ~~~~~[0m

  [96mnode_modules/typescript/lib/lib.es5.d.ts[0m:[93m1087[0m:[93m13[0m
    [7m1087[0m declare var Error: ErrorConstructor;
    [7m    [0m [96m            ~~~~~[0m
    'Error' is declared here.
[96msrc/validations/validation.ts[0m:[93m32[0m:[93m45[0m - [91merror[0m[90m TS2552: [0mCannot find name 'error'. Did you mean 'Error'?

[7m32[0m     res.status(400).json({ validationError: error.details[0].message });
[7m  [0m [91m                                            ~~~~~[0m

  [96mnode_modules/typescript/lib/lib.es5.d.ts[0m:[93m1087[0m:[93m13[0m
    [7m1087[0m declare var Error: ErrorConstructor;
    [7m    [0m [96m            ~~~~~[0m
    'Error' is declared here.

TSError: тип Unable to compile TypeScript:
[96msrc/validations/validation.ts[0m:[93m31[0m:[93m7[0m - [91merror[0m[90m TS2552: [0mCannot find name 'error'. Did you mean 'Error'?

[7m31[0m   if (error) {
[7m  [0m [91m      ~~~~~[0m

  [96mnode_modules/typescript/lib/lib.es5.d.ts[0m:[93m1087[0m:[93m13[0m
    [7m1087[0m declare var Error: ErrorConstructor;
    [7m    [0m [96m            ~~~~~[0m
    'Error' is declared here.
[96msrc/validations/validation.ts[0m:[93m32[0m:[93m45[0m - [91merror[0m[90m TS2552: [0mCannot find name 'error'. Did you mean 'Error'?

[7m32[0m     res.status(400).json({ validationError: error.details[0].message });
[7m  [0m [91m                                            ~~~~~[0m

  [96mnode_modules/typescript/lib/lib.es5.d.ts[0m:[93m1087[0m:[93m13[0m
    [7m1087[0m declare var Error: ErrorConstructor;
    [7m    [0m [96m            ~~~~~[0m
    'Error' is declared here.

    at createTSError (/home/ditsdev152/.nvm/versions/node/v20.12.0/lib/node_modules/ts-node/src/index.ts:859:12)
    at reportTSError (/home/ditsdev152/.nvm/versions/node/v20.12.0/lib/node_modules/ts-node/src/index.ts:863:19)
    at getOutput (/home/ditsdev152/.nvm/versions/node/v20.12.0/lib/node_modules/ts-node/src/index.ts:1077:36)
    at Object.compile (/home/ditsdev152/.nvm/versions/node/v20.12.0/lib/node_modules/ts-node/src/index.ts:1433:41)
    at Module.m._compile (/home/ditsdev152/.nvm/versions/node/v20.12.0/lib/node_modules/ts-node/src/index.ts:1617:30)
    at Module._extensions..js (node:internal/modules/cjs/loader:1427:10)
    at Object.require.extensions.<computed> [as .ts] (/home/ditsdev152/.nvm/versions/node/v20.12.0/lib/node_modules/ts-node/src/index.ts:1621:12)
    at Module.load (node:internal/modules/cjs/loader:1206:32)
    at Function.Module._load (node:internal/modules/cjs/loader:1022:12)
    at Module.require (node:internal/modules/cjs/loader:1231:19) {
  "error": {
    "diagnosticCodes": [
      2552,
      2552
    ]
  },
  "stack": "TSError: тип Unable to compile TypeScript:\n\u001b[96msrc/validations/validation.ts\u001b[0m:\u001b[93m31\u001b[0m:\u001b[93m7\u001b[0m - \u001b[91merror\u001b[0m\u001b[90m TS2552: \u001b[0mCannot find name 'error'. Did you mean 'Error'?\n\n\u001b[7m31\u001b[0m   if (error) {\n\u001b[7m  \u001b[0m \u001b[91m      ~~~~~\u001b[0m\n\n  \u001b[96mnode_modules/typescript/lib/lib.es5.d.ts\u001b[0m:\u001b[93m1087\u001b[0m:\u001b[93m13\u001b[0m\n    \u001b[7m1087\u001b[0m declare var Error: ErrorConstructor;\n    \u001b[7m    \u001b[0m \u001b[96m            ~~~~~\u001b[0m\n    'Error' is declared here.\n\u001b[96msrc/validations/validation.ts\u001b[0m:\u001b[93m32\u001b[0m:\u001b[93m45\u001b[0m - \u001b[91merror\u001b[0m\u001b[90m TS2552: \u001b[0mCannot find name 'error'. Did you mean 'Error'?\n\n\u001b[7m32\u001b[0m     res.status(400).json({ validationError: error.details[0].message });\n\u001b[7m  \u001b[0m \u001b[91m                                            ~~~~~\u001b[0m\n\n  \u001b[96mnode_modules/typescript/lib/lib.es5.d.ts\u001b[0m:\u001b[93m1087\u001b[0m:\u001b[93m13\u001b[0m\n    \u001b[7m1087\u001b[0m declare var Error: ErrorConstructor;\n    \u001b[7m    \u001b[0m \u001b[96m            ~~~~~\u001b[0m\n    'Error' is declared here.\n\n    at createTSError (/home/ditsdev152/.nvm/versions/node/v20.12.0/lib/node_modules/ts-node/src/index.ts:859:12)\n    at reportTSError (/home/ditsdev152/.nvm/versions/node/v20.12.0/lib/node_modules/ts-node/src/index.ts:863:19)\n    at getOutput (/home/ditsdev152/.nvm/versions/node/v20.12.0/lib/node_modules/ts-node/src/index.ts:1077:36)\n    at Object.compile (/home/ditsdev152/.nvm/versions/node/v20.12.0/lib/node_modules/ts-node/src/index.ts:1433:41)\n    at Module.m._compile (/home/ditsdev152/.nvm/versions/node/v20.12.0/lib/node_modules/ts-node/src/index.ts:1617:30)\n    at Module._extensions..js (node:internal/modules/cjs/loader:1427:10)\n    at Object.require.extensions.<computed> [as .ts] (/home/ditsdev152/.nvm/versions/node/v20.12.0/lib/node_modules/ts-node/src/index.ts:1621:12)\n    at Module.load (node:internal/modules/cjs/loader:1206:32)\n    at Function.Module._load (node:internal/modules/cjs/loader:1022:12)\n    at Module.require (node:internal/modules/cjs/loader:1231:19)",
  "exception": true,
  "date": "Thu Apr 25 2024 16:30:26 GMT+0530 (India Standard Time)",
  "process": {
    "pid": 50928,
    "uid": 1000,
    "gid": 1000,
    "cwd": "/home/ditsdev152/Desktop/cab-booking/users",
    "execPath": "/home/ditsdev152/.nvm/versions/node/v20.12.0/bin/node",
    "version": "v20.12.0",
    "argv": [
      "/home/ditsdev152/.nvm/versions/node/v20.12.0/bin/ts-node",
      "/home/ditsdev152/Desktop/cab-booking/users/index.ts"
    ],
    "memoryUsage": {
      "rss": 281350144,
      "heapTotal": 198221824,
      "heapUsed": 165666464,
      "external": 6496677,
      "arrayBuffers": 3622771
    }
  },
  "os": {
    "loadavg": [
      1.06,
      1.18,
      1.8
    ],
    "uptime": 24337.29
  },
  "trace": [
    {
      "column": 12,
      "file": "/home/ditsdev152/.nvm/versions/node/v20.12.0/lib/node_modules/ts-node/src/index.ts",
      "function": "createTSError",
      "line": 859,
      "method": null,
      "native": false
    },
    {
      "column": 19,
      "file": "/home/ditsdev152/.nvm/versions/node/v20.12.0/lib/node_modules/ts-node/src/index.ts",
      "function": "reportTSError",
      "line": 863,
      "method": null,
      "native": false
    },
    {
      "column": 36,
      "file": "/home/ditsdev152/.nvm/versions/node/v20.12.0/lib/node_modules/ts-node/src/index.ts",
      "function": "getOutput",
      "line": 1077,
      "method": null,
      "native": false
    },
    {
      "column": 41,
      "file": "/home/ditsdev152/.nvm/versions/node/v20.12.0/lib/node_modules/ts-node/src/index.ts",
      "function": "Object.compile",
      "line": 1433,
      "method": "compile",
      "native": false
    },
    {
      "column": 30,
      "file": "/home/ditsdev152/.nvm/versions/node/v20.12.0/lib/node_modules/ts-node/src/index.ts",
      "function": "Module.m._compile",
      "line": 1617,
      "method": "_compile",
      "native": false
    },
    {
      "column": 10,
      "file": "node:internal/modules/cjs/loader",
      "function": "Module._extensions..js",
      "line": 1427,
      "method": ".js",
      "native": false
    },
    {
      "column": 12,
      "file": "/home/ditsdev152/.nvm/versions/node/v20.12.0/lib/node_modules/ts-node/src/index.ts",
      "function": "Object.require.extensions.<computed> [as .ts]",
      "line": 1621,
      "method": "ts]",
      "native": false
    },
    {
      "column": 32,
      "file": "node:internal/modules/cjs/loader",
      "function": "Module.load",
      "line": 1206,
      "method": "load",
      "native": false
    },
    {
      "column": 12,
      "file": "node:internal/modules/cjs/loader",
      "function": "Module._load",
      "line": 1022,
      "method": "_load",
      "native": false
    },
    {
      "column": 19,
      "file": "node:internal/modules/cjs/loader",
      "function": "Module.require",
      "line": 1231,
      "method": "require",
      "native": false
    }
  ]
}
2024-04-25 11:00:43 - e1721f58-d86f-463b-ba74-68ebecb3d19f - error: uncaughtException: тип Unable to compile TypeScript:
[96msrc/validations/validation.ts[0m:[93m31[0m:[93m7[0m - [91merror[0m[90m TS2552: [0mCannot find name 'error'. Did you mean 'Error'?

[7m31[0m   if (error) {
[7m  [0m [91m      ~~~~~[0m

  [96mnode_modules/typescript/lib/lib.es5.d.ts[0m:[93m1087[0m:[93m13[0m
    [7m1087[0m declare var Error: ErrorConstructor;
    [7m    [0m [96m            ~~~~~[0m
    'Error' is declared here.
[96msrc/validations/validation.ts[0m:[93m32[0m:[93m45[0m - [91merror[0m[90m TS2552: [0mCannot find name 'error'. Did you mean 'Error'?

[7m32[0m     res.status(400).json({ validationError: error.details[0].message });
[7m  [0m [91m                                            ~~~~~[0m

  [96mnode_modules/typescript/lib/lib.es5.d.ts[0m:[93m1087[0m:[93m13[0m
    [7m1087[0m declare var Error: ErrorConstructor;
    [7m    [0m [96m            ~~~~~[0m
    'Error' is declared here.

TSError: тип Unable to compile TypeScript:
[96msrc/validations/validation.ts[0m:[93m31[0m:[93m7[0m - [91merror[0m[90m TS2552: [0mCannot find name 'error'. Did you mean 'Error'?

[7m31[0m   if (error) {
[7m  [0m [91m      ~~~~~[0m

  [96mnode_modules/typescript/lib/lib.es5.d.ts[0m:[93m1087[0m:[93m13[0m
    [7m1087[0m declare var Error: ErrorConstructor;
    [7m    [0m [96m            ~~~~~[0m
    'Error' is declared here.
[96msrc/validations/validation.ts[0m:[93m32[0m:[93m45[0m - [91merror[0m[90m TS2552: [0mCannot find name 'error'. Did you mean 'Error'?

[7m32[0m     res.status(400).json({ validationError: error.details[0].message });
[7m  [0m [91m                                            ~~~~~[0m

  [96mnode_modules/typescript/lib/lib.es5.d.ts[0m:[93m1087[0m:[93m13[0m
    [7m1087[0m declare var Error: ErrorConstructor;
    [7m    [0m [96m            ~~~~~[0m
    'Error' is declared here.

    at createTSError (/home/ditsdev152/.nvm/versions/node/v20.12.0/lib/node_modules/ts-node/src/index.ts:859:12)
    at reportTSError (/home/ditsdev152/.nvm/versions/node/v20.12.0/lib/node_modules/ts-node/src/index.ts:863:19)
    at getOutput (/home/ditsdev152/.nvm/versions/node/v20.12.0/lib/node_modules/ts-node/src/index.ts:1077:36)
    at Object.compile (/home/ditsdev152/.nvm/versions/node/v20.12.0/lib/node_modules/ts-node/src/index.ts:1433:41)
    at Module.m._compile (/home/ditsdev152/.nvm/versions/node/v20.12.0/lib/node_modules/ts-node/src/index.ts:1617:30)
    at Module._extensions..js (node:internal/modules/cjs/loader:1427:10)
    at Object.require.extensions.<computed> [as .ts] (/home/ditsdev152/.nvm/versions/node/v20.12.0/lib/node_modules/ts-node/src/index.ts:1621:12)
    at Module.load (node:internal/modules/cjs/loader:1206:32)
    at Function.Module._load (node:internal/modules/cjs/loader:1022:12)
    at Module.require (node:internal/modules/cjs/loader:1231:19) {
  "error": {
    "diagnosticCodes": [
      2552,
      2552
    ]
  },
  "stack": "TSError: тип Unable to compile TypeScript:\n\u001b[96msrc/validations/validation.ts\u001b[0m:\u001b[93m31\u001b[0m:\u001b[93m7\u001b[0m - \u001b[91merror\u001b[0m\u001b[90m TS2552: \u001b[0mCannot find name 'error'. Did you mean 'Error'?\n\n\u001b[7m31\u001b[0m   if (error) {\n\u001b[7m  \u001b[0m \u001b[91m      ~~~~~\u001b[0m\n\n  \u001b[96mnode_modules/typescript/lib/lib.es5.d.ts\u001b[0m:\u001b[93m1087\u001b[0m:\u001b[93m13\u001b[0m\n    \u001b[7m1087\u001b[0m declare var Error: ErrorConstructor;\n    \u001b[7m    \u001b[0m \u001b[96m            ~~~~~\u001b[0m\n    'Error' is declared here.\n\u001b[96msrc/validations/validation.ts\u001b[0m:\u001b[93m32\u001b[0m:\u001b[93m45\u001b[0m - \u001b[91merror\u001b[0m\u001b[90m TS2552: \u001b[0mCannot find name 'error'. Did you mean 'Error'?\n\n\u001b[7m32\u001b[0m     res.status(400).json({ validationError: error.details[0].message });\n\u001b[7m  \u001b[0m \u001b[91m                                            ~~~~~\u001b[0m\n\n  \u001b[96mnode_modules/typescript/lib/lib.es5.d.ts\u001b[0m:\u001b[93m1087\u001b[0m:\u001b[93m13\u001b[0m\n    \u001b[7m1087\u001b[0m declare var Error: ErrorConstructor;\n    \u001b[7m    \u001b[0m \u001b[96m            ~~~~~\u001b[0m\n    'Error' is declared here.\n\n    at createTSError (/home/ditsdev152/.nvm/versions/node/v20.12.0/lib/node_modules/ts-node/src/index.ts:859:12)\n    at reportTSError (/home/ditsdev152/.nvm/versions/node/v20.12.0/lib/node_modules/ts-node/src/index.ts:863:19)\n    at getOutput (/home/ditsdev152/.nvm/versions/node/v20.12.0/lib/node_modules/ts-node/src/index.ts:1077:36)\n    at Object.compile (/home/ditsdev152/.nvm/versions/node/v20.12.0/lib/node_modules/ts-node/src/index.ts:1433:41)\n    at Module.m._compile (/home/ditsdev152/.nvm/versions/node/v20.12.0/lib/node_modules/ts-node/src/index.ts:1617:30)\n    at Module._extensions..js (node:internal/modules/cjs/loader:1427:10)\n    at Object.require.extensions.<computed> [as .ts] (/home/ditsdev152/.nvm/versions/node/v20.12.0/lib/node_modules/ts-node/src/index.ts:1621:12)\n    at Module.load (node:internal/modules/cjs/loader:1206:32)\n    at Function.Module._load (node:internal/modules/cjs/loader:1022:12)\n    at Module.require (node:internal/modules/cjs/loader:1231:19)",
  "exception": true,
  "date": "Thu Apr 25 2024 16:30:43 GMT+0530 (India Standard Time)",
  "process": {
    "pid": 51105,
    "uid": 1000,
    "gid": 1000,
    "cwd": "/home/ditsdev152/Desktop/cab-booking/users",
    "execPath": "/home/ditsdev152/.nvm/versions/node/v20.12.0/bin/node",
    "version": "v20.12.0",
    "argv": [
      "/home/ditsdev152/.nvm/versions/node/v20.12.0/bin/ts-node",
      "/home/ditsdev152/Desktop/cab-booking/users/index.ts"
    ],
    "memoryUsage": {
      "rss": 280104960,
      "heapTotal": 197435392,
      "heapUsed": 170936848,
      "external": 6496733,
      "arrayBuffers": 3622827
    }
  },
  "os": {
    "loadavg": [
      0.97,
      1.15,
      1.78
    ],
    "uptime": 24354.14
  },
  "trace": [
    {
      "column": 12,
      "file": "/home/ditsdev152/.nvm/versions/node/v20.12.0/lib/node_modules/ts-node/src/index.ts",
      "function": "createTSError",
      "line": 859,
      "method": null,
      "native": false
    },
    {
      "column": 19,
      "file": "/home/ditsdev152/.nvm/versions/node/v20.12.0/lib/node_modules/ts-node/src/index.ts",
      "function": "reportTSError",
      "line": 863,
      "method": null,
      "native": false
    },
    {
      "column": 36,
      "file": "/home/ditsdev152/.nvm/versions/node/v20.12.0/lib/node_modules/ts-node/src/index.ts",
      "function": "getOutput",
      "line": 1077,
      "method": null,
      "native": false
    },
    {
      "column": 41,
      "file": "/home/ditsdev152/.nvm/versions/node/v20.12.0/lib/node_modules/ts-node/src/index.ts",
      "function": "Object.compile",
      "line": 1433,
      "method": "compile",
      "native": false
    },
    {
      "column": 30,
      "file": "/home/ditsdev152/.nvm/versions/node/v20.12.0/lib/node_modules/ts-node/src/index.ts",
      "function": "Module.m._compile",
      "line": 1617,
      "method": "_compile",
      "native": false
    },
    {
      "column": 10,
      "file": "node:internal/modules/cjs/loader",
      "function": "Module._extensions..js",
      "line": 1427,
      "method": ".js",
      "native": false
    },
    {
      "column": 12,
      "file": "/home/ditsdev152/.nvm/versions/node/v20.12.0/lib/node_modules/ts-node/src/index.ts",
      "function": "Object.require.extensions.<computed> [as .ts]",
      "line": 1621,
      "method": "ts]",
      "native": false
    },
    {
      "column": 32,
      "file": "node:internal/modules/cjs/loader",
      "function": "Module.load",
      "line": 1206,
      "method": "load",
      "native": false
    },
    {
      "column": 12,
      "file": "node:internal/modules/cjs/loader",
      "function": "Module._load",
      "line": 1022,
      "method": "_load",
      "native": false
    },
    {
      "column": 19,
      "file": "node:internal/modules/cjs/loader",
      "function": "Module.require",
      "line": 1231,
      "method": "require",
      "native": false
    }
  ]
}
2024-04-25 11:01:00 - 0e446d93-980e-4965-b415-4f7c28b11fc1 - error: uncaughtException: тип Unable to compile TypeScript:
[96msrc/validations/validation.ts[0m:[93m31[0m:[93m7[0m - [91merror[0m[90m TS2552: [0mCannot find name 'error'. Did you mean 'Error'?

[7m31[0m   if (error) {
[7m  [0m [91m      ~~~~~[0m

  [96mnode_modules/typescript/lib/lib.es5.d.ts[0m:[93m1087[0m:[93m13[0m
    [7m1087[0m declare var Error: ErrorConstructor;
    [7m    [0m [96m            ~~~~~[0m
    'Error' is declared here.
[96msrc/validations/validation.ts[0m:[93m32[0m:[93m45[0m - [91merror[0m[90m TS2552: [0mCannot find name 'error'. Did you mean 'Error'?

[7m32[0m     res.status(400).json({ validationError: error.details[0].message });
[7m  [0m [91m                                            ~~~~~[0m

  [96mnode_modules/typescript/lib/lib.es5.d.ts[0m:[93m1087[0m:[93m13[0m
    [7m1087[0m declare var Error: ErrorConstructor;
    [7m    [0m [96m            ~~~~~[0m
    'Error' is declared here.

TSError: тип Unable to compile TypeScript:
[96msrc/validations/validation.ts[0m:[93m31[0m:[93m7[0m - [91merror[0m[90m TS2552: [0mCannot find name 'error'. Did you mean 'Error'?

[7m31[0m   if (error) {
[7m  [0m [91m      ~~~~~[0m

  [96mnode_modules/typescript/lib/lib.es5.d.ts[0m:[93m1087[0m:[93m13[0m
    [7m1087[0m declare var Error: ErrorConstructor;
    [7m    [0m [96m            ~~~~~[0m
    'Error' is declared here.
[96msrc/validations/validation.ts[0m:[93m32[0m:[93m45[0m - [91merror[0m[90m TS2552: [0mCannot find name 'error'. Did you mean 'Error'?

[7m32[0m     res.status(400).json({ validationError: error.details[0].message });
[7m  [0m [91m                                            ~~~~~[0m

  [96mnode_modules/typescript/lib/lib.es5.d.ts[0m:[93m1087[0m:[93m13[0m
    [7m1087[0m declare var Error: ErrorConstructor;
    [7m    [0m [96m            ~~~~~[0m
    'Error' is declared here.

    at createTSError (/home/ditsdev152/.nvm/versions/node/v20.12.0/lib/node_modules/ts-node/src/index.ts:859:12)
    at reportTSError (/home/ditsdev152/.nvm/versions/node/v20.12.0/lib/node_modules/ts-node/src/index.ts:863:19)
    at getOutput (/home/ditsdev152/.nvm/versions/node/v20.12.0/lib/node_modules/ts-node/src/index.ts:1077:36)
    at Object.compile (/home/ditsdev152/.nvm/versions/node/v20.12.0/lib/node_modules/ts-node/src/index.ts:1433:41)
    at Module.m._compile (/home/ditsdev152/.nvm/versions/node/v20.12.0/lib/node_modules/ts-node/src/index.ts:1617:30)
    at Module._extensions..js (node:internal/modules/cjs/loader:1427:10)
    at Object.require.extensions.<computed> [as .ts] (/home/ditsdev152/.nvm/versions/node/v20.12.0/lib/node_modules/ts-node/src/index.ts:1621:12)
    at Module.load (node:internal/modules/cjs/loader:1206:32)
    at Function.Module._load (node:internal/modules/cjs/loader:1022:12)
    at Module.require (node:internal/modules/cjs/loader:1231:19) {
  "error": {
    "diagnosticCodes": [
      2552,
      2552
    ]
  },
  "stack": "TSError: тип Unable to compile TypeScript:\n\u001b[96msrc/validations/validation.ts\u001b[0m:\u001b[93m31\u001b[0m:\u001b[93m7\u001b[0m - \u001b[91merror\u001b[0m\u001b[90m TS2552: \u001b[0mCannot find name 'error'. Did you mean 'Error'?\n\n\u001b[7m31\u001b[0m   if (error) {\n\u001b[7m  \u001b[0m \u001b[91m      ~~~~~\u001b[0m\n\n  \u001b[96mnode_modules/typescript/lib/lib.es5.d.ts\u001b[0m:\u001b[93m1087\u001b[0m:\u001b[93m13\u001b[0m\n    \u001b[7m1087\u001b[0m declare var Error: ErrorConstructor;\n    \u001b[7m    \u001b[0m \u001b[96m            ~~~~~\u001b[0m\n    'Error' is declared here.\n\u001b[96msrc/validations/validation.ts\u001b[0m:\u001b[93m32\u001b[0m:\u001b[93m45\u001b[0m - \u001b[91merror\u001b[0m\u001b[90m TS2552: \u001b[0mCannot find name 'error'. Did you mean 'Error'?\n\n\u001b[7m32\u001b[0m     res.status(400).json({ validationError: error.details[0].message });\n\u001b[7m  \u001b[0m \u001b[91m                                            ~~~~~\u001b[0m\n\n  \u001b[96mnode_modules/typescript/lib/lib.es5.d.ts\u001b[0m:\u001b[93m1087\u001b[0m:\u001b[93m13\u001b[0m\n    \u001b[7m1087\u001b[0m declare var Error: ErrorConstructor;\n    \u001b[7m    \u001b[0m \u001b[96m            ~~~~~\u001b[0m\n    'Error' is declared here.\n\n    at createTSError (/home/ditsdev152/.nvm/versions/node/v20.12.0/lib/node_modules/ts-node/src/index.ts:859:12)\n    at reportTSError (/home/ditsdev152/.nvm/versions/node/v20.12.0/lib/node_modules/ts-node/src/index.ts:863:19)\n    at getOutput (/home/ditsdev152/.nvm/versions/node/v20.12.0/lib/node_modules/ts-node/src/index.ts:1077:36)\n    at Object.compile (/home/ditsdev152/.nvm/versions/node/v20.12.0/lib/node_modules/ts-node/src/index.ts:1433:41)\n    at Module.m._compile (/home/ditsdev152/.nvm/versions/node/v20.12.0/lib/node_modules/ts-node/src/index.ts:1617:30)\n    at Module._extensions..js (node:internal/modules/cjs/loader:1427:10)\n    at Object.require.extensions.<computed> [as .ts] (/home/ditsdev152/.nvm/versions/node/v20.12.0/lib/node_modules/ts-node/src/index.ts:1621:12)\n    at Module.load (node:internal/modules/cjs/loader:1206:32)\n    at Function.Module._load (node:internal/modules/cjs/loader:1022:12)\n    at Module.require (node:internal/modules/cjs/loader:1231:19)",
  "exception": true,
  "date": "Thu Apr 25 2024 16:31:00 GMT+0530 (India Standard Time)",
  "process": {
    "pid": 51439,
    "uid": 1000,
    "gid": 1000,
    "cwd": "/home/ditsdev152/Desktop/cab-booking/users",
    "execPath": "/home/ditsdev152/.nvm/versions/node/v20.12.0/bin/node",
    "version": "v20.12.0",
    "argv": [
      "/home/ditsdev152/.nvm/versions/node/v20.12.0/bin/ts-node",
      "/home/ditsdev152/Desktop/cab-booking/users/index.ts"
    ],
    "memoryUsage": {
      "rss": 276811776,
      "heapTotal": 194027520,
      "heapUsed": 169874896,
      "external": 6496471,
      "arrayBuffers": 3622859
    }
  },
  "os": {
    "loadavg": [
      1.54,
      1.26,
      1.8
    ],
    "uptime": 24370.86
  },
  "trace": [
    {
      "column": 12,
      "file": "/home/ditsdev152/.nvm/versions/node/v20.12.0/lib/node_modules/ts-node/src/index.ts",
      "function": "createTSError",
      "line": 859,
      "method": null,
      "native": false
    },
    {
      "column": 19,
      "file": "/home/ditsdev152/.nvm/versions/node/v20.12.0/lib/node_modules/ts-node/src/index.ts",
      "function": "reportTSError",
      "line": 863,
      "method": null,
      "native": false
    },
    {
      "column": 36,
      "file": "/home/ditsdev152/.nvm/versions/node/v20.12.0/lib/node_modules/ts-node/src/index.ts",
      "function": "getOutput",
      "line": 1077,
      "method": null,
      "native": false
    },
    {
      "column": 41,
      "file": "/home/ditsdev152/.nvm/versions/node/v20.12.0/lib/node_modules/ts-node/src/index.ts",
      "function": "Object.compile",
      "line": 1433,
      "method": "compile",
      "native": false
    },
    {
      "column": 30,
      "file": "/home/ditsdev152/.nvm/versions/node/v20.12.0/lib/node_modules/ts-node/src/index.ts",
      "function": "Module.m._compile",
      "line": 1617,
      "method": "_compile",
      "native": false
    },
    {
      "column": 10,
      "file": "node:internal/modules/cjs/loader",
      "function": "Module._extensions..js",
      "line": 1427,
      "method": ".js",
      "native": false
    },
    {
      "column": 12,
      "file": "/home/ditsdev152/.nvm/versions/node/v20.12.0/lib/node_modules/ts-node/src/index.ts",
      "function": "Object.require.extensions.<computed> [as .ts]",
      "line": 1621,
      "method": "ts]",
      "native": false
    },
    {
      "column": 32,
      "file": "node:internal/modules/cjs/loader",
      "function": "Module.load",
      "line": 1206,
      "method": "load",
      "native": false
    },
    {
      "column": 12,
      "file": "node:internal/modules/cjs/loader",
      "function": "Module._load",
      "line": 1022,
      "method": "_load",
      "native": false
    },
    {
      "column": 19,
      "file": "node:internal/modules/cjs/loader",
      "function": "Module.require",
      "line": 1231,
      "method": "require",
      "native": false
    }
  ]
}
2024-04-25 11:01:23 - 179fdb1a-dc8d-4b4c-992e-6312ab5be71b - error: uncaughtException: тип Unable to compile TypeScript:
[96msrc/validations/validation.ts[0m:[93m31[0m:[93m7[0m - [91merror[0m[90m TS2552: [0mCannot find name 'error'. Did you mean 'Error'?

[7m31[0m   if (error) {
[7m  [0m [91m      ~~~~~[0m

  [96mnode_modules/typescript/lib/lib.es5.d.ts[0m:[93m1087[0m:[93m13[0m
    [7m1087[0m declare var Error: ErrorConstructor;
    [7m    [0m [96m            ~~~~~[0m
    'Error' is declared here.
[96msrc/validations/validation.ts[0m:[93m32[0m:[93m45[0m - [91merror[0m[90m TS2552: [0mCannot find name 'error'. Did you mean 'Error'?

[7m32[0m     res.status(400).json({ validationError: error.details[0].message });
[7m  [0m [91m                                            ~~~~~[0m

  [96mnode_modules/typescript/lib/lib.es5.d.ts[0m:[93m1087[0m:[93m13[0m
    [7m1087[0m declare var Error: ErrorConstructor;
    [7m    [0m [96m            ~~~~~[0m
    'Error' is declared here.

TSError: тип Unable to compile TypeScript:
[96msrc/validations/validation.ts[0m:[93m31[0m:[93m7[0m - [91merror[0m[90m TS2552: [0mCannot find name 'error'. Did you mean 'Error'?

[7m31[0m   if (error) {
[7m  [0m [91m      ~~~~~[0m

  [96mnode_modules/typescript/lib/lib.es5.d.ts[0m:[93m1087[0m:[93m13[0m
    [7m1087[0m declare var Error: ErrorConstructor;
    [7m    [0m [96m            ~~~~~[0m
    'Error' is declared here.
[96msrc/validations/validation.ts[0m:[93m32[0m:[93m45[0m - [91merror[0m[90m TS2552: [0mCannot find name 'error'. Did you mean 'Error'?

[7m32[0m     res.status(400).json({ validationError: error.details[0].message });
[7m  [0m [91m                                            ~~~~~[0m

  [96mnode_modules/typescript/lib/lib.es5.d.ts[0m:[93m1087[0m:[93m13[0m
    [7m1087[0m declare var Error: ErrorConstructor;
    [7m    [0m [96m            ~~~~~[0m
    'Error' is declared here.

    at createTSError (/home/ditsdev152/.nvm/versions/node/v20.12.0/lib/node_modules/ts-node/src/index.ts:859:12)
    at reportTSError (/home/ditsdev152/.nvm/versions/node/v20.12.0/lib/node_modules/ts-node/src/index.ts:863:19)
    at getOutput (/home/ditsdev152/.nvm/versions/node/v20.12.0/lib/node_modules/ts-node/src/index.ts:1077:36)
    at Object.compile (/home/ditsdev152/.nvm/versions/node/v20.12.0/lib/node_modules/ts-node/src/index.ts:1433:41)
    at Module.m._compile (/home/ditsdev152/.nvm/versions/node/v20.12.0/lib/node_modules/ts-node/src/index.ts:1617:30)
    at Module._extensions..js (node:internal/modules/cjs/loader:1427:10)
    at Object.require.extensions.<computed> [as .ts] (/home/ditsdev152/.nvm/versions/node/v20.12.0/lib/node_modules/ts-node/src/index.ts:1621:12)
    at Module.load (node:internal/modules/cjs/loader:1206:32)
    at Function.Module._load (node:internal/modules/cjs/loader:1022:12)
    at Module.require (node:internal/modules/cjs/loader:1231:19) {
  "error": {
    "diagnosticCodes": [
      2552,
      2552
    ]
  },
  "stack": "TSError: тип Unable to compile TypeScript:\n\u001b[96msrc/validations/validation.ts\u001b[0m:\u001b[93m31\u001b[0m:\u001b[93m7\u001b[0m - \u001b[91merror\u001b[0m\u001b[90m TS2552: \u001b[0mCannot find name 'error'. Did you mean 'Error'?\n\n\u001b[7m31\u001b[0m   if (error) {\n\u001b[7m  \u001b[0m \u001b[91m      ~~~~~\u001b[0m\n\n  \u001b[96mnode_modules/typescript/lib/lib.es5.d.ts\u001b[0m:\u001b[93m1087\u001b[0m:\u001b[93m13\u001b[0m\n    \u001b[7m1087\u001b[0m declare var Error: ErrorConstructor;\n    \u001b[7m    \u001b[0m \u001b[96m            ~~~~~\u001b[0m\n    'Error' is declared here.\n\u001b[96msrc/validations/validation.ts\u001b[0m:\u001b[93m32\u001b[0m:\u001b[93m45\u001b[0m - \u001b[91merror\u001b[0m\u001b[90m TS2552: \u001b[0mCannot find name 'error'. Did you mean 'Error'?\n\n\u001b[7m32\u001b[0m     res.status(400).json({ validationError: error.details[0].message });\n\u001b[7m  \u001b[0m \u001b[91m                                            ~~~~~\u001b[0m\n\n  \u001b[96mnode_modules/typescript/lib/lib.es5.d.ts\u001b[0m:\u001b[93m1087\u001b[0m:\u001b[93m13\u001b[0m\n    \u001b[7m1087\u001b[0m declare var Error: ErrorConstructor;\n    \u001b[7m    \u001b[0m \u001b[96m            ~~~~~\u001b[0m\n    'Error' is declared here.\n\n    at createTSError (/home/ditsdev152/.nvm/versions/node/v20.12.0/lib/node_modules/ts-node/src/index.ts:859:12)\n    at reportTSError (/home/ditsdev152/.nvm/versions/node/v20.12.0/lib/node_modules/ts-node/src/index.ts:863:19)\n    at getOutput (/home/ditsdev152/.nvm/versions/node/v20.12.0/lib/node_modules/ts-node/src/index.ts:1077:36)\n    at Object.compile (/home/ditsdev152/.nvm/versions/node/v20.12.0/lib/node_modules/ts-node/src/index.ts:1433:41)\n    at Module.m._compile (/home/ditsdev152/.nvm/versions/node/v20.12.0/lib/node_modules/ts-node/src/index.ts:1617:30)\n    at Module._extensions..js (node:internal/modules/cjs/loader:1427:10)\n    at Object.require.extensions.<computed> [as .ts] (/home/ditsdev152/.nvm/versions/node/v20.12.0/lib/node_modules/ts-node/src/index.ts:1621:12)\n    at Module.load (node:internal/modules/cjs/loader:1206:32)\n    at Function.Module._load (node:internal/modules/cjs/loader:1022:12)\n    at Module.require (node:internal/modules/cjs/loader:1231:19)",
  "exception": true,
  "date": "Thu Apr 25 2024 16:31:23 GMT+0530 (India Standard Time)",
  "process": {
    "pid": 51821,
    "uid": 1000,
    "gid": 1000,
    "cwd": "/home/ditsdev152/Desktop/cab-booking/users",
    "execPath": "/home/ditsdev152/.nvm/versions/node/v20.12.0/bin/node",
    "version": "v20.12.0",
    "argv": [
      "/home/ditsdev152/.nvm/versions/node/v20.12.0/bin/ts-node",
      "/home/ditsdev152/Desktop/cab-booking/users/index.ts"
    ],
    "memoryUsage": {
      "rss": 277127168,
      "heapTotal": 194027520,
      "heapUsed": 172045520,
      "external": 6496439,
      "arrayBuffers": 3622827
    }
  },
  "os": {
    "loadavg": [
      2.11,
      1.39,
      1.83
    ],
    "uptime": 24394.43
  },
  "trace": [
    {
      "column": 12,
      "file": "/home/ditsdev152/.nvm/versions/node/v20.12.0/lib/node_modules/ts-node/src/index.ts",
      "function": "createTSError",
      "line": 859,
      "method": null,
      "native": false
    },
    {
      "column": 19,
      "file": "/home/ditsdev152/.nvm/versions/node/v20.12.0/lib/node_modules/ts-node/src/index.ts",
      "function": "reportTSError",
      "line": 863,
      "method": null,
      "native": false
    },
    {
      "column": 36,
      "file": "/home/ditsdev152/.nvm/versions/node/v20.12.0/lib/node_modules/ts-node/src/index.ts",
      "function": "getOutput",
      "line": 1077,
      "method": null,
      "native": false
    },
    {
      "column": 41,
      "file": "/home/ditsdev152/.nvm/versions/node/v20.12.0/lib/node_modules/ts-node/src/index.ts",
      "function": "Object.compile",
      "line": 1433,
      "method": "compile",
      "native": false
    },
    {
      "column": 30,
      "file": "/home/ditsdev152/.nvm/versions/node/v20.12.0/lib/node_modules/ts-node/src/index.ts",
      "function": "Module.m._compile",
      "line": 1617,
      "method": "_compile",
      "native": false
    },
    {
      "column": 10,
      "file": "node:internal/modules/cjs/loader",
      "function": "Module._extensions..js",
      "line": 1427,
      "method": ".js",
      "native": false
    },
    {
      "column": 12,
      "file": "/home/ditsdev152/.nvm/versions/node/v20.12.0/lib/node_modules/ts-node/src/index.ts",
      "function": "Object.require.extensions.<computed> [as .ts]",
      "line": 1621,
      "method": "ts]",
      "native": false
    },
    {
      "column": 32,
      "file": "node:internal/modules/cjs/loader",
      "function": "Module.load",
      "line": 1206,
      "method": "load",
      "native": false
    },
    {
      "column": 12,
      "file": "node:internal/modules/cjs/loader",
      "function": "Module._load",
      "line": 1022,
      "method": "_load",
      "native": false
    },
    {
      "column": 19,
      "file": "node:internal/modules/cjs/loader",
      "function": "Module.require",
      "line": 1231,
      "method": "require",
      "native": false
    }
  ]
}
2024-04-25 11:01:36 - e0c2321e-e673-4d01-ab44-8ffa3ee2c02c - error: uncaughtException: тип Unable to compile TypeScript:
[96msrc/validations/validation.ts[0m:[93m31[0m:[93m7[0m - [91merror[0m[90m TS2552: [0mCannot find name 'error'. Did you mean 'Error'?

[7m31[0m   if (error) {
[7m  [0m [91m      ~~~~~[0m

  [96mnode_modules/typescript/lib/lib.es5.d.ts[0m:[93m1087[0m:[93m13[0m
    [7m1087[0m declare var Error: ErrorConstructor;
    [7m    [0m [96m            ~~~~~[0m
    'Error' is declared here.
[96msrc/validations/validation.ts[0m:[93m32[0m:[93m45[0m - [91merror[0m[90m TS2552: [0mCannot find name 'error'. Did you mean 'Error'?

[7m32[0m     res.status(400).json({ validationError: error.details[0].message });
[7m  [0m [91m                                            ~~~~~[0m

  [96mnode_modules/typescript/lib/lib.es5.d.ts[0m:[93m1087[0m:[93m13[0m
    [7m1087[0m declare var Error: ErrorConstructor;
    [7m    [0m [96m            ~~~~~[0m
    'Error' is declared here.

TSError: тип Unable to compile TypeScript:
[96msrc/validations/validation.ts[0m:[93m31[0m:[93m7[0m - [91merror[0m[90m TS2552: [0mCannot find name 'error'. Did you mean 'Error'?

[7m31[0m   if (error) {
[7m  [0m [91m      ~~~~~[0m

  [96mnode_modules/typescript/lib/lib.es5.d.ts[0m:[93m1087[0m:[93m13[0m
    [7m1087[0m declare var Error: ErrorConstructor;
    [7m    [0m [96m            ~~~~~[0m
    'Error' is declared here.
[96msrc/validations/validation.ts[0m:[93m32[0m:[93m45[0m - [91merror[0m[90m TS2552: [0mCannot find name 'error'. Did you mean 'Error'?

[7m32[0m     res.status(400).json({ validationError: error.details[0].message });
[7m  [0m [91m                                            ~~~~~[0m

  [96mnode_modules/typescript/lib/lib.es5.d.ts[0m:[93m1087[0m:[93m13[0m
    [7m1087[0m declare var Error: ErrorConstructor;
    [7m    [0m [96m            ~~~~~[0m
    'Error' is declared here.

    at createTSError (/home/ditsdev152/.nvm/versions/node/v20.12.0/lib/node_modules/ts-node/src/index.ts:859:12)
    at reportTSError (/home/ditsdev152/.nvm/versions/node/v20.12.0/lib/node_modules/ts-node/src/index.ts:863:19)
    at getOutput (/home/ditsdev152/.nvm/versions/node/v20.12.0/lib/node_modules/ts-node/src/index.ts:1077:36)
    at Object.compile (/home/ditsdev152/.nvm/versions/node/v20.12.0/lib/node_modules/ts-node/src/index.ts:1433:41)
    at Module.m._compile (/home/ditsdev152/.nvm/versions/node/v20.12.0/lib/node_modules/ts-node/src/index.ts:1617:30)
    at Module._extensions..js (node:internal/modules/cjs/loader:1427:10)
    at Object.require.extensions.<computed> [as .ts] (/home/ditsdev152/.nvm/versions/node/v20.12.0/lib/node_modules/ts-node/src/index.ts:1621:12)
    at Module.load (node:internal/modules/cjs/loader:1206:32)
    at Function.Module._load (node:internal/modules/cjs/loader:1022:12)
    at Module.require (node:internal/modules/cjs/loader:1231:19) {
  "error": {
    "diagnosticCodes": [
      2552,
      2552
    ]
  },
  "stack": "TSError: тип Unable to compile TypeScript:\n\u001b[96msrc/validations/validation.ts\u001b[0m:\u001b[93m31\u001b[0m:\u001b[93m7\u001b[0m - \u001b[91merror\u001b[0m\u001b[90m TS2552: \u001b[0mCannot find name 'error'. Did you mean 'Error'?\n\n\u001b[7m31\u001b[0m   if (error) {\n\u001b[7m  \u001b[0m \u001b[91m      ~~~~~\u001b[0m\n\n  \u001b[96mnode_modules/typescript/lib/lib.es5.d.ts\u001b[0m:\u001b[93m1087\u001b[0m:\u001b[93m13\u001b[0m\n    \u001b[7m1087\u001b[0m declare var Error: ErrorConstructor;\n    \u001b[7m    \u001b[0m \u001b[96m            ~~~~~\u001b[0m\n    'Error' is declared here.\n\u001b[96msrc/validations/validation.ts\u001b[0m:\u001b[93m32\u001b[0m:\u001b[93m45\u001b[0m - \u001b[91merror\u001b[0m\u001b[90m TS2552: \u001b[0mCannot find name 'error'. Did you mean 'Error'?\n\n\u001b[7m32\u001b[0m     res.status(400).json({ validationError: error.details[0].message });\n\u001b[7m  \u001b[0m \u001b[91m                                            ~~~~~\u001b[0m\n\n  \u001b[96mnode_modules/typescript/lib/lib.es5.d.ts\u001b[0m:\u001b[93m1087\u001b[0m:\u001b[93m13\u001b[0m\n    \u001b[7m1087\u001b[0m declare var Error: ErrorConstructor;\n    \u001b[7m    \u001b[0m \u001b[96m            ~~~~~\u001b[0m\n    'Error' is declared here.\n\n    at createTSError (/home/ditsdev152/.nvm/versions/node/v20.12.0/lib/node_modules/ts-node/src/index.ts:859:12)\n    at reportTSError (/home/ditsdev152/.nvm/versions/node/v20.12.0/lib/node_modules/ts-node/src/index.ts:863:19)\n    at getOutput (/home/ditsdev152/.nvm/versions/node/v20.12.0/lib/node_modules/ts-node/src/index.ts:1077:36)\n    at Object.compile (/home/ditsdev152/.nvm/versions/node/v20.12.0/lib/node_modules/ts-node/src/index.ts:1433:41)\n    at Module.m._compile (/home/ditsdev152/.nvm/versions/node/v20.12.0/lib/node_modules/ts-node/src/index.ts:1617:30)\n    at Module._extensions..js (node:internal/modules/cjs/loader:1427:10)\n    at Object.require.extensions.<computed> [as .ts] (/home/ditsdev152/.nvm/versions/node/v20.12.0/lib/node_modules/ts-node/src/index.ts:1621:12)\n    at Module.load (node:internal/modules/cjs/loader:1206:32)\n    at Function.Module._load (node:internal/modules/cjs/loader:1022:12)\n    at Module.require (node:internal/modules/cjs/loader:1231:19)",
  "exception": true,
  "date": "Thu Apr 25 2024 16:31:36 GMT+0530 (India Standard Time)",
  "process": {
    "pid": 52079,
    "uid": 1000,
    "gid": 1000,
    "cwd": "/home/ditsdev152/Desktop/cab-booking/users",
    "execPath": "/home/ditsdev152/.nvm/versions/node/v20.12.0/bin/node",
    "version": "v20.12.0",
    "argv": [
      "/home/ditsdev152/.nvm/versions/node/v20.12.0/bin/ts-node",
      "/home/ditsdev152/Desktop/cab-booking/users/index.ts"
    ],
    "memoryUsage": {
      "rss": 278835200,
      "heapTotal": 196124672,
      "heapUsed": 168758928,
      "external": 6496741,
      "arrayBuffers": 3622835
    }
  },
  "os": {
    "loadavg": [
      2.02,
      1.4,
      1.83
    ],
    "uptime": 24407.26
  },
  "trace": [
    {
      "column": 12,
      "file": "/home/ditsdev152/.nvm/versions/node/v20.12.0/lib/node_modules/ts-node/src/index.ts",
      "function": "createTSError",
      "line": 859,
      "method": null,
      "native": false
    },
    {
      "column": 19,
      "file": "/home/ditsdev152/.nvm/versions/node/v20.12.0/lib/node_modules/ts-node/src/index.ts",
      "function": "reportTSError",
      "line": 863,
      "method": null,
      "native": false
    },
    {
      "column": 36,
      "file": "/home/ditsdev152/.nvm/versions/node/v20.12.0/lib/node_modules/ts-node/src/index.ts",
      "function": "getOutput",
      "line": 1077,
      "method": null,
      "native": false
    },
    {
      "column": 41,
      "file": "/home/ditsdev152/.nvm/versions/node/v20.12.0/lib/node_modules/ts-node/src/index.ts",
      "function": "Object.compile",
      "line": 1433,
      "method": "compile",
      "native": false
    },
    {
      "column": 30,
      "file": "/home/ditsdev152/.nvm/versions/node/v20.12.0/lib/node_modules/ts-node/src/index.ts",
      "function": "Module.m._compile",
      "line": 1617,
      "method": "_compile",
      "native": false
    },
    {
      "column": 10,
      "file": "node:internal/modules/cjs/loader",
      "function": "Module._extensions..js",
      "line": 1427,
      "method": ".js",
      "native": false
    },
    {
      "column": 12,
      "file": "/home/ditsdev152/.nvm/versions/node/v20.12.0/lib/node_modules/ts-node/src/index.ts",
      "function": "Object.require.extensions.<computed> [as .ts]",
      "line": 1621,
      "method": "ts]",
      "native": false
    },
    {
      "column": 32,
      "file": "node:internal/modules/cjs/loader",
      "function": "Module.load",
      "line": 1206,
      "method": "load",
      "native": false
    },
    {
      "column": 12,
      "file": "node:internal/modules/cjs/loader",
      "function": "Module._load",
      "line": 1022,
      "method": "_load",
      "native": false
    },
    {
      "column": 19,
      "file": "node:internal/modules/cjs/loader",
      "function": "Module.require",
      "line": 1231,
      "method": "require",
      "native": false
    }
  ]
}
2024-04-25 11:01:52 - fd11d64b-0747-455f-b624-1b5b4703aa58 - error: uncaughtException: тип Unable to compile TypeScript:
[96msrc/validations/validation.ts[0m:[93m31[0m:[93m7[0m - [91merror[0m[90m TS2552: [0mCannot find name 'error'. Did you mean 'Error'?

[7m31[0m   if (error) {
[7m  [0m [91m      ~~~~~[0m

  [96mnode_modules/typescript/lib/lib.es5.d.ts[0m:[93m1087[0m:[93m13[0m
    [7m1087[0m declare var Error: ErrorConstructor;
    [7m    [0m [96m            ~~~~~[0m
    'Error' is declared here.
[96msrc/validations/validation.ts[0m:[93m32[0m:[93m45[0m - [91merror[0m[90m TS2552: [0mCannot find name 'error'. Did you mean 'Error'?

[7m32[0m     res.status(400).json({ validationError: error.details[0].message });
[7m  [0m [91m                                            ~~~~~[0m

  [96mnode_modules/typescript/lib/lib.es5.d.ts[0m:[93m1087[0m:[93m13[0m
    [7m1087[0m declare var Error: ErrorConstructor;
    [7m    [0m [96m            ~~~~~[0m
    'Error' is declared here.

TSError: тип Unable to compile TypeScript:
[96msrc/validations/validation.ts[0m:[93m31[0m:[93m7[0m - [91merror[0m[90m TS2552: [0mCannot find name 'error'. Did you mean 'Error'?

[7m31[0m   if (error) {
[7m  [0m [91m      ~~~~~[0m

  [96mnode_modules/typescript/lib/lib.es5.d.ts[0m:[93m1087[0m:[93m13[0m
    [7m1087[0m declare var Error: ErrorConstructor;
    [7m    [0m [96m            ~~~~~[0m
    'Error' is declared here.
[96msrc/validations/validation.ts[0m:[93m32[0m:[93m45[0m - [91merror[0m[90m TS2552: [0mCannot find name 'error'. Did you mean 'Error'?

[7m32[0m     res.status(400).json({ validationError: error.details[0].message });
[7m  [0m [91m                                            ~~~~~[0m

  [96mnode_modules/typescript/lib/lib.es5.d.ts[0m:[93m1087[0m:[93m13[0m
    [7m1087[0m declare var Error: ErrorConstructor;
    [7m    [0m [96m            ~~~~~[0m
    'Error' is declared here.

    at createTSError (/home/ditsdev152/.nvm/versions/node/v20.12.0/lib/node_modules/ts-node/src/index.ts:859:12)
    at reportTSError (/home/ditsdev152/.nvm/versions/node/v20.12.0/lib/node_modules/ts-node/src/index.ts:863:19)
    at getOutput (/home/ditsdev152/.nvm/versions/node/v20.12.0/lib/node_modules/ts-node/src/index.ts:1077:36)
    at Object.compile (/home/ditsdev152/.nvm/versions/node/v20.12.0/lib/node_modules/ts-node/src/index.ts:1433:41)
    at Module.m._compile (/home/ditsdev152/.nvm/versions/node/v20.12.0/lib/node_modules/ts-node/src/index.ts:1617:30)
    at Module._extensions..js (node:internal/modules/cjs/loader:1427:10)
    at Object.require.extensions.<computed> [as .ts] (/home/ditsdev152/.nvm/versions/node/v20.12.0/lib/node_modules/ts-node/src/index.ts:1621:12)
    at Module.load (node:internal/modules/cjs/loader:1206:32)
    at Function.Module._load (node:internal/modules/cjs/loader:1022:12)
    at Module.require (node:internal/modules/cjs/loader:1231:19) {
  "error": {
    "diagnosticCodes": [
      2552,
      2552
    ]
  },
  "stack": "TSError: тип Unable to compile TypeScript:\n\u001b[96msrc/validations/validation.ts\u001b[0m:\u001b[93m31\u001b[0m:\u001b[93m7\u001b[0m - \u001b[91merror\u001b[0m\u001b[90m TS2552: \u001b[0mCannot find name 'error'. Did you mean 'Error'?\n\n\u001b[7m31\u001b[0m   if (error) {\n\u001b[7m  \u001b[0m \u001b[91m      ~~~~~\u001b[0m\n\n  \u001b[96mnode_modules/typescript/lib/lib.es5.d.ts\u001b[0m:\u001b[93m1087\u001b[0m:\u001b[93m13\u001b[0m\n    \u001b[7m1087\u001b[0m declare var Error: ErrorConstructor;\n    \u001b[7m    \u001b[0m \u001b[96m            ~~~~~\u001b[0m\n    'Error' is declared here.\n\u001b[96msrc/validations/validation.ts\u001b[0m:\u001b[93m32\u001b[0m:\u001b[93m45\u001b[0m - \u001b[91merror\u001b[0m\u001b[90m TS2552: \u001b[0mCannot find name 'error'. Did you mean 'Error'?\n\n\u001b[7m32\u001b[0m     res.status(400).json({ validationError: error.details[0].message });\n\u001b[7m  \u001b[0m \u001b[91m                                            ~~~~~\u001b[0m\n\n  \u001b[96mnode_modules/typescript/lib/lib.es5.d.ts\u001b[0m:\u001b[93m1087\u001b[0m:\u001b[93m13\u001b[0m\n    \u001b[7m1087\u001b[0m declare var Error: ErrorConstructor;\n    \u001b[7m    \u001b[0m \u001b[96m            ~~~~~\u001b[0m\n    'Error' is declared here.\n\n    at createTSError (/home/ditsdev152/.nvm/versions/node/v20.12.0/lib/node_modules/ts-node/src/index.ts:859:12)\n    at reportTSError (/home/ditsdev152/.nvm/versions/node/v20.12.0/lib/node_modules/ts-node/src/index.ts:863:19)\n    at getOutput (/home/ditsdev152/.nvm/versions/node/v20.12.0/lib/node_modules/ts-node/src/index.ts:1077:36)\n    at Object.compile (/home/ditsdev152/.nvm/versions/node/v20.12.0/lib/node_modules/ts-node/src/index.ts:1433:41)\n    at Module.m._compile (/home/ditsdev152/.nvm/versions/node/v20.12.0/lib/node_modules/ts-node/src/index.ts:1617:30)\n    at Module._extensions..js (node:internal/modules/cjs/loader:1427:10)\n    at Object.require.extensions.<computed> [as .ts] (/home/ditsdev152/.nvm/versions/node/v20.12.0/lib/node_modules/ts-node/src/index.ts:1621:12)\n    at Module.load (node:internal/modules/cjs/loader:1206:32)\n    at Function.Module._load (node:internal/modules/cjs/loader:1022:12)\n    at Module.require (node:internal/modules/cjs/loader:1231:19)",
  "exception": true,
  "date": "Thu Apr 25 2024 16:31:52 GMT+0530 (India Standard Time)",
  "process": {
    "pid": 52338,
    "uid": 1000,
    "gid": 1000,
    "cwd": "/home/ditsdev152/Desktop/cab-booking/users",
    "execPath": "/home/ditsdev152/.nvm/versions/node/v20.12.0/bin/node",
    "version": "v20.12.0",
    "argv": [
      "/home/ditsdev152/.nvm/versions/node/v20.12.0/bin/ts-node",
      "/home/ditsdev152/Desktop/cab-booking/users/index.ts"
    ],
    "memoryUsage": {
      "rss": 276717568,
      "heapTotal": 194551808,
      "heapUsed": 171811616,
      "external": 6496551,
      "arrayBuffers": 3622939
    }
  },
  "os": {
    "loadavg": [
      2.37,
      1.5,
      1.86
    ],
    "uptime": 24422.5
  },
  "trace": [
    {
      "column": 12,
      "file": "/home/ditsdev152/.nvm/versions/node/v20.12.0/lib/node_modules/ts-node/src/index.ts",
      "function": "createTSError",
      "line": 859,
      "method": null,
      "native": false
    },
    {
      "column": 19,
      "file": "/home/ditsdev152/.nvm/versions/node/v20.12.0/lib/node_modules/ts-node/src/index.ts",
      "function": "reportTSError",
      "line": 863,
      "method": null,
      "native": false
    },
    {
      "column": 36,
      "file": "/home/ditsdev152/.nvm/versions/node/v20.12.0/lib/node_modules/ts-node/src/index.ts",
      "function": "getOutput",
      "line": 1077,
      "method": null,
      "native": false
    },
    {
      "column": 41,
      "file": "/home/ditsdev152/.nvm/versions/node/v20.12.0/lib/node_modules/ts-node/src/index.ts",
      "function": "Object.compile",
      "line": 1433,
      "method": "compile",
      "native": false
    },
    {
      "column": 30,
      "file": "/home/ditsdev152/.nvm/versions/node/v20.12.0/lib/node_modules/ts-node/src/index.ts",
      "function": "Module.m._compile",
      "line": 1617,
      "method": "_compile",
      "native": false
    },
    {
      "column": 10,
      "file": "node:internal/modules/cjs/loader",
      "function": "Module._extensions..js",
      "line": 1427,
      "method": ".js",
      "native": false
    },
    {
      "column": 12,
      "file": "/home/ditsdev152/.nvm/versions/node/v20.12.0/lib/node_modules/ts-node/src/index.ts",
      "function": "Object.require.extensions.<computed> [as .ts]",
      "line": 1621,
      "method": "ts]",
      "native": false
    },
    {
      "column": 32,
      "file": "node:internal/modules/cjs/loader",
      "function": "Module.load",
      "line": 1206,
      "method": "load",
      "native": false
    },
    {
      "column": 12,
      "file": "node:internal/modules/cjs/loader",
      "function": "Module._load",
      "line": 1022,
      "method": "_load",
      "native": false
    },
    {
      "column": 19,
      "file": "node:internal/modules/cjs/loader",
      "function": "Module.require",
      "line": 1231,
      "method": "require",
      "native": false
    }
  ]
}
2024-04-25 11:05:43 - aec74b90-c5d4-44e5-9f81-bfb2b0c479c1 - error: uncaughtException: тип Unable to compile TypeScript:
[96msrc/validations/validation.ts[0m:[93m31[0m:[93m7[0m - [91merror[0m[90m TS2552: [0mCannot find name 'error'. Did you mean 'Error'?

[7m31[0m   if (error) {
[7m  [0m [91m      ~~~~~[0m

  [96mnode_modules/typescript/lib/lib.es5.d.ts[0m:[93m1087[0m:[93m13[0m
    [7m1087[0m declare var Error: ErrorConstructor;
    [7m    [0m [96m            ~~~~~[0m
    'Error' is declared here.
[96msrc/validations/validation.ts[0m:[93m32[0m:[93m45[0m - [91merror[0m[90m TS2552: [0mCannot find name 'error'. Did you mean 'Error'?

[7m32[0m     res.status(400).json({ validationError: error.details[0].message });
[7m  [0m [91m                                            ~~~~~[0m

  [96mnode_modules/typescript/lib/lib.es5.d.ts[0m:[93m1087[0m:[93m13[0m
    [7m1087[0m declare var Error: ErrorConstructor;
    [7m    [0m [96m            ~~~~~[0m
    'Error' is declared here.

TSError: тип Unable to compile TypeScript:
[96msrc/validations/validation.ts[0m:[93m31[0m:[93m7[0m - [91merror[0m[90m TS2552: [0mCannot find name 'error'. Did you mean 'Error'?

[7m31[0m   if (error) {
[7m  [0m [91m      ~~~~~[0m

  [96mnode_modules/typescript/lib/lib.es5.d.ts[0m:[93m1087[0m:[93m13[0m
    [7m1087[0m declare var Error: ErrorConstructor;
    [7m    [0m [96m            ~~~~~[0m
    'Error' is declared here.
[96msrc/validations/validation.ts[0m:[93m32[0m:[93m45[0m - [91merror[0m[90m TS2552: [0mCannot find name 'error'. Did you mean 'Error'?

[7m32[0m     res.status(400).json({ validationError: error.details[0].message });
[7m  [0m [91m                                            ~~~~~[0m

  [96mnode_modules/typescript/lib/lib.es5.d.ts[0m:[93m1087[0m:[93m13[0m
    [7m1087[0m declare var Error: ErrorConstructor;
    [7m    [0m [96m            ~~~~~[0m
    'Error' is declared here.

    at createTSError (/home/ditsdev152/.nvm/versions/node/v20.12.0/lib/node_modules/ts-node/src/index.ts:859:12)
    at reportTSError (/home/ditsdev152/.nvm/versions/node/v20.12.0/lib/node_modules/ts-node/src/index.ts:863:19)
    at getOutput (/home/ditsdev152/.nvm/versions/node/v20.12.0/lib/node_modules/ts-node/src/index.ts:1077:36)
    at Object.compile (/home/ditsdev152/.nvm/versions/node/v20.12.0/lib/node_modules/ts-node/src/index.ts:1433:41)
    at Module.m._compile (/home/ditsdev152/.nvm/versions/node/v20.12.0/lib/node_modules/ts-node/src/index.ts:1617:30)
    at Module._extensions..js (node:internal/modules/cjs/loader:1427:10)
    at Object.require.extensions.<computed> [as .ts] (/home/ditsdev152/.nvm/versions/node/v20.12.0/lib/node_modules/ts-node/src/index.ts:1621:12)
    at Module.load (node:internal/modules/cjs/loader:1206:32)
    at Function.Module._load (node:internal/modules/cjs/loader:1022:12)
    at Module.require (node:internal/modules/cjs/loader:1231:19) {
  "error": {
    "diagnosticCodes": [
      2552,
      2552
    ]
  },
  "stack": "TSError: тип Unable to compile TypeScript:\n\u001b[96msrc/validations/validation.ts\u001b[0m:\u001b[93m31\u001b[0m:\u001b[93m7\u001b[0m - \u001b[91merror\u001b[0m\u001b[90m TS2552: \u001b[0mCannot find name 'error'. Did you mean 'Error'?\n\n\u001b[7m31\u001b[0m   if (error) {\n\u001b[7m  \u001b[0m \u001b[91m      ~~~~~\u001b[0m\n\n  \u001b[96mnode_modules/typescript/lib/lib.es5.d.ts\u001b[0m:\u001b[93m1087\u001b[0m:\u001b[93m13\u001b[0m\n    \u001b[7m1087\u001b[0m declare var Error: ErrorConstructor;\n    \u001b[7m    \u001b[0m \u001b[96m            ~~~~~\u001b[0m\n    'Error' is declared here.\n\u001b[96msrc/validations/validation.ts\u001b[0m:\u001b[93m32\u001b[0m:\u001b[93m45\u001b[0m - \u001b[91merror\u001b[0m\u001b[90m TS2552: \u001b[0mCannot find name 'error'. Did you mean 'Error'?\n\n\u001b[7m32\u001b[0m     res.status(400).json({ validationError: error.details[0].message });\n\u001b[7m  \u001b[0m \u001b[91m                                            ~~~~~\u001b[0m\n\n  \u001b[96mnode_modules/typescript/lib/lib.es5.d.ts\u001b[0m:\u001b[93m1087\u001b[0m:\u001b[93m13\u001b[0m\n    \u001b[7m1087\u001b[0m declare var Error: ErrorConstructor;\n    \u001b[7m    \u001b[0m \u001b[96m            ~~~~~\u001b[0m\n    'Error' is declared here.\n\n    at createTSError (/home/ditsdev152/.nvm/versions/node/v20.12.0/lib/node_modules/ts-node/src/index.ts:859:12)\n    at reportTSError (/home/ditsdev152/.nvm/versions/node/v20.12.0/lib/node_modules/ts-node/src/index.ts:863:19)\n    at getOutput (/home/ditsdev152/.nvm/versions/node/v20.12.0/lib/node_modules/ts-node/src/index.ts:1077:36)\n    at Object.compile (/home/ditsdev152/.nvm/versions/node/v20.12.0/lib/node_modules/ts-node/src/index.ts:1433:41)\n    at Module.m._compile (/home/ditsdev152/.nvm/versions/node/v20.12.0/lib/node_modules/ts-node/src/index.ts:1617:30)\n    at Module._extensions..js (node:internal/modules/cjs/loader:1427:10)\n    at Object.require.extensions.<computed> [as .ts] (/home/ditsdev152/.nvm/versions/node/v20.12.0/lib/node_modules/ts-node/src/index.ts:1621:12)\n    at Module.load (node:internal/modules/cjs/loader:1206:32)\n    at Function.Module._load (node:internal/modules/cjs/loader:1022:12)\n    at Module.require (node:internal/modules/cjs/loader:1231:19)",
  "exception": true,
  "date": "Thu Apr 25 2024 16:35:43 GMT+0530 (India Standard Time)",
  "process": {
    "pid": 53141,
    "uid": 1000,
    "gid": 1000,
    "cwd": "/home/ditsdev152/Desktop/cab-booking/users",
    "execPath": "/home/ditsdev152/.nvm/versions/node/v20.12.0/bin/node",
    "version": "v20.12.0",
    "argv": [
      "/home/ditsdev152/.nvm/versions/node/v20.12.0/bin/ts-node",
      "/home/ditsdev152/Desktop/cab-booking/users/index.ts"
    ],
    "memoryUsage": {
      "rss": 276750336,
      "heapTotal": 194289664,
      "heapUsed": 172783240,
      "external": 6496821,
      "arrayBuffers": 3623209
    }
  },
  "os": {
    "loadavg": [
      1.27,
      1.42,
      1.73
    ],
    "uptime": 24654.26
  },
  "trace": [
    {
      "column": 12,
      "file": "/home/ditsdev152/.nvm/versions/node/v20.12.0/lib/node_modules/ts-node/src/index.ts",
      "function": "createTSError",
      "line": 859,
      "method": null,
      "native": false
    },
    {
      "column": 19,
      "file": "/home/ditsdev152/.nvm/versions/node/v20.12.0/lib/node_modules/ts-node/src/index.ts",
      "function": "reportTSError",
      "line": 863,
      "method": null,
      "native": false
    },
    {
      "column": 36,
      "file": "/home/ditsdev152/.nvm/versions/node/v20.12.0/lib/node_modules/ts-node/src/index.ts",
      "function": "getOutput",
      "line": 1077,
      "method": null,
      "native": false
    },
    {
      "column": 41,
      "file": "/home/ditsdev152/.nvm/versions/node/v20.12.0/lib/node_modules/ts-node/src/index.ts",
      "function": "Object.compile",
      "line": 1433,
      "method": "compile",
      "native": false
    },
    {
      "column": 30,
      "file": "/home/ditsdev152/.nvm/versions/node/v20.12.0/lib/node_modules/ts-node/src/index.ts",
      "function": "Module.m._compile",
      "line": 1617,
      "method": "_compile",
      "native": false
    },
    {
      "column": 10,
      "file": "node:internal/modules/cjs/loader",
      "function": "Module._extensions..js",
      "line": 1427,
      "method": ".js",
      "native": false
    },
    {
      "column": 12,
      "file": "/home/ditsdev152/.nvm/versions/node/v20.12.0/lib/node_modules/ts-node/src/index.ts",
      "function": "Object.require.extensions.<computed> [as .ts]",
      "line": 1621,
      "method": "ts]",
      "native": false
    },
    {
      "column": 32,
      "file": "node:internal/modules/cjs/loader",
      "function": "Module.load",
      "line": 1206,
      "method": "load",
      "native": false
    },
    {
      "column": 12,
      "file": "node:internal/modules/cjs/loader",
      "function": "Module._load",
      "line": 1022,
      "method": "_load",
      "native": false
    },
    {
      "column": 19,
      "file": "node:internal/modules/cjs/loader",
      "function": "Module.require",
      "line": 1231,
      "method": "require",
      "native": false
    }
  ]
}
2024-04-25 11:06:43 - a305b7c6-9a02-49cc-9a40-e8d0063de506 - error: uncaughtException: тип Unable to compile TypeScript:
[96msrc/validations/validation.ts[0m:[93m31[0m:[93m7[0m - [91merror[0m[90m TS2552: [0mCannot find name 'error'. Did you mean 'Error'?

[7m31[0m   if (error) {
[7m  [0m [91m      ~~~~~[0m

  [96mnode_modules/typescript/lib/lib.es5.d.ts[0m:[93m1087[0m:[93m13[0m
    [7m1087[0m declare var Error: ErrorConstructor;
    [7m    [0m [96m            ~~~~~[0m
    'Error' is declared here.
[96msrc/validations/validation.ts[0m:[93m32[0m:[93m45[0m - [91merror[0m[90m TS2552: [0mCannot find name 'error'. Did you mean 'Error'?

[7m32[0m     res.status(400).json({ validationError: error.details[0].message });
[7m  [0m [91m                                            ~~~~~[0m

  [96mnode_modules/typescript/lib/lib.es5.d.ts[0m:[93m1087[0m:[93m13[0m
    [7m1087[0m declare var Error: ErrorConstructor;
    [7m    [0m [96m            ~~~~~[0m
    'Error' is declared here.

TSError: тип Unable to compile TypeScript:
[96msrc/validations/validation.ts[0m:[93m31[0m:[93m7[0m - [91merror[0m[90m TS2552: [0mCannot find name 'error'. Did you mean 'Error'?

[7m31[0m   if (error) {
[7m  [0m [91m      ~~~~~[0m

  [96mnode_modules/typescript/lib/lib.es5.d.ts[0m:[93m1087[0m:[93m13[0m
    [7m1087[0m declare var Error: ErrorConstructor;
    [7m    [0m [96m            ~~~~~[0m
    'Error' is declared here.
[96msrc/validations/validation.ts[0m:[93m32[0m:[93m45[0m - [91merror[0m[90m TS2552: [0mCannot find name 'error'. Did you mean 'Error'?

[7m32[0m     res.status(400).json({ validationError: error.details[0].message });
[7m  [0m [91m                                            ~~~~~[0m

  [96mnode_modules/typescript/lib/lib.es5.d.ts[0m:[93m1087[0m:[93m13[0m
    [7m1087[0m declare var Error: ErrorConstructor;
    [7m    [0m [96m            ~~~~~[0m
    'Error' is declared here.

    at createTSError (/home/ditsdev152/.nvm/versions/node/v20.12.0/lib/node_modules/ts-node/src/index.ts:859:12)
    at reportTSError (/home/ditsdev152/.nvm/versions/node/v20.12.0/lib/node_modules/ts-node/src/index.ts:863:19)
    at getOutput (/home/ditsdev152/.nvm/versions/node/v20.12.0/lib/node_modules/ts-node/src/index.ts:1077:36)
    at Object.compile (/home/ditsdev152/.nvm/versions/node/v20.12.0/lib/node_modules/ts-node/src/index.ts:1433:41)
    at Module.m._compile (/home/ditsdev152/.nvm/versions/node/v20.12.0/lib/node_modules/ts-node/src/index.ts:1617:30)
    at Module._extensions..js (node:internal/modules/cjs/loader:1427:10)
    at Object.require.extensions.<computed> [as .ts] (/home/ditsdev152/.nvm/versions/node/v20.12.0/lib/node_modules/ts-node/src/index.ts:1621:12)
    at Module.load (node:internal/modules/cjs/loader:1206:32)
    at Function.Module._load (node:internal/modules/cjs/loader:1022:12)
    at Module.require (node:internal/modules/cjs/loader:1231:19) {
  "error": {
    "diagnosticCodes": [
      2552,
      2552
    ]
  },
  "stack": "TSError: тип Unable to compile TypeScript:\n\u001b[96msrc/validations/validation.ts\u001b[0m:\u001b[93m31\u001b[0m:\u001b[93m7\u001b[0m - \u001b[91merror\u001b[0m\u001b[90m TS2552: \u001b[0mCannot find name 'error'. Did you mean 'Error'?\n\n\u001b[7m31\u001b[0m   if (error) {\n\u001b[7m  \u001b[0m \u001b[91m      ~~~~~\u001b[0m\n\n  \u001b[96mnode_modules/typescript/lib/lib.es5.d.ts\u001b[0m:\u001b[93m1087\u001b[0m:\u001b[93m13\u001b[0m\n    \u001b[7m1087\u001b[0m declare var Error: ErrorConstructor;\n    \u001b[7m    \u001b[0m \u001b[96m            ~~~~~\u001b[0m\n    'Error' is declared here.\n\u001b[96msrc/validations/validation.ts\u001b[0m:\u001b[93m32\u001b[0m:\u001b[93m45\u001b[0m - \u001b[91merror\u001b[0m\u001b[90m TS2552: \u001b[0mCannot find name 'error'. Did you mean 'Error'?\n\n\u001b[7m32\u001b[0m     res.status(400).json({ validationError: error.details[0].message });\n\u001b[7m  \u001b[0m \u001b[91m                                            ~~~~~\u001b[0m\n\n  \u001b[96mnode_modules/typescript/lib/lib.es5.d.ts\u001b[0m:\u001b[93m1087\u001b[0m:\u001b[93m13\u001b[0m\n    \u001b[7m1087\u001b[0m declare var Error: ErrorConstructor;\n    \u001b[7m    \u001b[0m \u001b[96m            ~~~~~\u001b[0m\n    'Error' is declared here.\n\n    at createTSError (/home/ditsdev152/.nvm/versions/node/v20.12.0/lib/node_modules/ts-node/src/index.ts:859:12)\n    at reportTSError (/home/ditsdev152/.nvm/versions/node/v20.12.0/lib/node_modules/ts-node/src/index.ts:863:19)\n    at getOutput (/home/ditsdev152/.nvm/versions/node/v20.12.0/lib/node_modules/ts-node/src/index.ts:1077:36)\n    at Object.compile (/home/ditsdev152/.nvm/versions/node/v20.12.0/lib/node_modules/ts-node/src/index.ts:1433:41)\n    at Module.m._compile (/home/ditsdev152/.nvm/versions/node/v20.12.0/lib/node_modules/ts-node/src/index.ts:1617:30)\n    at Module._extensions..js (node:internal/modules/cjs/loader:1427:10)\n    at Object.require.extensions.<computed> [as .ts] (/home/ditsdev152/.nvm/versions/node/v20.12.0/lib/node_modules/ts-node/src/index.ts:1621:12)\n    at Module.load (node:internal/modules/cjs/loader:1206:32)\n    at Function.Module._load (node:internal/modules/cjs/loader:1022:12)\n    at Module.require (node:internal/modules/cjs/loader:1231:19)",
  "exception": true,
  "date": "Thu Apr 25 2024 16:36:43 GMT+0530 (India Standard Time)",
  "process": {
    "pid": 53525,
    "uid": 1000,
    "gid": 1000,
    "cwd": "/home/ditsdev152/Desktop/cab-booking/users",
    "execPath": "/home/ditsdev152/.nvm/versions/node/v20.12.0/bin/node",
    "version": "v20.12.0",
    "argv": [
      "/home/ditsdev152/.nvm/versions/node/v20.12.0/bin/ts-node",
      "/home/ditsdev152/Desktop/cab-booking/users/index.ts"
    ],
    "memoryUsage": {
      "rss": 281550848,
      "heapTotal": 198221824,
      "heapUsed": 165641768,
      "external": 6496733,
      "arrayBuffers": 3622827
    }
  },
  "os": {
    "loadavg": [
      1.45,
      1.39,
      1.7
    ],
    "uptime": 24713.69
  },
  "trace": [
    {
      "column": 12,
      "file": "/home/ditsdev152/.nvm/versions/node/v20.12.0/lib/node_modules/ts-node/src/index.ts",
      "function": "createTSError",
      "line": 859,
      "method": null,
      "native": false
    },
    {
      "column": 19,
      "file": "/home/ditsdev152/.nvm/versions/node/v20.12.0/lib/node_modules/ts-node/src/index.ts",
      "function": "reportTSError",
      "line": 863,
      "method": null,
      "native": false
    },
    {
      "column": 36,
      "file": "/home/ditsdev152/.nvm/versions/node/v20.12.0/lib/node_modules/ts-node/src/index.ts",
      "function": "getOutput",
      "line": 1077,
      "method": null,
      "native": false
    },
    {
      "column": 41,
      "file": "/home/ditsdev152/.nvm/versions/node/v20.12.0/lib/node_modules/ts-node/src/index.ts",
      "function": "Object.compile",
      "line": 1433,
      "method": "compile",
      "native": false
    },
    {
      "column": 30,
      "file": "/home/ditsdev152/.nvm/versions/node/v20.12.0/lib/node_modules/ts-node/src/index.ts",
      "function": "Module.m._compile",
      "line": 1617,
      "method": "_compile",
      "native": false
    },
    {
      "column": 10,
      "file": "node:internal/modules/cjs/loader",
      "function": "Module._extensions..js",
      "line": 1427,
      "method": ".js",
      "native": false
    },
    {
      "column": 12,
      "file": "/home/ditsdev152/.nvm/versions/node/v20.12.0/lib/node_modules/ts-node/src/index.ts",
      "function": "Object.require.extensions.<computed> [as .ts]",
      "line": 1621,
      "method": "ts]",
      "native": false
    },
    {
      "column": 32,
      "file": "node:internal/modules/cjs/loader",
      "function": "Module.load",
      "line": 1206,
      "method": "load",
      "native": false
    },
    {
      "column": 12,
      "file": "node:internal/modules/cjs/loader",
      "function": "Module._load",
      "line": 1022,
      "method": "_load",
      "native": false
    },
    {
      "column": 19,
      "file": "node:internal/modules/cjs/loader",
      "function": "Module.require",
      "line": 1231,
      "method": "require",
      "native": false
    }
  ]
}
2024-04-25 11:32:57 - 75846634-4eed-40de-81bb-8bc3fb4aab37 - error: uncaughtException: тип Unable to compile TypeScript:
[96msrc/validations/validation.ts[0m:[93m31[0m:[93m7[0m - [91merror[0m[90m TS2552: [0mCannot find name 'error'. Did you mean 'Error'?

[7m31[0m   if (error) {
[7m  [0m [91m      ~~~~~[0m

  [96mnode_modules/typescript/lib/lib.es5.d.ts[0m:[93m1087[0m:[93m13[0m
    [7m1087[0m declare var Error: ErrorConstructor;
    [7m    [0m [96m            ~~~~~[0m
    'Error' is declared here.
[96msrc/validations/validation.ts[0m:[93m32[0m:[93m45[0m - [91merror[0m[90m TS2552: [0mCannot find name 'error'. Did you mean 'Error'?

[7m32[0m     res.status(400).json({ validationError: error.details[0].message });
[7m  [0m [91m                                            ~~~~~[0m

  [96mnode_modules/typescript/lib/lib.es5.d.ts[0m:[93m1087[0m:[93m13[0m
    [7m1087[0m declare var Error: ErrorConstructor;
    [7m    [0m [96m            ~~~~~[0m
    'Error' is declared here.

TSError: тип Unable to compile TypeScript:
[96msrc/validations/validation.ts[0m:[93m31[0m:[93m7[0m - [91merror[0m[90m TS2552: [0mCannot find name 'error'. Did you mean 'Error'?

[7m31[0m   if (error) {
[7m  [0m [91m      ~~~~~[0m

  [96mnode_modules/typescript/lib/lib.es5.d.ts[0m:[93m1087[0m:[93m13[0m
    [7m1087[0m declare var Error: ErrorConstructor;
    [7m    [0m [96m            ~~~~~[0m
    'Error' is declared here.
[96msrc/validations/validation.ts[0m:[93m32[0m:[93m45[0m - [91merror[0m[90m TS2552: [0mCannot find name 'error'. Did you mean 'Error'?

[7m32[0m     res.status(400).json({ validationError: error.details[0].message });
[7m  [0m [91m                                            ~~~~~[0m

  [96mnode_modules/typescript/lib/lib.es5.d.ts[0m:[93m1087[0m:[93m13[0m
    [7m1087[0m declare var Error: ErrorConstructor;
    [7m    [0m [96m            ~~~~~[0m
    'Error' is declared here.

    at createTSError (/home/ditsdev152/.nvm/versions/node/v20.12.0/lib/node_modules/ts-node/src/index.ts:859:12)
    at reportTSError (/home/ditsdev152/.nvm/versions/node/v20.12.0/lib/node_modules/ts-node/src/index.ts:863:19)
    at getOutput (/home/ditsdev152/.nvm/versions/node/v20.12.0/lib/node_modules/ts-node/src/index.ts:1077:36)
    at Object.compile (/home/ditsdev152/.nvm/versions/node/v20.12.0/lib/node_modules/ts-node/src/index.ts:1433:41)
    at Module.m._compile (/home/ditsdev152/.nvm/versions/node/v20.12.0/lib/node_modules/ts-node/src/index.ts:1617:30)
    at Module._extensions..js (node:internal/modules/cjs/loader:1427:10)
    at Object.require.extensions.<computed> [as .ts] (/home/ditsdev152/.nvm/versions/node/v20.12.0/lib/node_modules/ts-node/src/index.ts:1621:12)
    at Module.load (node:internal/modules/cjs/loader:1206:32)
    at Function.Module._load (node:internal/modules/cjs/loader:1022:12)
    at Module.require (node:internal/modules/cjs/loader:1231:19) {
  "error": {
    "diagnosticCodes": [
      2552,
      2552
    ]
  },
  "stack": "TSError: тип Unable to compile TypeScript:\n\u001b[96msrc/validations/validation.ts\u001b[0m:\u001b[93m31\u001b[0m:\u001b[93m7\u001b[0m - \u001b[91merror\u001b[0m\u001b[90m TS2552: \u001b[0mCannot find name 'error'. Did you mean 'Error'?\n\n\u001b[7m31\u001b[0m   if (error) {\n\u001b[7m  \u001b[0m \u001b[91m      ~~~~~\u001b[0m\n\n  \u001b[96mnode_modules/typescript/lib/lib.es5.d.ts\u001b[0m:\u001b[93m1087\u001b[0m:\u001b[93m13\u001b[0m\n    \u001b[7m1087\u001b[0m declare var Error: ErrorConstructor;\n    \u001b[7m    \u001b[0m \u001b[96m            ~~~~~\u001b[0m\n    'Error' is declared here.\n\u001b[96msrc/validations/validation.ts\u001b[0m:\u001b[93m32\u001b[0m:\u001b[93m45\u001b[0m - \u001b[91merror\u001b[0m\u001b[90m TS2552: \u001b[0mCannot find name 'error'. Did you mean 'Error'?\n\n\u001b[7m32\u001b[0m     res.status(400).json({ validationError: error.details[0].message });\n\u001b[7m  \u001b[0m \u001b[91m                                            ~~~~~\u001b[0m\n\n  \u001b[96mnode_modules/typescript/lib/lib.es5.d.ts\u001b[0m:\u001b[93m1087\u001b[0m:\u001b[93m13\u001b[0m\n    \u001b[7m1087\u001b[0m declare var Error: ErrorConstructor;\n    \u001b[7m    \u001b[0m \u001b[96m            ~~~~~\u001b[0m\n    'Error' is declared here.\n\n    at createTSError (/home/ditsdev152/.nvm/versions/node/v20.12.0/lib/node_modules/ts-node/src/index.ts:859:12)\n    at reportTSError (/home/ditsdev152/.nvm/versions/node/v20.12.0/lib/node_modules/ts-node/src/index.ts:863:19)\n    at getOutput (/home/ditsdev152/.nvm/versions/node/v20.12.0/lib/node_modules/ts-node/src/index.ts:1077:36)\n    at Object.compile (/home/ditsdev152/.nvm/versions/node/v20.12.0/lib/node_modules/ts-node/src/index.ts:1433:41)\n    at Module.m._compile (/home/ditsdev152/.nvm/versions/node/v20.12.0/lib/node_modules/ts-node/src/index.ts:1617:30)\n    at Module._extensions..js (node:internal/modules/cjs/loader:1427:10)\n    at Object.require.extensions.<computed> [as .ts] (/home/ditsdev152/.nvm/versions/node/v20.12.0/lib/node_modules/ts-node/src/index.ts:1621:12)\n    at Module.load (node:internal/modules/cjs/loader:1206:32)\n    at Function.Module._load (node:internal/modules/cjs/loader:1022:12)\n    at Module.require (node:internal/modules/cjs/loader:1231:19)",
  "exception": true,
  "date": "Thu Apr 25 2024 17:02:57 GMT+0530 (India Standard Time)",
  "process": {
    "pid": 55435,
    "uid": 1000,
    "gid": 1000,
    "cwd": "/home/ditsdev152/Desktop/cab-booking/users",
    "execPath": "/home/ditsdev152/.nvm/versions/node/v20.12.0/bin/node",
    "version": "v20.12.0",
    "argv": [
      "/home/ditsdev152/.nvm/versions/node/v20.12.0/bin/ts-node",
      "/home/ditsdev152/Desktop/cab-booking/users/index.ts"
    ],
    "memoryUsage": {
      "rss": 278462464,
      "heapTotal": 197435392,
      "heapUsed": 168561648,
      "external": 6496749,
      "arrayBuffers": 3622843
    }
  },
  "os": {
    "loadavg": [
      1.4,
      0.78,
      0.8
    ],
    "uptime": 26287.51
  },
  "trace": [
    {
      "column": 12,
      "file": "/home/ditsdev152/.nvm/versions/node/v20.12.0/lib/node_modules/ts-node/src/index.ts",
      "function": "createTSError",
      "line": 859,
      "method": null,
      "native": false
    },
    {
      "column": 19,
      "file": "/home/ditsdev152/.nvm/versions/node/v20.12.0/lib/node_modules/ts-node/src/index.ts",
      "function": "reportTSError",
      "line": 863,
      "method": null,
      "native": false
    },
    {
      "column": 36,
      "file": "/home/ditsdev152/.nvm/versions/node/v20.12.0/lib/node_modules/ts-node/src/index.ts",
      "function": "getOutput",
      "line": 1077,
      "method": null,
      "native": false
    },
    {
      "column": 41,
      "file": "/home/ditsdev152/.nvm/versions/node/v20.12.0/lib/node_modules/ts-node/src/index.ts",
      "function": "Object.compile",
      "line": 1433,
      "method": "compile",
      "native": false
    },
    {
      "column": 30,
      "file": "/home/ditsdev152/.nvm/versions/node/v20.12.0/lib/node_modules/ts-node/src/index.ts",
      "function": "Module.m._compile",
      "line": 1617,
      "method": "_compile",
      "native": false
    },
    {
      "column": 10,
      "file": "node:internal/modules/cjs/loader",
      "function": "Module._extensions..js",
      "line": 1427,
      "method": ".js",
      "native": false
    },
    {
      "column": 12,
      "file": "/home/ditsdev152/.nvm/versions/node/v20.12.0/lib/node_modules/ts-node/src/index.ts",
      "function": "Object.require.extensions.<computed> [as .ts]",
      "line": 1621,
      "method": "ts]",
      "native": false
    },
    {
      "column": 32,
      "file": "node:internal/modules/cjs/loader",
      "function": "Module.load",
      "line": 1206,
      "method": "load",
      "native": false
    },
    {
      "column": 12,
      "file": "node:internal/modules/cjs/loader",
      "function": "Module._load",
      "line": 1022,
      "method": "_load",
      "native": false
    },
    {
      "column": 19,
      "file": "node:internal/modules/cjs/loader",
      "function": "Module.require",
      "line": 1231,
      "method": "require",
      "native": false
    }
  ]
}
2024-04-25 11:35:13 - 42565c81-fd5f-423f-b525-926c6cbc67fe - error: uncaughtException: тип Unable to compile TypeScript:
[96msrc/validations/validation.ts[0m:[93m31[0m:[93m7[0m - [91merror[0m[90m TS2552: [0mCannot find name 'error'. Did you mean 'Error'?

[7m31[0m   if (error) {
[7m  [0m [91m      ~~~~~[0m

  [96mnode_modules/typescript/lib/lib.es5.d.ts[0m:[93m1087[0m:[93m13[0m
    [7m1087[0m declare var Error: ErrorConstructor;
    [7m    [0m [96m            ~~~~~[0m
    'Error' is declared here.
[96msrc/validations/validation.ts[0m:[93m32[0m:[93m45[0m - [91merror[0m[90m TS2552: [0mCannot find name 'error'. Did you mean 'Error'?

[7m32[0m     res.status(400).json({ validationError: error.details[0].message });
[7m  [0m [91m                                            ~~~~~[0m

  [96mnode_modules/typescript/lib/lib.es5.d.ts[0m:[93m1087[0m:[93m13[0m
    [7m1087[0m declare var Error: ErrorConstructor;
    [7m    [0m [96m            ~~~~~[0m
    'Error' is declared here.

TSError: тип Unable to compile TypeScript:
[96msrc/validations/validation.ts[0m:[93m31[0m:[93m7[0m - [91merror[0m[90m TS2552: [0mCannot find name 'error'. Did you mean 'Error'?

[7m31[0m   if (error) {
[7m  [0m [91m      ~~~~~[0m

  [96mnode_modules/typescript/lib/lib.es5.d.ts[0m:[93m1087[0m:[93m13[0m
    [7m1087[0m declare var Error: ErrorConstructor;
    [7m    [0m [96m            ~~~~~[0m
    'Error' is declared here.
[96msrc/validations/validation.ts[0m:[93m32[0m:[93m45[0m - [91merror[0m[90m TS2552: [0mCannot find name 'error'. Did you mean 'Error'?

[7m32[0m     res.status(400).json({ validationError: error.details[0].message });
[7m  [0m [91m                                            ~~~~~[0m

  [96mnode_modules/typescript/lib/lib.es5.d.ts[0m:[93m1087[0m:[93m13[0m
    [7m1087[0m declare var Error: ErrorConstructor;
    [7m    [0m [96m            ~~~~~[0m
    'Error' is declared here.

    at createTSError (/home/ditsdev152/.nvm/versions/node/v20.12.0/lib/node_modules/ts-node/src/index.ts:859:12)
    at reportTSError (/home/ditsdev152/.nvm/versions/node/v20.12.0/lib/node_modules/ts-node/src/index.ts:863:19)
    at getOutput (/home/ditsdev152/.nvm/versions/node/v20.12.0/lib/node_modules/ts-node/src/index.ts:1077:36)
    at Object.compile (/home/ditsdev152/.nvm/versions/node/v20.12.0/lib/node_modules/ts-node/src/index.ts:1433:41)
    at Module.m._compile (/home/ditsdev152/.nvm/versions/node/v20.12.0/lib/node_modules/ts-node/src/index.ts:1617:30)
    at Module._extensions..js (node:internal/modules/cjs/loader:1427:10)
    at Object.require.extensions.<computed> [as .ts] (/home/ditsdev152/.nvm/versions/node/v20.12.0/lib/node_modules/ts-node/src/index.ts:1621:12)
    at Module.load (node:internal/modules/cjs/loader:1206:32)
    at Function.Module._load (node:internal/modules/cjs/loader:1022:12)
    at Module.require (node:internal/modules/cjs/loader:1231:19) {
  "error": {
    "diagnosticCodes": [
      2552,
      2552
    ]
  },
  "stack": "TSError: тип Unable to compile TypeScript:\n\u001b[96msrc/validations/validation.ts\u001b[0m:\u001b[93m31\u001b[0m:\u001b[93m7\u001b[0m - \u001b[91merror\u001b[0m\u001b[90m TS2552: \u001b[0mCannot find name 'error'. Did you mean 'Error'?\n\n\u001b[7m31\u001b[0m   if (error) {\n\u001b[7m  \u001b[0m \u001b[91m      ~~~~~\u001b[0m\n\n  \u001b[96mnode_modules/typescript/lib/lib.es5.d.ts\u001b[0m:\u001b[93m1087\u001b[0m:\u001b[93m13\u001b[0m\n    \u001b[7m1087\u001b[0m declare var Error: ErrorConstructor;\n    \u001b[7m    \u001b[0m \u001b[96m            ~~~~~\u001b[0m\n    'Error' is declared here.\n\u001b[96msrc/validations/validation.ts\u001b[0m:\u001b[93m32\u001b[0m:\u001b[93m45\u001b[0m - \u001b[91merror\u001b[0m\u001b[90m TS2552: \u001b[0mCannot find name 'error'. Did you mean 'Error'?\n\n\u001b[7m32\u001b[0m     res.status(400).json({ validationError: error.details[0].message });\n\u001b[7m  \u001b[0m \u001b[91m                                            ~~~~~\u001b[0m\n\n  \u001b[96mnode_modules/typescript/lib/lib.es5.d.ts\u001b[0m:\u001b[93m1087\u001b[0m:\u001b[93m13\u001b[0m\n    \u001b[7m1087\u001b[0m declare var Error: ErrorConstructor;\n    \u001b[7m    \u001b[0m \u001b[96m            ~~~~~\u001b[0m\n    'Error' is declared here.\n\n    at createTSError (/home/ditsdev152/.nvm/versions/node/v20.12.0/lib/node_modules/ts-node/src/index.ts:859:12)\n    at reportTSError (/home/ditsdev152/.nvm/versions/node/v20.12.0/lib/node_modules/ts-node/src/index.ts:863:19)\n    at getOutput (/home/ditsdev152/.nvm/versions/node/v20.12.0/lib/node_modules/ts-node/src/index.ts:1077:36)\n    at Object.compile (/home/ditsdev152/.nvm/versions/node/v20.12.0/lib/node_modules/ts-node/src/index.ts:1433:41)\n    at Module.m._compile (/home/ditsdev152/.nvm/versions/node/v20.12.0/lib/node_modules/ts-node/src/index.ts:1617:30)\n    at Module._extensions..js (node:internal/modules/cjs/loader:1427:10)\n    at Object.require.extensions.<computed> [as .ts] (/home/ditsdev152/.nvm/versions/node/v20.12.0/lib/node_modules/ts-node/src/index.ts:1621:12)\n    at Module.load (node:internal/modules/cjs/loader:1206:32)\n    at Function.Module._load (node:internal/modules/cjs/loader:1022:12)\n    at Module.require (node:internal/modules/cjs/loader:1231:19)",
  "exception": true,
  "date": "Thu Apr 25 2024 17:05:13 GMT+0530 (India Standard Time)",
  "process": {
    "pid": 57690,
    "uid": 1000,
    "gid": 1000,
    "cwd": "/home/ditsdev152/Desktop/cab-booking/users",
    "execPath": "/home/ditsdev152/.nvm/versions/node/v20.12.0/bin/node",
    "version": "v20.12.0",
    "argv": [
      "/home/ditsdev152/.nvm/versions/node/v20.12.0/bin/ts-node",
      "/home/ditsdev152/Desktop/cab-booking/users/index.ts"
    ],
    "memoryUsage": {
      "rss": 277479424,
      "heapTotal": 193503232,
      "heapUsed": 172751784,
      "external": 6496629,
      "arrayBuffers": 3623017
    }
  },
  "os": {
    "loadavg": [
      2.73,
      1.3,
      0.97
    ],
    "uptime": 26423.69
  },
  "trace": [
    {
      "column": 12,
      "file": "/home/ditsdev152/.nvm/versions/node/v20.12.0/lib/node_modules/ts-node/src/index.ts",
      "function": "createTSError",
      "line": 859,
      "method": null,
      "native": false
    },
    {
      "column": 19,
      "file": "/home/ditsdev152/.nvm/versions/node/v20.12.0/lib/node_modules/ts-node/src/index.ts",
      "function": "reportTSError",
      "line": 863,
      "method": null,
      "native": false
    },
    {
      "column": 36,
      "file": "/home/ditsdev152/.nvm/versions/node/v20.12.0/lib/node_modules/ts-node/src/index.ts",
      "function": "getOutput",
      "line": 1077,
      "method": null,
      "native": false
    },
    {
      "column": 41,
      "file": "/home/ditsdev152/.nvm/versions/node/v20.12.0/lib/node_modules/ts-node/src/index.ts",
      "function": "Object.compile",
      "line": 1433,
      "method": "compile",
      "native": false
    },
    {
      "column": 30,
      "file": "/home/ditsdev152/.nvm/versions/node/v20.12.0/lib/node_modules/ts-node/src/index.ts",
      "function": "Module.m._compile",
      "line": 1617,
      "method": "_compile",
      "native": false
    },
    {
      "column": 10,
      "file": "node:internal/modules/cjs/loader",
      "function": "Module._extensions..js",
      "line": 1427,
      "method": ".js",
      "native": false
    },
    {
      "column": 12,
      "file": "/home/ditsdev152/.nvm/versions/node/v20.12.0/lib/node_modules/ts-node/src/index.ts",
      "function": "Object.require.extensions.<computed> [as .ts]",
      "line": 1621,
      "method": "ts]",
      "native": false
    },
    {
      "column": 32,
      "file": "node:internal/modules/cjs/loader",
      "function": "Module.load",
      "line": 1206,
      "method": "load",
      "native": false
    },
    {
      "column": 12,
      "file": "node:internal/modules/cjs/loader",
      "function": "Module._load",
      "line": 1022,
      "method": "_load",
      "native": false
    },
    {
      "column": 19,
      "file": "node:internal/modules/cjs/loader",
      "function": "Module.require",
      "line": 1231,
      "method": "require",
      "native": false
    }
  ]
}
2024-04-25 11:37:30 - ae6ce234-e9d4-4729-80d2-0db9861d08f8 - error: uncaughtException: тип Unable to compile TypeScript:
[96msrc/validations/validation.ts[0m:[93m31[0m:[93m7[0m - [91merror[0m[90m TS2552: [0mCannot find name 'error'. Did you mean 'Error'?

[7m31[0m   if (error) {
[7m  [0m [91m      ~~~~~[0m

  [96mnode_modules/typescript/lib/lib.es5.d.ts[0m:[93m1087[0m:[93m13[0m
    [7m1087[0m declare var Error: ErrorConstructor;
    [7m    [0m [96m            ~~~~~[0m
    'Error' is declared here.
[96msrc/validations/validation.ts[0m:[93m32[0m:[93m45[0m - [91merror[0m[90m TS2552: [0mCannot find name 'error'. Did you mean 'Error'?

[7m32[0m     res.status(400).json({ validationError: error.details[0].message });
[7m  [0m [91m                                            ~~~~~[0m

  [96mnode_modules/typescript/lib/lib.es5.d.ts[0m:[93m1087[0m:[93m13[0m
    [7m1087[0m declare var Error: ErrorConstructor;
    [7m    [0m [96m            ~~~~~[0m
    'Error' is declared here.

TSError: тип Unable to compile TypeScript:
[96msrc/validations/validation.ts[0m:[93m31[0m:[93m7[0m - [91merror[0m[90m TS2552: [0mCannot find name 'error'. Did you mean 'Error'?

[7m31[0m   if (error) {
[7m  [0m [91m      ~~~~~[0m

  [96mnode_modules/typescript/lib/lib.es5.d.ts[0m:[93m1087[0m:[93m13[0m
    [7m1087[0m declare var Error: ErrorConstructor;
    [7m    [0m [96m            ~~~~~[0m
    'Error' is declared here.
[96msrc/validations/validation.ts[0m:[93m32[0m:[93m45[0m - [91merror[0m[90m TS2552: [0mCannot find name 'error'. Did you mean 'Error'?

[7m32[0m     res.status(400).json({ validationError: error.details[0].message });
[7m  [0m [91m                                            ~~~~~[0m

  [96mnode_modules/typescript/lib/lib.es5.d.ts[0m:[93m1087[0m:[93m13[0m
    [7m1087[0m declare var Error: ErrorConstructor;
    [7m    [0m [96m            ~~~~~[0m
    'Error' is declared here.

    at createTSError (/home/ditsdev152/.nvm/versions/node/v20.12.0/lib/node_modules/ts-node/src/index.ts:859:12)
    at reportTSError (/home/ditsdev152/.nvm/versions/node/v20.12.0/lib/node_modules/ts-node/src/index.ts:863:19)
    at getOutput (/home/ditsdev152/.nvm/versions/node/v20.12.0/lib/node_modules/ts-node/src/index.ts:1077:36)
    at Object.compile (/home/ditsdev152/.nvm/versions/node/v20.12.0/lib/node_modules/ts-node/src/index.ts:1433:41)
    at Module.m._compile (/home/ditsdev152/.nvm/versions/node/v20.12.0/lib/node_modules/ts-node/src/index.ts:1617:30)
    at Module._extensions..js (node:internal/modules/cjs/loader:1427:10)
    at Object.require.extensions.<computed> [as .ts] (/home/ditsdev152/.nvm/versions/node/v20.12.0/lib/node_modules/ts-node/src/index.ts:1621:12)
    at Module.load (node:internal/modules/cjs/loader:1206:32)
    at Function.Module._load (node:internal/modules/cjs/loader:1022:12)
    at Module.require (node:internal/modules/cjs/loader:1231:19) {
  "error": {
    "diagnosticCodes": [
      2552,
      2552
    ]
  },
  "stack": "TSError: тип Unable to compile TypeScript:\n\u001b[96msrc/validations/validation.ts\u001b[0m:\u001b[93m31\u001b[0m:\u001b[93m7\u001b[0m - \u001b[91merror\u001b[0m\u001b[90m TS2552: \u001b[0mCannot find name 'error'. Did you mean 'Error'?\n\n\u001b[7m31\u001b[0m   if (error) {\n\u001b[7m  \u001b[0m \u001b[91m      ~~~~~\u001b[0m\n\n  \u001b[96mnode_modules/typescript/lib/lib.es5.d.ts\u001b[0m:\u001b[93m1087\u001b[0m:\u001b[93m13\u001b[0m\n    \u001b[7m1087\u001b[0m declare var Error: ErrorConstructor;\n    \u001b[7m    \u001b[0m \u001b[96m            ~~~~~\u001b[0m\n    'Error' is declared here.\n\u001b[96msrc/validations/validation.ts\u001b[0m:\u001b[93m32\u001b[0m:\u001b[93m45\u001b[0m - \u001b[91merror\u001b[0m\u001b[90m TS2552: \u001b[0mCannot find name 'error'. Did you mean 'Error'?\n\n\u001b[7m32\u001b[0m     res.status(400).json({ validationError: error.details[0].message });\n\u001b[7m  \u001b[0m \u001b[91m                                            ~~~~~\u001b[0m\n\n  \u001b[96mnode_modules/typescript/lib/lib.es5.d.ts\u001b[0m:\u001b[93m1087\u001b[0m:\u001b[93m13\u001b[0m\n    \u001b[7m1087\u001b[0m declare var Error: ErrorConstructor;\n    \u001b[7m    \u001b[0m \u001b[96m            ~~~~~\u001b[0m\n    'Error' is declared here.\n\n    at createTSError (/home/ditsdev152/.nvm/versions/node/v20.12.0/lib/node_modules/ts-node/src/index.ts:859:12)\n    at reportTSError (/home/ditsdev152/.nvm/versions/node/v20.12.0/lib/node_modules/ts-node/src/index.ts:863:19)\n    at getOutput (/home/ditsdev152/.nvm/versions/node/v20.12.0/lib/node_modules/ts-node/src/index.ts:1077:36)\n    at Object.compile (/home/ditsdev152/.nvm/versions/node/v20.12.0/lib/node_modules/ts-node/src/index.ts:1433:41)\n    at Module.m._compile (/home/ditsdev152/.nvm/versions/node/v20.12.0/lib/node_modules/ts-node/src/index.ts:1617:30)\n    at Module._extensions..js (node:internal/modules/cjs/loader:1427:10)\n    at Object.require.extensions.<computed> [as .ts] (/home/ditsdev152/.nvm/versions/node/v20.12.0/lib/node_modules/ts-node/src/index.ts:1621:12)\n    at Module.load (node:internal/modules/cjs/loader:1206:32)\n    at Function.Module._load (node:internal/modules/cjs/loader:1022:12)\n    at Module.require (node:internal/modules/cjs/loader:1231:19)",
  "exception": true,
  "date": "Thu Apr 25 2024 17:07:30 GMT+0530 (India Standard Time)",
  "process": {
    "pid": 58044,
    "uid": 1000,
    "gid": 1000,
    "cwd": "/home/ditsdev152/Desktop/cab-booking/users",
    "execPath": "/home/ditsdev152/.nvm/versions/node/v20.12.0/bin/node",
    "version": "v20.12.0",
    "argv": [
      "/home/ditsdev152/.nvm/versions/node/v20.12.0/bin/ts-node",
      "/home/ditsdev152/Desktop/cab-booking/users/index.ts"
    ],
    "memoryUsage": {
      "rss": 280330240,
      "heapTotal": 197697536,
      "heapUsed": 166317752,
      "external": 6496661,
      "arrayBuffers": 3622755
    }
  },
  "os": {
    "loadavg": [
      1.16,
      1.17,
      0.98
    ],
    "uptime": 26561.21
  },
  "trace": [
    {
      "column": 12,
      "file": "/home/ditsdev152/.nvm/versions/node/v20.12.0/lib/node_modules/ts-node/src/index.ts",
      "function": "createTSError",
      "line": 859,
      "method": null,
      "native": false
    },
    {
      "column": 19,
      "file": "/home/ditsdev152/.nvm/versions/node/v20.12.0/lib/node_modules/ts-node/src/index.ts",
      "function": "reportTSError",
      "line": 863,
      "method": null,
      "native": false
    },
    {
      "column": 36,
      "file": "/home/ditsdev152/.nvm/versions/node/v20.12.0/lib/node_modules/ts-node/src/index.ts",
      "function": "getOutput",
      "line": 1077,
      "method": null,
      "native": false
    },
    {
      "column": 41,
      "file": "/home/ditsdev152/.nvm/versions/node/v20.12.0/lib/node_modules/ts-node/src/index.ts",
      "function": "Object.compile",
      "line": 1433,
      "method": "compile",
      "native": false
    },
    {
      "column": 30,
      "file": "/home/ditsdev152/.nvm/versions/node/v20.12.0/lib/node_modules/ts-node/src/index.ts",
      "function": "Module.m._compile",
      "line": 1617,
      "method": "_compile",
      "native": false
    },
    {
      "column": 10,
      "file": "node:internal/modules/cjs/loader",
      "function": "Module._extensions..js",
      "line": 1427,
      "method": ".js",
      "native": false
    },
    {
      "column": 12,
      "file": "/home/ditsdev152/.nvm/versions/node/v20.12.0/lib/node_modules/ts-node/src/index.ts",
      "function": "Object.require.extensions.<computed> [as .ts]",
      "line": 1621,
      "method": "ts]",
      "native": false
    },
    {
      "column": 32,
      "file": "node:internal/modules/cjs/loader",
      "function": "Module.load",
      "line": 1206,
      "method": "load",
      "native": false
    },
    {
      "column": 12,
      "file": "node:internal/modules/cjs/loader",
      "function": "Module._load",
      "line": 1022,
      "method": "_load",
      "native": false
    },
    {
      "column": 19,
      "file": "node:internal/modules/cjs/loader",
      "function": "Module.require",
      "line": 1231,
      "method": "require",
      "native": false
    }
  ]
}
2024-04-25 11:41:46 - b798b35e-add4-4552-98fe-06db0e59b4b9 - error: uncaughtException: тип Unable to compile TypeScript:
[96msrc/validations/validation.ts[0m:[93m31[0m:[93m7[0m - [91merror[0m[90m TS2552: [0mCannot find name 'error'. Did you mean 'Error'?

[7m31[0m   if (error) {
[7m  [0m [91m      ~~~~~[0m

  [96mnode_modules/typescript/lib/lib.es5.d.ts[0m:[93m1087[0m:[93m13[0m
    [7m1087[0m declare var Error: ErrorConstructor;
    [7m    [0m [96m            ~~~~~[0m
    'Error' is declared here.
[96msrc/validations/validation.ts[0m:[93m32[0m:[93m45[0m - [91merror[0m[90m TS2552: [0mCannot find name 'error'. Did you mean 'Error'?

[7m32[0m     res.status(400).json({ validationError: error.details[0].message });
[7m  [0m [91m                                            ~~~~~[0m

  [96mnode_modules/typescript/lib/lib.es5.d.ts[0m:[93m1087[0m:[93m13[0m
    [7m1087[0m declare var Error: ErrorConstructor;
    [7m    [0m [96m            ~~~~~[0m
    'Error' is declared here.

TSError: тип Unable to compile TypeScript:
[96msrc/validations/validation.ts[0m:[93m31[0m:[93m7[0m - [91merror[0m[90m TS2552: [0mCannot find name 'error'. Did you mean 'Error'?

[7m31[0m   if (error) {
[7m  [0m [91m      ~~~~~[0m

  [96mnode_modules/typescript/lib/lib.es5.d.ts[0m:[93m1087[0m:[93m13[0m
    [7m1087[0m declare var Error: ErrorConstructor;
    [7m    [0m [96m            ~~~~~[0m
    'Error' is declared here.
[96msrc/validations/validation.ts[0m:[93m32[0m:[93m45[0m - [91merror[0m[90m TS2552: [0mCannot find name 'error'. Did you mean 'Error'?

[7m32[0m     res.status(400).json({ validationError: error.details[0].message });
[7m  [0m [91m                                            ~~~~~[0m

  [96mnode_modules/typescript/lib/lib.es5.d.ts[0m:[93m1087[0m:[93m13[0m
    [7m1087[0m declare var Error: ErrorConstructor;
    [7m    [0m [96m            ~~~~~[0m
    'Error' is declared here.

    at createTSError (/home/ditsdev152/.nvm/versions/node/v20.12.0/lib/node_modules/ts-node/src/index.ts:859:12)
    at reportTSError (/home/ditsdev152/.nvm/versions/node/v20.12.0/lib/node_modules/ts-node/src/index.ts:863:19)
    at getOutput (/home/ditsdev152/.nvm/versions/node/v20.12.0/lib/node_modules/ts-node/src/index.ts:1077:36)
    at Object.compile (/home/ditsdev152/.nvm/versions/node/v20.12.0/lib/node_modules/ts-node/src/index.ts:1433:41)
    at Module.m._compile (/home/ditsdev152/.nvm/versions/node/v20.12.0/lib/node_modules/ts-node/src/index.ts:1617:30)
    at Module._extensions..js (node:internal/modules/cjs/loader:1427:10)
    at Object.require.extensions.<computed> [as .ts] (/home/ditsdev152/.nvm/versions/node/v20.12.0/lib/node_modules/ts-node/src/index.ts:1621:12)
    at Module.load (node:internal/modules/cjs/loader:1206:32)
    at Function.Module._load (node:internal/modules/cjs/loader:1022:12)
    at Module.require (node:internal/modules/cjs/loader:1231:19) {
  "error": {
    "diagnosticCodes": [
      2552,
      2552
    ]
  },
  "stack": "TSError: тип Unable to compile TypeScript:\n\u001b[96msrc/validations/validation.ts\u001b[0m:\u001b[93m31\u001b[0m:\u001b[93m7\u001b[0m - \u001b[91merror\u001b[0m\u001b[90m TS2552: \u001b[0mCannot find name 'error'. Did you mean 'Error'?\n\n\u001b[7m31\u001b[0m   if (error) {\n\u001b[7m  \u001b[0m \u001b[91m      ~~~~~\u001b[0m\n\n  \u001b[96mnode_modules/typescript/lib/lib.es5.d.ts\u001b[0m:\u001b[93m1087\u001b[0m:\u001b[93m13\u001b[0m\n    \u001b[7m1087\u001b[0m declare var Error: ErrorConstructor;\n    \u001b[7m    \u001b[0m \u001b[96m            ~~~~~\u001b[0m\n    'Error' is declared here.\n\u001b[96msrc/validations/validation.ts\u001b[0m:\u001b[93m32\u001b[0m:\u001b[93m45\u001b[0m - \u001b[91merror\u001b[0m\u001b[90m TS2552: \u001b[0mCannot find name 'error'. Did you mean 'Error'?\n\n\u001b[7m32\u001b[0m     res.status(400).json({ validationError: error.details[0].message });\n\u001b[7m  \u001b[0m \u001b[91m                                            ~~~~~\u001b[0m\n\n  \u001b[96mnode_modules/typescript/lib/lib.es5.d.ts\u001b[0m:\u001b[93m1087\u001b[0m:\u001b[93m13\u001b[0m\n    \u001b[7m1087\u001b[0m declare var Error: ErrorConstructor;\n    \u001b[7m    \u001b[0m \u001b[96m            ~~~~~\u001b[0m\n    'Error' is declared here.\n\n    at createTSError (/home/ditsdev152/.nvm/versions/node/v20.12.0/lib/node_modules/ts-node/src/index.ts:859:12)\n    at reportTSError (/home/ditsdev152/.nvm/versions/node/v20.12.0/lib/node_modules/ts-node/src/index.ts:863:19)\n    at getOutput (/home/ditsdev152/.nvm/versions/node/v20.12.0/lib/node_modules/ts-node/src/index.ts:1077:36)\n    at Object.compile (/home/ditsdev152/.nvm/versions/node/v20.12.0/lib/node_modules/ts-node/src/index.ts:1433:41)\n    at Module.m._compile (/home/ditsdev152/.nvm/versions/node/v20.12.0/lib/node_modules/ts-node/src/index.ts:1617:30)\n    at Module._extensions..js (node:internal/modules/cjs/loader:1427:10)\n    at Object.require.extensions.<computed> [as .ts] (/home/ditsdev152/.nvm/versions/node/v20.12.0/lib/node_modules/ts-node/src/index.ts:1621:12)\n    at Module.load (node:internal/modules/cjs/loader:1206:32)\n    at Function.Module._load (node:internal/modules/cjs/loader:1022:12)\n    at Module.require (node:internal/modules/cjs/loader:1231:19)",
  "exception": true,
  "date": "Thu Apr 25 2024 17:11:46 GMT+0530 (India Standard Time)",
  "process": {
    "pid": 58376,
    "uid": 1000,
    "gid": 1000,
    "cwd": "/home/ditsdev152/Desktop/cab-booking/users",
    "execPath": "/home/ditsdev152/.nvm/versions/node/v20.12.0/bin/node",
    "version": "v20.12.0",
    "argv": [
      "/home/ditsdev152/.nvm/versions/node/v20.12.0/bin/ts-node",
      "/home/ditsdev152/Desktop/cab-booking/users/index.ts"
    ],
    "memoryUsage": {
      "rss": 277213184,
      "heapTotal": 197173248,
      "heapUsed": 167026784,
      "external": 6496773,
      "arrayBuffers": 3622867
    }
  },
  "os": {
    "loadavg": [
      0.79,
      0.96,
      0.95
    ],
    "uptime": 26817.15
  },
  "trace": [
    {
      "column": 12,
      "file": "/home/ditsdev152/.nvm/versions/node/v20.12.0/lib/node_modules/ts-node/src/index.ts",
      "function": "createTSError",
      "line": 859,
      "method": null,
      "native": false
    },
    {
      "column": 19,
      "file": "/home/ditsdev152/.nvm/versions/node/v20.12.0/lib/node_modules/ts-node/src/index.ts",
      "function": "reportTSError",
      "line": 863,
      "method": null,
      "native": false
    },
    {
      "column": 36,
      "file": "/home/ditsdev152/.nvm/versions/node/v20.12.0/lib/node_modules/ts-node/src/index.ts",
      "function": "getOutput",
      "line": 1077,
      "method": null,
      "native": false
    },
    {
      "column": 41,
      "file": "/home/ditsdev152/.nvm/versions/node/v20.12.0/lib/node_modules/ts-node/src/index.ts",
      "function": "Object.compile",
      "line": 1433,
      "method": "compile",
      "native": false
    },
    {
      "column": 30,
      "file": "/home/ditsdev152/.nvm/versions/node/v20.12.0/lib/node_modules/ts-node/src/index.ts",
      "function": "Module.m._compile",
      "line": 1617,
      "method": "_compile",
      "native": false
    },
    {
      "column": 10,
      "file": "node:internal/modules/cjs/loader",
      "function": "Module._extensions..js",
      "line": 1427,
      "method": ".js",
      "native": false
    },
    {
      "column": 12,
      "file": "/home/ditsdev152/.nvm/versions/node/v20.12.0/lib/node_modules/ts-node/src/index.ts",
      "function": "Object.require.extensions.<computed> [as .ts]",
      "line": 1621,
      "method": "ts]",
      "native": false
    },
    {
      "column": 32,
      "file": "node:internal/modules/cjs/loader",
      "function": "Module.load",
      "line": 1206,
      "method": "load",
      "native": false
    },
    {
      "column": 12,
      "file": "node:internal/modules/cjs/loader",
      "function": "Module._load",
      "line": 1022,
      "method": "_load",
      "native": false
    },
    {
      "column": 19,
      "file": "node:internal/modules/cjs/loader",
      "function": "Module.require",
      "line": 1231,
      "method": "require",
      "native": false
    }
  ]
}
2024-04-25 12:47:30 - e9cc49ce-7258-4d0d-b99d-fc7404b73d32 - error: uncaughtException: listen EADDRINUSE: address already in use :::3000
Error: listen EADDRINUSE: address already in use :::3000
    at Server.setupListenHandle (node:net:1897:16)
    at Server._listen2 (/home/ditsdev152/Desktop/cab-booking/users/node_modules/async-listener/index.js:97:23)
    at listenInCluster (node:net:1945:12)
    at Server.listen (node:net:2037:7)
    at Function.listen (/home/ditsdev152/Desktop/cab-booking/users/node_modules/express/lib/application.js:635:24)
    at Object.<anonymous> (/home/ditsdev152/Desktop/cab-booking/users/index.ts:43:5)
    at Module._compile (node:internal/modules/cjs/loader:1369:14)
    at Module.m._compile (/home/ditsdev152/.nvm/versions/node/v20.12.0/lib/node_modules/ts-node/src/index.ts:1618:23)
    at Module._extensions..js (node:internal/modules/cjs/loader:1427:10)
    at Object.require.extensions.<computed> [as .ts] (/home/ditsdev152/.nvm/versions/node/v20.12.0/lib/node_modules/ts-node/src/index.ts:1621:12) {
  "error": {
    "code": "EADDRINUSE",
    "errno": -98,
    "syscall": "listen",
    "address": "::",
    "port": 3000
  },
  "stack": "Error: listen EADDRINUSE: address already in use :::3000\n    at Server.setupListenHandle (node:net:1897:16)\n    at Server._listen2 (/home/ditsdev152/Desktop/cab-booking/users/node_modules/async-listener/index.js:97:23)\n    at listenInCluster (node:net:1945:12)\n    at Server.listen (node:net:2037:7)\n    at Function.listen (/home/ditsdev152/Desktop/cab-booking/users/node_modules/express/lib/application.js:635:24)\n    at Object.<anonymous> (/home/ditsdev152/Desktop/cab-booking/users/index.ts:43:5)\n    at Module._compile (node:internal/modules/cjs/loader:1369:14)\n    at Module.m._compile (/home/ditsdev152/.nvm/versions/node/v20.12.0/lib/node_modules/ts-node/src/index.ts:1618:23)\n    at Module._extensions..js (node:internal/modules/cjs/loader:1427:10)\n    at Object.require.extensions.<computed> [as .ts] (/home/ditsdev152/.nvm/versions/node/v20.12.0/lib/node_modules/ts-node/src/index.ts:1621:12)",
  "exception": true,
  "date": "Thu Apr 25 2024 18:17:30 GMT+0530 (India Standard Time)",
  "process": {
    "pid": 67725,
    "uid": 1000,
    "gid": 1000,
    "cwd": "/home/ditsdev152/Desktop/cab-booking/users",
    "execPath": "/home/ditsdev152/.nvm/versions/node/v20.12.0/bin/node",
    "version": "v20.12.0",
    "argv": [
      "/home/ditsdev152/.nvm/versions/node/v20.12.0/bin/ts-node",
      "/home/ditsdev152/Desktop/cab-booking/users/index.ts"
    ],
    "memoryUsage": {
      "rss": 284377088,
      "heapTotal": 201105408,
      "heapUsed": 171983488,
      "external": 6555874,
      "arrayBuffers": 3663771
    }
  },
  "os": {
    "loadavg": [
      1.38,
      1.25,
      1.28
    ],
    "uptime": 30760.71
  },
  "trace": [
    {
      "column": 16,
      "file": "node:net",
      "function": "Server.setupListenHandle",
      "line": 1897,
      "method": "setupListenHandle",
      "native": false
    },
    {
      "column": 23,
      "file": "/home/ditsdev152/Desktop/cab-booking/users/node_modules/async-listener/index.js",
      "function": "Server._listen2",
      "line": 97,
      "method": "_listen2",
      "native": false
    },
    {
      "column": 12,
      "file": "node:net",
      "function": "listenInCluster",
      "line": 1945,
      "method": null,
      "native": false
    },
    {
      "column": 7,
      "file": "node:net",
      "function": "Server.listen",
      "line": 2037,
      "method": "listen",
      "native": false
    },
    {
      "column": 24,
      "file": "/home/ditsdev152/Desktop/cab-booking/users/node_modules/express/lib/application.js",
      "function": "Function.listen",
      "line": 635,
      "method": "listen",
      "native": false
    },
    {
      "column": 5,
      "file": "/home/ditsdev152/Desktop/cab-booking/users/index.ts",
      "function": null,
      "line": 43,
      "method": null,
      "native": false
    },
    {
      "column": 14,
      "file": "node:internal/modules/cjs/loader",
      "function": "Module._compile",
      "line": 1369,
      "method": "_compile",
      "native": false
    },
    {
      "column": 23,
      "file": "/home/ditsdev152/.nvm/versions/node/v20.12.0/lib/node_modules/ts-node/src/index.ts",
      "function": "Module.m._compile",
      "line": 1618,
      "method": "_compile",
      "native": false
    },
    {
      "column": 10,
      "file": "node:internal/modules/cjs/loader",
      "function": "Module._extensions..js",
      "line": 1427,
      "method": ".js",
      "native": false
    },
    {
      "column": 12,
      "file": "/home/ditsdev152/.nvm/versions/node/v20.12.0/lib/node_modules/ts-node/src/index.ts",
      "function": "Object.require.extensions.<computed> [as .ts]",
      "line": 1621,
      "method": "ts]",
      "native": false
    }
  ]
}
