2024-04-29 04:14:07 - 32288e51-9614-4b44-b2c4-51513960b446 - error: uncaughtException: тип Unable to compile TypeScript:
[96msrc/validations/validation.ts[0m:[93m27[0m:[93m16[0m - [91merror[0m[90m TS2304: [0mCannot find name 'validationMiddleware'.

[7m27[0m export default validationMiddleware;
[7m  [0m [91m               ~~~~~~~~~~~~~~~~~~~~[0m

TSError: тип Unable to compile TypeScript:
[96msrc/validations/validation.ts[0m:[93m27[0m:[93m16[0m - [91merror[0m[90m TS2304: [0mCannot find name 'validationMiddleware'.

[7m27[0m export default validationMiddleware;
[7m  [0m [91m               ~~~~~~~~~~~~~~~~~~~~[0m

    at createTSError (/home/ditsdev152/.nvm/versions/node/v20.12.0/lib/node_modules/ts-node/src/index.ts:859:12)
    at reportTSError (/home/ditsdev152/.nvm/versions/node/v20.12.0/lib/node_modules/ts-node/src/index.ts:863:19)
    at getOutput (/home/ditsdev152/.nvm/versions/node/v20.12.0/lib/node_modules/ts-node/src/index.ts:1077:36)
    at Object.compile (/home/ditsdev152/.nvm/versions/node/v20.12.0/lib/node_modules/ts-node/src/index.ts:1433:41)
    at Module.m._compile (/home/ditsdev152/.nvm/versions/node/v20.12.0/lib/node_modules/ts-node/src/index.ts:1617:30)
    at Module._extensions..js (node:internal/modules/cjs/loader:1427:10)
    at Object.require.extensions.<computed> [as .ts] (/home/ditsdev152/.nvm/versions/node/v20.12.0/lib/node_modules/ts-node/src/index.ts:1621:12)
    at Module.load (node:internal/modules/cjs/loader:1206:32)
    at Function.Module._load (node:internal/modules/cjs/loader:1022:12)
    at Module.require (node:internal/modules/cjs/loader:1231:19) {
  "error": {
    "diagnosticCodes": [
      2304
    ]
  },
  "stack": "TSError: тип Unable to compile TypeScript:\n\u001b[96msrc/validations/validation.ts\u001b[0m:\u001b[93m27\u001b[0m:\u001b[93m16\u001b[0m - \u001b[91merror\u001b[0m\u001b[90m TS2304: \u001b[0mCannot find name 'validationMiddleware'.\n\n\u001b[7m27\u001b[0m export default validationMiddleware;\n\u001b[7m  \u001b[0m \u001b[91m               ~~~~~~~~~~~~~~~~~~~~\u001b[0m\n\n    at createTSError (/home/ditsdev152/.nvm/versions/node/v20.12.0/lib/node_modules/ts-node/src/index.ts:859:12)\n    at reportTSError (/home/ditsdev152/.nvm/versions/node/v20.12.0/lib/node_modules/ts-node/src/index.ts:863:19)\n    at getOutput (/home/ditsdev152/.nvm/versions/node/v20.12.0/lib/node_modules/ts-node/src/index.ts:1077:36)\n    at Object.compile (/home/ditsdev152/.nvm/versions/node/v20.12.0/lib/node_modules/ts-node/src/index.ts:1433:41)\n    at Module.m._compile (/home/ditsdev152/.nvm/versions/node/v20.12.0/lib/node_modules/ts-node/src/index.ts:1617:30)\n    at Module._extensions..js (node:internal/modules/cjs/loader:1427:10)\n    at Object.require.extensions.<computed> [as .ts] (/home/ditsdev152/.nvm/versions/node/v20.12.0/lib/node_modules/ts-node/src/index.ts:1621:12)\n    at Module.load (node:internal/modules/cjs/loader:1206:32)\n    at Function.Module._load (node:internal/modules/cjs/loader:1022:12)\n    at Module.require (node:internal/modules/cjs/loader:1231:19)",
  "exception": true,
  "date": "Mon Apr 29 2024 09:44:07 GMT+0530 (India Standard Time)",
  "process": {
    "pid": 10076,
    "uid": 1000,
    "gid": 1000,
    "cwd": "/home/ditsdev152/Desktop/cab-booking/users",
    "execPath": "/home/ditsdev152/.nvm/versions/node/v20.12.0/bin/node",
    "version": "v20.12.0",
    "argv": [
      "/home/ditsdev152/.nvm/versions/node/v20.12.0/bin/ts-node",
      "/home/ditsdev152/Desktop/cab-booking/users/index.ts"
    ],
    "memoryUsage": {
      "rss": 276885504,
      "heapTotal": 195338240,
      "heapUsed": 173491912,
      "external": 6496661,
      "arrayBuffers": 3623049
    }
  },
  "os": {
    "loadavg": [
      1.14,
      1.38,
      0.97
    ],
    "uptime": 1701.49
  },
  "trace": [
    {
      "column": 12,
      "file": "/home/ditsdev152/.nvm/versions/node/v20.12.0/lib/node_modules/ts-node/src/index.ts",
      "function": "createTSError",
      "line": 859,
      "method": null,
      "native": false
    },
    {
      "column": 19,
      "file": "/home/ditsdev152/.nvm/versions/node/v20.12.0/lib/node_modules/ts-node/src/index.ts",
      "function": "reportTSError",
      "line": 863,
      "method": null,
      "native": false
    },
    {
      "column": 36,
      "file": "/home/ditsdev152/.nvm/versions/node/v20.12.0/lib/node_modules/ts-node/src/index.ts",
      "function": "getOutput",
      "line": 1077,
      "method": null,
      "native": false
    },
    {
      "column": 41,
      "file": "/home/ditsdev152/.nvm/versions/node/v20.12.0/lib/node_modules/ts-node/src/index.ts",
      "function": "Object.compile",
      "line": 1433,
      "method": "compile",
      "native": false
    },
    {
      "column": 30,
      "file": "/home/ditsdev152/.nvm/versions/node/v20.12.0/lib/node_modules/ts-node/src/index.ts",
      "function": "Module.m._compile",
      "line": 1617,
      "method": "_compile",
      "native": false
    },
    {
      "column": 10,
      "file": "node:internal/modules/cjs/loader",
      "function": "Module._extensions..js",
      "line": 1427,
      "method": ".js",
      "native": false
    },
    {
      "column": 12,
      "file": "/home/ditsdev152/.nvm/versions/node/v20.12.0/lib/node_modules/ts-node/src/index.ts",
      "function": "Object.require.extensions.<computed> [as .ts]",
      "line": 1621,
      "method": "ts]",
      "native": false
    },
    {
      "column": 32,
      "file": "node:internal/modules/cjs/loader",
      "function": "Module.load",
      "line": 1206,
      "method": "load",
      "native": false
    },
    {
      "column": 12,
      "file": "node:internal/modules/cjs/loader",
      "function": "Module._load",
      "line": 1022,
      "method": "_load",
      "native": false
    },
    {
      "column": 19,
      "file": "node:internal/modules/cjs/loader",
      "function": "Module.require",
      "line": 1231,
      "method": "require",
      "native": false
    }
  ]
}
2024-04-29 04:14:30 - 8167204c-8c50-4b64-8c6c-c454a749c029 - error: uncaughtException: тип Unable to compile TypeScript:
[96msrc/validations/validation.ts[0m:[93m3[0m:[93m7[0m - [91merror[0m[90m TS2451: [0mCannot redeclare block-scoped variable 'user'.

[7m3[0m const user = joi.object({
[7m [0m [91m      ~~~~[0m
[96msrc/validations/validation.ts[0m:[93m29[0m:[93m14[0m - [91merror[0m[90m TS2451: [0mCannot redeclare block-scoped variable 'user'.

[7m29[0m export const user = joi.object({
[7m  [0m [91m             ~~~~[0m

TSError: тип Unable to compile TypeScript:
[96msrc/validations/validation.ts[0m:[93m3[0m:[93m7[0m - [91merror[0m[90m TS2451: [0mCannot redeclare block-scoped variable 'user'.

[7m3[0m const user = joi.object({
[7m [0m [91m      ~~~~[0m
[96msrc/validations/validation.ts[0m:[93m29[0m:[93m14[0m - [91merror[0m[90m TS2451: [0mCannot redeclare block-scoped variable 'user'.

[7m29[0m export const user = joi.object({
[7m  [0m [91m             ~~~~[0m

    at createTSError (/home/ditsdev152/.nvm/versions/node/v20.12.0/lib/node_modules/ts-node/src/index.ts:859:12)
    at reportTSError (/home/ditsdev152/.nvm/versions/node/v20.12.0/lib/node_modules/ts-node/src/index.ts:863:19)
    at getOutput (/home/ditsdev152/.nvm/versions/node/v20.12.0/lib/node_modules/ts-node/src/index.ts:1077:36)
    at Object.compile (/home/ditsdev152/.nvm/versions/node/v20.12.0/lib/node_modules/ts-node/src/index.ts:1433:41)
    at Module.m._compile (/home/ditsdev152/.nvm/versions/node/v20.12.0/lib/node_modules/ts-node/src/index.ts:1617:30)
    at Module._extensions..js (node:internal/modules/cjs/loader:1427:10)
    at Object.require.extensions.<computed> [as .ts] (/home/ditsdev152/.nvm/versions/node/v20.12.0/lib/node_modules/ts-node/src/index.ts:1621:12)
    at Module.load (node:internal/modules/cjs/loader:1206:32)
    at Function.Module._load (node:internal/modules/cjs/loader:1022:12)
    at Module.require (node:internal/modules/cjs/loader:1231:19) {
  "error": {
    "diagnosticCodes": [
      2451,
      2451
    ]
  },
  "stack": "TSError: тип Unable to compile TypeScript:\n\u001b[96msrc/validations/validation.ts\u001b[0m:\u001b[93m3\u001b[0m:\u001b[93m7\u001b[0m - \u001b[91merror\u001b[0m\u001b[90m TS2451: \u001b[0mCannot redeclare block-scoped variable 'user'.\n\n\u001b[7m3\u001b[0m const user = joi.object({\n\u001b[7m \u001b[0m \u001b[91m      ~~~~\u001b[0m\n\u001b[96msrc/validations/validation.ts\u001b[0m:\u001b[93m29\u001b[0m:\u001b[93m14\u001b[0m - \u001b[91merror\u001b[0m\u001b[90m TS2451: \u001b[0mCannot redeclare block-scoped variable 'user'.\n\n\u001b[7m29\u001b[0m export const user = joi.object({\n\u001b[7m  \u001b[0m \u001b[91m             ~~~~\u001b[0m\n\n    at createTSError (/home/ditsdev152/.nvm/versions/node/v20.12.0/lib/node_modules/ts-node/src/index.ts:859:12)\n    at reportTSError (/home/ditsdev152/.nvm/versions/node/v20.12.0/lib/node_modules/ts-node/src/index.ts:863:19)\n    at getOutput (/home/ditsdev152/.nvm/versions/node/v20.12.0/lib/node_modules/ts-node/src/index.ts:1077:36)\n    at Object.compile (/home/ditsdev152/.nvm/versions/node/v20.12.0/lib/node_modules/ts-node/src/index.ts:1433:41)\n    at Module.m._compile (/home/ditsdev152/.nvm/versions/node/v20.12.0/lib/node_modules/ts-node/src/index.ts:1617:30)\n    at Module._extensions..js (node:internal/modules/cjs/loader:1427:10)\n    at Object.require.extensions.<computed> [as .ts] (/home/ditsdev152/.nvm/versions/node/v20.12.0/lib/node_modules/ts-node/src/index.ts:1621:12)\n    at Module.load (node:internal/modules/cjs/loader:1206:32)\n    at Function.Module._load (node:internal/modules/cjs/loader:1022:12)\n    at Module.require (node:internal/modules/cjs/loader:1231:19)",
  "exception": true,
  "date": "Mon Apr 29 2024 09:44:30 GMT+0530 (India Standard Time)",
  "process": {
    "pid": 10844,
    "uid": 1000,
    "gid": 1000,
    "cwd": "/home/ditsdev152/Desktop/cab-booking/users",
    "execPath": "/home/ditsdev152/.nvm/versions/node/v20.12.0/bin/node",
    "version": "v20.12.0",
    "argv": [
      "/home/ditsdev152/.nvm/versions/node/v20.12.0/bin/ts-node",
      "/home/ditsdev152/Desktop/cab-booking/users/index.ts"
    ],
    "memoryUsage": {
      "rss": 282370048,
      "heapTotal": 198221824,
      "heapUsed": 168762008,
      "external": 6496757,
      "arrayBuffers": 3622851
    }
  },
  "os": {
    "loadavg": [
      1.89,
      1.53,
      1.03
    ],
    "uptime": 1725.03
  },
  "trace": [
    {
      "column": 12,
      "file": "/home/ditsdev152/.nvm/versions/node/v20.12.0/lib/node_modules/ts-node/src/index.ts",
      "function": "createTSError",
      "line": 859,
      "method": null,
      "native": false
    },
    {
      "column": 19,
      "file": "/home/ditsdev152/.nvm/versions/node/v20.12.0/lib/node_modules/ts-node/src/index.ts",
      "function": "reportTSError",
      "line": 863,
      "method": null,
      "native": false
    },
    {
      "column": 36,
      "file": "/home/ditsdev152/.nvm/versions/node/v20.12.0/lib/node_modules/ts-node/src/index.ts",
      "function": "getOutput",
      "line": 1077,
      "method": null,
      "native": false
    },
    {
      "column": 41,
      "file": "/home/ditsdev152/.nvm/versions/node/v20.12.0/lib/node_modules/ts-node/src/index.ts",
      "function": "Object.compile",
      "line": 1433,
      "method": "compile",
      "native": false
    },
    {
      "column": 30,
      "file": "/home/ditsdev152/.nvm/versions/node/v20.12.0/lib/node_modules/ts-node/src/index.ts",
      "function": "Module.m._compile",
      "line": 1617,
      "method": "_compile",
      "native": false
    },
    {
      "column": 10,
      "file": "node:internal/modules/cjs/loader",
      "function": "Module._extensions..js",
      "line": 1427,
      "method": ".js",
      "native": false
    },
    {
      "column": 12,
      "file": "/home/ditsdev152/.nvm/versions/node/v20.12.0/lib/node_modules/ts-node/src/index.ts",
      "function": "Object.require.extensions.<computed> [as .ts]",
      "line": 1621,
      "method": "ts]",
      "native": false
    },
    {
      "column": 32,
      "file": "node:internal/modules/cjs/loader",
      "function": "Module.load",
      "line": 1206,
      "method": "load",
      "native": false
    },
    {
      "column": 12,
      "file": "node:internal/modules/cjs/loader",
      "function": "Module._load",
      "line": 1022,
      "method": "_load",
      "native": false
    },
    {
      "column": 19,
      "file": "node:internal/modules/cjs/loader",
      "function": "Module.require",
      "line": 1231,
      "method": "require",
      "native": false
    }
  ]
}
2024-04-29 04:14:44 - 3b9c08a7-bc87-4a8c-9f9d-669028553930 - error: uncaughtException: тип Unable to compile TypeScript:
[96msrc/validations/validation.ts[0m:[93m3[0m:[93m7[0m - [91merror[0m[90m TS2451: [0mCannot redeclare block-scoped variable 'user'.

[7m3[0m const user = joi.object({
[7m [0m [91m      ~~~~[0m
[96msrc/validations/validation.ts[0m:[93m29[0m:[93m14[0m - [91merror[0m[90m TS2451: [0mCannot redeclare block-scoped variable 'user'.

[7m29[0m export const user = joi.object({
[7m  [0m [91m             ~~~~[0m

TSError: тип Unable to compile TypeScript:
[96msrc/validations/validation.ts[0m:[93m3[0m:[93m7[0m - [91merror[0m[90m TS2451: [0mCannot redeclare block-scoped variable 'user'.

[7m3[0m const user = joi.object({
[7m [0m [91m      ~~~~[0m
[96msrc/validations/validation.ts[0m:[93m29[0m:[93m14[0m - [91merror[0m[90m TS2451: [0mCannot redeclare block-scoped variable 'user'.

[7m29[0m export const user = joi.object({
[7m  [0m [91m             ~~~~[0m

    at createTSError (/home/ditsdev152/.nvm/versions/node/v20.12.0/lib/node_modules/ts-node/src/index.ts:859:12)
    at reportTSError (/home/ditsdev152/.nvm/versions/node/v20.12.0/lib/node_modules/ts-node/src/index.ts:863:19)
    at getOutput (/home/ditsdev152/.nvm/versions/node/v20.12.0/lib/node_modules/ts-node/src/index.ts:1077:36)
    at Object.compile (/home/ditsdev152/.nvm/versions/node/v20.12.0/lib/node_modules/ts-node/src/index.ts:1433:41)
    at Module.m._compile (/home/ditsdev152/.nvm/versions/node/v20.12.0/lib/node_modules/ts-node/src/index.ts:1617:30)
    at Module._extensions..js (node:internal/modules/cjs/loader:1427:10)
    at Object.require.extensions.<computed> [as .ts] (/home/ditsdev152/.nvm/versions/node/v20.12.0/lib/node_modules/ts-node/src/index.ts:1621:12)
    at Module.load (node:internal/modules/cjs/loader:1206:32)
    at Function.Module._load (node:internal/modules/cjs/loader:1022:12)
    at Module.require (node:internal/modules/cjs/loader:1231:19) {
  "error": {
    "diagnosticCodes": [
      2451,
      2451
    ]
  },
  "stack": "TSError: тип Unable to compile TypeScript:\n\u001b[96msrc/validations/validation.ts\u001b[0m:\u001b[93m3\u001b[0m:\u001b[93m7\u001b[0m - \u001b[91merror\u001b[0m\u001b[90m TS2451: \u001b[0mCannot redeclare block-scoped variable 'user'.\n\n\u001b[7m3\u001b[0m const user = joi.object({\n\u001b[7m \u001b[0m \u001b[91m      ~~~~\u001b[0m\n\u001b[96msrc/validations/validation.ts\u001b[0m:\u001b[93m29\u001b[0m:\u001b[93m14\u001b[0m - \u001b[91merror\u001b[0m\u001b[90m TS2451: \u001b[0mCannot redeclare block-scoped variable 'user'.\n\n\u001b[7m29\u001b[0m export const user = joi.object({\n\u001b[7m  \u001b[0m \u001b[91m             ~~~~\u001b[0m\n\n    at createTSError (/home/ditsdev152/.nvm/versions/node/v20.12.0/lib/node_modules/ts-node/src/index.ts:859:12)\n    at reportTSError (/home/ditsdev152/.nvm/versions/node/v20.12.0/lib/node_modules/ts-node/src/index.ts:863:19)\n    at getOutput (/home/ditsdev152/.nvm/versions/node/v20.12.0/lib/node_modules/ts-node/src/index.ts:1077:36)\n    at Object.compile (/home/ditsdev152/.nvm/versions/node/v20.12.0/lib/node_modules/ts-node/src/index.ts:1433:41)\n    at Module.m._compile (/home/ditsdev152/.nvm/versions/node/v20.12.0/lib/node_modules/ts-node/src/index.ts:1617:30)\n    at Module._extensions..js (node:internal/modules/cjs/loader:1427:10)\n    at Object.require.extensions.<computed> [as .ts] (/home/ditsdev152/.nvm/versions/node/v20.12.0/lib/node_modules/ts-node/src/index.ts:1621:12)\n    at Module.load (node:internal/modules/cjs/loader:1206:32)\n    at Function.Module._load (node:internal/modules/cjs/loader:1022:12)\n    at Module.require (node:internal/modules/cjs/loader:1231:19)",
  "exception": true,
  "date": "Mon Apr 29 2024 09:44:44 GMT+0530 (India Standard Time)",
  "process": {
    "pid": 11013,
    "uid": 1000,
    "gid": 1000,
    "cwd": "/home/ditsdev152/Desktop/cab-booking/users",
    "execPath": "/home/ditsdev152/.nvm/versions/node/v20.12.0/bin/node",
    "version": "v20.12.0",
    "argv": [
      "/home/ditsdev152/.nvm/versions/node/v20.12.0/bin/ts-node",
      "/home/ditsdev152/Desktop/cab-booking/users/index.ts"
    ],
    "memoryUsage": {
      "rss": 280113152,
      "heapTotal": 195862528,
      "heapUsed": 172239240,
      "external": 6496479,
      "arrayBuffers": 3622867
    }
  },
  "os": {
    "loadavg": [
      2.17,
      1.61,
      1.06
    ],
    "uptime": 1738.78
  },
  "trace": [
    {
      "column": 12,
      "file": "/home/ditsdev152/.nvm/versions/node/v20.12.0/lib/node_modules/ts-node/src/index.ts",
      "function": "createTSError",
      "line": 859,
      "method": null,
      "native": false
    },
    {
      "column": 19,
      "file": "/home/ditsdev152/.nvm/versions/node/v20.12.0/lib/node_modules/ts-node/src/index.ts",
      "function": "reportTSError",
      "line": 863,
      "method": null,
      "native": false
    },
    {
      "column": 36,
      "file": "/home/ditsdev152/.nvm/versions/node/v20.12.0/lib/node_modules/ts-node/src/index.ts",
      "function": "getOutput",
      "line": 1077,
      "method": null,
      "native": false
    },
    {
      "column": 41,
      "file": "/home/ditsdev152/.nvm/versions/node/v20.12.0/lib/node_modules/ts-node/src/index.ts",
      "function": "Object.compile",
      "line": 1433,
      "method": "compile",
      "native": false
    },
    {
      "column": 30,
      "file": "/home/ditsdev152/.nvm/versions/node/v20.12.0/lib/node_modules/ts-node/src/index.ts",
      "function": "Module.m._compile",
      "line": 1617,
      "method": "_compile",
      "native": false
    },
    {
      "column": 10,
      "file": "node:internal/modules/cjs/loader",
      "function": "Module._extensions..js",
      "line": 1427,
      "method": ".js",
      "native": false
    },
    {
      "column": 12,
      "file": "/home/ditsdev152/.nvm/versions/node/v20.12.0/lib/node_modules/ts-node/src/index.ts",
      "function": "Object.require.extensions.<computed> [as .ts]",
      "line": 1621,
      "method": "ts]",
      "native": false
    },
    {
      "column": 32,
      "file": "node:internal/modules/cjs/loader",
      "function": "Module.load",
      "line": 1206,
      "method": "load",
      "native": false
    },
    {
      "column": 12,
      "file": "node:internal/modules/cjs/loader",
      "function": "Module._load",
      "line": 1022,
      "method": "_load",
      "native": false
    },
    {
      "column": 19,
      "file": "node:internal/modules/cjs/loader",
      "function": "Module.require",
      "line": 1231,
      "method": "require",
      "native": false
    }
  ]
}
2024-04-29 04:14:56 - 8abb1878-f79a-4852-a8eb-07bdf756fc5d - error: uncaughtException: тип Unable to compile TypeScript:
[96msrc/validations/validation.ts[0m:[93m3[0m:[93m7[0m - [91merror[0m[90m TS2451: [0mCannot redeclare block-scoped variable 'user'.

[7m3[0m const user = joi.object({
[7m [0m [91m      ~~~~[0m
[96msrc/validations/validation.ts[0m:[93m29[0m:[93m14[0m - [91merror[0m[90m TS2451: [0mCannot redeclare block-scoped variable 'user'.

[7m29[0m export const user = joi.object({
[7m  [0m [91m             ~~~~[0m

TSError: тип Unable to compile TypeScript:
[96msrc/validations/validation.ts[0m:[93m3[0m:[93m7[0m - [91merror[0m[90m TS2451: [0mCannot redeclare block-scoped variable 'user'.

[7m3[0m const user = joi.object({
[7m [0m [91m      ~~~~[0m
[96msrc/validations/validation.ts[0m:[93m29[0m:[93m14[0m - [91merror[0m[90m TS2451: [0mCannot redeclare block-scoped variable 'user'.

[7m29[0m export const user = joi.object({
[7m  [0m [91m             ~~~~[0m

    at createTSError (/home/ditsdev152/.nvm/versions/node/v20.12.0/lib/node_modules/ts-node/src/index.ts:859:12)
    at reportTSError (/home/ditsdev152/.nvm/versions/node/v20.12.0/lib/node_modules/ts-node/src/index.ts:863:19)
    at getOutput (/home/ditsdev152/.nvm/versions/node/v20.12.0/lib/node_modules/ts-node/src/index.ts:1077:36)
    at Object.compile (/home/ditsdev152/.nvm/versions/node/v20.12.0/lib/node_modules/ts-node/src/index.ts:1433:41)
    at Module.m._compile (/home/ditsdev152/.nvm/versions/node/v20.12.0/lib/node_modules/ts-node/src/index.ts:1617:30)
    at Module._extensions..js (node:internal/modules/cjs/loader:1427:10)
    at Object.require.extensions.<computed> [as .ts] (/home/ditsdev152/.nvm/versions/node/v20.12.0/lib/node_modules/ts-node/src/index.ts:1621:12)
    at Module.load (node:internal/modules/cjs/loader:1206:32)
    at Function.Module._load (node:internal/modules/cjs/loader:1022:12)
    at Module.require (node:internal/modules/cjs/loader:1231:19) {
  "error": {
    "diagnosticCodes": [
      2451,
      2451
    ]
  },
  "stack": "TSError: тип Unable to compile TypeScript:\n\u001b[96msrc/validations/validation.ts\u001b[0m:\u001b[93m3\u001b[0m:\u001b[93m7\u001b[0m - \u001b[91merror\u001b[0m\u001b[90m TS2451: \u001b[0mCannot redeclare block-scoped variable 'user'.\n\n\u001b[7m3\u001b[0m const user = joi.object({\n\u001b[7m \u001b[0m \u001b[91m      ~~~~\u001b[0m\n\u001b[96msrc/validations/validation.ts\u001b[0m:\u001b[93m29\u001b[0m:\u001b[93m14\u001b[0m - \u001b[91merror\u001b[0m\u001b[90m TS2451: \u001b[0mCannot redeclare block-scoped variable 'user'.\n\n\u001b[7m29\u001b[0m export const user = joi.object({\n\u001b[7m  \u001b[0m \u001b[91m             ~~~~\u001b[0m\n\n    at createTSError (/home/ditsdev152/.nvm/versions/node/v20.12.0/lib/node_modules/ts-node/src/index.ts:859:12)\n    at reportTSError (/home/ditsdev152/.nvm/versions/node/v20.12.0/lib/node_modules/ts-node/src/index.ts:863:19)\n    at getOutput (/home/ditsdev152/.nvm/versions/node/v20.12.0/lib/node_modules/ts-node/src/index.ts:1077:36)\n    at Object.compile (/home/ditsdev152/.nvm/versions/node/v20.12.0/lib/node_modules/ts-node/src/index.ts:1433:41)\n    at Module.m._compile (/home/ditsdev152/.nvm/versions/node/v20.12.0/lib/node_modules/ts-node/src/index.ts:1617:30)\n    at Module._extensions..js (node:internal/modules/cjs/loader:1427:10)\n    at Object.require.extensions.<computed> [as .ts] (/home/ditsdev152/.nvm/versions/node/v20.12.0/lib/node_modules/ts-node/src/index.ts:1621:12)\n    at Module.load (node:internal/modules/cjs/loader:1206:32)\n    at Function.Module._load (node:internal/modules/cjs/loader:1022:12)\n    at Module.require (node:internal/modules/cjs/loader:1231:19)",
  "exception": true,
  "date": "Mon Apr 29 2024 09:44:56 GMT+0530 (India Standard Time)",
  "process": {
    "pid": 11177,
    "uid": 1000,
    "gid": 1000,
    "cwd": "/home/ditsdev152/Desktop/cab-booking/users",
    "execPath": "/home/ditsdev152/.nvm/versions/node/v20.12.0/bin/node",
    "version": "v20.12.0",
    "argv": [
      "/home/ditsdev152/.nvm/versions/node/v20.12.0/bin/ts-node",
      "/home/ditsdev152/Desktop/cab-booking/users/index.ts"
    ],
    "memoryUsage": {
      "rss": 279416832,
      "heapTotal": 195338240,
      "heapUsed": 171613080,
      "external": 6496431,
      "arrayBuffers": 3622819
    }
  },
  "os": {
    "loadavg": [
      1.98,
      1.59,
      1.06
    ],
    "uptime": 1750.35
  },
  "trace": [
    {
      "column": 12,
      "file": "/home/ditsdev152/.nvm/versions/node/v20.12.0/lib/node_modules/ts-node/src/index.ts",
      "function": "createTSError",
      "line": 859,
      "method": null,
      "native": false
    },
    {
      "column": 19,
      "file": "/home/ditsdev152/.nvm/versions/node/v20.12.0/lib/node_modules/ts-node/src/index.ts",
      "function": "reportTSError",
      "line": 863,
      "method": null,
      "native": false
    },
    {
      "column": 36,
      "file": "/home/ditsdev152/.nvm/versions/node/v20.12.0/lib/node_modules/ts-node/src/index.ts",
      "function": "getOutput",
      "line": 1077,
      "method": null,
      "native": false
    },
    {
      "column": 41,
      "file": "/home/ditsdev152/.nvm/versions/node/v20.12.0/lib/node_modules/ts-node/src/index.ts",
      "function": "Object.compile",
      "line": 1433,
      "method": "compile",
      "native": false
    },
    {
      "column": 30,
      "file": "/home/ditsdev152/.nvm/versions/node/v20.12.0/lib/node_modules/ts-node/src/index.ts",
      "function": "Module.m._compile",
      "line": 1617,
      "method": "_compile",
      "native": false
    },
    {
      "column": 10,
      "file": "node:internal/modules/cjs/loader",
      "function": "Module._extensions..js",
      "line": 1427,
      "method": ".js",
      "native": false
    },
    {
      "column": 12,
      "file": "/home/ditsdev152/.nvm/versions/node/v20.12.0/lib/node_modules/ts-node/src/index.ts",
      "function": "Object.require.extensions.<computed> [as .ts]",
      "line": 1621,
      "method": "ts]",
      "native": false
    },
    {
      "column": 32,
      "file": "node:internal/modules/cjs/loader",
      "function": "Module.load",
      "line": 1206,
      "method": "load",
      "native": false
    },
    {
      "column": 12,
      "file": "node:internal/modules/cjs/loader",
      "function": "Module._load",
      "line": 1022,
      "method": "_load",
      "native": false
    },
    {
      "column": 19,
      "file": "node:internal/modules/cjs/loader",
      "function": "Module.require",
      "line": 1231,
      "method": "require",
      "native": false
    }
  ]
}
2024-04-29 04:15:19 - 19866d13-c568-4e4c-ac34-34dd40e18134 - error: uncaughtException: тип Unable to compile TypeScript:
[96msrc/validations/validation.ts[0m:[93m3[0m:[93m7[0m - [91merror[0m[90m TS2451: [0mCannot redeclare block-scoped variable 'user'.

[7m3[0m const user = joi.object({
[7m [0m [91m      ~~~~[0m
[96msrc/validations/validation.ts[0m:[93m29[0m:[93m14[0m - [91merror[0m[90m TS2451: [0mCannot redeclare block-scoped variable 'user'.

[7m29[0m export const user = joi.object({
[7m  [0m [91m             ~~~~[0m

TSError: тип Unable to compile TypeScript:
[96msrc/validations/validation.ts[0m:[93m3[0m:[93m7[0m - [91merror[0m[90m TS2451: [0mCannot redeclare block-scoped variable 'user'.

[7m3[0m const user = joi.object({
[7m [0m [91m      ~~~~[0m
[96msrc/validations/validation.ts[0m:[93m29[0m:[93m14[0m - [91merror[0m[90m TS2451: [0mCannot redeclare block-scoped variable 'user'.

[7m29[0m export const user = joi.object({
[7m  [0m [91m             ~~~~[0m

    at createTSError (/home/ditsdev152/.nvm/versions/node/v20.12.0/lib/node_modules/ts-node/src/index.ts:859:12)
    at reportTSError (/home/ditsdev152/.nvm/versions/node/v20.12.0/lib/node_modules/ts-node/src/index.ts:863:19)
    at getOutput (/home/ditsdev152/.nvm/versions/node/v20.12.0/lib/node_modules/ts-node/src/index.ts:1077:36)
    at Object.compile (/home/ditsdev152/.nvm/versions/node/v20.12.0/lib/node_modules/ts-node/src/index.ts:1433:41)
    at Module.m._compile (/home/ditsdev152/.nvm/versions/node/v20.12.0/lib/node_modules/ts-node/src/index.ts:1617:30)
    at Module._extensions..js (node:internal/modules/cjs/loader:1427:10)
    at Object.require.extensions.<computed> [as .ts] (/home/ditsdev152/.nvm/versions/node/v20.12.0/lib/node_modules/ts-node/src/index.ts:1621:12)
    at Module.load (node:internal/modules/cjs/loader:1206:32)
    at Function.Module._load (node:internal/modules/cjs/loader:1022:12)
    at Module.require (node:internal/modules/cjs/loader:1231:19) {
  "error": {
    "diagnosticCodes": [
      2451,
      2451
    ]
  },
  "stack": "TSError: тип Unable to compile TypeScript:\n\u001b[96msrc/validations/validation.ts\u001b[0m:\u001b[93m3\u001b[0m:\u001b[93m7\u001b[0m - \u001b[91merror\u001b[0m\u001b[90m TS2451: \u001b[0mCannot redeclare block-scoped variable 'user'.\n\n\u001b[7m3\u001b[0m const user = joi.object({\n\u001b[7m \u001b[0m \u001b[91m      ~~~~\u001b[0m\n\u001b[96msrc/validations/validation.ts\u001b[0m:\u001b[93m29\u001b[0m:\u001b[93m14\u001b[0m - \u001b[91merror\u001b[0m\u001b[90m TS2451: \u001b[0mCannot redeclare block-scoped variable 'user'.\n\n\u001b[7m29\u001b[0m export const user = joi.object({\n\u001b[7m  \u001b[0m \u001b[91m             ~~~~\u001b[0m\n\n    at createTSError (/home/ditsdev152/.nvm/versions/node/v20.12.0/lib/node_modules/ts-node/src/index.ts:859:12)\n    at reportTSError (/home/ditsdev152/.nvm/versions/node/v20.12.0/lib/node_modules/ts-node/src/index.ts:863:19)\n    at getOutput (/home/ditsdev152/.nvm/versions/node/v20.12.0/lib/node_modules/ts-node/src/index.ts:1077:36)\n    at Object.compile (/home/ditsdev152/.nvm/versions/node/v20.12.0/lib/node_modules/ts-node/src/index.ts:1433:41)\n    at Module.m._compile (/home/ditsdev152/.nvm/versions/node/v20.12.0/lib/node_modules/ts-node/src/index.ts:1617:30)\n    at Module._extensions..js (node:internal/modules/cjs/loader:1427:10)\n    at Object.require.extensions.<computed> [as .ts] (/home/ditsdev152/.nvm/versions/node/v20.12.0/lib/node_modules/ts-node/src/index.ts:1621:12)\n    at Module.load (node:internal/modules/cjs/loader:1206:32)\n    at Function.Module._load (node:internal/modules/cjs/loader:1022:12)\n    at Module.require (node:internal/modules/cjs/loader:1231:19)",
  "exception": true,
  "date": "Mon Apr 29 2024 09:45:19 GMT+0530 (India Standard Time)",
  "process": {
    "pid": 11422,
    "uid": 1000,
    "gid": 1000,
    "cwd": "/home/ditsdev152/Desktop/cab-booking/users",
    "execPath": "/home/ditsdev152/.nvm/versions/node/v20.12.0/bin/node",
    "version": "v20.12.0",
    "argv": [
      "/home/ditsdev152/.nvm/versions/node/v20.12.0/bin/ts-node",
      "/home/ditsdev152/Desktop/cab-booking/users/index.ts"
    ],
    "memoryUsage": {
      "rss": 279580672,
      "heapTotal": 195338240,
      "heapUsed": 173604504,
      "external": 6496415,
      "arrayBuffers": 3622803
    }
  },
  "os": {
    "loadavg": [
      2.18,
      1.65,
      1.1
    ],
    "uptime": 1773.45
  },
  "trace": [
    {
      "column": 12,
      "file": "/home/ditsdev152/.nvm/versions/node/v20.12.0/lib/node_modules/ts-node/src/index.ts",
      "function": "createTSError",
      "line": 859,
      "method": null,
      "native": false
    },
    {
      "column": 19,
      "file": "/home/ditsdev152/.nvm/versions/node/v20.12.0/lib/node_modules/ts-node/src/index.ts",
      "function": "reportTSError",
      "line": 863,
      "method": null,
      "native": false
    },
    {
      "column": 36,
      "file": "/home/ditsdev152/.nvm/versions/node/v20.12.0/lib/node_modules/ts-node/src/index.ts",
      "function": "getOutput",
      "line": 1077,
      "method": null,
      "native": false
    },
    {
      "column": 41,
      "file": "/home/ditsdev152/.nvm/versions/node/v20.12.0/lib/node_modules/ts-node/src/index.ts",
      "function": "Object.compile",
      "line": 1433,
      "method": "compile",
      "native": false
    },
    {
      "column": 30,
      "file": "/home/ditsdev152/.nvm/versions/node/v20.12.0/lib/node_modules/ts-node/src/index.ts",
      "function": "Module.m._compile",
      "line": 1617,
      "method": "_compile",
      "native": false
    },
    {
      "column": 10,
      "file": "node:internal/modules/cjs/loader",
      "function": "Module._extensions..js",
      "line": 1427,
      "method": ".js",
      "native": false
    },
    {
      "column": 12,
      "file": "/home/ditsdev152/.nvm/versions/node/v20.12.0/lib/node_modules/ts-node/src/index.ts",
      "function": "Object.require.extensions.<computed> [as .ts]",
      "line": 1621,
      "method": "ts]",
      "native": false
    },
    {
      "column": 32,
      "file": "node:internal/modules/cjs/loader",
      "function": "Module.load",
      "line": 1206,
      "method": "load",
      "native": false
    },
    {
      "column": 12,
      "file": "node:internal/modules/cjs/loader",
      "function": "Module._load",
      "line": 1022,
      "method": "_load",
      "native": false
    },
    {
      "column": 19,
      "file": "node:internal/modules/cjs/loader",
      "function": "Module.require",
      "line": 1231,
      "method": "require",
      "native": false
    }
  ]
}
2024-04-29 05:25:05 - 1380d4f2-0852-4fdb-ae17-9ca61aa2afb1 - error: uncaughtException: тип Unable to compile TypeScript:
[96msrc/utils/validations/validation.ts[0m:[93m9[0m:[93m36[0m - [91merror[0m[90m TS18004: [0mNo value exists in scope for the shorthand property 's'. Either declare one or provide an initializer.

[7m9[0m   phoneNo: joi.string().optional(),s
[7m [0m [91m                                   ~[0m
[96msrc/utils/validations/validation.ts[0m:[93m10[0m:[93m3[0m - [91merror[0m[90m TS1005: [0m',' expected.

[7m10[0m   email: joi.string().required()
[7m  [0m [91m  ~~~~~[0m

TSError: тип Unable to compile TypeScript:
[96msrc/utils/validations/validation.ts[0m:[93m9[0m:[93m36[0m - [91merror[0m[90m TS18004: [0mNo value exists in scope for the shorthand property 's'. Either declare one or provide an initializer.

[7m9[0m   phoneNo: joi.string().optional(),s
[7m [0m [91m                                   ~[0m
[96msrc/utils/validations/validation.ts[0m:[93m10[0m:[93m3[0m - [91merror[0m[90m TS1005: [0m',' expected.

[7m10[0m   email: joi.string().required()
[7m  [0m [91m  ~~~~~[0m

    at createTSError (/home/ditsdev152/.nvm/versions/node/v20.12.0/lib/node_modules/ts-node/src/index.ts:859:12)
    at reportTSError (/home/ditsdev152/.nvm/versions/node/v20.12.0/lib/node_modules/ts-node/src/index.ts:863:19)
    at getOutput (/home/ditsdev152/.nvm/versions/node/v20.12.0/lib/node_modules/ts-node/src/index.ts:1077:36)
    at Object.compile (/home/ditsdev152/.nvm/versions/node/v20.12.0/lib/node_modules/ts-node/src/index.ts:1433:41)
    at Module.m._compile (/home/ditsdev152/.nvm/versions/node/v20.12.0/lib/node_modules/ts-node/src/index.ts:1617:30)
    at Module._extensions..js (node:internal/modules/cjs/loader:1427:10)
    at Object.require.extensions.<computed> [as .ts] (/home/ditsdev152/.nvm/versions/node/v20.12.0/lib/node_modules/ts-node/src/index.ts:1621:12)
    at Module.load (node:internal/modules/cjs/loader:1206:32)
    at Function.Module._load (node:internal/modules/cjs/loader:1022:12)
    at Module.require (node:internal/modules/cjs/loader:1231:19) {
  "error": {
    "diagnosticCodes": [
      18004,
      1005
    ]
  },
  "stack": "TSError: тип Unable to compile TypeScript:\n\u001b[96msrc/utils/validations/validation.ts\u001b[0m:\u001b[93m9\u001b[0m:\u001b[93m36\u001b[0m - \u001b[91merror\u001b[0m\u001b[90m TS18004: \u001b[0mNo value exists in scope for the shorthand property 's'. Either declare one or provide an initializer.\n\n\u001b[7m9\u001b[0m   phoneNo: joi.string().optional(),s\n\u001b[7m \u001b[0m \u001b[91m                                   ~\u001b[0m\n\u001b[96msrc/utils/validations/validation.ts\u001b[0m:\u001b[93m10\u001b[0m:\u001b[93m3\u001b[0m - \u001b[91merror\u001b[0m\u001b[90m TS1005: \u001b[0m',' expected.\n\n\u001b[7m10\u001b[0m   email: joi.string().required()\n\u001b[7m  \u001b[0m \u001b[91m  ~~~~~\u001b[0m\n\n    at createTSError (/home/ditsdev152/.nvm/versions/node/v20.12.0/lib/node_modules/ts-node/src/index.ts:859:12)\n    at reportTSError (/home/ditsdev152/.nvm/versions/node/v20.12.0/lib/node_modules/ts-node/src/index.ts:863:19)\n    at getOutput (/home/ditsdev152/.nvm/versions/node/v20.12.0/lib/node_modules/ts-node/src/index.ts:1077:36)\n    at Object.compile (/home/ditsdev152/.nvm/versions/node/v20.12.0/lib/node_modules/ts-node/src/index.ts:1433:41)\n    at Module.m._compile (/home/ditsdev152/.nvm/versions/node/v20.12.0/lib/node_modules/ts-node/src/index.ts:1617:30)\n    at Module._extensions..js (node:internal/modules/cjs/loader:1427:10)\n    at Object.require.extensions.<computed> [as .ts] (/home/ditsdev152/.nvm/versions/node/v20.12.0/lib/node_modules/ts-node/src/index.ts:1621:12)\n    at Module.load (node:internal/modules/cjs/loader:1206:32)\n    at Function.Module._load (node:internal/modules/cjs/loader:1022:12)\n    at Module.require (node:internal/modules/cjs/loader:1231:19)",
  "exception": true,
  "date": "Mon Apr 29 2024 10:55:05 GMT+0530 (India Standard Time)",
  "process": {
    "pid": 35479,
    "uid": 1000,
    "gid": 1000,
    "cwd": "/home/ditsdev152/Desktop/cab-booking/users",
    "execPath": "/home/ditsdev152/.nvm/versions/node/v20.12.0/bin/node",
    "version": "v20.12.0",
    "argv": [
      "/home/ditsdev152/.nvm/versions/node/v20.12.0/bin/ts-node",
      "/home/ditsdev152/Desktop/cab-booking/users/index.ts"
    ],
    "memoryUsage": {
      "rss": 279511040,
      "heapTotal": 196386816,
      "heapUsed": 167849048,
      "external": 6563696,
      "arrayBuffers": 3689019
    }
  },
  "os": {
    "loadavg": [
      2.76,
      2.88,
      2.69
    ],
    "uptime": 5959.47
  },
  "trace": [
    {
      "column": 12,
      "file": "/home/ditsdev152/.nvm/versions/node/v20.12.0/lib/node_modules/ts-node/src/index.ts",
      "function": "createTSError",
      "line": 859,
      "method": null,
      "native": false
    },
    {
      "column": 19,
      "file": "/home/ditsdev152/.nvm/versions/node/v20.12.0/lib/node_modules/ts-node/src/index.ts",
      "function": "reportTSError",
      "line": 863,
      "method": null,
      "native": false
    },
    {
      "column": 36,
      "file": "/home/ditsdev152/.nvm/versions/node/v20.12.0/lib/node_modules/ts-node/src/index.ts",
      "function": "getOutput",
      "line": 1077,
      "method": null,
      "native": false
    },
    {
      "column": 41,
      "file": "/home/ditsdev152/.nvm/versions/node/v20.12.0/lib/node_modules/ts-node/src/index.ts",
      "function": "Object.compile",
      "line": 1433,
      "method": "compile",
      "native": false
    },
    {
      "column": 30,
      "file": "/home/ditsdev152/.nvm/versions/node/v20.12.0/lib/node_modules/ts-node/src/index.ts",
      "function": "Module.m._compile",
      "line": 1617,
      "method": "_compile",
      "native": false
    },
    {
      "column": 10,
      "file": "node:internal/modules/cjs/loader",
      "function": "Module._extensions..js",
      "line": 1427,
      "method": ".js",
      "native": false
    },
    {
      "column": 12,
      "file": "/home/ditsdev152/.nvm/versions/node/v20.12.0/lib/node_modules/ts-node/src/index.ts",
      "function": "Object.require.extensions.<computed> [as .ts]",
      "line": 1621,
      "method": "ts]",
      "native": false
    },
    {
      "column": 32,
      "file": "node:internal/modules/cjs/loader",
      "function": "Module.load",
      "line": 1206,
      "method": "load",
      "native": false
    },
    {
      "column": 12,
      "file": "node:internal/modules/cjs/loader",
      "function": "Module._load",
      "line": 1022,
      "method": "_load",
      "native": false
    },
    {
      "column": 19,
      "file": "node:internal/modules/cjs/loader",
      "function": "Module.require",
      "line": 1231,
      "method": "require",
      "native": false
    }
  ]
}
2024-04-29 05:26:06 - 172e6e94-9697-4540-802a-87dde0e2844b - error: uncaughtException: тип Unable to compile TypeScript:
[96msrc/utils/validations/validation.ts[0m:[93m22[0m:[93m36[0m - [91merror[0m[90m TS2339: [0mProperty 'length' does not exist on type 'NumberSchema<number>'.

[7m22[0m   phoneNo: joi.number().optional().length(10).pattern(/[6-9]{1}[0-9]{9}/),
[7m  [0m [91m                                   ~~~~~~[0m
[96msrc/utils/validations/validation.ts[0m:[93m30[0m:[93m23[0m - [91merror[0m[90m TS2339: [0mProperty 'email' does not exist on type 'NumberSchema<number>'.

[7m30[0m   email: joi.number().email().required(),
[7m  [0m [91m                      ~~~~~[0m
[96msrc/utils/validations/validation.ts[0m:[93m37[0m:[93m23[0m - [91merror[0m[90m TS2339: [0mProperty 'email' does not exist on type 'NumberSchema<number>'.

[7m37[0m   email: joi.number().email().required(),
[7m  [0m [91m                      ~~~~~[0m

TSError: тип Unable to compile TypeScript:
[96msrc/utils/validations/validation.ts[0m:[93m22[0m:[93m36[0m - [91merror[0m[90m TS2339: [0mProperty 'length' does not exist on type 'NumberSchema<number>'.

[7m22[0m   phoneNo: joi.number().optional().length(10).pattern(/[6-9]{1}[0-9]{9}/),
[7m  [0m [91m                                   ~~~~~~[0m
[96msrc/utils/validations/validation.ts[0m:[93m30[0m:[93m23[0m - [91merror[0m[90m TS2339: [0mProperty 'email' does not exist on type 'NumberSchema<number>'.

[7m30[0m   email: joi.number().email().required(),
[7m  [0m [91m                      ~~~~~[0m
[96msrc/utils/validations/validation.ts[0m:[93m37[0m:[93m23[0m - [91merror[0m[90m TS2339: [0mProperty 'email' does not exist on type 'NumberSchema<number>'.

[7m37[0m   email: joi.number().email().required(),
[7m  [0m [91m                      ~~~~~[0m

    at createTSError (/home/ditsdev152/.nvm/versions/node/v20.12.0/lib/node_modules/ts-node/src/index.ts:859:12)
    at reportTSError (/home/ditsdev152/.nvm/versions/node/v20.12.0/lib/node_modules/ts-node/src/index.ts:863:19)
    at getOutput (/home/ditsdev152/.nvm/versions/node/v20.12.0/lib/node_modules/ts-node/src/index.ts:1077:36)
    at Object.compile (/home/ditsdev152/.nvm/versions/node/v20.12.0/lib/node_modules/ts-node/src/index.ts:1433:41)
    at Module.m._compile (/home/ditsdev152/.nvm/versions/node/v20.12.0/lib/node_modules/ts-node/src/index.ts:1617:30)
    at Module._extensions..js (node:internal/modules/cjs/loader:1427:10)
    at Object.require.extensions.<computed> [as .ts] (/home/ditsdev152/.nvm/versions/node/v20.12.0/lib/node_modules/ts-node/src/index.ts:1621:12)
    at Module.load (node:internal/modules/cjs/loader:1206:32)
    at Function.Module._load (node:internal/modules/cjs/loader:1022:12)
    at Module.require (node:internal/modules/cjs/loader:1231:19) {
  "error": {
    "diagnosticCodes": [
      2339,
      2339,
      2339
    ]
  },
  "stack": "TSError: тип Unable to compile TypeScript:\n\u001b[96msrc/utils/validations/validation.ts\u001b[0m:\u001b[93m22\u001b[0m:\u001b[93m36\u001b[0m - \u001b[91merror\u001b[0m\u001b[90m TS2339: \u001b[0mProperty 'length' does not exist on type 'NumberSchema<number>'.\n\n\u001b[7m22\u001b[0m   phoneNo: joi.number().optional().length(10).pattern(/[6-9]{1}[0-9]{9}/),\n\u001b[7m  \u001b[0m \u001b[91m                                   ~~~~~~\u001b[0m\n\u001b[96msrc/utils/validations/validation.ts\u001b[0m:\u001b[93m30\u001b[0m:\u001b[93m23\u001b[0m - \u001b[91merror\u001b[0m\u001b[90m TS2339: \u001b[0mProperty 'email' does not exist on type 'NumberSchema<number>'.\n\n\u001b[7m30\u001b[0m   email: joi.number().email().required(),\n\u001b[7m  \u001b[0m \u001b[91m                      ~~~~~\u001b[0m\n\u001b[96msrc/utils/validations/validation.ts\u001b[0m:\u001b[93m37\u001b[0m:\u001b[93m23\u001b[0m - \u001b[91merror\u001b[0m\u001b[90m TS2339: \u001b[0mProperty 'email' does not exist on type 'NumberSchema<number>'.\n\n\u001b[7m37\u001b[0m   email: joi.number().email().required(),\n\u001b[7m  \u001b[0m \u001b[91m                      ~~~~~\u001b[0m\n\n    at createTSError (/home/ditsdev152/.nvm/versions/node/v20.12.0/lib/node_modules/ts-node/src/index.ts:859:12)\n    at reportTSError (/home/ditsdev152/.nvm/versions/node/v20.12.0/lib/node_modules/ts-node/src/index.ts:863:19)\n    at getOutput (/home/ditsdev152/.nvm/versions/node/v20.12.0/lib/node_modules/ts-node/src/index.ts:1077:36)\n    at Object.compile (/home/ditsdev152/.nvm/versions/node/v20.12.0/lib/node_modules/ts-node/src/index.ts:1433:41)\n    at Module.m._compile (/home/ditsdev152/.nvm/versions/node/v20.12.0/lib/node_modules/ts-node/src/index.ts:1617:30)\n    at Module._extensions..js (node:internal/modules/cjs/loader:1427:10)\n    at Object.require.extensions.<computed> [as .ts] (/home/ditsdev152/.nvm/versions/node/v20.12.0/lib/node_modules/ts-node/src/index.ts:1621:12)\n    at Module.load (node:internal/modules/cjs/loader:1206:32)\n    at Function.Module._load (node:internal/modules/cjs/loader:1022:12)\n    at Module.require (node:internal/modules/cjs/loader:1231:19)",
  "exception": true,
  "date": "Mon Apr 29 2024 10:56:06 GMT+0530 (India Standard Time)",
  "process": {
    "pid": 36412,
    "uid": 1000,
    "gid": 1000,
    "cwd": "/home/ditsdev152/Desktop/cab-booking/users",
    "execPath": "/home/ditsdev152/.nvm/versions/node/v20.12.0/bin/node",
    "version": "v20.12.0",
    "argv": [
      "/home/ditsdev152/.nvm/versions/node/v20.12.0/bin/ts-node",
      "/home/ditsdev152/Desktop/cab-booking/users/index.ts"
    ],
    "memoryUsage": {
      "rss": 280055808,
      "heapTotal": 196386816,
      "heapUsed": 168231056,
      "external": 6522080,
      "arrayBuffers": 3647403
    }
  },
  "os": {
    "loadavg": [
      2.56,
      2.82,
      2.69
    ],
    "uptime": 6021.18
  },
  "trace": [
    {
      "column": 12,
      "file": "/home/ditsdev152/.nvm/versions/node/v20.12.0/lib/node_modules/ts-node/src/index.ts",
      "function": "createTSError",
      "line": 859,
      "method": null,
      "native": false
    },
    {
      "column": 19,
      "file": "/home/ditsdev152/.nvm/versions/node/v20.12.0/lib/node_modules/ts-node/src/index.ts",
      "function": "reportTSError",
      "line": 863,
      "method": null,
      "native": false
    },
    {
      "column": 36,
      "file": "/home/ditsdev152/.nvm/versions/node/v20.12.0/lib/node_modules/ts-node/src/index.ts",
      "function": "getOutput",
      "line": 1077,
      "method": null,
      "native": false
    },
    {
      "column": 41,
      "file": "/home/ditsdev152/.nvm/versions/node/v20.12.0/lib/node_modules/ts-node/src/index.ts",
      "function": "Object.compile",
      "line": 1433,
      "method": "compile",
      "native": false
    },
    {
      "column": 30,
      "file": "/home/ditsdev152/.nvm/versions/node/v20.12.0/lib/node_modules/ts-node/src/index.ts",
      "function": "Module.m._compile",
      "line": 1617,
      "method": "_compile",
      "native": false
    },
    {
      "column": 10,
      "file": "node:internal/modules/cjs/loader",
      "function": "Module._extensions..js",
      "line": 1427,
      "method": ".js",
      "native": false
    },
    {
      "column": 12,
      "file": "/home/ditsdev152/.nvm/versions/node/v20.12.0/lib/node_modules/ts-node/src/index.ts",
      "function": "Object.require.extensions.<computed> [as .ts]",
      "line": 1621,
      "method": "ts]",
      "native": false
    },
    {
      "column": 32,
      "file": "node:internal/modules/cjs/loader",
      "function": "Module.load",
      "line": 1206,
      "method": "load",
      "native": false
    },
    {
      "column": 12,
      "file": "node:internal/modules/cjs/loader",
      "function": "Module._load",
      "line": 1022,
      "method": "_load",
      "native": false
    },
    {
      "column": 19,
      "file": "node:internal/modules/cjs/loader",
      "function": "Module.require",
      "line": 1231,
      "method": "require",
      "native": false
    }
  ]
}
2024-04-29 05:26:37 - fe2e08b3-ef0b-4296-aaca-ba3786ba92d3 - error: uncaughtException: тип Unable to compile TypeScript:
[96msrc/model/user/userSchema.ts[0m:[93m13[0m:[93m10[0m - [91merror[0m[90m TS2416: [0mProperty 'phoneNo' in type 'user' is not assignable to the same property in base type 'User'.
  Type 'number' is not assignable to type 'string'.

[7m13[0m   public phoneNo!: number;
[7m  [0m [91m         ~~~~~~~[0m

TSError: тип Unable to compile TypeScript:
[96msrc/model/user/userSchema.ts[0m:[93m13[0m:[93m10[0m - [91merror[0m[90m TS2416: [0mProperty 'phoneNo' in type 'user' is not assignable to the same property in base type 'User'.
  Type 'number' is not assignable to type 'string'.

[7m13[0m   public phoneNo!: number;
[7m  [0m [91m         ~~~~~~~[0m

    at createTSError (/home/ditsdev152/.nvm/versions/node/v20.12.0/lib/node_modules/ts-node/src/index.ts:859:12)
    at reportTSError (/home/ditsdev152/.nvm/versions/node/v20.12.0/lib/node_modules/ts-node/src/index.ts:863:19)
    at getOutput (/home/ditsdev152/.nvm/versions/node/v20.12.0/lib/node_modules/ts-node/src/index.ts:1077:36)
    at Object.compile (/home/ditsdev152/.nvm/versions/node/v20.12.0/lib/node_modules/ts-node/src/index.ts:1433:41)
    at Module.m._compile (/home/ditsdev152/.nvm/versions/node/v20.12.0/lib/node_modules/ts-node/src/index.ts:1617:30)
    at Module._extensions..js (node:internal/modules/cjs/loader:1427:10)
    at Object.require.extensions.<computed> [as .ts] (/home/ditsdev152/.nvm/versions/node/v20.12.0/lib/node_modules/ts-node/src/index.ts:1621:12)
    at Module.load (node:internal/modules/cjs/loader:1206:32)
    at Function.Module._load (node:internal/modules/cjs/loader:1022:12)
    at Module.require (node:internal/modules/cjs/loader:1231:19) {
  "error": {
    "diagnosticCodes": [
      2416
    ]
  },
  "stack": "TSError: тип Unable to compile TypeScript:\n\u001b[96msrc/model/user/userSchema.ts\u001b[0m:\u001b[93m13\u001b[0m:\u001b[93m10\u001b[0m - \u001b[91merror\u001b[0m\u001b[90m TS2416: \u001b[0mProperty 'phoneNo' in type 'user' is not assignable to the same property in base type 'User'.\n  Type 'number' is not assignable to type 'string'.\n\n\u001b[7m13\u001b[0m   public phoneNo!: number;\n\u001b[7m  \u001b[0m \u001b[91m         ~~~~~~~\u001b[0m\n\n    at createTSError (/home/ditsdev152/.nvm/versions/node/v20.12.0/lib/node_modules/ts-node/src/index.ts:859:12)\n    at reportTSError (/home/ditsdev152/.nvm/versions/node/v20.12.0/lib/node_modules/ts-node/src/index.ts:863:19)\n    at getOutput (/home/ditsdev152/.nvm/versions/node/v20.12.0/lib/node_modules/ts-node/src/index.ts:1077:36)\n    at Object.compile (/home/ditsdev152/.nvm/versions/node/v20.12.0/lib/node_modules/ts-node/src/index.ts:1433:41)\n    at Module.m._compile (/home/ditsdev152/.nvm/versions/node/v20.12.0/lib/node_modules/ts-node/src/index.ts:1617:30)\n    at Module._extensions..js (node:internal/modules/cjs/loader:1427:10)\n    at Object.require.extensions.<computed> [as .ts] (/home/ditsdev152/.nvm/versions/node/v20.12.0/lib/node_modules/ts-node/src/index.ts:1621:12)\n    at Module.load (node:internal/modules/cjs/loader:1206:32)\n    at Function.Module._load (node:internal/modules/cjs/loader:1022:12)\n    at Module.require (node:internal/modules/cjs/loader:1231:19)",
  "exception": true,
  "date": "Mon Apr 29 2024 10:56:37 GMT+0530 (India Standard Time)",
  "process": {
    "pid": 37087,
    "uid": 1000,
    "gid": 1000,
    "cwd": "/home/ditsdev152/Desktop/cab-booking/users",
    "execPath": "/home/ditsdev152/.nvm/versions/node/v20.12.0/bin/node",
    "version": "v20.12.0",
    "argv": [
      "/home/ditsdev152/.nvm/versions/node/v20.12.0/bin/ts-node",
      "/home/ditsdev152/Desktop/cab-booking/users/index.ts"
    ],
    "memoryUsage": {
      "rss": 267247616,
      "heapTotal": 184864768,
      "heapUsed": 160654488,
      "external": 6465118,
      "arrayBuffers": 3590524
    }
  },
  "os": {
    "loadavg": [
      3.79,
      3.1,
      2.79
    ],
    "uptime": 6052.05
  },
  "trace": [
    {
      "column": 12,
      "file": "/home/ditsdev152/.nvm/versions/node/v20.12.0/lib/node_modules/ts-node/src/index.ts",
      "function": "createTSError",
      "line": 859,
      "method": null,
      "native": false
    },
    {
      "column": 19,
      "file": "/home/ditsdev152/.nvm/versions/node/v20.12.0/lib/node_modules/ts-node/src/index.ts",
      "function": "reportTSError",
      "line": 863,
      "method": null,
      "native": false
    },
    {
      "column": 36,
      "file": "/home/ditsdev152/.nvm/versions/node/v20.12.0/lib/node_modules/ts-node/src/index.ts",
      "function": "getOutput",
      "line": 1077,
      "method": null,
      "native": false
    },
    {
      "column": 41,
      "file": "/home/ditsdev152/.nvm/versions/node/v20.12.0/lib/node_modules/ts-node/src/index.ts",
      "function": "Object.compile",
      "line": 1433,
      "method": "compile",
      "native": false
    },
    {
      "column": 30,
      "file": "/home/ditsdev152/.nvm/versions/node/v20.12.0/lib/node_modules/ts-node/src/index.ts",
      "function": "Module.m._compile",
      "line": 1617,
      "method": "_compile",
      "native": false
    },
    {
      "column": 10,
      "file": "node:internal/modules/cjs/loader",
      "function": "Module._extensions..js",
      "line": 1427,
      "method": ".js",
      "native": false
    },
    {
      "column": 12,
      "file": "/home/ditsdev152/.nvm/versions/node/v20.12.0/lib/node_modules/ts-node/src/index.ts",
      "function": "Object.require.extensions.<computed> [as .ts]",
      "line": 1621,
      "method": "ts]",
      "native": false
    },
    {
      "column": 32,
      "file": "node:internal/modules/cjs/loader",
      "function": "Module.load",
      "line": 1206,
      "method": "load",
      "native": false
    },
    {
      "column": 12,
      "file": "node:internal/modules/cjs/loader",
      "function": "Module._load",
      "line": 1022,
      "method": "_load",
      "native": false
    },
    {
      "column": 19,
      "file": "node:internal/modules/cjs/loader",
      "function": "Module.require",
      "line": 1231,
      "method": "require",
      "native": false
    }
  ]
}
2024-04-29 05:26:54 - f8a22d2a-a9a3-40c7-a077-c9c7fbe34f56 - error: uncaughtException: тип Unable to compile TypeScript:
[96msrc/model/user/userSchema.ts[0m:[93m13[0m:[93m10[0m - [91merror[0m[90m TS2416: [0mProperty 'phoneNo' in type 'user' is not assignable to the same property in base type 'User'.
  Type 'number' is not assignable to type 'string'.

[7m13[0m   public phoneNo!: number;
[7m  [0m [91m         ~~~~~~~[0m

TSError: тип Unable to compile TypeScript:
[96msrc/model/user/userSchema.ts[0m:[93m13[0m:[93m10[0m - [91merror[0m[90m TS2416: [0mProperty 'phoneNo' in type 'user' is not assignable to the same property in base type 'User'.
  Type 'number' is not assignable to type 'string'.

[7m13[0m   public phoneNo!: number;
[7m  [0m [91m         ~~~~~~~[0m

    at createTSError (/home/ditsdev152/.nvm/versions/node/v20.12.0/lib/node_modules/ts-node/src/index.ts:859:12)
    at reportTSError (/home/ditsdev152/.nvm/versions/node/v20.12.0/lib/node_modules/ts-node/src/index.ts:863:19)
    at getOutput (/home/ditsdev152/.nvm/versions/node/v20.12.0/lib/node_modules/ts-node/src/index.ts:1077:36)
    at Object.compile (/home/ditsdev152/.nvm/versions/node/v20.12.0/lib/node_modules/ts-node/src/index.ts:1433:41)
    at Module.m._compile (/home/ditsdev152/.nvm/versions/node/v20.12.0/lib/node_modules/ts-node/src/index.ts:1617:30)
    at Module._extensions..js (node:internal/modules/cjs/loader:1427:10)
    at Object.require.extensions.<computed> [as .ts] (/home/ditsdev152/.nvm/versions/node/v20.12.0/lib/node_modules/ts-node/src/index.ts:1621:12)
    at Module.load (node:internal/modules/cjs/loader:1206:32)
    at Function.Module._load (node:internal/modules/cjs/loader:1022:12)
    at Module.require (node:internal/modules/cjs/loader:1231:19) {
  "error": {
    "diagnosticCodes": [
      2416
    ]
  },
  "stack": "TSError: тип Unable to compile TypeScript:\n\u001b[96msrc/model/user/userSchema.ts\u001b[0m:\u001b[93m13\u001b[0m:\u001b[93m10\u001b[0m - \u001b[91merror\u001b[0m\u001b[90m TS2416: \u001b[0mProperty 'phoneNo' in type 'user' is not assignable to the same property in base type 'User'.\n  Type 'number' is not assignable to type 'string'.\n\n\u001b[7m13\u001b[0m   public phoneNo!: number;\n\u001b[7m  \u001b[0m \u001b[91m         ~~~~~~~\u001b[0m\n\n    at createTSError (/home/ditsdev152/.nvm/versions/node/v20.12.0/lib/node_modules/ts-node/src/index.ts:859:12)\n    at reportTSError (/home/ditsdev152/.nvm/versions/node/v20.12.0/lib/node_modules/ts-node/src/index.ts:863:19)\n    at getOutput (/home/ditsdev152/.nvm/versions/node/v20.12.0/lib/node_modules/ts-node/src/index.ts:1077:36)\n    at Object.compile (/home/ditsdev152/.nvm/versions/node/v20.12.0/lib/node_modules/ts-node/src/index.ts:1433:41)\n    at Module.m._compile (/home/ditsdev152/.nvm/versions/node/v20.12.0/lib/node_modules/ts-node/src/index.ts:1617:30)\n    at Module._extensions..js (node:internal/modules/cjs/loader:1427:10)\n    at Object.require.extensions.<computed> [as .ts] (/home/ditsdev152/.nvm/versions/node/v20.12.0/lib/node_modules/ts-node/src/index.ts:1621:12)\n    at Module.load (node:internal/modules/cjs/loader:1206:32)\n    at Function.Module._load (node:internal/modules/cjs/loader:1022:12)\n    at Module.require (node:internal/modules/cjs/loader:1231:19)",
  "exception": true,
  "date": "Mon Apr 29 2024 10:56:54 GMT+0530 (India Standard Time)",
  "process": {
    "pid": 37302,
    "uid": 1000,
    "gid": 1000,
    "cwd": "/home/ditsdev152/Desktop/cab-booking/users",
    "execPath": "/home/ditsdev152/.nvm/versions/node/v20.12.0/bin/node",
    "version": "v20.12.0",
    "argv": [
      "/home/ditsdev152/.nvm/versions/node/v20.12.0/bin/ts-node",
      "/home/ditsdev152/Desktop/cab-booking/users/index.ts"
    ],
    "memoryUsage": {
      "rss": 269201408,
      "heapTotal": 184602624,
      "heapUsed": 159616400,
      "external": 6419189,
      "arrayBuffers": 3544595
    }
  },
  "os": {
    "loadavg": [
      4.55,
      3.3,
      2.86
    ],
    "uptime": 6068.59
  },
  "trace": [
    {
      "column": 12,
      "file": "/home/ditsdev152/.nvm/versions/node/v20.12.0/lib/node_modules/ts-node/src/index.ts",
      "function": "createTSError",
      "line": 859,
      "method": null,
      "native": false
    },
    {
      "column": 19,
      "file": "/home/ditsdev152/.nvm/versions/node/v20.12.0/lib/node_modules/ts-node/src/index.ts",
      "function": "reportTSError",
      "line": 863,
      "method": null,
      "native": false
    },
    {
      "column": 36,
      "file": "/home/ditsdev152/.nvm/versions/node/v20.12.0/lib/node_modules/ts-node/src/index.ts",
      "function": "getOutput",
      "line": 1077,
      "method": null,
      "native": false
    },
    {
      "column": 41,
      "file": "/home/ditsdev152/.nvm/versions/node/v20.12.0/lib/node_modules/ts-node/src/index.ts",
      "function": "Object.compile",
      "line": 1433,
      "method": "compile",
      "native": false
    },
    {
      "column": 30,
      "file": "/home/ditsdev152/.nvm/versions/node/v20.12.0/lib/node_modules/ts-node/src/index.ts",
      "function": "Module.m._compile",
      "line": 1617,
      "method": "_compile",
      "native": false
    },
    {
      "column": 10,
      "file": "node:internal/modules/cjs/loader",
      "function": "Module._extensions..js",
      "line": 1427,
      "method": ".js",
      "native": false
    },
    {
      "column": 12,
      "file": "/home/ditsdev152/.nvm/versions/node/v20.12.0/lib/node_modules/ts-node/src/index.ts",
      "function": "Object.require.extensions.<computed> [as .ts]",
      "line": 1621,
      "method": "ts]",
      "native": false
    },
    {
      "column": 32,
      "file": "node:internal/modules/cjs/loader",
      "function": "Module.load",
      "line": 1206,
      "method": "load",
      "native": false
    },
    {
      "column": 12,
      "file": "node:internal/modules/cjs/loader",
      "function": "Module._load",
      "line": 1022,
      "method": "_load",
      "native": false
    },
    {
      "column": 19,
      "file": "node:internal/modules/cjs/loader",
      "function": "Module.require",
      "line": 1231,
      "method": "require",
      "native": false
    }
  ]
}
